48
Loading solution for j30 5 8 ...
Time limit set to 60 seconds
Running CP solver
/home/omastto1/General-Optimization-Solver/src/solvers/rcpsp.py:31(stream:52:6): Warning: Cumulative expression 'pulse': height is zero, expression is zero everywhere.
                                                                                            VarCumulAtom_105 = pulse("0", 0)
/home/omastto1/General-Optimization-Solver/src/solvers/rcpsp.py:31(stream:52:21): Warning: Cumulative expression 'pulse': height is zero, expression is zero everywhere.
                                                                                             VarCumulAtom_106 = pulse("1", 0)
/home/omastto1/General-Optimization-Solver/src/solvers/rcpsp.py:31(stream:52:66): Warning: Cumulative expression 'pulse': height is zero, expression is zero everywhere.
                                                                                             VarCumulAtom_109 = pulse("4", 0)
/home/omastto1/General-Optimization-Solver/src/solvers/rcpsp.py:31(stream:52:81): Warning: Cumulative expression 'pulse': height is zero, expression is zero everywhere.
                                                                                             VarCumulAtom_110 = pulse("5", 0)
/home/omastto1/General-Optimization-Solver/src/solvers/rcpsp.py:31(stream:52:96): Warning: Cumulative expression 'pulse': height is zero, expression is zero everywhere.
                                                                                             VarCumulAtom_111 = pulse("6", 0)
/home/omastto1/General-Optimization-Solver/src/solvers/rcpsp.py:31(stream:52:141): Warning: Cumulative expression 'pulse': height is zero, expression is zero everywhere.
                                                                                              VarCumulAtom_114 = pulse("9", 0)
/home/omastto1/General-Optimization-Solver/src/solvers/rcpsp.py:31(stream:52:156): Warning: Cumulative expression 'pulse': height is zero, expression is zero everywhere.
                                                                                              VarCumulAtom_115 = pulse("10", 0)
/home/omastto1/General-Optimization-Solver/src/solvers/rcpsp.py:31(stream:52:188): Warning: Cumulative expression 'pulse': height is zero, expression is zero everywhere.
                                                                                              VarCumulAtom_117 = pulse("12", 0)
/home/omastto1/General-Optimization-Solver/src/solvers/rcpsp.py:31(stream:52:204): Warning: Cumulative expression 'pulse': height is zero, expression is zero everywhere.
                                                                                              VarCumulAtom_118 = pulse("13", 0)
/home/omastto1/General-Optimization-Solver/src/solvers/rcpsp.py:31(stream:52:270): Warning: Cumulative expression 'pulse': height is zero, expression is zero everywhere.
                                                                                              VarCumulAtom_122 = pulse("17", 0)
/home/omastto1/General-Optimization-Solver/src/solvers/rcpsp.py:31(stream:52:286): Warning: Cumulative expression 'pulse': height is zero, expression is zero everywhere.
                                                                                              VarCumulAtom_123 = pulse("18", 0)
/home/omastto1/General-Optimization-Solver/src/solvers/rcpsp.py:31(stream:52:319): Warning: Cumulative expression 'pulse': height is zero, expression is zero everywhere.
                                                                                              VarCumulAtom_125 = pulse("20", 0)
/home/omastto1/General-Optimization-Solver/src/solvers/rcpsp.py:31(stream:52:367): Warning: Cumulative expression 'pulse': height is zero, expression is zero everywhere.
                                                                                              VarCumulAtom_128 = pulse("23", 0)
/home/omastto1/General-Optimization-Solver/src/solvers/rcpsp.py:31(stream:52:431): Warning: Cumulative expression 'pulse': height is zero, expression is zero everywhere.
                                                                                              VarCumulAtom_132 = pulse("27", 0)
/home/omastto1/General-Optimization-Solver/src/solvers/rcpsp.py:31(stream:52:447): Warning: Cumulative expression 'pulse': height is zero, expression is zero everywhere.
                                                                                              VarCumulAtom_133 = pulse("28", 0)
/home/omastto1/General-Optimization-Solver/src/solvers/rcpsp.py:31(stream:52:463): Warning: Cumulative expression 'pulse': height is zero, expression is zero everywhere.
                                                                                              VarCumulAtom_134 = pulse("29", 0)
/home/omastto1/General-Optimization-Solver/src/solvers/rcpsp.py:31(stream:52:495): Warning: Cumulative expression 'pulse': height is zero, expression is zero everywhere.
                                                                                              VarCumulAtom_136 = pulse("31", 0)
/home/omastto1/General-Optimization-Solver/src/solvers/rcpsp.py:31(stream:53:6): Warning: Cumulative expression 'pulse': height is zero, expression is zero everywhere.
                                                                                            VarCumulAtom_140 = pulse("0", 0)
/home/omastto1/General-Optimization-Solver/src/solvers/rcpsp.py:31(stream:53:21): Warning: Cumulative expression 'pulse': height is zero, expression is zero everywhere.
                                                                                             VarCumulAtom_141 = pulse("1", 0)
/home/omastto1/General-Optimization-Solver/src/solvers/rcpsp.py:31(stream:53:66): Warning: Cumulative expression 'pulse': height is zero, expression is zero everywhere.
                                                                                             VarCumulAtom_144 = pulse("4", 0)
   Too many warnings of this type. Suppressing further warnings of this type.
 ! --------------------------------------------------- CP Optimizer 20.1.0.0 --
 ! Minimization problem - 33 variables, 54 constraints
 ! TimeLimit            = 60
 ! Workers              = 14
 ! LogVerbosity         = Terse
 ! Initial process time : 0.01s (0.01s extraction + 0.00s propagation)
 !  . Log search space  : 179.9 (before), 179.9 (after)
 !  . Memory usage      : 594.3 kB (before), 594.3 kB (after)
 ! Using parallel search with 14 workers.
 ! ----------------------------------------------------------------------------
 !          Best Branches  Non-fixed    W       Branch decision
                        0         33                 -
 + New bound is 67
 ! Using iterative diving.
 ! Using temporal relaxation.
 *            76       81  0.93s        1      (gap is 11.84%)
 *            75      363  0.93s        1      (gap is 10.67%)
 *            74      894  0.93s        1      (gap is 9.46%)
 *            73     1311  0.93s        1      (gap is 8.22%)
 *            72     1731  0.93s        1      (gap is 6.94%)
 *            70     6695  0.93s        1      (gap is 4.29%)
 *            68     8753  0.93s        1      (gap is 1.47%)
 *            67     7946  0.93s        3      (gap is 0.00%)
 ! ----------------------------------------------------------------------------
 ! Search completed, 8 solutions found.
 ! Best objective         : 67 (optimal - effective tol. is 0)
 ! Best bound             : 67
 ! ----------------------------------------------------------------------------
 ! Number of branches     : 229563
 ! Number of fails        : 63307
 ! Total memory usage     : 7.5 MB (7.4 MB CP Optimizer + 0.1 MB Concert)
 ! Time spent in solve    : 1.15s (1.14s engine + 0.01s extraction)
 ! Search speed (br. / s) : 203153.1
 ! ----------------------------------------------------------------------------
(67,)
(0,)
(67,)
Objective value: 67
Solution is optimal.
Optimal solution found
