95
Loading solution for j30 10 5 ...
Time limit set to 60 seconds
Running CP solver
/home/omastto1/General-Optimization-Solver/src/solvers/rcpsp.py:31(stream:52:6): Warning: Cumulative expression 'pulse': height is zero, expression is zero everywhere.
                                                                                            VarCumulAtom_105 = pulse("0", 0)
/home/omastto1/General-Optimization-Solver/src/solvers/rcpsp.py:31(stream:52:188): Warning: Cumulative expression 'pulse': height is zero, expression is zero everywhere.
                                                                                              VarCumulAtom_117 = pulse("12", 0)
/home/omastto1/General-Optimization-Solver/src/solvers/rcpsp.py:31(stream:52:204): Warning: Cumulative expression 'pulse': height is zero, expression is zero everywhere.
                                                                                              VarCumulAtom_118 = pulse("13", 0)
/home/omastto1/General-Optimization-Solver/src/solvers/rcpsp.py:31(stream:52:236): Warning: Cumulative expression 'pulse': height is zero, expression is zero everywhere.
                                                                                              VarCumulAtom_120 = pulse("15", 0)
/home/omastto1/General-Optimization-Solver/src/solvers/rcpsp.py:31(stream:52:268): Warning: Cumulative expression 'pulse': height is zero, expression is zero everywhere.
                                                                                              VarCumulAtom_122 = pulse("17", 0)
/home/omastto1/General-Optimization-Solver/src/solvers/rcpsp.py:31(stream:52:332): Warning: Cumulative expression 'pulse': height is zero, expression is zero everywhere.
                                                                                              VarCumulAtom_126 = pulse("21", 0)
/home/omastto1/General-Optimization-Solver/src/solvers/rcpsp.py:31(stream:52:461): Warning: Cumulative expression 'pulse': height is zero, expression is zero everywhere.
                                                                                              VarCumulAtom_134 = pulse("29", 0)
/home/omastto1/General-Optimization-Solver/src/solvers/rcpsp.py:31(stream:52:477): Warning: Cumulative expression 'pulse': height is zero, expression is zero everywhere.
                                                                                              VarCumulAtom_135 = pulse("30", 0)
/home/omastto1/General-Optimization-Solver/src/solvers/rcpsp.py:31(stream:52:493): Warning: Cumulative expression 'pulse': height is zero, expression is zero everywhere.
                                                                                              VarCumulAtom_136 = pulse("31", 0)
/home/omastto1/General-Optimization-Solver/src/solvers/rcpsp.py:31(stream:53:6): Warning: Cumulative expression 'pulse': height is zero, expression is zero everywhere.
                                                                                            VarCumulAtom_140 = pulse("0", 0)
/home/omastto1/General-Optimization-Solver/src/solvers/rcpsp.py:31(stream:53:21): Warning: Cumulative expression 'pulse': height is zero, expression is zero everywhere.
                                                                                             VarCumulAtom_141 = pulse("1", 0)
/home/omastto1/General-Optimization-Solver/src/solvers/rcpsp.py:31(stream:53:66): Warning: Cumulative expression 'pulse': height is zero, expression is zero everywhere.
                                                                                             VarCumulAtom_144 = pulse("4", 0)
/home/omastto1/General-Optimization-Solver/src/solvers/rcpsp.py:31(stream:53:96): Warning: Cumulative expression 'pulse': height is zero, expression is zero everywhere.
                                                                                             VarCumulAtom_146 = pulse("6", 0)
/home/omastto1/General-Optimization-Solver/src/solvers/rcpsp.py:31(stream:53:126): Warning: Cumulative expression 'pulse': height is zero, expression is zero everywhere.
                                                                                              VarCumulAtom_148 = pulse("8", 0)
/home/omastto1/General-Optimization-Solver/src/solvers/rcpsp.py:31(stream:53:286): Warning: Cumulative expression 'pulse': height is zero, expression is zero everywhere.
                                                                                              VarCumulAtom_158 = pulse("18", 0)
/home/omastto1/General-Optimization-Solver/src/solvers/rcpsp.py:31(stream:53:318): Warning: Cumulative expression 'pulse': height is zero, expression is zero everywhere.
                                                                                              VarCumulAtom_160 = pulse("20", 0)
/home/omastto1/General-Optimization-Solver/src/solvers/rcpsp.py:31(stream:53:350): Warning: Cumulative expression 'pulse': height is zero, expression is zero everywhere.
                                                                                              VarCumulAtom_162 = pulse("22", 0)
/home/omastto1/General-Optimization-Solver/src/solvers/rcpsp.py:31(stream:53:415): Warning: Cumulative expression 'pulse': height is zero, expression is zero everywhere.
                                                                                              VarCumulAtom_166 = pulse("26", 0)
/home/omastto1/General-Optimization-Solver/src/solvers/rcpsp.py:31(stream:53:464): Warning: Cumulative expression 'pulse': height is zero, expression is zero everywhere.
                                                                                              VarCumulAtom_169 = pulse("29", 0)
/home/omastto1/General-Optimization-Solver/src/solvers/rcpsp.py:31(stream:53:497): Warning: Cumulative expression 'pulse': height is zero, expression is zero everywhere.
                                                                                              VarCumulAtom_171 = pulse("31", 0)
   Too many warnings of this type. Suppressing further warnings of this type.
 ! --------------------------------------------------- CP Optimizer 20.1.0.0 --
 ! Minimization problem - 33 variables, 54 constraints
 ! TimeLimit            = 60
 ! Workers              = 14
 ! LogVerbosity         = Terse
 ! Initial process time : 0.01s (0.01s extraction + 0.00s propagation)
 !  . Log search space  : 179.9 (before), 179.9 (after)
 !  . Memory usage      : 626.4 kB (before), 626.4 kB (after)
 ! Using parallel search with 14 workers.
 ! ----------------------------------------------------------------------------
 !          Best Branches  Non-fixed    W       Branch decision
                        0         33                 -
 + New bound is 41
 ! Using iterative diving.
 ! Using temporal relaxation.
 *            51       74  0.16s        1      (gap is 19.61%)
 *            48      140  0.16s        1      (gap is 14.58%)
 *            45      206  0.16s        1      (gap is 8.89%)
 *            44      272  0.16s        1      (gap is 6.82%)
 *            43      489  0.16s        1      (gap is 4.65%)
 *            42      517  0.16s        1      (gap is 2.38%)
 *            41      623  0.16s        1      (gap is 0.00%)
 ! ----------------------------------------------------------------------------
 ! Search completed, 7 solutions found.
 ! Best objective         : 41 (optimal - effective tol. is 0)
 ! Best bound             : 41
 ! ----------------------------------------------------------------------------
 ! Number of branches     : 101601
 ! Number of fails        : 4399
 ! Total memory usage     : 7.5 MB (7.4 MB CP Optimizer + 0.1 MB Concert)
 ! Time spent in solve    : 0.20s (0.19s engine + 0.01s extraction)
 ! Search speed (br. / s) : 534742.1
 ! ----------------------------------------------------------------------------
(41,)
(0,)
(41,)
Objective value: 41
Solution is optimal.
Optimal solution found
