12
Time limit set to 60 seconds
Running CP solver
/home/omastto1/General-Optimization-Solver/src/solvers/mmrcpsp.py:42(stream:108:6): Warning: Cumulative expression 'pulse': height is zero, expression is zero everywhere.
                                                                                               VarCumulAtom_149 = pulse(task_0_mode_0, 0)
/home/omastto1/General-Optimization-Solver/src/solvers/mmrcpsp.py:42(stream:108:81): Warning: Cumulative expression 'pulse': height is zero, expression is zero everywhere.
                                                                                                VarCumulAtom_152 = pulse(task_1_mode_2, 0)
/home/omastto1/General-Optimization-Solver/src/solvers/mmrcpsp.py:42(stream:108:106): Warning: Cumulative expression 'pulse': height is zero, expression is zero everywhere.
                                                                                                 VarCumulAtom_153 = pulse(task_2_mode_0, 0)
/home/omastto1/General-Optimization-Solver/src/solvers/mmrcpsp.py:42(stream:108:156): Warning: Cumulative expression 'pulse': height is zero, expression is zero everywhere.
                                                                                                 VarCumulAtom_155 = pulse(task_2_mode_2, 0)
/home/omastto1/General-Optimization-Solver/src/solvers/mmrcpsp.py:42(stream:108:231): Warning: Cumulative expression 'pulse': height is zero, expression is zero everywhere.
                                                                                                 VarCumulAtom_158 = pulse(task_3_mode_2, 0)
/home/omastto1/General-Optimization-Solver/src/solvers/mmrcpsp.py:42(stream:108:306): Warning: Cumulative expression 'pulse': height is zero, expression is zero everywhere.
                                                                                                 VarCumulAtom_161 = pulse(task_4_mode_2, 0)
/home/omastto1/General-Optimization-Solver/src/solvers/mmrcpsp.py:42(stream:108:356): Warning: Cumulative expression 'pulse': height is zero, expression is zero everywhere.
                                                                                                 VarCumulAtom_163 = pulse(task_5_mode_1, 0)
/home/omastto1/General-Optimization-Solver/src/solvers/mmrcpsp.py:42(stream:108:381): Warning: Cumulative expression 'pulse': height is zero, expression is zero everywhere.
                                                                                                 VarCumulAtom_164 = pulse(task_5_mode_2, 0)
/home/omastto1/General-Optimization-Solver/src/solvers/mmrcpsp.py:42(stream:108:406): Warning: Cumulative expression 'pulse': height is zero, expression is zero everywhere.
                                                                                                 VarCumulAtom_165 = pulse(task_6_mode_0, 0)
/home/omastto1/General-Optimization-Solver/src/solvers/mmrcpsp.py:42(stream:108:682): Warning: Cumulative expression 'pulse': height is zero, expression is zero everywhere.
                                                                                                 VarCumulAtom_176 = pulse(task_9_mode_2, 0)
/home/omastto1/General-Optimization-Solver/src/solvers/mmrcpsp.py:42(stream:108:759): Warning: Cumulative expression 'pulse': height is zero, expression is zero everywhere.
                                                                                                 VarCumulAtom_179 = pulse(task_10_mode_2, 0)
/home/omastto1/General-Optimization-Solver/src/solvers/mmrcpsp.py:42(stream:108:785): Warning: Cumulative expression 'pulse': height is zero, expression is zero everywhere.
                                                                                                 VarCumulAtom_180 = pulse(task_11_mode_0, 0)
/home/omastto1/General-Optimization-Solver/src/solvers/mmrcpsp.py:42(stream:108:837): Warning: Cumulative expression 'pulse': height is zero, expression is zero everywhere.
                                                                                                 VarCumulAtom_182 = pulse(task_11_mode_2, 0)
/home/omastto1/General-Optimization-Solver/src/solvers/mmrcpsp.py:42(stream:108:915): Warning: Cumulative expression 'pulse': height is zero, expression is zero everywhere.
                                                                                                 VarCumulAtom_185 = pulse(task_12_mode_2, 0)
/home/omastto1/General-Optimization-Solver/src/solvers/mmrcpsp.py:42(stream:108:967): Warning: Cumulative expression 'pulse': height is zero, expression is zero everywhere.
                                                                                                 VarCumulAtom_187 = pulse(task_13_mode_1, 0)
/home/omastto1/General-Optimization-Solver/src/solvers/mmrcpsp.py:42(stream:108:993): Warning: Cumulative expression 'pulse': height is zero, expression is zero everywhere.
                                                                                                 VarCumulAtom_188 = pulse(task_13_mode_2, 0)
/home/omastto1/General-Optimization-Solver/src/solvers/mmrcpsp.py:42(stream:108:1019): Warning: Cumulative expression 'pulse': height is zero, expression is zero everywhere.
                                                                                                  VarCumulAtom_189 = pulse(task_14_mode_0, 0)
/home/omastto1/General-Optimization-Solver/src/solvers/mmrcpsp.py:42(stream:108:1149): Warning: Cumulative expression 'pulse': height is zero, expression is zero everywhere.
                                                                                                  VarCumulAtom_194 = pulse(task_15_mode_2, 0)
/home/omastto1/General-Optimization-Solver/src/solvers/mmrcpsp.py:42(stream:108:1175): Warning: Cumulative expression 'pulse': height is zero, expression is zero everywhere.
                                                                                                  VarCumulAtom_195 = pulse(task_16_mode_0, 0)
/home/omastto1/General-Optimization-Solver/src/solvers/mmrcpsp.py:42(stream:108:1227): Warning: Cumulative expression 'pulse': height is zero, expression is zero everywhere.
                                                                                                  VarCumulAtom_197 = pulse(task_16_mode_2, 0)
   Too many warnings of this type. Suppressing further warnings of this type.
 ! --------------------------------------------------- CP Optimizer 20.1.0.0 --
 ! Minimization problem - 69 variables, 51 constraints
 ! TimeLimit            = 60
 ! Workers              = 14
 ! LogVerbosity         = Terse
 ! Initial process time : 0.00s (0.00s extraction + 0.00s propagation)
 !  . Log search space  : 151.7 (before), 151.7 (after)
 !  . Memory usage      : 754.6 kB (before), 754.6 kB (after)
 ! Using parallel search with 14 workers.
 ! ----------------------------------------------------------------------------
 !          Best Branches  Non-fixed    W       Branch decision
                        0         69                 -
 + New bound is 28
 ! Using iterative diving.
 ! Using temporal relaxation.
 *            58       47  0.30s        1      (gap is 51.72%)
 *            53      114  0.30s        1      (gap is 47.17%)
 *            52      173  0.30s        1      (gap is 46.15%)
 *            50      237  0.30s        1      (gap is 44.00%)
 *            41      291  0.30s        1      (gap is 31.71%)
 *            36      333  0.30s        1      (gap is 22.22%)
 *            33      383  0.30s        1      (gap is 15.15%)
 *            31      467  0.30s        1      (gap is 9.68%)
 *            28      549  0.30s        1      (gap is 0.00%)
 ! ----------------------------------------------------------------------------
 ! Search completed, 9 solutions found.
 ! Best objective         : 28 (optimal - effective tol. is 0)
 ! Best bound             : 28
 ! ----------------------------------------------------------------------------
 ! Number of branches     : 50702
 ! Number of fails        : 3387
 ! Total memory usage     : 9.3 MB (9.2 MB CP Optimizer + 0.1 MB Concert)
 ! Time spent in solve    : 0.33s (0.33s engine + 0.00s extraction)
 ! Search speed (br. / s) : 158443.7
 ! ----------------------------------------------------------------------------
task_0: (start=0, end=0, size=0, length=0)
Task 0 is scheduled in mode 0 from 0 to 0
task_1: (start=1, end=8, size=7, length=7)
Task 1 is scheduled in mode 1 from 1 to 8
task_2: (start=0, end=6, size=6, length=6)
Task 2 is scheduled in mode 2 from 0 to 6
task_3: (start=0, end=1, size=1, length=1)
Task 3 is scheduled in mode 0 from 0 to 1
task_4: (start=1, end=10, size=9, length=9)
Task 4 is scheduled in mode 1 from 1 to 10
task_5: (start=8, end=13, size=5, length=5)
Task 5 is scheduled in mode 1 from 8 to 13
task_6: (start=13, end=23, size=10, length=10)
Task 6 is scheduled in mode 2 from 13 to 23
task_7: (start=10, end=12, size=2, length=2)
Task 7 is scheduled in mode 0 from 10 to 12
task_8: (start=12, end=16, size=4, length=4)
Task 8 is scheduled in mode 0 from 12 to 16
task_9: (start=10, end=13, size=3, length=3)
Task 9 is scheduled in mode 1 from 10 to 13
task_10: (start=16, end=18, size=2, length=2)
Task 10 is scheduled in mode 0 from 16 to 18
task_11: (start=23, end=25, size=2, length=2)
Task 11 is scheduled in mode 1 from 23 to 25
task_12: (start=16, end=21, size=5, length=5)
Task 12 is scheduled in mode 2 from 16 to 21
task_13: (start=16, end=23, size=7, length=7)
Task 13 is scheduled in mode 1 from 16 to 23
task_14: (start=18, end=26, size=8, length=8)
Task 14 is scheduled in mode 2 from 18 to 26
task_15: (start=16, end=24, size=8, length=8)
Task 15 is scheduled in mode 1 from 16 to 24
task_16: (start=25, end=28, size=3, length=3)
Task 16 is scheduled in mode 0 from 25 to 28
task_17: (start=28, end=28, size=0, length=0)
Task 17 is scheduled in mode 0 from 28 to 28
Optimal solution found
Objective value: 28
Solution is optimal.
