35
Time limit set to 60 seconds
Running CP solver
/home/omastto1/General-Optimization-Solver/src/solvers/mmrcpsp.py:42(stream:108:6): Warning: Cumulative expression 'pulse': height is zero, expression is zero everywhere.
                                                                                               VarCumulAtom_149 = pulse(task_0_mode_0, 0)
/home/omastto1/General-Optimization-Solver/src/solvers/mmrcpsp.py:42(stream:108:56): Warning: Cumulative expression 'pulse': height is zero, expression is zero everywhere.
                                                                                                VarCumulAtom_151 = pulse(task_1_mode_1, 0)
/home/omastto1/General-Optimization-Solver/src/solvers/mmrcpsp.py:42(stream:108:81): Warning: Cumulative expression 'pulse': height is zero, expression is zero everywhere.
                                                                                                VarCumulAtom_152 = pulse(task_1_mode_2, 0)
/home/omastto1/General-Optimization-Solver/src/solvers/mmrcpsp.py:42(stream:108:106): Warning: Cumulative expression 'pulse': height is zero, expression is zero everywhere.
                                                                                                 VarCumulAtom_153 = pulse(task_2_mode_0, 0)
/home/omastto1/General-Optimization-Solver/src/solvers/mmrcpsp.py:42(stream:108:156): Warning: Cumulative expression 'pulse': height is zero, expression is zero everywhere.
                                                                                                 VarCumulAtom_155 = pulse(task_2_mode_2, 0)
/home/omastto1/General-Optimization-Solver/src/solvers/mmrcpsp.py:42(stream:108:181): Warning: Cumulative expression 'pulse': height is zero, expression is zero everywhere.
                                                                                                 VarCumulAtom_156 = pulse(task_3_mode_0, 0)
/home/omastto1/General-Optimization-Solver/src/solvers/mmrcpsp.py:42(stream:108:231): Warning: Cumulative expression 'pulse': height is zero, expression is zero everywhere.
                                                                                                 VarCumulAtom_158 = pulse(task_3_mode_2, 0)
/home/omastto1/General-Optimization-Solver/src/solvers/mmrcpsp.py:42(stream:108:256): Warning: Cumulative expression 'pulse': height is zero, expression is zero everywhere.
                                                                                                 VarCumulAtom_159 = pulse(task_4_mode_0, 0)
/home/omastto1/General-Optimization-Solver/src/solvers/mmrcpsp.py:42(stream:108:281): Warning: Cumulative expression 'pulse': height is zero, expression is zero everywhere.
                                                                                                 VarCumulAtom_160 = pulse(task_4_mode_1, 0)
/home/omastto1/General-Optimization-Solver/src/solvers/mmrcpsp.py:42(stream:108:381): Warning: Cumulative expression 'pulse': height is zero, expression is zero everywhere.
                                                                                                 VarCumulAtom_164 = pulse(task_5_mode_2, 0)
/home/omastto1/General-Optimization-Solver/src/solvers/mmrcpsp.py:42(stream:108:457): Warning: Cumulative expression 'pulse': height is zero, expression is zero everywhere.
                                                                                                 VarCumulAtom_167 = pulse(task_6_mode_2, 0)
/home/omastto1/General-Optimization-Solver/src/solvers/mmrcpsp.py:42(stream:108:482): Warning: Cumulative expression 'pulse': height is zero, expression is zero everywhere.
                                                                                                 VarCumulAtom_168 = pulse(task_7_mode_0, 0)
/home/omastto1/General-Optimization-Solver/src/solvers/mmrcpsp.py:42(stream:108:532): Warning: Cumulative expression 'pulse': height is zero, expression is zero everywhere.
                                                                                                 VarCumulAtom_170 = pulse(task_7_mode_2, 0)
/home/omastto1/General-Optimization-Solver/src/solvers/mmrcpsp.py:42(stream:108:582): Warning: Cumulative expression 'pulse': height is zero, expression is zero everywhere.
                                                                                                 VarCumulAtom_172 = pulse(task_8_mode_1, 0)
/home/omastto1/General-Optimization-Solver/src/solvers/mmrcpsp.py:42(stream:108:682): Warning: Cumulative expression 'pulse': height is zero, expression is zero everywhere.
                                                                                                 VarCumulAtom_176 = pulse(task_9_mode_2, 0)
/home/omastto1/General-Optimization-Solver/src/solvers/mmrcpsp.py:42(stream:108:707): Warning: Cumulative expression 'pulse': height is zero, expression is zero everywhere.
                                                                                                 VarCumulAtom_177 = pulse(task_10_mode_0, 0)
/home/omastto1/General-Optimization-Solver/src/solvers/mmrcpsp.py:42(stream:108:733): Warning: Cumulative expression 'pulse': height is zero, expression is zero everywhere.
                                                                                                 VarCumulAtom_178 = pulse(task_10_mode_1, 0)
/home/omastto1/General-Optimization-Solver/src/solvers/mmrcpsp.py:42(stream:108:759): Warning: Cumulative expression 'pulse': height is zero, expression is zero everywhere.
                                                                                                 VarCumulAtom_179 = pulse(task_10_mode_2, 0)
/home/omastto1/General-Optimization-Solver/src/solvers/mmrcpsp.py:42(stream:108:811): Warning: Cumulative expression 'pulse': height is zero, expression is zero everywhere.
                                                                                                 VarCumulAtom_181 = pulse(task_11_mode_1, 0)
/home/omastto1/General-Optimization-Solver/src/solvers/mmrcpsp.py:42(stream:108:837): Warning: Cumulative expression 'pulse': height is zero, expression is zero everywhere.
                                                                                                 VarCumulAtom_182 = pulse(task_11_mode_2, 0)
   Too many warnings of this type. Suppressing further warnings of this type.
 ! --------------------------------------------------- CP Optimizer 20.1.0.0 --
 ! Minimization problem - 69 variables, 51 constraints
 ! TimeLimit            = 60
 ! Workers              = 14
 ! LogVerbosity         = Terse
 ! Initial process time : 0.00s (0.00s extraction + 0.00s propagation)
 !  . Log search space  : 161.0 (before), 161.0 (after)
 !  . Memory usage      : 754.6 kB (before), 754.6 kB (after)
 ! Using parallel search with 14 workers.
 ! ----------------------------------------------------------------------------
 !          Best Branches  Non-fixed    W       Branch decision
                        0         69                 -
 + New bound is 21
 ! Using iterative diving.
 ! Using temporal relaxation.
 *            35       45  0.23s        1      (gap is 40.00%)
 *            33      113  0.23s        1      (gap is 36.36%)
 *            32      153  0.23s        1      (gap is 34.38%)
 *            30      225  0.23s        1      (gap is 30.00%)
 *            29      281  0.23s        1      (gap is 27.59%)
 *            28      321  0.23s        1      (gap is 25.00%)
 *            27      361  0.23s        1      (gap is 22.22%)
 *            22      402  0.23s        1      (gap is 4.55%)
 *            21      414  0.23s        1      (gap is 0.00%)
 ! ----------------------------------------------------------------------------
 ! Search completed, 9 solutions found.
 ! Best objective         : 21 (optimal - effective tol. is 0)
 ! Best bound             : 21
 ! ----------------------------------------------------------------------------
 ! Number of branches     : 62334
 ! Number of fails        : 1593
 ! Total memory usage     : 9.4 MB (9.3 MB CP Optimizer + 0.1 MB Concert)
 ! Time spent in solve    : 0.26s (0.26s engine + 0.00s extraction)
 ! Search speed (br. / s) : 239746.2
 ! ----------------------------------------------------------------------------
task_0: (start=0, end=0, size=0, length=0)
Task 0 is scheduled in mode 0 from 0 to 0
task_1: (start=0, end=1, size=1, length=1)
Task 1 is scheduled in mode 0 from 0 to 1
task_2: (start=0, end=2, size=2, length=2)
Task 2 is scheduled in mode 0 from 0 to 2
task_3: (start=0, end=2, size=2, length=2)
Task 3 is scheduled in mode 0 from 0 to 2
task_4: (start=2, end=10, size=8, length=8)
Task 4 is scheduled in mode 2 from 2 to 10
task_5: (start=2, end=6, size=4, length=4)
Task 5 is scheduled in mode 2 from 2 to 6
task_6: (start=2, end=9, size=7, length=7)
Task 6 is scheduled in mode 0 from 2 to 9
task_7: (start=1, end=7, size=6, length=6)
Task 7 is scheduled in mode 1 from 1 to 7
task_8: (start=9, end=11, size=2, length=2)
Task 8 is scheduled in mode 0 from 9 to 11
task_9: (start=7, end=11, size=4, length=4)
Task 9 is scheduled in mode 0 from 7 to 11
task_10: (start=1, end=7, size=6, length=6)
Task 10 is scheduled in mode 2 from 1 to 7
task_11: (start=9, end=13, size=4, length=4)
Task 11 is scheduled in mode 1 from 9 to 13
task_12: (start=11, end=19, size=8, length=8)
Task 12 is scheduled in mode 1 from 11 to 19
task_13: (start=9, end=12, size=3, length=3)
Task 13 is scheduled in mode 1 from 9 to 12
task_14: (start=12, end=19, size=7, length=7)
Task 14 is scheduled in mode 1 from 12 to 19
task_15: (start=19, end=21, size=2, length=2)
Task 15 is scheduled in mode 0 from 19 to 21
task_16: (start=13, end=21, size=8, length=8)
Task 16 is scheduled in mode 2 from 13 to 21
task_17: (start=21, end=21, size=0, length=0)
Task 17 is scheduled in mode 0 from 21 to 21
Optimal solution found
Objective value: 21
Solution is optimal.
