92
Time limit set to 60 seconds
Running CP solver
/home/omastto1/General-Optimization-Solver/src/solvers/mmrcpsp.py:42(stream:108:6): Warning: Cumulative expression 'pulse': height is zero, expression is zero everywhere.
                                                                                               VarCumulAtom_149 = pulse(task_0_mode_0, 0)
/home/omastto1/General-Optimization-Solver/src/solvers/mmrcpsp.py:42(stream:108:31): Warning: Cumulative expression 'pulse': height is zero, expression is zero everywhere.
                                                                                                VarCumulAtom_150 = pulse(task_1_mode_0, 0)
/home/omastto1/General-Optimization-Solver/src/solvers/mmrcpsp.py:42(stream:108:156): Warning: Cumulative expression 'pulse': height is zero, expression is zero everywhere.
                                                                                                 VarCumulAtom_155 = pulse(task_2_mode_2, 0)
/home/omastto1/General-Optimization-Solver/src/solvers/mmrcpsp.py:42(stream:108:331): Warning: Cumulative expression 'pulse': height is zero, expression is zero everywhere.
                                                                                                 VarCumulAtom_162 = pulse(task_5_mode_0, 0)
/home/omastto1/General-Optimization-Solver/src/solvers/mmrcpsp.py:42(stream:108:431): Warning: Cumulative expression 'pulse': height is zero, expression is zero everywhere.
                                                                                                 VarCumulAtom_166 = pulse(task_6_mode_1, 0)
/home/omastto1/General-Optimization-Solver/src/solvers/mmrcpsp.py:42(stream:108:481): Warning: Cumulative expression 'pulse': height is zero, expression is zero everywhere.
                                                                                                 VarCumulAtom_168 = pulse(task_7_mode_0, 0)
/home/omastto1/General-Optimization-Solver/src/solvers/mmrcpsp.py:42(stream:108:531): Warning: Cumulative expression 'pulse': height is zero, expression is zero everywhere.
                                                                                                 VarCumulAtom_170 = pulse(task_7_mode_2, 0)
/home/omastto1/General-Optimization-Solver/src/solvers/mmrcpsp.py:42(stream:108:581): Warning: Cumulative expression 'pulse': height is zero, expression is zero everywhere.
                                                                                                 VarCumulAtom_172 = pulse(task_8_mode_1, 0)
/home/omastto1/General-Optimization-Solver/src/solvers/mmrcpsp.py:42(stream:108:631): Warning: Cumulative expression 'pulse': height is zero, expression is zero everywhere.
                                                                                                 VarCumulAtom_174 = pulse(task_9_mode_0, 0)
/home/omastto1/General-Optimization-Solver/src/solvers/mmrcpsp.py:42(stream:108:656): Warning: Cumulative expression 'pulse': height is zero, expression is zero everywhere.
                                                                                                 VarCumulAtom_175 = pulse(task_9_mode_1, 0)
/home/omastto1/General-Optimization-Solver/src/solvers/mmrcpsp.py:42(stream:108:732): Warning: Cumulative expression 'pulse': height is zero, expression is zero everywhere.
                                                                                                 VarCumulAtom_178 = pulse(task_10_mode_1, 0)
/home/omastto1/General-Optimization-Solver/src/solvers/mmrcpsp.py:42(stream:108:784): Warning: Cumulative expression 'pulse': height is zero, expression is zero everywhere.
                                                                                                 VarCumulAtom_180 = pulse(task_11_mode_0, 0)
/home/omastto1/General-Optimization-Solver/src/solvers/mmrcpsp.py:42(stream:108:966): Warning: Cumulative expression 'pulse': height is zero, expression is zero everywhere.
                                                                                                 VarCumulAtom_187 = pulse(task_13_mode_1, 0)
/home/omastto1/General-Optimization-Solver/src/solvers/mmrcpsp.py:42(stream:108:992): Warning: Cumulative expression 'pulse': height is zero, expression is zero everywhere.
                                                                                                 VarCumulAtom_188 = pulse(task_13_mode_2, 0)
/home/omastto1/General-Optimization-Solver/src/solvers/mmrcpsp.py:42(stream:108:1044): Warning: Cumulative expression 'pulse': height is zero, expression is zero everywhere.
                                                                                                  VarCumulAtom_190 = pulse(task_14_mode_1, 0)
/home/omastto1/General-Optimization-Solver/src/solvers/mmrcpsp.py:42(stream:108:1070): Warning: Cumulative expression 'pulse': height is zero, expression is zero everywhere.
                                                                                                  VarCumulAtom_191 = pulse(task_14_mode_2, 0)
/home/omastto1/General-Optimization-Solver/src/solvers/mmrcpsp.py:42(stream:108:1122): Warning: Cumulative expression 'pulse': height is zero, expression is zero everywhere.
                                                                                                  VarCumulAtom_193 = pulse(task_15_mode_1, 0)
/home/omastto1/General-Optimization-Solver/src/solvers/mmrcpsp.py:42(stream:108:1252): Warning: Cumulative expression 'pulse': height is zero, expression is zero everywhere.
                                                                                                  VarCumulAtom_198 = pulse(task_17_mode_0, 0)
/home/omastto1/General-Optimization-Solver/src/solvers/mmrcpsp.py:42(stream:109:6): Warning: Cumulative expression 'pulse': height is zero, expression is zero everywhere.
                                                                                               VarCumulAtom_202 = pulse(task_0_mode_0, 0)
/home/omastto1/General-Optimization-Solver/src/solvers/mmrcpsp.py:42(stream:109:56): Warning: Cumulative expression 'pulse': height is zero, expression is zero everywhere.
                                                                                                VarCumulAtom_204 = pulse(task_1_mode_1, 0)
   Too many warnings of this type. Suppressing further warnings of this type.
 ! --------------------------------------------------- CP Optimizer 20.1.0.0 --
 ! Minimization problem - 69 variables, 51 constraints
 ! TimeLimit            = 60
 ! Workers              = 14
 ! LogVerbosity         = Terse
 ! Initial process time : 0.00s (0.00s extraction + 0.00s propagation)
 !  . Log search space  : 157.9 (before), 157.9 (after)
 !  . Memory usage      : 754.6 kB (before), 754.6 kB (after)
 ! Using parallel search with 14 workers.
 ! ----------------------------------------------------------------------------
 !          Best Branches  Non-fixed    W       Branch decision
                        0         69                 -
 + New bound is 21
 ! Using iterative diving.
 ! Using temporal relaxation.
 *            60       45  0.30s        1      (gap is 65.00%)
 *            52      114  0.30s        1      (gap is 59.62%)
 *            30      182  0.30s        1      (gap is 30.00%)
 *            28      224  0.30s        1      (gap is 25.00%)
 *            27      274  0.30s        1      (gap is 22.22%)
 *            26      355  0.30s        1      (gap is 19.23%)
 *            25      368  0.30s        1      (gap is 16.00%)
 *            21      647  0.30s        1      (gap is 0.00%)
 ! ----------------------------------------------------------------------------
 ! Search completed, 8 solutions found.
 ! Best objective         : 21 (optimal - effective tol. is 0)
 ! Best bound             : 21
 ! ----------------------------------------------------------------------------
 ! Number of branches     : 52609
 ! Number of fails        : 2827
 ! Total memory usage     : 9.3 MB (9.2 MB CP Optimizer + 0.1 MB Concert)
 ! Time spent in solve    : 0.31s (0.31s engine + 0.00s extraction)
 ! Search speed (br. / s) : 169706.5
 ! ----------------------------------------------------------------------------
task_0: (start=0, end=0, size=0, length=0)
Task 0 is scheduled in mode 0 from 0 to 0
task_1: (start=0, end=3, size=3, length=3)
Task 1 is scheduled in mode 0 from 0 to 3
task_2: (start=1, end=3, size=2, length=2)
Task 2 is scheduled in mode 0 from 1 to 3
task_3: (start=0, end=1, size=1, length=1)
Task 3 is scheduled in mode 0 from 0 to 1
task_4: (start=3, end=4, size=1, length=1)
Task 4 is scheduled in mode 0 from 3 to 4
task_5: (start=7, end=14, size=7, length=7)
Task 5 is scheduled in mode 0 from 7 to 14
task_6: (start=4, end=7, size=3, length=3)
Task 6 is scheduled in mode 1 from 4 to 7
task_7: (start=1, end=5, size=4, length=4)
Task 7 is scheduled in mode 1 from 1 to 5
task_8: (start=14, end=16, size=2, length=2)
Task 8 is scheduled in mode 0 from 14 to 16
task_9: (start=5, end=13, size=8, length=8)
Task 9 is scheduled in mode 2 from 5 to 13
task_10: (start=4, end=7, size=3, length=3)
Task 10 is scheduled in mode 0 from 4 to 7
task_11: (start=7, end=14, size=7, length=7)
Task 11 is scheduled in mode 2 from 7 to 14
task_12: (start=13, end=16, size=3, length=3)
Task 12 is scheduled in mode 1 from 13 to 16
task_13: (start=13, end=16, size=3, length=3)
Task 13 is scheduled in mode 0 from 13 to 16
task_14: (start=16, end=21, size=5, length=5)
Task 14 is scheduled in mode 1 from 16 to 21
task_15: (start=16, end=20, size=4, length=4)
Task 15 is scheduled in mode 0 from 16 to 20
task_16: (start=16, end=17, size=1, length=1)
Task 16 is scheduled in mode 0 from 16 to 17
task_17: (start=21, end=21, size=0, length=0)
Task 17 is scheduled in mode 0 from 21 to 21
Optimal solution found
Objective value: 21
Solution is optimal.
