91
Time limit set to 60 seconds
Running CP solver
/home/omastto1/General-Optimization-Solver/src/solvers/mmrcpsp.py:42(stream:108:6): Warning: Cumulative expression 'pulse': height is zero, expression is zero everywhere.
                                                                                               VarCumulAtom_149 = pulse(task_0_mode_0, 0)
/home/omastto1/General-Optimization-Solver/src/solvers/mmrcpsp.py:42(stream:108:31): Warning: Cumulative expression 'pulse': height is zero, expression is zero everywhere.
                                                                                                VarCumulAtom_150 = pulse(task_1_mode_0, 0)
/home/omastto1/General-Optimization-Solver/src/solvers/mmrcpsp.py:42(stream:108:81): Warning: Cumulative expression 'pulse': height is zero, expression is zero everywhere.
                                                                                                VarCumulAtom_152 = pulse(task_1_mode_2, 0)
/home/omastto1/General-Optimization-Solver/src/solvers/mmrcpsp.py:42(stream:108:156): Warning: Cumulative expression 'pulse': height is zero, expression is zero everywhere.
                                                                                                 VarCumulAtom_155 = pulse(task_2_mode_2, 0)
/home/omastto1/General-Optimization-Solver/src/solvers/mmrcpsp.py:42(stream:108:181): Warning: Cumulative expression 'pulse': height is zero, expression is zero everywhere.
                                                                                                 VarCumulAtom_156 = pulse(task_3_mode_0, 0)
/home/omastto1/General-Optimization-Solver/src/solvers/mmrcpsp.py:42(stream:108:306): Warning: Cumulative expression 'pulse': height is zero, expression is zero everywhere.
                                                                                                 VarCumulAtom_161 = pulse(task_4_mode_2, 0)
/home/omastto1/General-Optimization-Solver/src/solvers/mmrcpsp.py:42(stream:108:331): Warning: Cumulative expression 'pulse': height is zero, expression is zero everywhere.
                                                                                                 VarCumulAtom_162 = pulse(task_5_mode_0, 0)
/home/omastto1/General-Optimization-Solver/src/solvers/mmrcpsp.py:42(stream:108:381): Warning: Cumulative expression 'pulse': height is zero, expression is zero everywhere.
                                                                                                 VarCumulAtom_164 = pulse(task_5_mode_2, 0)
/home/omastto1/General-Optimization-Solver/src/solvers/mmrcpsp.py:42(stream:108:431): Warning: Cumulative expression 'pulse': height is zero, expression is zero everywhere.
                                                                                                 VarCumulAtom_166 = pulse(task_6_mode_1, 0)
/home/omastto1/General-Optimization-Solver/src/solvers/mmrcpsp.py:42(stream:108:481): Warning: Cumulative expression 'pulse': height is zero, expression is zero everywhere.
                                                                                                 VarCumulAtom_168 = pulse(task_7_mode_0, 0)
/home/omastto1/General-Optimization-Solver/src/solvers/mmrcpsp.py:42(stream:108:531): Warning: Cumulative expression 'pulse': height is zero, expression is zero everywhere.
                                                                                                 VarCumulAtom_170 = pulse(task_7_mode_2, 0)
/home/omastto1/General-Optimization-Solver/src/solvers/mmrcpsp.py:42(stream:108:556): Warning: Cumulative expression 'pulse': height is zero, expression is zero everywhere.
                                                                                                 VarCumulAtom_171 = pulse(task_8_mode_0, 0)
/home/omastto1/General-Optimization-Solver/src/solvers/mmrcpsp.py:42(stream:108:606): Warning: Cumulative expression 'pulse': height is zero, expression is zero everywhere.
                                                                                                 VarCumulAtom_173 = pulse(task_8_mode_2, 0)
/home/omastto1/General-Optimization-Solver/src/solvers/mmrcpsp.py:42(stream:108:631): Warning: Cumulative expression 'pulse': height is zero, expression is zero everywhere.
                                                                                                 VarCumulAtom_174 = pulse(task_9_mode_0, 0)
/home/omastto1/General-Optimization-Solver/src/solvers/mmrcpsp.py:42(stream:108:656): Warning: Cumulative expression 'pulse': height is zero, expression is zero everywhere.
                                                                                                 VarCumulAtom_175 = pulse(task_9_mode_1, 0)
/home/omastto1/General-Optimization-Solver/src/solvers/mmrcpsp.py:42(stream:108:681): Warning: Cumulative expression 'pulse': height is zero, expression is zero everywhere.
                                                                                                 VarCumulAtom_176 = pulse(task_9_mode_2, 0)
/home/omastto1/General-Optimization-Solver/src/solvers/mmrcpsp.py:42(stream:108:706): Warning: Cumulative expression 'pulse': height is zero, expression is zero everywhere.
                                                                                                 VarCumulAtom_177 = pulse(task_10_mode_0, 0)
/home/omastto1/General-Optimization-Solver/src/solvers/mmrcpsp.py:42(stream:108:732): Warning: Cumulative expression 'pulse': height is zero, expression is zero everywhere.
                                                                                                 VarCumulAtom_178 = pulse(task_10_mode_1, 0)
/home/omastto1/General-Optimization-Solver/src/solvers/mmrcpsp.py:42(stream:108:811): Warning: Cumulative expression 'pulse': height is zero, expression is zero everywhere.
                                                                                                 VarCumulAtom_181 = pulse(task_11_mode_1, 0)
/home/omastto1/General-Optimization-Solver/src/solvers/mmrcpsp.py:42(stream:108:863): Warning: Cumulative expression 'pulse': height is zero, expression is zero everywhere.
                                                                                                 VarCumulAtom_183 = pulse(task_12_mode_0, 0)
   Too many warnings of this type. Suppressing further warnings of this type.
 ! --------------------------------------------------- CP Optimizer 20.1.0.0 --
 ! Minimization problem - 69 variables, 51 constraints
 ! TimeLimit            = 60
 ! Workers              = 14
 ! LogVerbosity         = Terse
 ! Initial process time : 0.00s (0.00s extraction + 0.00s propagation)
 !  . Log search space  : 150.7 (before), 150.7 (after)
 !  . Memory usage      : 754.6 kB (before), 754.6 kB (after)
 ! Using parallel search with 14 workers.
 ! ----------------------------------------------------------------------------
 !          Best Branches  Non-fixed    W       Branch decision
                        0         69                 -
 + New bound is 29
 ! Using iterative diving.
 ! Using temporal relaxation.
 *            61       49  0.64s        1      (gap is 52.46%)
 *            59      118  0.64s        1      (gap is 50.85%)
 *            57      187  0.64s        1      (gap is 49.12%)
 *            55      229  0.64s        1      (gap is 47.27%)
 *            54      295  0.64s        1      (gap is 46.30%)
 *            40      366  0.64s        1      (gap is 27.50%)
 *            37      421  0.64s        1      (gap is 21.62%)
 *            31      483  0.64s        1      (gap is 6.45%)
 *            30      890  0.64s        6      (gap is 3.33%)
 *            29     3454  0.64s        6      (gap is 0.00%)
 ! ----------------------------------------------------------------------------
 ! Search completed, 10 solutions found.
 ! Best objective         : 29 (optimal - effective tol. is 0)
 ! Best bound             : 29
 ! ----------------------------------------------------------------------------
 ! Number of branches     : 103783
 ! Number of fails        : 24818
 ! Total memory usage     : 9.3 MB (9.3 MB CP Optimizer + 0.1 MB Concert)
 ! Time spent in solve    : 0.84s (0.84s engine + 0.00s extraction)
 ! Search speed (br. / s) : 125039.8
 ! ----------------------------------------------------------------------------
task_0: (start=0, end=0, size=0, length=0)
Task 0 is scheduled in mode 0 from 0 to 0
task_1: (start=4, end=5, size=1, length=1)
Task 1 is scheduled in mode 0 from 4 to 5
task_2: (start=0, end=3, size=3, length=3)
Task 2 is scheduled in mode 0 from 0 to 3
task_3: (start=0, end=4, size=4, length=4)
Task 3 is scheduled in mode 0 from 0 to 4
task_4: (start=4, end=11, size=7, length=7)
Task 4 is scheduled in mode 1 from 4 to 11
task_5: (start=11, end=16, size=5, length=5)
Task 5 is scheduled in mode 1 from 11 to 16
task_6: (start=5, end=13, size=8, length=8)
Task 6 is scheduled in mode 1 from 5 to 13
task_7: (start=13, end=16, size=3, length=3)
Task 7 is scheduled in mode 2 from 13 to 16
task_8: (start=16, end=18, size=2, length=2)
Task 8 is scheduled in mode 0 from 16 to 18
task_9: (start=20, end=21, size=1, length=1)
Task 9 is scheduled in mode 0 from 20 to 21
task_10: (start=18, end=20, size=2, length=2)
Task 10 is scheduled in mode 0 from 18 to 20
task_11: (start=21, end=24, size=3, length=3)
Task 11 is scheduled in mode 1 from 21 to 24
task_12: (start=21, end=23, size=2, length=2)
Task 12 is scheduled in mode 0 from 21 to 23
task_13: (start=16, end=23, size=7, length=7)
Task 13 is scheduled in mode 0 from 16 to 23
task_14: (start=24, end=28, size=4, length=4)
Task 14 is scheduled in mode 0 from 24 to 28
task_15: (start=23, end=25, size=2, length=2)
Task 15 is scheduled in mode 0 from 23 to 25
task_16: (start=24, end=29, size=5, length=5)
Task 16 is scheduled in mode 1 from 24 to 29
task_17: (start=29, end=29, size=0, length=0)
Task 17 is scheduled in mode 0 from 29 to 29
Optimal solution found
Objective value: 29
Solution is optimal.
