14
Time limit set to 60 seconds
Running CP solver
/home/omastto1/General-Optimization-Solver/src/solvers/mmrcpsp.py:42(stream:108:6): Warning: Cumulative expression 'pulse': height is zero, expression is zero everywhere.
                                                                                               VarCumulAtom_149 = pulse(task_0_mode_0, 0)
/home/omastto1/General-Optimization-Solver/src/solvers/mmrcpsp.py:42(stream:108:31): Warning: Cumulative expression 'pulse': height is zero, expression is zero everywhere.
                                                                                                VarCumulAtom_150 = pulse(task_1_mode_0, 0)
/home/omastto1/General-Optimization-Solver/src/solvers/mmrcpsp.py:42(stream:108:131): Warning: Cumulative expression 'pulse': height is zero, expression is zero everywhere.
                                                                                                 VarCumulAtom_154 = pulse(task_2_mode_1, 0)
/home/omastto1/General-Optimization-Solver/src/solvers/mmrcpsp.py:42(stream:108:181): Warning: Cumulative expression 'pulse': height is zero, expression is zero everywhere.
                                                                                                 VarCumulAtom_156 = pulse(task_3_mode_0, 0)
/home/omastto1/General-Optimization-Solver/src/solvers/mmrcpsp.py:42(stream:108:231): Warning: Cumulative expression 'pulse': height is zero, expression is zero everywhere.
                                                                                                 VarCumulAtom_158 = pulse(task_3_mode_2, 0)
/home/omastto1/General-Optimization-Solver/src/solvers/mmrcpsp.py:42(stream:108:306): Warning: Cumulative expression 'pulse': height is zero, expression is zero everywhere.
                                                                                                 VarCumulAtom_161 = pulse(task_4_mode_2, 0)
/home/omastto1/General-Optimization-Solver/src/solvers/mmrcpsp.py:42(stream:108:331): Warning: Cumulative expression 'pulse': height is zero, expression is zero everywhere.
                                                                                                 VarCumulAtom_162 = pulse(task_5_mode_0, 0)
/home/omastto1/General-Optimization-Solver/src/solvers/mmrcpsp.py:42(stream:108:356): Warning: Cumulative expression 'pulse': height is zero, expression is zero everywhere.
                                                                                                 VarCumulAtom_163 = pulse(task_5_mode_1, 0)
/home/omastto1/General-Optimization-Solver/src/solvers/mmrcpsp.py:42(stream:108:381): Warning: Cumulative expression 'pulse': height is zero, expression is zero everywhere.
                                                                                                 VarCumulAtom_164 = pulse(task_5_mode_2, 0)
/home/omastto1/General-Optimization-Solver/src/solvers/mmrcpsp.py:42(stream:108:456): Warning: Cumulative expression 'pulse': height is zero, expression is zero everywhere.
                                                                                                 VarCumulAtom_167 = pulse(task_6_mode_2, 0)
/home/omastto1/General-Optimization-Solver/src/solvers/mmrcpsp.py:42(stream:108:481): Warning: Cumulative expression 'pulse': height is zero, expression is zero everywhere.
                                                                                                 VarCumulAtom_168 = pulse(task_7_mode_0, 0)
/home/omastto1/General-Optimization-Solver/src/solvers/mmrcpsp.py:42(stream:108:506): Warning: Cumulative expression 'pulse': height is zero, expression is zero everywhere.
                                                                                                 VarCumulAtom_169 = pulse(task_7_mode_1, 0)
/home/omastto1/General-Optimization-Solver/src/solvers/mmrcpsp.py:42(stream:108:556): Warning: Cumulative expression 'pulse': height is zero, expression is zero everywhere.
                                                                                                 VarCumulAtom_171 = pulse(task_8_mode_0, 0)
/home/omastto1/General-Optimization-Solver/src/solvers/mmrcpsp.py:42(stream:108:631): Warning: Cumulative expression 'pulse': height is zero, expression is zero everywhere.
                                                                                                 VarCumulAtom_174 = pulse(task_9_mode_0, 0)
/home/omastto1/General-Optimization-Solver/src/solvers/mmrcpsp.py:42(stream:108:681): Warning: Cumulative expression 'pulse': height is zero, expression is zero everywhere.
                                                                                                 VarCumulAtom_176 = pulse(task_9_mode_2, 0)
/home/omastto1/General-Optimization-Solver/src/solvers/mmrcpsp.py:42(stream:108:706): Warning: Cumulative expression 'pulse': height is zero, expression is zero everywhere.
                                                                                                 VarCumulAtom_177 = pulse(task_10_mode_0, 0)
/home/omastto1/General-Optimization-Solver/src/solvers/mmrcpsp.py:42(stream:108:732): Warning: Cumulative expression 'pulse': height is zero, expression is zero everywhere.
                                                                                                 VarCumulAtom_178 = pulse(task_10_mode_1, 0)
/home/omastto1/General-Optimization-Solver/src/solvers/mmrcpsp.py:42(stream:108:810): Warning: Cumulative expression 'pulse': height is zero, expression is zero everywhere.
                                                                                                 VarCumulAtom_181 = pulse(task_11_mode_1, 0)
/home/omastto1/General-Optimization-Solver/src/solvers/mmrcpsp.py:42(stream:108:862): Warning: Cumulative expression 'pulse': height is zero, expression is zero everywhere.
                                                                                                 VarCumulAtom_183 = pulse(task_12_mode_0, 0)
/home/omastto1/General-Optimization-Solver/src/solvers/mmrcpsp.py:42(stream:108:888): Warning: Cumulative expression 'pulse': height is zero, expression is zero everywhere.
                                                                                                 VarCumulAtom_184 = pulse(task_12_mode_1, 0)
   Too many warnings of this type. Suppressing further warnings of this type.
 ! --------------------------------------------------- CP Optimizer 20.1.0.0 --
 ! Minimization problem - 69 variables, 51 constraints
 ! TimeLimit            = 60
 ! Workers              = 14
 ! LogVerbosity         = Terse
 ! Initial process time : 0.00s (0.00s extraction + 0.00s propagation)
 !  . Log search space  : 147.2 (before), 147.2 (after)
 !  . Memory usage      : 754.6 kB (before), 754.6 kB (after)
 ! Using parallel search with 14 workers.
 ! ----------------------------------------------------------------------------
 !          Best Branches  Non-fixed    W       Branch decision
                        0         69                 -
 + New bound is 35
 ! Using iterative diving.
 ! Using temporal relaxation.
 *            65       48  0.53s        1      (gap is 46.15%)
 *            57      110  0.53s        1      (gap is 38.60%)
 *            55      198  0.53s        1      (gap is 36.36%)
 *            52      281  0.53s        1      (gap is 32.69%)
 *            48      361  0.53s        1      (gap is 27.08%)
 *            47      489  0.53s        1      (gap is 25.53%)
 *            39     1362  0.53s        1      (gap is 10.26%)
 *            35     2726  0.53s        1      (gap is 0.00%)
 ! ----------------------------------------------------------------------------
 ! Search completed, 8 solutions found.
 ! Best objective         : 35 (optimal - effective tol. is 0)
 ! Best bound             : 35
 ! ----------------------------------------------------------------------------
 ! Number of branches     : 80826
 ! Number of fails        : 12133
 ! Total memory usage     : 9.0 MB (8.9 MB CP Optimizer + 0.1 MB Concert)
 ! Time spent in solve    : 0.55s (0.55s engine + 0.00s extraction)
 ! Search speed (br. / s) : 149677.8
 ! ----------------------------------------------------------------------------
task_0: (start=0, end=0, size=0, length=0)
Task 0 is scheduled in mode 0 from 0 to 0
task_1: (start=0, end=2, size=2, length=2)
Task 1 is scheduled in mode 0 from 0 to 2
task_2: (start=0, end=3, size=3, length=3)
Task 2 is scheduled in mode 1 from 0 to 3
task_3: (start=2, end=3, size=1, length=1)
Task 3 is scheduled in mode 0 from 2 to 3
task_4: (start=3, end=13, size=10, length=10)
Task 4 is scheduled in mode 2 from 3 to 13
task_5: (start=3, end=12, size=9, length=9)
Task 5 is scheduled in mode 2 from 3 to 12
task_6: (start=3, end=8, size=5, length=5)
Task 6 is scheduled in mode 0 from 3 to 8
task_7: (start=3, end=8, size=5, length=5)
Task 7 is scheduled in mode 2 from 3 to 8
task_8: (start=13, end=15, size=2, length=2)
Task 8 is scheduled in mode 0 from 13 to 15
task_9: (start=8, end=16, size=8, length=8)
Task 9 is scheduled in mode 1 from 8 to 16
task_10: (start=16, end=22, size=6, length=6)
Task 10 is scheduled in mode 2 from 16 to 22
task_11: (start=16, end=24, size=8, length=8)
Task 11 is scheduled in mode 1 from 16 to 24
task_12: (start=15, end=16, size=1, length=1)
Task 12 is scheduled in mode 0 from 15 to 16
task_13: (start=16, end=25, size=9, length=9)
Task 13 is scheduled in mode 2 from 16 to 25
task_14: (start=25, end=29, size=4, length=4)
Task 14 is scheduled in mode 1 from 25 to 29
task_15: (start=25, end=35, size=10, length=10)
Task 15 is scheduled in mode 2 from 25 to 35
task_16: (start=25, end=35, size=10, length=10)
Task 16 is scheduled in mode 2 from 25 to 35
task_17: (start=35, end=35, size=0, length=0)
Task 17 is scheduled in mode 0 from 35 to 35
Optimal solution found
Objective value: 35
Solution is optimal.
