77
Time limit set to 60 seconds
Running CP solver
/home/omastto1/General-Optimization-Solver/src/solvers/mmrcpsp.py:42(stream:108:6): Warning: Cumulative expression 'pulse': height is zero, expression is zero everywhere.
                                                                                               VarCumulAtom_149 = pulse(task_0_mode_0, 0)
/home/omastto1/General-Optimization-Solver/src/solvers/mmrcpsp.py:42(stream:108:1255): Warning: Cumulative expression 'pulse': height is zero, expression is zero everywhere.
                                                                                                  VarCumulAtom_198 = pulse(task_17_mode_0, 0)
/home/omastto1/General-Optimization-Solver/src/solvers/mmrcpsp.py:42(stream:109:6): Warning: Cumulative expression 'pulse': height is zero, expression is zero everywhere.
                                                                                               VarCumulAtom_202 = pulse(task_0_mode_0, 0)
/home/omastto1/General-Optimization-Solver/src/solvers/mmrcpsp.py:42(stream:109:1252): Warning: Cumulative expression 'pulse': height is zero, expression is zero everywhere.
                                                                                                  VarCumulAtom_251 = pulse(task_17_mode_0, 0)
 ! --------------------------------------------------- CP Optimizer 20.1.0.0 --
 ! Minimization problem - 69 variables, 51 constraints
 ! TimeLimit            = 60
 ! Workers              = 14
 ! LogVerbosity         = Terse
 ! Initial process time : 0.00s (0.00s extraction + 0.00s propagation)
 !  . Log search space  : 161.2 (before), 161.2 (after)
 !  . Memory usage      : 754.6 kB (before), 754.6 kB (after)
 ! Using parallel search with 14 workers.
 ! ----------------------------------------------------------------------------
 !          Best Branches  Non-fixed    W       Branch decision
                        0         69                 -
 + New bound is 24
 ! Using iterative diving.
 ! Using temporal relaxation.
 *            32       47  0.38s        1      (gap is 25.00%)
 *            30      172  0.38s        1      (gap is 20.00%)
 *            28      212  0.38s        1      (gap is 14.29%)
 *            26      392  0.38s        1      (gap is 7.69%)
 *            24      486  0.38s        1      (gap is 0.00%)
 ! ----------------------------------------------------------------------------
 ! Search completed, 5 solutions found.
 ! Best objective         : 24 (optimal - effective tol. is 0)
 ! Best bound             : 24
 ! ----------------------------------------------------------------------------
 ! Number of branches     : 63186
 ! Number of fails        : 4778
 ! Total memory usage     : 9.7 MB (9.6 MB CP Optimizer + 0.1 MB Concert)
 ! Time spent in solve    : 0.42s (0.42s engine + 0.00s extraction)
 ! Search speed (br. / s) : 150442.9
 ! ----------------------------------------------------------------------------
task_0: (start=0, end=0, size=0, length=0)
Task 0 is scheduled in mode 0 from 0 to 0
task_1: (start=0, end=2, size=2, length=2)
Task 1 is scheduled in mode 0 from 0 to 2
task_2: (start=0, end=2, size=2, length=2)
Task 2 is scheduled in mode 0 from 0 to 2
task_3: (start=2, end=4, size=2, length=2)
Task 3 is scheduled in mode 0 from 2 to 4
task_4: (start=2, end=5, size=3, length=3)
Task 4 is scheduled in mode 1 from 2 to 5
task_5: (start=4, end=5, size=1, length=1)
Task 5 is scheduled in mode 0 from 4 to 5
task_6: (start=2, end=12, size=10, length=10)
Task 6 is scheduled in mode 2 from 2 to 12
task_7: (start=5, end=6, size=1, length=1)
Task 7 is scheduled in mode 0 from 5 to 6
task_8: (start=6, end=13, size=7, length=7)
Task 8 is scheduled in mode 1 from 6 to 13
task_9: (start=5, end=15, size=10, length=10)
Task 9 is scheduled in mode 2 from 5 to 15
task_10: (start=12, end=16, size=4, length=4)
Task 10 is scheduled in mode 1 from 12 to 16
task_11: (start=16, end=17, size=1, length=1)
Task 11 is scheduled in mode 0 from 16 to 17
task_12: (start=13, end=17, size=4, length=4)
Task 12 is scheduled in mode 0 from 13 to 17
task_13: (start=6, end=12, size=6, length=6)
Task 13 is scheduled in mode 2 from 6 to 12
task_14: (start=17, end=24, size=7, length=7)
Task 14 is scheduled in mode 2 from 17 to 24
task_15: (start=13, end=21, size=8, length=8)
Task 15 is scheduled in mode 2 from 13 to 21
task_16: (start=17, end=24, size=7, length=7)
Task 16 is scheduled in mode 1 from 17 to 24
task_17: (start=24, end=24, size=0, length=0)
Task 17 is scheduled in mode 0 from 24 to 24
Optimal solution found
Objective value: 24
Solution is optimal.
