21
Time limit set to 60 seconds
Running CP solver
/home/omastto1/General-Optimization-Solver/src/solvers/mmrcpsp.py:42(stream:108:6): Warning: Cumulative expression 'pulse': height is zero, expression is zero everywhere.
                                                                                               VarCumulAtom_149 = pulse(task_0_mode_0, 0)
/home/omastto1/General-Optimization-Solver/src/solvers/mmrcpsp.py:42(stream:108:31): Warning: Cumulative expression 'pulse': height is zero, expression is zero everywhere.
                                                                                                VarCumulAtom_150 = pulse(task_1_mode_0, 0)
/home/omastto1/General-Optimization-Solver/src/solvers/mmrcpsp.py:42(stream:108:158): Warning: Cumulative expression 'pulse': height is zero, expression is zero everywhere.
                                                                                                 VarCumulAtom_155 = pulse(task_2_mode_2, 0)
/home/omastto1/General-Optimization-Solver/src/solvers/mmrcpsp.py:42(stream:108:208): Warning: Cumulative expression 'pulse': height is zero, expression is zero everywhere.
                                                                                                 VarCumulAtom_157 = pulse(task_3_mode_1, 0)
/home/omastto1/General-Optimization-Solver/src/solvers/mmrcpsp.py:42(stream:108:233): Warning: Cumulative expression 'pulse': height is zero, expression is zero everywhere.
                                                                                                 VarCumulAtom_158 = pulse(task_3_mode_2, 0)
/home/omastto1/General-Optimization-Solver/src/solvers/mmrcpsp.py:42(stream:108:283): Warning: Cumulative expression 'pulse': height is zero, expression is zero everywhere.
                                                                                                 VarCumulAtom_160 = pulse(task_4_mode_1, 0)
/home/omastto1/General-Optimization-Solver/src/solvers/mmrcpsp.py:42(stream:108:333): Warning: Cumulative expression 'pulse': height is zero, expression is zero everywhere.
                                                                                                 VarCumulAtom_162 = pulse(task_5_mode_0, 0)
/home/omastto1/General-Optimization-Solver/src/solvers/mmrcpsp.py:42(stream:108:358): Warning: Cumulative expression 'pulse': height is zero, expression is zero everywhere.
                                                                                                 VarCumulAtom_163 = pulse(task_5_mode_1, 0)
/home/omastto1/General-Optimization-Solver/src/solvers/mmrcpsp.py:42(stream:108:383): Warning: Cumulative expression 'pulse': height is zero, expression is zero everywhere.
                                                                                                 VarCumulAtom_164 = pulse(task_5_mode_2, 0)
/home/omastto1/General-Optimization-Solver/src/solvers/mmrcpsp.py:42(stream:108:458): Warning: Cumulative expression 'pulse': height is zero, expression is zero everywhere.
                                                                                                 VarCumulAtom_167 = pulse(task_6_mode_2, 0)
/home/omastto1/General-Optimization-Solver/src/solvers/mmrcpsp.py:42(stream:108:508): Warning: Cumulative expression 'pulse': height is zero, expression is zero everywhere.
                                                                                                 VarCumulAtom_169 = pulse(task_7_mode_1, 0)
/home/omastto1/General-Optimization-Solver/src/solvers/mmrcpsp.py:42(stream:108:533): Warning: Cumulative expression 'pulse': height is zero, expression is zero everywhere.
                                                                                                 VarCumulAtom_170 = pulse(task_7_mode_2, 0)
/home/omastto1/General-Optimization-Solver/src/solvers/mmrcpsp.py:42(stream:108:558): Warning: Cumulative expression 'pulse': height is zero, expression is zero everywhere.
                                                                                                 VarCumulAtom_171 = pulse(task_8_mode_0, 0)
/home/omastto1/General-Optimization-Solver/src/solvers/mmrcpsp.py:42(stream:108:633): Warning: Cumulative expression 'pulse': height is zero, expression is zero everywhere.
                                                                                                 VarCumulAtom_174 = pulse(task_9_mode_0, 0)
/home/omastto1/General-Optimization-Solver/src/solvers/mmrcpsp.py:42(stream:108:658): Warning: Cumulative expression 'pulse': height is zero, expression is zero everywhere.
                                                                                                 VarCumulAtom_175 = pulse(task_9_mode_1, 0)
/home/omastto1/General-Optimization-Solver/src/solvers/mmrcpsp.py:42(stream:108:708): Warning: Cumulative expression 'pulse': height is zero, expression is zero everywhere.
                                                                                                 VarCumulAtom_177 = pulse(task_10_mode_0, 0)
/home/omastto1/General-Optimization-Solver/src/solvers/mmrcpsp.py:42(stream:108:734): Warning: Cumulative expression 'pulse': height is zero, expression is zero everywhere.
                                                                                                 VarCumulAtom_178 = pulse(task_10_mode_1, 0)
/home/omastto1/General-Optimization-Solver/src/solvers/mmrcpsp.py:42(stream:108:812): Warning: Cumulative expression 'pulse': height is zero, expression is zero everywhere.
                                                                                                 VarCumulAtom_181 = pulse(task_11_mode_1, 0)
/home/omastto1/General-Optimization-Solver/src/solvers/mmrcpsp.py:42(stream:108:838): Warning: Cumulative expression 'pulse': height is zero, expression is zero everywhere.
                                                                                                 VarCumulAtom_182 = pulse(task_11_mode_2, 0)
/home/omastto1/General-Optimization-Solver/src/solvers/mmrcpsp.py:42(stream:108:864): Warning: Cumulative expression 'pulse': height is zero, expression is zero everywhere.
                                                                                                 VarCumulAtom_183 = pulse(task_12_mode_0, 0)
   Too many warnings of this type. Suppressing further warnings of this type.
 ! --------------------------------------------------- CP Optimizer 20.1.0.0 --
 ! Minimization problem - 69 variables, 51 constraints
 ! TimeLimit            = 60
 ! Workers              = 14
 ! LogVerbosity         = Terse
 ! Initial process time : 0.01s (0.01s extraction + 0.00s propagation)
 !  . Log search space  : 160.7 (before), 160.7 (after)
 !  . Memory usage      : 754.6 kB (before), 754.6 kB (after)
 ! Using parallel search with 14 workers.
 ! ----------------------------------------------------------------------------
 !          Best Branches  Non-fixed    W       Branch decision
                        0         69                 -
 + New bound is 27
 ! Using iterative diving.
 ! Using temporal relaxation.
 *            40       48  0.37s        1      (gap is 32.50%)
 *            39      114  0.37s        1      (gap is 30.77%)
 *            38      154  0.37s        1      (gap is 28.95%)
 *            35      194  0.37s        1      (gap is 22.86%)
 *            34      250  0.37s        1      (gap is 20.59%)
 *            30      338  0.37s        1      (gap is 10.00%)
 *            27      525  0.37s        1      (gap is 0.00%)
 ! ----------------------------------------------------------------------------
 ! Search completed, 7 solutions found.
 ! Best objective         : 27 (optimal - effective tol. is 0)
 ! Best bound             : 27
 ! ----------------------------------------------------------------------------
 ! Number of branches     : 57990
 ! Number of fails        : 4055
 ! Total memory usage     : 9.7 MB (9.6 MB CP Optimizer + 0.1 MB Concert)
 ! Time spent in solve    : 0.39s (0.38s engine + 0.01s extraction)
 ! Search speed (br. / s) : 152605.3
 ! ----------------------------------------------------------------------------
task_0: (start=0, end=0, size=0, length=0)
Task 0 is scheduled in mode 0 from 0 to 0
task_1: (start=0, end=2, size=2, length=2)
Task 1 is scheduled in mode 0 from 0 to 2
task_2: (start=0, end=1, size=1, length=1)
Task 2 is scheduled in mode 0 from 0 to 1
task_3: (start=0, end=4, size=4, length=4)
Task 3 is scheduled in mode 0 from 0 to 4
task_4: (start=1, end=8, size=7, length=7)
Task 4 is scheduled in mode 2 from 1 to 8
task_5: (start=2, end=9, size=7, length=7)
Task 5 is scheduled in mode 1 from 2 to 9
task_6: (start=9, end=13, size=4, length=4)
Task 6 is scheduled in mode 0 from 9 to 13
task_7: (start=4, end=6, size=2, length=2)
Task 7 is scheduled in mode 0 from 4 to 6
task_8: (start=6, end=10, size=4, length=4)
Task 8 is scheduled in mode 2 from 6 to 10
task_9: (start=13, end=15, size=2, length=2)
Task 9 is scheduled in mode 1 from 13 to 15
task_10: (start=10, end=13, size=3, length=3)
Task 10 is scheduled in mode 0 from 10 to 13
task_11: (start=15, end=20, size=5, length=5)
Task 11 is scheduled in mode 2 from 15 to 20
task_12: (start=15, end=24, size=9, length=9)
Task 12 is scheduled in mode 2 from 15 to 24
task_13: (start=13, end=19, size=6, length=6)
Task 13 is scheduled in mode 2 from 13 to 19
task_14: (start=19, end=27, size=8, length=8)
Task 14 is scheduled in mode 1 from 19 to 27
task_15: (start=24, end=27, size=3, length=3)
Task 15 is scheduled in mode 0 from 24 to 27
task_16: (start=20, end=26, size=6, length=6)
Task 16 is scheduled in mode 2 from 20 to 26
task_17: (start=27, end=27, size=0, length=0)
Task 17 is scheduled in mode 0 from 27 to 27
Optimal solution found
Objective value: 27
Solution is optimal.
