38
Time limit set to 60 seconds
Running CP solver
/home/omastto1/General-Optimization-Solver/src/solvers/mmrcpsp.py:42(stream:108:6): Warning: Cumulative expression 'pulse': height is zero, expression is zero everywhere.
                                                                                               VarCumulAtom_149 = pulse(task_0_mode_0, 0)
/home/omastto1/General-Optimization-Solver/src/solvers/mmrcpsp.py:42(stream:108:56): Warning: Cumulative expression 'pulse': height is zero, expression is zero everywhere.
                                                                                                VarCumulAtom_151 = pulse(task_1_mode_1, 0)
/home/omastto1/General-Optimization-Solver/src/solvers/mmrcpsp.py:42(stream:108:106): Warning: Cumulative expression 'pulse': height is zero, expression is zero everywhere.
                                                                                                 VarCumulAtom_153 = pulse(task_2_mode_0, 0)
/home/omastto1/General-Optimization-Solver/src/solvers/mmrcpsp.py:42(stream:108:131): Warning: Cumulative expression 'pulse': height is zero, expression is zero everywhere.
                                                                                                 VarCumulAtom_154 = pulse(task_2_mode_1, 0)
/home/omastto1/General-Optimization-Solver/src/solvers/mmrcpsp.py:42(stream:108:206): Warning: Cumulative expression 'pulse': height is zero, expression is zero everywhere.
                                                                                                 VarCumulAtom_157 = pulse(task_3_mode_1, 0)
/home/omastto1/General-Optimization-Solver/src/solvers/mmrcpsp.py:42(stream:108:306): Warning: Cumulative expression 'pulse': height is zero, expression is zero everywhere.
                                                                                                 VarCumulAtom_161 = pulse(task_4_mode_2, 0)
/home/omastto1/General-Optimization-Solver/src/solvers/mmrcpsp.py:42(stream:108:381): Warning: Cumulative expression 'pulse': height is zero, expression is zero everywhere.
                                                                                                 VarCumulAtom_164 = pulse(task_5_mode_2, 0)
/home/omastto1/General-Optimization-Solver/src/solvers/mmrcpsp.py:42(stream:108:532): Warning: Cumulative expression 'pulse': height is zero, expression is zero everywhere.
                                                                                                 VarCumulAtom_170 = pulse(task_7_mode_2, 0)
/home/omastto1/General-Optimization-Solver/src/solvers/mmrcpsp.py:42(stream:108:557): Warning: Cumulative expression 'pulse': height is zero, expression is zero everywhere.
                                                                                                 VarCumulAtom_171 = pulse(task_8_mode_0, 0)
/home/omastto1/General-Optimization-Solver/src/solvers/mmrcpsp.py:42(stream:108:607): Warning: Cumulative expression 'pulse': height is zero, expression is zero everywhere.
                                                                                                 VarCumulAtom_173 = pulse(task_8_mode_2, 0)
/home/omastto1/General-Optimization-Solver/src/solvers/mmrcpsp.py:42(stream:108:657): Warning: Cumulative expression 'pulse': height is zero, expression is zero everywhere.
                                                                                                 VarCumulAtom_175 = pulse(task_9_mode_1, 0)
/home/omastto1/General-Optimization-Solver/src/solvers/mmrcpsp.py:42(stream:108:682): Warning: Cumulative expression 'pulse': height is zero, expression is zero everywhere.
                                                                                                 VarCumulAtom_176 = pulse(task_9_mode_2, 0)
/home/omastto1/General-Optimization-Solver/src/solvers/mmrcpsp.py:42(stream:108:707): Warning: Cumulative expression 'pulse': height is zero, expression is zero everywhere.
                                                                                                 VarCumulAtom_177 = pulse(task_10_mode_0, 0)
/home/omastto1/General-Optimization-Solver/src/solvers/mmrcpsp.py:42(stream:108:733): Warning: Cumulative expression 'pulse': height is zero, expression is zero everywhere.
                                                                                                 VarCumulAtom_178 = pulse(task_10_mode_1, 0)
/home/omastto1/General-Optimization-Solver/src/solvers/mmrcpsp.py:42(stream:108:785): Warning: Cumulative expression 'pulse': height is zero, expression is zero everywhere.
                                                                                                 VarCumulAtom_180 = pulse(task_11_mode_0, 0)
/home/omastto1/General-Optimization-Solver/src/solvers/mmrcpsp.py:42(stream:108:863): Warning: Cumulative expression 'pulse': height is zero, expression is zero everywhere.
                                                                                                 VarCumulAtom_183 = pulse(task_12_mode_0, 0)
/home/omastto1/General-Optimization-Solver/src/solvers/mmrcpsp.py:42(stream:108:889): Warning: Cumulative expression 'pulse': height is zero, expression is zero everywhere.
                                                                                                 VarCumulAtom_184 = pulse(task_12_mode_1, 0)
/home/omastto1/General-Optimization-Solver/src/solvers/mmrcpsp.py:42(stream:108:915): Warning: Cumulative expression 'pulse': height is zero, expression is zero everywhere.
                                                                                                 VarCumulAtom_185 = pulse(task_12_mode_2, 0)
/home/omastto1/General-Optimization-Solver/src/solvers/mmrcpsp.py:42(stream:108:993): Warning: Cumulative expression 'pulse': height is zero, expression is zero everywhere.
                                                                                                 VarCumulAtom_188 = pulse(task_13_mode_2, 0)
/home/omastto1/General-Optimization-Solver/src/solvers/mmrcpsp.py:42(stream:108:1071): Warning: Cumulative expression 'pulse': height is zero, expression is zero everywhere.
                                                                                                  VarCumulAtom_191 = pulse(task_14_mode_2, 0)
   Too many warnings of this type. Suppressing further warnings of this type.
 ! --------------------------------------------------- CP Optimizer 20.1.0.0 --
 ! Minimization problem - 69 variables, 51 constraints
 ! TimeLimit            = 60
 ! Workers              = 14
 ! LogVerbosity         = Terse
 ! Initial process time : 0.00s (0.00s extraction + 0.00s propagation)
 !  . Log search space  : 163.6 (before), 163.6 (after)
 !  . Memory usage      : 756.7 kB (before), 756.7 kB (after)
 ! Using parallel search with 14 workers.
 ! ----------------------------------------------------------------------------
 !          Best Branches  Non-fixed    W       Branch decision
                        0         69                 -
 + New bound is 32
 ! Using iterative diving.
 ! Using temporal relaxation.
 *            58       42  0.20s        1      (gap is 44.83%)
 *            53      111  0.20s        1      (gap is 39.62%)
 *            52      151  0.20s        1      (gap is 38.46%)
 *            51      231  0.20s        1      (gap is 37.25%)
 *            50      295  0.20s        1      (gap is 36.00%)
 *            48      361  0.20s        1      (gap is 33.33%)
 *            34      404  0.20s        1      (gap is 5.88%)
 *            33      416  0.20s        1      (gap is 3.03%)
 *            32      425  0.20s        1      (gap is 0.00%)
 ! ----------------------------------------------------------------------------
 ! Search completed, 9 solutions found.
 ! Best objective         : 32 (optimal - effective tol. is 0)
 ! Best bound             : 32
 ! ----------------------------------------------------------------------------
 ! Number of branches     : 63163
 ! Number of fails        : 1435
 ! Total memory usage     : 9.3 MB (9.2 MB CP Optimizer + 0.1 MB Concert)
 ! Time spent in solve    : 0.22s (0.22s engine + 0.00s extraction)
 ! Search speed (br. / s) : 287104.5
 ! ----------------------------------------------------------------------------
task_0: (start=0, end=0, size=0, length=0)
Task 0 is scheduled in mode 0 from 0 to 0
task_1: (start=9, end=17, size=8, length=8)
Task 1 is scheduled in mode 2 from 9 to 17
task_2: (start=0, end=10, size=10, length=10)
Task 2 is scheduled in mode 2 from 0 to 10
task_3: (start=0, end=7, size=7, length=7)
Task 3 is scheduled in mode 1 from 0 to 7
task_4: (start=7, end=9, size=2, length=2)
Task 4 is scheduled in mode 0 from 7 to 9
task_5: (start=9, end=12, size=3, length=3)
Task 5 is scheduled in mode 1 from 9 to 12
task_6: (start=7, end=8, size=1, length=1)
Task 6 is scheduled in mode 0 from 7 to 8
task_7: (start=8, end=12, size=4, length=4)
Task 7 is scheduled in mode 0 from 8 to 12
task_8: (start=8, end=16, size=8, length=8)
Task 8 is scheduled in mode 2 from 8 to 16
task_9: (start=12, end=18, size=6, length=6)
Task 9 is scheduled in mode 0 from 12 to 18
task_10: (start=18, end=19, size=1, length=1)
Task 10 is scheduled in mode 0 from 18 to 19
task_11: (start=19, end=22, size=3, length=3)
Task 11 is scheduled in mode 0 from 19 to 22
task_12: (start=12, end=22, size=10, length=10)
Task 12 is scheduled in mode 2 from 12 to 22
task_13: (start=22, end=28, size=6, length=6)
Task 13 is scheduled in mode 1 from 22 to 28
task_14: (start=22, end=29, size=7, length=7)
Task 14 is scheduled in mode 2 from 22 to 29
task_15: (start=28, end=32, size=4, length=4)
Task 15 is scheduled in mode 0 from 28 to 32
task_16: (start=12, end=21, size=9, length=9)
Task 16 is scheduled in mode 2 from 12 to 21
task_17: (start=32, end=32, size=0, length=0)
Task 17 is scheduled in mode 0 from 32 to 32
Optimal solution found
Objective value: 32
Solution is optimal.
