36
Time limit set to 60 seconds
Running CP solver
/home/omastto1/General-Optimization-Solver/src/solvers/mmrcpsp.py:42(stream:108:6): Warning: Cumulative expression 'pulse': height is zero, expression is zero everywhere.
                                                                                               VarCumulAtom_149 = pulse(task_0_mode_0, 0)
/home/omastto1/General-Optimization-Solver/src/solvers/mmrcpsp.py:42(stream:108:31): Warning: Cumulative expression 'pulse': height is zero, expression is zero everywhere.
                                                                                                VarCumulAtom_150 = pulse(task_1_mode_0, 0)
/home/omastto1/General-Optimization-Solver/src/solvers/mmrcpsp.py:42(stream:108:56): Warning: Cumulative expression 'pulse': height is zero, expression is zero everywhere.
                                                                                                VarCumulAtom_151 = pulse(task_1_mode_1, 0)
/home/omastto1/General-Optimization-Solver/src/solvers/mmrcpsp.py:42(stream:108:106): Warning: Cumulative expression 'pulse': height is zero, expression is zero everywhere.
                                                                                                 VarCumulAtom_153 = pulse(task_2_mode_0, 0)
/home/omastto1/General-Optimization-Solver/src/solvers/mmrcpsp.py:42(stream:108:156): Warning: Cumulative expression 'pulse': height is zero, expression is zero everywhere.
                                                                                                 VarCumulAtom_155 = pulse(task_2_mode_2, 0)
/home/omastto1/General-Optimization-Solver/src/solvers/mmrcpsp.py:42(stream:108:206): Warning: Cumulative expression 'pulse': height is zero, expression is zero everywhere.
                                                                                                 VarCumulAtom_157 = pulse(task_3_mode_1, 0)
/home/omastto1/General-Optimization-Solver/src/solvers/mmrcpsp.py:42(stream:108:281): Warning: Cumulative expression 'pulse': height is zero, expression is zero everywhere.
                                                                                                 VarCumulAtom_160 = pulse(task_4_mode_1, 0)
/home/omastto1/General-Optimization-Solver/src/solvers/mmrcpsp.py:42(stream:108:306): Warning: Cumulative expression 'pulse': height is zero, expression is zero everywhere.
                                                                                                 VarCumulAtom_161 = pulse(task_4_mode_2, 0)
/home/omastto1/General-Optimization-Solver/src/solvers/mmrcpsp.py:42(stream:108:381): Warning: Cumulative expression 'pulse': height is zero, expression is zero everywhere.
                                                                                                 VarCumulAtom_164 = pulse(task_5_mode_2, 0)
/home/omastto1/General-Optimization-Solver/src/solvers/mmrcpsp.py:42(stream:108:431): Warning: Cumulative expression 'pulse': height is zero, expression is zero everywhere.
                                                                                                 VarCumulAtom_166 = pulse(task_6_mode_1, 0)
/home/omastto1/General-Optimization-Solver/src/solvers/mmrcpsp.py:42(stream:108:481): Warning: Cumulative expression 'pulse': height is zero, expression is zero everywhere.
                                                                                                 VarCumulAtom_168 = pulse(task_7_mode_0, 0)
/home/omastto1/General-Optimization-Solver/src/solvers/mmrcpsp.py:42(stream:108:506): Warning: Cumulative expression 'pulse': height is zero, expression is zero everywhere.
                                                                                                 VarCumulAtom_169 = pulse(task_7_mode_1, 0)
/home/omastto1/General-Optimization-Solver/src/solvers/mmrcpsp.py:42(stream:108:531): Warning: Cumulative expression 'pulse': height is zero, expression is zero everywhere.
                                                                                                 VarCumulAtom_170 = pulse(task_7_mode_2, 0)
/home/omastto1/General-Optimization-Solver/src/solvers/mmrcpsp.py:42(stream:108:556): Warning: Cumulative expression 'pulse': height is zero, expression is zero everywhere.
                                                                                                 VarCumulAtom_171 = pulse(task_8_mode_0, 0)
/home/omastto1/General-Optimization-Solver/src/solvers/mmrcpsp.py:42(stream:108:581): Warning: Cumulative expression 'pulse': height is zero, expression is zero everywhere.
                                                                                                 VarCumulAtom_172 = pulse(task_8_mode_1, 0)
/home/omastto1/General-Optimization-Solver/src/solvers/mmrcpsp.py:42(stream:108:631): Warning: Cumulative expression 'pulse': height is zero, expression is zero everywhere.
                                                                                                 VarCumulAtom_174 = pulse(task_9_mode_0, 0)
/home/omastto1/General-Optimization-Solver/src/solvers/mmrcpsp.py:42(stream:108:656): Warning: Cumulative expression 'pulse': height is zero, expression is zero everywhere.
                                                                                                 VarCumulAtom_175 = pulse(task_9_mode_1, 0)
/home/omastto1/General-Optimization-Solver/src/solvers/mmrcpsp.py:42(stream:108:706): Warning: Cumulative expression 'pulse': height is zero, expression is zero everywhere.
                                                                                                 VarCumulAtom_177 = pulse(task_10_mode_0, 0)
/home/omastto1/General-Optimization-Solver/src/solvers/mmrcpsp.py:42(stream:108:758): Warning: Cumulative expression 'pulse': height is zero, expression is zero everywhere.
                                                                                                 VarCumulAtom_179 = pulse(task_10_mode_2, 0)
/home/omastto1/General-Optimization-Solver/src/solvers/mmrcpsp.py:42(stream:108:810): Warning: Cumulative expression 'pulse': height is zero, expression is zero everywhere.
                                                                                                 VarCumulAtom_181 = pulse(task_11_mode_1, 0)
   Too many warnings of this type. Suppressing further warnings of this type.
 ! --------------------------------------------------- CP Optimizer 20.1.0.0 --
 ! Minimization problem - 69 variables, 51 constraints
 ! TimeLimit            = 60
 ! Workers              = 14
 ! LogVerbosity         = Terse
 ! Initial process time : 0.00s (0.00s extraction + 0.00s propagation)
 !  . Log search space  : 160.1 (before), 160.1 (after)
 !  . Memory usage      : 754.6 kB (before), 754.6 kB (after)
 ! Using parallel search with 14 workers.
 ! ----------------------------------------------------------------------------
 !          Best Branches  Non-fixed    W       Branch decision
                        0         69                 -
 + New bound is 20
 ! Using iterative diving.
 ! Using temporal relaxation.
 *            40       42  0.25s        1      (gap is 50.00%)
 *            32      110  0.25s        1      (gap is 37.50%)
 *            31      150  0.25s        1      (gap is 35.48%)
 *            30      204  0.25s        1      (gap is 33.33%)
 *            29      244  0.25s        1      (gap is 31.03%)
 *            28      284  0.25s        1      (gap is 28.57%)
 *            27      324  0.25s        1      (gap is 25.93%)
 *            25      398  0.25s        1      (gap is 20.00%)
 *            24      416  0.25s        1      (gap is 16.67%)
 *            23      428  0.25s        1      (gap is 13.04%)
 *            22      471  0.25s        1      (gap is 9.09%)
 *            21      486  0.25s        1      (gap is 4.76%)
 *            20      498  0.25s        1      (gap is 0.00%)
 ! ----------------------------------------------------------------------------
 ! Search completed, 13 solutions found.
 ! Best objective         : 20 (optimal - effective tol. is 0)
 ! Best bound             : 20
 ! ----------------------------------------------------------------------------
 ! Number of branches     : 55073
 ! Number of fails        : 1491
 ! Total memory usage     : 9.3 MB (9.2 MB CP Optimizer + 0.1 MB Concert)
 ! Time spent in solve    : 0.26s (0.26s engine + 0.00s extraction)
 ! Search speed (br. / s) : 211819.2
 ! ----------------------------------------------------------------------------
task_0: (start=0, end=0, size=0, length=0)
Task 0 is scheduled in mode 0 from 0 to 0
task_1: (start=0, end=8, size=8, length=8)
Task 1 is scheduled in mode 1 from 0 to 8
task_2: (start=0, end=2, size=2, length=2)
Task 2 is scheduled in mode 1 from 0 to 2
task_3: (start=0, end=3, size=3, length=3)
Task 3 is scheduled in mode 0 from 0 to 3
task_4: (start=3, end=8, size=5, length=5)
Task 4 is scheduled in mode 2 from 3 to 8
task_5: (start=2, end=8, size=6, length=6)
Task 5 is scheduled in mode 2 from 2 to 8
task_6: (start=8, end=9, size=1, length=1)
Task 6 is scheduled in mode 0 from 8 to 9
task_7: (start=8, end=18, size=10, length=10)
Task 7 is scheduled in mode 2 from 8 to 18
task_8: (start=8, end=17, size=9, length=9)
Task 8 is scheduled in mode 2 from 8 to 17
task_9: (start=8, end=9, size=1, length=1)
Task 9 is scheduled in mode 0 from 8 to 9
task_10: (start=9, end=12, size=3, length=3)
Task 10 is scheduled in mode 0 from 9 to 12
task_11: (start=3, end=7, size=4, length=4)
Task 11 is scheduled in mode 1 from 3 to 7
task_12: (start=12, end=15, size=3, length=3)
Task 12 is scheduled in mode 0 from 12 to 15
task_13: (start=9, end=14, size=5, length=5)
Task 13 is scheduled in mode 1 from 9 to 14
task_14: (start=15, end=20, size=5, length=5)
Task 14 is scheduled in mode 1 from 15 to 20
task_15: (start=18, end=19, size=1, length=1)
Task 15 is scheduled in mode 0 from 18 to 19
task_16: (start=15, end=20, size=5, length=5)
Task 16 is scheduled in mode 0 from 15 to 20
task_17: (start=20, end=20, size=0, length=0)
Task 17 is scheduled in mode 0 from 20 to 20
Optimal solution found
Objective value: 20
Solution is optimal.
