22
Time limit set to 60 seconds
Running CP solver
/home/omastto1/General-Optimization-Solver/src/solvers/mmrcpsp.py:42(stream:108:6): Warning: Cumulative expression 'pulse': height is zero, expression is zero everywhere.
                                                                                               VarCumulAtom_149 = pulse(task_0_mode_0, 0)
/home/omastto1/General-Optimization-Solver/src/solvers/mmrcpsp.py:42(stream:108:31): Warning: Cumulative expression 'pulse': height is zero, expression is zero everywhere.
                                                                                                VarCumulAtom_150 = pulse(task_1_mode_0, 0)
/home/omastto1/General-Optimization-Solver/src/solvers/mmrcpsp.py:42(stream:108:56): Warning: Cumulative expression 'pulse': height is zero, expression is zero everywhere.
                                                                                                VarCumulAtom_151 = pulse(task_1_mode_1, 0)
/home/omastto1/General-Optimization-Solver/src/solvers/mmrcpsp.py:42(stream:108:106): Warning: Cumulative expression 'pulse': height is zero, expression is zero everywhere.
                                                                                                 VarCumulAtom_153 = pulse(task_2_mode_0, 0)
/home/omastto1/General-Optimization-Solver/src/solvers/mmrcpsp.py:42(stream:108:156): Warning: Cumulative expression 'pulse': height is zero, expression is zero everywhere.
                                                                                                 VarCumulAtom_155 = pulse(task_2_mode_2, 0)
/home/omastto1/General-Optimization-Solver/src/solvers/mmrcpsp.py:42(stream:108:181): Warning: Cumulative expression 'pulse': height is zero, expression is zero everywhere.
                                                                                                 VarCumulAtom_156 = pulse(task_3_mode_0, 0)
/home/omastto1/General-Optimization-Solver/src/solvers/mmrcpsp.py:42(stream:108:256): Warning: Cumulative expression 'pulse': height is zero, expression is zero everywhere.
                                                                                                 VarCumulAtom_159 = pulse(task_4_mode_0, 0)
/home/omastto1/General-Optimization-Solver/src/solvers/mmrcpsp.py:42(stream:108:281): Warning: Cumulative expression 'pulse': height is zero, expression is zero everywhere.
                                                                                                 VarCumulAtom_160 = pulse(task_4_mode_1, 0)
/home/omastto1/General-Optimization-Solver/src/solvers/mmrcpsp.py:42(stream:108:306): Warning: Cumulative expression 'pulse': height is zero, expression is zero everywhere.
                                                                                                 VarCumulAtom_161 = pulse(task_4_mode_2, 0)
/home/omastto1/General-Optimization-Solver/src/solvers/mmrcpsp.py:42(stream:108:331): Warning: Cumulative expression 'pulse': height is zero, expression is zero everywhere.
                                                                                                 VarCumulAtom_162 = pulse(task_5_mode_0, 0)
/home/omastto1/General-Optimization-Solver/src/solvers/mmrcpsp.py:42(stream:108:356): Warning: Cumulative expression 'pulse': height is zero, expression is zero everywhere.
                                                                                                 VarCumulAtom_163 = pulse(task_5_mode_1, 0)
/home/omastto1/General-Optimization-Solver/src/solvers/mmrcpsp.py:42(stream:108:381): Warning: Cumulative expression 'pulse': height is zero, expression is zero everywhere.
                                                                                                 VarCumulAtom_164 = pulse(task_5_mode_2, 0)
/home/omastto1/General-Optimization-Solver/src/solvers/mmrcpsp.py:42(stream:108:431): Warning: Cumulative expression 'pulse': height is zero, expression is zero everywhere.
                                                                                                 VarCumulAtom_166 = pulse(task_6_mode_1, 0)
/home/omastto1/General-Optimization-Solver/src/solvers/mmrcpsp.py:42(stream:108:456): Warning: Cumulative expression 'pulse': height is zero, expression is zero everywhere.
                                                                                                 VarCumulAtom_167 = pulse(task_6_mode_2, 0)
/home/omastto1/General-Optimization-Solver/src/solvers/mmrcpsp.py:42(stream:108:531): Warning: Cumulative expression 'pulse': height is zero, expression is zero everywhere.
                                                                                                 VarCumulAtom_170 = pulse(task_7_mode_2, 0)
/home/omastto1/General-Optimization-Solver/src/solvers/mmrcpsp.py:42(stream:108:581): Warning: Cumulative expression 'pulse': height is zero, expression is zero everywhere.
                                                                                                 VarCumulAtom_172 = pulse(task_8_mode_1, 0)
/home/omastto1/General-Optimization-Solver/src/solvers/mmrcpsp.py:42(stream:108:631): Warning: Cumulative expression 'pulse': height is zero, expression is zero everywhere.
                                                                                                 VarCumulAtom_174 = pulse(task_9_mode_0, 0)
/home/omastto1/General-Optimization-Solver/src/solvers/mmrcpsp.py:42(stream:108:656): Warning: Cumulative expression 'pulse': height is zero, expression is zero everywhere.
                                                                                                 VarCumulAtom_175 = pulse(task_9_mode_1, 0)
/home/omastto1/General-Optimization-Solver/src/solvers/mmrcpsp.py:42(stream:108:681): Warning: Cumulative expression 'pulse': height is zero, expression is zero everywhere.
                                                                                                 VarCumulAtom_176 = pulse(task_9_mode_2, 0)
/home/omastto1/General-Optimization-Solver/src/solvers/mmrcpsp.py:42(stream:108:706): Warning: Cumulative expression 'pulse': height is zero, expression is zero everywhere.
                                                                                                 VarCumulAtom_177 = pulse(task_10_mode_0, 0)
   Too many warnings of this type. Suppressing further warnings of this type.
 ! --------------------------------------------------- CP Optimizer 20.1.0.0 --
 ! Minimization problem - 69 variables, 51 constraints
 ! TimeLimit            = 60
 ! Workers              = 14
 ! LogVerbosity         = Terse
 ! Initial process time : 0.00s (0.00s extraction + 0.00s propagation)
 !  . Log search space  : 152.3 (before), 152.3 (after)
 !  . Memory usage      : 754.6 kB (before), 754.6 kB (after)
 ! Using parallel search with 14 workers.
 ! ----------------------------------------------------------------------------
 !          Best Branches  Non-fixed    W       Branch decision
                        0         69                 -
 + New bound is 22
 ! Using iterative diving.
 ! Using temporal relaxation.
 *            37       49  0.58s        1      (gap is 40.54%)
 *            34      113  0.58s        1      (gap is 35.29%)
 *            30      153  0.58s        1      (gap is 26.67%)
 *            29      291  0.58s        1      (gap is 24.14%)
 *            27      354  0.58s        1      (gap is 18.52%)
 *            26      370  0.58s        1      (gap is 15.38%)
 *            25      395  0.58s        1      (gap is 12.00%)
 *            24      497  0.58s        1      (gap is 8.33%)
 *            23     1328  0.58s        1      (gap is 4.35%)
 *            22      922  0.58s        3      (gap is 0.00%)
 ! ----------------------------------------------------------------------------
 ! Search completed, 10 solutions found.
 ! Best objective         : 22 (optimal - effective tol. is 0)
 ! Best bound             : 22
 ! ----------------------------------------------------------------------------
 ! Number of branches     : 102107
 ! Number of fails        : 21859
 ! Total memory usage     : 9.7 MB (9.6 MB CP Optimizer + 0.1 MB Concert)
 ! Time spent in solve    : 0.88s (0.88s engine + 0.00s extraction)
 ! Search speed (br. / s) : 116030.7
 ! ----------------------------------------------------------------------------
task_0: (start=0, end=0, size=0, length=0)
Task 0 is scheduled in mode 0 from 0 to 0
task_1: (start=0, end=3, size=3, length=3)
Task 1 is scheduled in mode 0 from 0 to 3
task_2: (start=0, end=2, size=2, length=2)
Task 2 is scheduled in mode 1 from 0 to 2
task_3: (start=0, end=10, size=10, length=10)
Task 3 is scheduled in mode 2 from 0 to 10
task_4: (start=3, end=6, size=3, length=3)
Task 4 is scheduled in mode 1 from 3 to 6
task_5: (start=11, end=12, size=1, length=1)
Task 5 is scheduled in mode 0 from 11 to 12
task_6: (start=3, end=7, size=4, length=4)
Task 6 is scheduled in mode 2 from 3 to 7
task_7: (start=2, end=5, size=3, length=3)
Task 7 is scheduled in mode 1 from 2 to 5
task_8: (start=5, end=11, size=6, length=6)
Task 8 is scheduled in mode 1 from 5 to 11
task_9: (start=7, end=10, size=3, length=3)
Task 9 is scheduled in mode 2 from 7 to 10
task_10: (start=10, end=16, size=6, length=6)
Task 10 is scheduled in mode 1 from 10 to 16
task_11: (start=16, end=19, size=3, length=3)
Task 11 is scheduled in mode 0 from 16 to 19
task_12: (start=10, end=12, size=2, length=2)
Task 12 is scheduled in mode 0 from 10 to 12
task_13: (start=19, end=21, size=2, length=2)
Task 13 is scheduled in mode 0 from 19 to 21
task_14: (start=12, end=13, size=1, length=1)
Task 14 is scheduled in mode 0 from 12 to 13
task_15: (start=21, end=22, size=1, length=1)
Task 15 is scheduled in mode 0 from 21 to 22
task_16: (start=12, end=22, size=10, length=10)
Task 16 is scheduled in mode 2 from 12 to 22
task_17: (start=22, end=22, size=0, length=0)
Task 17 is scheduled in mode 0 from 22 to 22
Optimal solution found
Objective value: 22
Solution is optimal.
