32
Time limit set to 60 seconds
Running CP solver
/home/omastto1/General-Optimization-Solver/src/solvers/mmrcpsp.py:42(stream:108:6): Warning: Cumulative expression 'pulse': height is zero, expression is zero everywhere.
                                                                                               VarCumulAtom_149 = pulse(task_0_mode_0, 0)
/home/omastto1/General-Optimization-Solver/src/solvers/mmrcpsp.py:42(stream:108:56): Warning: Cumulative expression 'pulse': height is zero, expression is zero everywhere.
                                                                                                VarCumulAtom_151 = pulse(task_1_mode_1, 0)
/home/omastto1/General-Optimization-Solver/src/solvers/mmrcpsp.py:42(stream:108:181): Warning: Cumulative expression 'pulse': height is zero, expression is zero everywhere.
                                                                                                 VarCumulAtom_156 = pulse(task_3_mode_0, 0)
/home/omastto1/General-Optimization-Solver/src/solvers/mmrcpsp.py:42(stream:108:231): Warning: Cumulative expression 'pulse': height is zero, expression is zero everywhere.
                                                                                                 VarCumulAtom_158 = pulse(task_3_mode_2, 0)
/home/omastto1/General-Optimization-Solver/src/solvers/mmrcpsp.py:42(stream:108:282): Warning: Cumulative expression 'pulse': height is zero, expression is zero everywhere.
                                                                                                 VarCumulAtom_160 = pulse(task_4_mode_1, 0)
/home/omastto1/General-Optimization-Solver/src/solvers/mmrcpsp.py:42(stream:108:307): Warning: Cumulative expression 'pulse': height is zero, expression is zero everywhere.
                                                                                                 VarCumulAtom_161 = pulse(task_4_mode_2, 0)
/home/omastto1/General-Optimization-Solver/src/solvers/mmrcpsp.py:42(stream:108:332): Warning: Cumulative expression 'pulse': height is zero, expression is zero everywhere.
                                                                                                 VarCumulAtom_162 = pulse(task_5_mode_0, 0)
/home/omastto1/General-Optimization-Solver/src/solvers/mmrcpsp.py:42(stream:108:357): Warning: Cumulative expression 'pulse': height is zero, expression is zero everywhere.
                                                                                                 VarCumulAtom_163 = pulse(task_5_mode_1, 0)
/home/omastto1/General-Optimization-Solver/src/solvers/mmrcpsp.py:42(stream:108:483): Warning: Cumulative expression 'pulse': height is zero, expression is zero everywhere.
                                                                                                 VarCumulAtom_168 = pulse(task_7_mode_0, 0)
/home/omastto1/General-Optimization-Solver/src/solvers/mmrcpsp.py:42(stream:108:508): Warning: Cumulative expression 'pulse': height is zero, expression is zero everywhere.
                                                                                                 VarCumulAtom_169 = pulse(task_7_mode_1, 0)
/home/omastto1/General-Optimization-Solver/src/solvers/mmrcpsp.py:42(stream:108:533): Warning: Cumulative expression 'pulse': height is zero, expression is zero everywhere.
                                                                                                 VarCumulAtom_170 = pulse(task_7_mode_2, 0)
/home/omastto1/General-Optimization-Solver/src/solvers/mmrcpsp.py:42(stream:108:708): Warning: Cumulative expression 'pulse': height is zero, expression is zero everywhere.
                                                                                                 VarCumulAtom_177 = pulse(task_10_mode_0, 0)
/home/omastto1/General-Optimization-Solver/src/solvers/mmrcpsp.py:42(stream:108:734): Warning: Cumulative expression 'pulse': height is zero, expression is zero everywhere.
                                                                                                 VarCumulAtom_178 = pulse(task_10_mode_1, 0)
/home/omastto1/General-Optimization-Solver/src/solvers/mmrcpsp.py:42(stream:108:864): Warning: Cumulative expression 'pulse': height is zero, expression is zero everywhere.
                                                                                                 VarCumulAtom_183 = pulse(task_12_mode_0, 0)
/home/omastto1/General-Optimization-Solver/src/solvers/mmrcpsp.py:42(stream:108:890): Warning: Cumulative expression 'pulse': height is zero, expression is zero everywhere.
                                                                                                 VarCumulAtom_184 = pulse(task_12_mode_1, 0)
/home/omastto1/General-Optimization-Solver/src/solvers/mmrcpsp.py:42(stream:108:968): Warning: Cumulative expression 'pulse': height is zero, expression is zero everywhere.
                                                                                                 VarCumulAtom_187 = pulse(task_13_mode_1, 0)
/home/omastto1/General-Optimization-Solver/src/solvers/mmrcpsp.py:42(stream:108:994): Warning: Cumulative expression 'pulse': height is zero, expression is zero everywhere.
                                                                                                 VarCumulAtom_188 = pulse(task_13_mode_2, 0)
/home/omastto1/General-Optimization-Solver/src/solvers/mmrcpsp.py:42(stream:108:1046): Warning: Cumulative expression 'pulse': height is zero, expression is zero everywhere.
                                                                                                  VarCumulAtom_190 = pulse(task_14_mode_1, 0)
/home/omastto1/General-Optimization-Solver/src/solvers/mmrcpsp.py:42(stream:108:1098): Warning: Cumulative expression 'pulse': height is zero, expression is zero everywhere.
                                                                                                  VarCumulAtom_192 = pulse(task_15_mode_0, 0)
/home/omastto1/General-Optimization-Solver/src/solvers/mmrcpsp.py:42(stream:108:1124): Warning: Cumulative expression 'pulse': height is zero, expression is zero everywhere.
                                                                                                  VarCumulAtom_193 = pulse(task_15_mode_1, 0)
   Too many warnings of this type. Suppressing further warnings of this type.
 ! --------------------------------------------------- CP Optimizer 20.1.0.0 --
 ! Minimization problem - 69 variables, 51 constraints
 ! TimeLimit            = 60
 ! Workers              = 14
 ! LogVerbosity         = Terse
 ! Initial process time : 0.01s (0.01s extraction + 0.00s propagation)
 !  . Log search space  : 164.3 (before), 164.3 (after)
 !  . Memory usage      : 754.6 kB (before), 754.6 kB (after)
 ! Using parallel search with 14 workers.
 ! ----------------------------------------------------------------------------
 !          Best Branches  Non-fixed    W       Branch decision
                        0         69                 -
 + New bound is 19
 ! Using iterative diving.
 ! Using temporal relaxation.
 *            37       45  0.37s        1      (gap is 48.65%)
 *            36      113  0.37s        1      (gap is 47.22%)
 *            33      153  0.37s        1      (gap is 42.42%)
 *            32      219  0.37s        1      (gap is 40.62%)
 *            30      277  0.37s        1      (gap is 36.67%)
 *            29      340  0.37s        1      (gap is 34.48%)
 *            28      355  0.37s        1      (gap is 32.14%)
 *            27      370  0.37s        1      (gap is 29.63%)
 *            26      383  0.37s        1      (gap is 26.92%)
 *            25      404  0.37s        1      (gap is 24.00%)
 *            24      470  0.37s        1      (gap is 20.83%)
 *            23      480  0.37s        1      (gap is 17.39%)
 ! Using failure-directed search.
 *            22      567  0.37s        1      (gap is 13.64%)
 *            21      724  0.37s        1      (gap is 9.52%)
 *            19      783  0.37s        1      (gap is 0.00%)
 ! ----------------------------------------------------------------------------
 ! Search completed, 15 solutions found.
 ! Best objective         : 19 (optimal - effective tol. is 0)
 ! Best bound             : 19
 ! ----------------------------------------------------------------------------
 ! Number of branches     : 58157
 ! Number of fails        : 2671
 ! Total memory usage     : 9.6 MB (9.6 MB CP Optimizer + 0.1 MB Concert)
 ! Time spent in solve    : 0.39s (0.38s engine + 0.01s extraction)
 ! Search speed (br. / s) : 153044.7
 ! ----------------------------------------------------------------------------
task_0: (start=0, end=0, size=0, length=0)
Task 0 is scheduled in mode 0 from 0 to 0
task_1: (start=0, end=3, size=3, length=3)
Task 1 is scheduled in mode 0 from 0 to 3
task_2: (start=0, end=4, size=4, length=4)
Task 2 is scheduled in mode 2 from 0 to 4
task_3: (start=0, end=9, size=9, length=9)
Task 3 is scheduled in mode 1 from 0 to 9
task_4: (start=4, end=10, size=6, length=6)
Task 4 is scheduled in mode 2 from 4 to 10
task_5: (start=9, end=11, size=2, length=2)
Task 5 is scheduled in mode 0 from 9 to 11
task_6: (start=3, end=11, size=8, length=8)
Task 6 is scheduled in mode 2 from 3 to 11
task_7: (start=9, end=10, size=1, length=1)
Task 7 is scheduled in mode 0 from 9 to 10
task_8: (start=3, end=13, size=10, length=10)
Task 8 is scheduled in mode 2 from 3 to 13
task_9: (start=11, end=12, size=1, length=1)
Task 9 is scheduled in mode 0 from 11 to 12
task_10: (start=12, end=16, size=4, length=4)
Task 10 is scheduled in mode 1 from 12 to 16
task_11: (start=11, end=14, size=3, length=3)
Task 11 is scheduled in mode 0 from 11 to 14
task_12: (start=16, end=18, size=2, length=2)
Task 12 is scheduled in mode 0 from 16 to 18
task_13: (start=14, end=17, size=3, length=3)
Task 13 is scheduled in mode 0 from 14 to 17
task_14: (start=11, end=12, size=1, length=1)
Task 14 is scheduled in mode 0 from 11 to 12
task_15: (start=18, end=19, size=1, length=1)
Task 15 is scheduled in mode 0 from 18 to 19
task_16: (start=17, end=19, size=2, length=2)
Task 16 is scheduled in mode 0 from 17 to 19
task_17: (start=19, end=19, size=0, length=0)
Task 17 is scheduled in mode 0 from 19 to 19
Optimal solution found
Objective value: 19
Solution is optimal.
