25
Time limit set to 60 seconds
Running CP solver
/home/omastto1/General-Optimization-Solver/src/solvers/mmrcpsp.py:42(stream:108:6): Warning: Cumulative expression 'pulse': height is zero, expression is zero everywhere.
                                                                                               VarCumulAtom_149 = pulse(task_0_mode_0, 0)
/home/omastto1/General-Optimization-Solver/src/solvers/mmrcpsp.py:42(stream:108:56): Warning: Cumulative expression 'pulse': height is zero, expression is zero everywhere.
                                                                                                VarCumulAtom_151 = pulse(task_1_mode_1, 0)
/home/omastto1/General-Optimization-Solver/src/solvers/mmrcpsp.py:42(stream:108:131): Warning: Cumulative expression 'pulse': height is zero, expression is zero everywhere.
                                                                                                 VarCumulAtom_154 = pulse(task_2_mode_1, 0)
/home/omastto1/General-Optimization-Solver/src/solvers/mmrcpsp.py:42(stream:108:156): Warning: Cumulative expression 'pulse': height is zero, expression is zero everywhere.
                                                                                                 VarCumulAtom_155 = pulse(task_2_mode_2, 0)
/home/omastto1/General-Optimization-Solver/src/solvers/mmrcpsp.py:42(stream:108:207): Warning: Cumulative expression 'pulse': height is zero, expression is zero everywhere.
                                                                                                 VarCumulAtom_157 = pulse(task_3_mode_1, 0)
/home/omastto1/General-Optimization-Solver/src/solvers/mmrcpsp.py:42(stream:108:232): Warning: Cumulative expression 'pulse': height is zero, expression is zero everywhere.
                                                                                                 VarCumulAtom_158 = pulse(task_3_mode_2, 0)
/home/omastto1/General-Optimization-Solver/src/solvers/mmrcpsp.py:42(stream:108:257): Warning: Cumulative expression 'pulse': height is zero, expression is zero everywhere.
                                                                                                 VarCumulAtom_159 = pulse(task_4_mode_0, 0)
/home/omastto1/General-Optimization-Solver/src/solvers/mmrcpsp.py:42(stream:108:332): Warning: Cumulative expression 'pulse': height is zero, expression is zero everywhere.
                                                                                                 VarCumulAtom_162 = pulse(task_5_mode_0, 0)
/home/omastto1/General-Optimization-Solver/src/solvers/mmrcpsp.py:42(stream:108:357): Warning: Cumulative expression 'pulse': height is zero, expression is zero everywhere.
                                                                                                 VarCumulAtom_163 = pulse(task_5_mode_1, 0)
/home/omastto1/General-Optimization-Solver/src/solvers/mmrcpsp.py:42(stream:108:433): Warning: Cumulative expression 'pulse': height is zero, expression is zero everywhere.
                                                                                                 VarCumulAtom_166 = pulse(task_6_mode_1, 0)
/home/omastto1/General-Optimization-Solver/src/solvers/mmrcpsp.py:42(stream:108:484): Warning: Cumulative expression 'pulse': height is zero, expression is zero everywhere.
                                                                                                 VarCumulAtom_168 = pulse(task_7_mode_0, 0)
/home/omastto1/General-Optimization-Solver/src/solvers/mmrcpsp.py:42(stream:108:534): Warning: Cumulative expression 'pulse': height is zero, expression is zero everywhere.
                                                                                                 VarCumulAtom_170 = pulse(task_7_mode_2, 0)
/home/omastto1/General-Optimization-Solver/src/solvers/mmrcpsp.py:42(stream:108:609): Warning: Cumulative expression 'pulse': height is zero, expression is zero everywhere.
                                                                                                 VarCumulAtom_173 = pulse(task_8_mode_2, 0)
/home/omastto1/General-Optimization-Solver/src/solvers/mmrcpsp.py:42(stream:108:659): Warning: Cumulative expression 'pulse': height is zero, expression is zero everywhere.
                                                                                                 VarCumulAtom_175 = pulse(task_9_mode_1, 0)
/home/omastto1/General-Optimization-Solver/src/solvers/mmrcpsp.py:42(stream:108:735): Warning: Cumulative expression 'pulse': height is zero, expression is zero everywhere.
                                                                                                 VarCumulAtom_178 = pulse(task_10_mode_1, 0)
/home/omastto1/General-Optimization-Solver/src/solvers/mmrcpsp.py:42(stream:108:761): Warning: Cumulative expression 'pulse': height is zero, expression is zero everywhere.
                                                                                                 VarCumulAtom_179 = pulse(task_10_mode_2, 0)
/home/omastto1/General-Optimization-Solver/src/solvers/mmrcpsp.py:42(stream:108:787): Warning: Cumulative expression 'pulse': height is zero, expression is zero everywhere.
                                                                                                 VarCumulAtom_180 = pulse(task_11_mode_0, 0)
/home/omastto1/General-Optimization-Solver/src/solvers/mmrcpsp.py:42(stream:108:813): Warning: Cumulative expression 'pulse': height is zero, expression is zero everywhere.
                                                                                                 VarCumulAtom_181 = pulse(task_11_mode_1, 0)
/home/omastto1/General-Optimization-Solver/src/solvers/mmrcpsp.py:42(stream:108:892): Warning: Cumulative expression 'pulse': height is zero, expression is zero everywhere.
                                                                                                 VarCumulAtom_184 = pulse(task_12_mode_1, 0)
/home/omastto1/General-Optimization-Solver/src/solvers/mmrcpsp.py:42(stream:108:944): Warning: Cumulative expression 'pulse': height is zero, expression is zero everywhere.
                                                                                                 VarCumulAtom_186 = pulse(task_13_mode_0, 0)
   Too many warnings of this type. Suppressing further warnings of this type.
 ! --------------------------------------------------- CP Optimizer 20.1.0.0 --
 ! Minimization problem - 69 variables, 51 constraints
 ! TimeLimit            = 60
 ! Workers              = 14
 ! LogVerbosity         = Terse
 ! Initial process time : 0.00s (0.00s extraction + 0.00s propagation)
 !  . Log search space  : 163.7 (before), 163.7 (after)
 !  . Memory usage      : 754.6 kB (before), 754.6 kB (after)
 ! Using parallel search with 14 workers.
 ! ----------------------------------------------------------------------------
 !          Best Branches  Non-fixed    W       Branch decision
                        0         69                 -
 + New bound is 22
 ! Using iterative diving.
 ! Using temporal relaxation.
 *            43       47  0.38s        1      (gap is 48.84%)
 *            37      118  0.38s        1      (gap is 40.54%)
 *            36      158  0.38s        1      (gap is 38.89%)
 *            35      214  0.38s        1      (gap is 37.14%)
 *            34      254  0.38s        1      (gap is 35.29%)
 *            33      378  0.38s        1      (gap is 33.33%)
 *            29      397  0.38s        1      (gap is 24.14%)
 *            28      411  0.38s        1      (gap is 21.43%)
 *            27      425  0.38s        1      (gap is 18.52%)
 *            26      507  0.38s        1      (gap is 15.38%)
 *            25      531  0.38s        1      (gap is 12.00%)
 *            24      559  0.38s        1      (gap is 8.33%)
 ! Using failure-directed search.
 *            23     1328  0.38s        1      (gap is 4.35%)
 *            22      902  0.38s        2      (gap is 0.00%)
 ! ----------------------------------------------------------------------------
 ! Search completed, 14 solutions found.
 ! Best objective         : 22 (optimal - effective tol. is 0)
 ! Best bound             : 22
 ! ----------------------------------------------------------------------------
 ! Number of branches     : 63780
 ! Number of fails        : 3988
 ! Total memory usage     : 9.6 MB (9.5 MB CP Optimizer + 0.1 MB Concert)
 ! Time spent in solve    : 0.41s (0.41s engine + 0.00s extraction)
 ! Search speed (br. / s) : 155561.0
 ! ----------------------------------------------------------------------------
task_0: (start=0, end=0, size=0, length=0)
Task 0 is scheduled in mode 0 from 0 to 0
task_1: (start=0, end=6, size=6, length=6)
Task 1 is scheduled in mode 2 from 0 to 6
task_2: (start=0, end=1, size=1, length=1)
Task 2 is scheduled in mode 0 from 0 to 1
task_3: (start=0, end=8, size=8, length=8)
Task 3 is scheduled in mode 2 from 0 to 8
task_4: (start=6, end=9, size=3, length=3)
Task 4 is scheduled in mode 1 from 6 to 9
task_5: (start=6, end=12, size=6, length=6)
Task 5 is scheduled in mode 1 from 6 to 12
task_6: (start=8, end=14, size=6, length=6)
Task 6 is scheduled in mode 0 from 8 to 14
task_7: (start=14, end=17, size=3, length=3)
Task 7 is scheduled in mode 0 from 14 to 17
task_8: (start=14, end=17, size=3, length=3)
Task 8 is scheduled in mode 0 from 14 to 17
task_9: (start=9, end=19, size=10, length=10)
Task 9 is scheduled in mode 2 from 9 to 19
task_10: (start=8, end=16, size=8, length=8)
Task 10 is scheduled in mode 2 from 8 to 16
task_11: (start=16, end=19, size=3, length=3)
Task 11 is scheduled in mode 1 from 16 to 19
task_12: (start=17, end=20, size=3, length=3)
Task 12 is scheduled in mode 0 from 17 to 20
task_13: (start=19, end=20, size=1, length=1)
Task 13 is scheduled in mode 0 from 19 to 20
task_14: (start=20, end=22, size=2, length=2)
Task 14 is scheduled in mode 0 from 20 to 22
task_15: (start=17, end=19, size=2, length=2)
Task 15 is scheduled in mode 0 from 17 to 19
task_16: (start=20, end=22, size=2, length=2)
Task 16 is scheduled in mode 0 from 20 to 22
task_17: (start=22, end=22, size=0, length=0)
Task 17 is scheduled in mode 0 from 22 to 22
Optimal solution found
Objective value: 22
Solution is optimal.
