33
Time limit set to 60 seconds
Running CP solver
/home/omastto1/General-Optimization-Solver/src/solvers/mmrcpsp.py:42(stream:108:6): Warning: Cumulative expression 'pulse': height is zero, expression is zero everywhere.
                                                                                               VarCumulAtom_149 = pulse(task_0_mode_0, 0)
/home/omastto1/General-Optimization-Solver/src/solvers/mmrcpsp.py:42(stream:108:156): Warning: Cumulative expression 'pulse': height is zero, expression is zero everywhere.
                                                                                                 VarCumulAtom_155 = pulse(task_2_mode_2, 0)
/home/omastto1/General-Optimization-Solver/src/solvers/mmrcpsp.py:42(stream:108:181): Warning: Cumulative expression 'pulse': height is zero, expression is zero everywhere.
                                                                                                 VarCumulAtom_156 = pulse(task_3_mode_0, 0)
/home/omastto1/General-Optimization-Solver/src/solvers/mmrcpsp.py:42(stream:108:206): Warning: Cumulative expression 'pulse': height is zero, expression is zero everywhere.
                                                                                                 VarCumulAtom_157 = pulse(task_3_mode_1, 0)
/home/omastto1/General-Optimization-Solver/src/solvers/mmrcpsp.py:42(stream:108:282): Warning: Cumulative expression 'pulse': height is zero, expression is zero everywhere.
                                                                                                 VarCumulAtom_160 = pulse(task_4_mode_1, 0)
/home/omastto1/General-Optimization-Solver/src/solvers/mmrcpsp.py:42(stream:108:307): Warning: Cumulative expression 'pulse': height is zero, expression is zero everywhere.
                                                                                                 VarCumulAtom_161 = pulse(task_4_mode_2, 0)
/home/omastto1/General-Optimization-Solver/src/solvers/mmrcpsp.py:42(stream:108:407): Warning: Cumulative expression 'pulse': height is zero, expression is zero everywhere.
                                                                                                 VarCumulAtom_165 = pulse(task_6_mode_0, 0)
/home/omastto1/General-Optimization-Solver/src/solvers/mmrcpsp.py:42(stream:108:432): Warning: Cumulative expression 'pulse': height is zero, expression is zero everywhere.
                                                                                                 VarCumulAtom_166 = pulse(task_6_mode_1, 0)
/home/omastto1/General-Optimization-Solver/src/solvers/mmrcpsp.py:42(stream:108:482): Warning: Cumulative expression 'pulse': height is zero, expression is zero everywhere.
                                                                                                 VarCumulAtom_168 = pulse(task_7_mode_0, 0)
/home/omastto1/General-Optimization-Solver/src/solvers/mmrcpsp.py:42(stream:108:507): Warning: Cumulative expression 'pulse': height is zero, expression is zero everywhere.
                                                                                                 VarCumulAtom_169 = pulse(task_7_mode_1, 0)
/home/omastto1/General-Optimization-Solver/src/solvers/mmrcpsp.py:42(stream:108:582): Warning: Cumulative expression 'pulse': height is zero, expression is zero everywhere.
                                                                                                 VarCumulAtom_172 = pulse(task_8_mode_1, 0)
/home/omastto1/General-Optimization-Solver/src/solvers/mmrcpsp.py:42(stream:108:657): Warning: Cumulative expression 'pulse': height is zero, expression is zero everywhere.
                                                                                                 VarCumulAtom_175 = pulse(task_9_mode_1, 0)
/home/omastto1/General-Optimization-Solver/src/solvers/mmrcpsp.py:42(stream:108:707): Warning: Cumulative expression 'pulse': height is zero, expression is zero everywhere.
                                                                                                 VarCumulAtom_177 = pulse(task_10_mode_0, 0)
/home/omastto1/General-Optimization-Solver/src/solvers/mmrcpsp.py:42(stream:108:759): Warning: Cumulative expression 'pulse': height is zero, expression is zero everywhere.
                                                                                                 VarCumulAtom_179 = pulse(task_10_mode_2, 0)
/home/omastto1/General-Optimization-Solver/src/solvers/mmrcpsp.py:42(stream:108:785): Warning: Cumulative expression 'pulse': height is zero, expression is zero everywhere.
                                                                                                 VarCumulAtom_180 = pulse(task_11_mode_0, 0)
/home/omastto1/General-Optimization-Solver/src/solvers/mmrcpsp.py:42(stream:108:811): Warning: Cumulative expression 'pulse': height is zero, expression is zero everywhere.
                                                                                                 VarCumulAtom_181 = pulse(task_11_mode_1, 0)
/home/omastto1/General-Optimization-Solver/src/solvers/mmrcpsp.py:42(stream:108:967): Warning: Cumulative expression 'pulse': height is zero, expression is zero everywhere.
                                                                                                 VarCumulAtom_187 = pulse(task_13_mode_1, 0)
/home/omastto1/General-Optimization-Solver/src/solvers/mmrcpsp.py:42(stream:108:993): Warning: Cumulative expression 'pulse': height is zero, expression is zero everywhere.
                                                                                                 VarCumulAtom_188 = pulse(task_13_mode_2, 0)
/home/omastto1/General-Optimization-Solver/src/solvers/mmrcpsp.py:42(stream:108:1019): Warning: Cumulative expression 'pulse': height is zero, expression is zero everywhere.
                                                                                                  VarCumulAtom_189 = pulse(task_14_mode_0, 0)
/home/omastto1/General-Optimization-Solver/src/solvers/mmrcpsp.py:42(stream:108:1045): Warning: Cumulative expression 'pulse': height is zero, expression is zero everywhere.
                                                                                                  VarCumulAtom_190 = pulse(task_14_mode_1, 0)
   Too many warnings of this type. Suppressing further warnings of this type.
 ! --------------------------------------------------- CP Optimizer 20.1.0.0 --
 ! Minimization problem - 69 variables, 51 constraints
 ! TimeLimit            = 60
 ! Workers              = 14
 ! LogVerbosity         = Terse
 ! Initial process time : 0.00s (0.00s extraction + 0.00s propagation)
 !  . Log search space  : 158.0 (before), 158.0 (after)
 !  . Memory usage      : 754.6 kB (before), 754.6 kB (after)
 ! Using parallel search with 14 workers.
 ! ----------------------------------------------------------------------------
 !          Best Branches  Non-fixed    W       Branch decision
                        0         69                 -
 + New bound is 30
 ! Using iterative diving.
 ! Using temporal relaxation.
 *            37       43  0.18s        1      (gap is 18.92%)
 *            36      112  0.18s        1      (gap is 16.67%)
 *            35      182  0.18s        1      (gap is 14.29%)
 *            31      222  0.18s        1      (gap is 3.23%)
 *            30      268  0.18s        1      (gap is 0.00%)
 ! ----------------------------------------------------------------------------
 ! Search completed, 5 solutions found.
 ! Best objective         : 30 (optimal - effective tol. is 0)
 ! Best bound             : 30
 ! ----------------------------------------------------------------------------
 ! Number of branches     : 62116
 ! Number of fails        : 1425
 ! Total memory usage     : 9.2 MB (9.1 MB CP Optimizer + 0.1 MB Concert)
 ! Time spent in solve    : 0.21s (0.21s engine + 0.00s extraction)
 ! Search speed (br. / s) : 295790.5
 ! ----------------------------------------------------------------------------
task_0: (start=0, end=0, size=0, length=0)
Task 0 is scheduled in mode 0 from 0 to 0
task_1: (start=0, end=10, size=10, length=10)
Task 1 is scheduled in mode 2 from 0 to 10
task_2: (start=0, end=9, size=9, length=9)
Task 2 is scheduled in mode 2 from 0 to 9
task_3: (start=0, end=8, size=8, length=8)
Task 3 is scheduled in mode 1 from 0 to 8
task_4: (start=9, end=19, size=10, length=10)
Task 4 is scheduled in mode 2 from 9 to 19
task_5: (start=8, end=15, size=7, length=7)
Task 5 is scheduled in mode 0 from 8 to 15
task_6: (start=15, end=22, size=7, length=7)
Task 6 is scheduled in mode 0 from 15 to 22
task_7: (start=22, end=28, size=6, length=6)
Task 7 is scheduled in mode 1 from 22 to 28
task_8: (start=22, end=24, size=2, length=2)
Task 8 is scheduled in mode 0 from 22 to 24
task_9: (start=22, end=29, size=7, length=7)
Task 9 is scheduled in mode 0 from 22 to 29
task_10: (start=8, end=18, size=10, length=10)
Task 10 is scheduled in mode 2 from 8 to 18
task_11: (start=8, end=18, size=10, length=10)
Task 11 is scheduled in mode 2 from 8 to 18
task_12: (start=9, end=19, size=10, length=10)
Task 12 is scheduled in mode 2 from 9 to 19
task_13: (start=28, end=29, size=1, length=1)
Task 13 is scheduled in mode 0 from 28 to 29
task_14: (start=28, end=30, size=2, length=2)
Task 14 is scheduled in mode 0 from 28 to 30
task_15: (start=24, end=29, size=5, length=5)
Task 15 is scheduled in mode 2 from 24 to 29
task_16: (start=29, end=30, size=1, length=1)
Task 16 is scheduled in mode 0 from 29 to 30
task_17: (start=30, end=30, size=0, length=0)
Task 17 is scheduled in mode 0 from 30 to 30
Optimal solution found
Objective value: 30
Solution is optimal.
