20
Time limit set to 60 seconds
Running CP solver
/home/omastto1/General-Optimization-Solver/src/solvers/mmrcpsp.py:42(stream:108:6): Warning: Cumulative expression 'pulse': height is zero, expression is zero everywhere.
                                                                                               VarCumulAtom_149 = pulse(task_0_mode_0, 0)
/home/omastto1/General-Optimization-Solver/src/solvers/mmrcpsp.py:42(stream:108:31): Warning: Cumulative expression 'pulse': height is zero, expression is zero everywhere.
                                                                                                VarCumulAtom_150 = pulse(task_1_mode_0, 0)
/home/omastto1/General-Optimization-Solver/src/solvers/mmrcpsp.py:42(stream:108:81): Warning: Cumulative expression 'pulse': height is zero, expression is zero everywhere.
                                                                                                VarCumulAtom_152 = pulse(task_1_mode_2, 0)
/home/omastto1/General-Optimization-Solver/src/solvers/mmrcpsp.py:42(stream:108:181): Warning: Cumulative expression 'pulse': height is zero, expression is zero everywhere.
                                                                                                 VarCumulAtom_156 = pulse(task_3_mode_0, 0)
/home/omastto1/General-Optimization-Solver/src/solvers/mmrcpsp.py:42(stream:108:231): Warning: Cumulative expression 'pulse': height is zero, expression is zero everywhere.
                                                                                                 VarCumulAtom_158 = pulse(task_3_mode_2, 0)
/home/omastto1/General-Optimization-Solver/src/solvers/mmrcpsp.py:42(stream:108:281): Warning: Cumulative expression 'pulse': height is zero, expression is zero everywhere.
                                                                                                 VarCumulAtom_160 = pulse(task_4_mode_1, 0)
/home/omastto1/General-Optimization-Solver/src/solvers/mmrcpsp.py:42(stream:108:331): Warning: Cumulative expression 'pulse': height is zero, expression is zero everywhere.
                                                                                                 VarCumulAtom_162 = pulse(task_5_mode_0, 0)
/home/omastto1/General-Optimization-Solver/src/solvers/mmrcpsp.py:42(stream:108:382): Warning: Cumulative expression 'pulse': height is zero, expression is zero everywhere.
                                                                                                 VarCumulAtom_164 = pulse(task_5_mode_2, 0)
/home/omastto1/General-Optimization-Solver/src/solvers/mmrcpsp.py:42(stream:108:407): Warning: Cumulative expression 'pulse': height is zero, expression is zero everywhere.
                                                                                                 VarCumulAtom_165 = pulse(task_6_mode_0, 0)
/home/omastto1/General-Optimization-Solver/src/solvers/mmrcpsp.py:42(stream:108:458): Warning: Cumulative expression 'pulse': height is zero, expression is zero everywhere.
                                                                                                 VarCumulAtom_167 = pulse(task_6_mode_2, 0)
/home/omastto1/General-Optimization-Solver/src/solvers/mmrcpsp.py:42(stream:108:483): Warning: Cumulative expression 'pulse': height is zero, expression is zero everywhere.
                                                                                                 VarCumulAtom_168 = pulse(task_7_mode_0, 0)
/home/omastto1/General-Optimization-Solver/src/solvers/mmrcpsp.py:42(stream:108:583): Warning: Cumulative expression 'pulse': height is zero, expression is zero everywhere.
                                                                                                 VarCumulAtom_172 = pulse(task_8_mode_1, 0)
/home/omastto1/General-Optimization-Solver/src/solvers/mmrcpsp.py:42(stream:108:608): Warning: Cumulative expression 'pulse': height is zero, expression is zero everywhere.
                                                                                                 VarCumulAtom_173 = pulse(task_8_mode_2, 0)
/home/omastto1/General-Optimization-Solver/src/solvers/mmrcpsp.py:42(stream:108:683): Warning: Cumulative expression 'pulse': height is zero, expression is zero everywhere.
                                                                                                 VarCumulAtom_176 = pulse(task_9_mode_2, 0)
/home/omastto1/General-Optimization-Solver/src/solvers/mmrcpsp.py:42(stream:108:735): Warning: Cumulative expression 'pulse': height is zero, expression is zero everywhere.
                                                                                                 VarCumulAtom_178 = pulse(task_10_mode_1, 0)
/home/omastto1/General-Optimization-Solver/src/solvers/mmrcpsp.py:42(stream:108:813): Warning: Cumulative expression 'pulse': height is zero, expression is zero everywhere.
                                                                                                 VarCumulAtom_181 = pulse(task_11_mode_1, 0)
/home/omastto1/General-Optimization-Solver/src/solvers/mmrcpsp.py:42(stream:108:839): Warning: Cumulative expression 'pulse': height is zero, expression is zero everywhere.
                                                                                                 VarCumulAtom_182 = pulse(task_11_mode_2, 0)
/home/omastto1/General-Optimization-Solver/src/solvers/mmrcpsp.py:42(stream:108:865): Warning: Cumulative expression 'pulse': height is zero, expression is zero everywhere.
                                                                                                 VarCumulAtom_183 = pulse(task_12_mode_0, 0)
/home/omastto1/General-Optimization-Solver/src/solvers/mmrcpsp.py:42(stream:108:917): Warning: Cumulative expression 'pulse': height is zero, expression is zero everywhere.
                                                                                                 VarCumulAtom_185 = pulse(task_12_mode_2, 0)
/home/omastto1/General-Optimization-Solver/src/solvers/mmrcpsp.py:42(stream:108:995): Warning: Cumulative expression 'pulse': height is zero, expression is zero everywhere.
                                                                                                 VarCumulAtom_188 = pulse(task_13_mode_2, 0)
   Too many warnings of this type. Suppressing further warnings of this type.
 ! --------------------------------------------------- CP Optimizer 20.1.0.0 --
 ! Minimization problem - 69 variables, 51 constraints
 ! TimeLimit            = 60
 ! Workers              = 14
 ! LogVerbosity         = Terse
 ! Initial process time : 0.01s (0.00s extraction + 0.01s propagation)
 !  . Log search space  : 160.8 (before), 160.8 (after)
 !  . Memory usage      : 754.6 kB (before), 754.6 kB (after)
 ! Using parallel search with 14 workers.
 ! ----------------------------------------------------------------------------
 !          Best Branches  Non-fixed    W       Branch decision
                        0         69                 -
 + New bound is 29
 ! Using iterative diving.
 ! Using temporal relaxation.
 *            60       47  0.54s        1      (gap is 51.67%)
 *            58      111  0.54s        1      (gap is 50.00%)
 *            57      151  0.54s        1      (gap is 49.12%)
 *            54      191  0.54s        1      (gap is 46.30%)
 *            52      231  0.54s        1      (gap is 44.23%)
 *            50      305  0.54s        1      (gap is 42.00%)
 *            48      345  0.54s        1      (gap is 39.58%)
 *            47      400  0.54s        1      (gap is 38.30%)
 *            40      419  0.54s        1      (gap is 27.50%)
 *            39      515  0.54s        1      (gap is 25.64%)
 ! Using failure-directed search.
 *            37      670  0.54s        1      (gap is 21.62%)
 *            36      689  0.54s        1      (gap is 19.44%)
 *            33     1068  0.54s        1      (gap is 12.12%)
 *            32     1604  0.54s        1      (gap is 9.38%)
 *            31     1844  0.54s        1      (gap is 6.45%)
 *            29      877  0.54s        3      (gap is 0.00%)
 ! ----------------------------------------------------------------------------
 ! Search completed, 16 solutions found.
 ! Best objective         : 29 (optimal - effective tol. is 0)
 ! Best bound             : 29
 ! ----------------------------------------------------------------------------
 ! Number of branches     : 77686
 ! Number of fails        : 11211
 ! Total memory usage     : 9.7 MB (9.6 MB CP Optimizer + 0.1 MB Concert)
 ! Time spent in solve    : 0.68s (0.68s engine + 0.00s extraction)
 ! Search speed (br. / s) : 114244.1
 ! ----------------------------------------------------------------------------
task_0: (start=0, end=0, size=0, length=0)
Task 0 is scheduled in mode 0 from 0 to 0
task_1: (start=0, end=5, size=5, length=5)
Task 1 is scheduled in mode 2 from 0 to 5
task_2: (start=0, end=5, size=5, length=5)
Task 2 is scheduled in mode 2 from 0 to 5
task_3: (start=0, end=4, size=4, length=4)
Task 3 is scheduled in mode 1 from 0 to 4
task_4: (start=5, end=7, size=2, length=2)
Task 4 is scheduled in mode 0 from 5 to 7
task_5: (start=5, end=7, size=2, length=2)
Task 5 is scheduled in mode 0 from 5 to 7
task_6: (start=7, end=9, size=2, length=2)
Task 6 is scheduled in mode 0 from 7 to 9
task_7: (start=13, end=20, size=7, length=7)
Task 7 is scheduled in mode 2 from 13 to 20
task_8: (start=7, end=13, size=6, length=6)
Task 8 is scheduled in mode 0 from 7 to 13
task_9: (start=17, end=22, size=5, length=5)
Task 9 is scheduled in mode 0 from 17 to 22
task_10: (start=7, end=17, size=10, length=10)
Task 10 is scheduled in mode 2 from 7 to 17
task_11: (start=9, end=19, size=10, length=10)
Task 11 is scheduled in mode 2 from 9 to 19
task_12: (start=20, end=23, size=3, length=3)
Task 12 is scheduled in mode 0 from 20 to 23
task_13: (start=17, end=22, size=5, length=5)
Task 13 is scheduled in mode 1 from 17 to 22
task_14: (start=22, end=29, size=7, length=7)
Task 14 is scheduled in mode 1 from 22 to 29
task_15: (start=23, end=29, size=6, length=6)
Task 15 is scheduled in mode 1 from 23 to 29
task_16: (start=23, end=29, size=6, length=6)
Task 16 is scheduled in mode 2 from 23 to 29
task_17: (start=29, end=29, size=0, length=0)
Task 17 is scheduled in mode 0 from 29 to 29
Optimal solution found
Objective value: 29
Solution is optimal.
