90
Time limit set to 60 seconds
Running CP solver
/home/omastto1/General-Optimization-Solver/src/solvers/mmrcpsp.py:42(stream:108:6): Warning: Cumulative expression 'pulse': height is zero, expression is zero everywhere.
                                                                                               VarCumulAtom_149 = pulse(task_0_mode_0, 0)
/home/omastto1/General-Optimization-Solver/src/solvers/mmrcpsp.py:42(stream:108:1253): Warning: Cumulative expression 'pulse': height is zero, expression is zero everywhere.
                                                                                                  VarCumulAtom_198 = pulse(task_17_mode_0, 0)
/home/omastto1/General-Optimization-Solver/src/solvers/mmrcpsp.py:42(stream:109:6): Warning: Cumulative expression 'pulse': height is zero, expression is zero everywhere.
                                                                                               VarCumulAtom_202 = pulse(task_0_mode_0, 0)
/home/omastto1/General-Optimization-Solver/src/solvers/mmrcpsp.py:42(stream:109:1252): Warning: Cumulative expression 'pulse': height is zero, expression is zero everywhere.
                                                                                                  VarCumulAtom_251 = pulse(task_17_mode_0, 0)
 ! --------------------------------------------------- CP Optimizer 20.1.0.0 --
 ! Minimization problem - 69 variables, 51 constraints
 ! TimeLimit            = 60
 ! Workers              = 14
 ! LogVerbosity         = Terse
 ! Initial process time : 0.00s (0.00s extraction + 0.00s propagation)
 !  . Log search space  : 158.2 (before), 158.2 (after)
 !  . Memory usage      : 754.6 kB (before), 754.6 kB (after)
 ! Using parallel search with 14 workers.
 ! ----------------------------------------------------------------------------
 !          Best Branches  Non-fixed    W       Branch decision
                        0         69                 -
 + New bound is 24
 ! Using iterative diving.
 ! Using temporal relaxation.
 *            33       41  0.19s        1      (gap is 27.27%)
 *            32       97  0.19s        1      (gap is 25.00%)
 *            31      137  0.19s        1      (gap is 22.58%)
 *            28      191  0.19s        1      (gap is 14.29%)
 *            27      233  0.19s        1      (gap is 11.11%)
 *            26      277  0.19s        1      (gap is 7.69%)
 *            25      323  0.19s        1      (gap is 4.00%)
 *            24      399  0.19s        1      (gap is 0.00%)
 ! ----------------------------------------------------------------------------
 ! Search completed, 8 solutions found.
 ! Best objective         : 24 (optimal - effective tol. is 0)
 ! Best bound             : 24
 ! ----------------------------------------------------------------------------
 ! Number of branches     : 49453
 ! Number of fails        : 1446
 ! Total memory usage     : 9.3 MB (9.2 MB CP Optimizer + 0.1 MB Concert)
 ! Time spent in solve    : 0.21s (0.21s engine + 0.00s extraction)
 ! Search speed (br. / s) : 247265.0
 ! ----------------------------------------------------------------------------
task_0: (start=0, end=0, size=0, length=0)
Task 0 is scheduled in mode 0 from 0 to 0
task_1: (start=0, end=2, size=2, length=2)
Task 1 is scheduled in mode 0 from 0 to 2
task_2: (start=0, end=9, size=9, length=9)
Task 2 is scheduled in mode 2 from 0 to 9
task_3: (start=0, end=6, size=6, length=6)
Task 3 is scheduled in mode 1 from 0 to 6
task_4: (start=2, end=10, size=8, length=8)
Task 4 is scheduled in mode 1 from 2 to 10
task_5: (start=10, end=20, size=10, length=10)
Task 5 is scheduled in mode 2 from 10 to 20
task_6: (start=2, end=5, size=3, length=3)
Task 6 is scheduled in mode 2 from 2 to 5
task_7: (start=10, end=11, size=1, length=1)
Task 7 is scheduled in mode 0 from 10 to 11
task_8: (start=11, end=19, size=8, length=8)
Task 8 is scheduled in mode 0 from 11 to 19
task_9: (start=10, end=20, size=10, length=10)
Task 9 is scheduled in mode 2 from 10 to 20
task_10: (start=11, end=15, size=4, length=4)
Task 10 is scheduled in mode 1 from 11 to 15
task_11: (start=9, end=17, size=8, length=8)
Task 11 is scheduled in mode 1 from 9 to 17
task_12: (start=19, end=23, size=4, length=4)
Task 12 is scheduled in mode 0 from 19 to 23
task_13: (start=11, end=19, size=8, length=8)
Task 13 is scheduled in mode 2 from 11 to 19
task_14: (start=20, end=21, size=1, length=1)
Task 14 is scheduled in mode 0 from 20 to 21
task_15: (start=23, end=24, size=1, length=1)
Task 15 is scheduled in mode 0 from 23 to 24
task_16: (start=19, end=24, size=5, length=5)
Task 16 is scheduled in mode 1 from 19 to 24
task_17: (start=24, end=24, size=0, length=0)
Task 17 is scheduled in mode 0 from 24 to 24
Optimal solution found
Objective value: 24
Solution is optimal.
