73
Time limit set to 60 seconds
Running CP solver
/home/omastto1/General-Optimization-Solver/src/solvers/mmrcpsp.py:42(stream:108:6): Warning: Cumulative expression 'pulse': height is zero, expression is zero everywhere.
                                                                                               VarCumulAtom_149 = pulse(task_0_mode_0, 0)
/home/omastto1/General-Optimization-Solver/src/solvers/mmrcpsp.py:42(stream:108:1253): Warning: Cumulative expression 'pulse': height is zero, expression is zero everywhere.
                                                                                                  VarCumulAtom_198 = pulse(task_17_mode_0, 0)
/home/omastto1/General-Optimization-Solver/src/solvers/mmrcpsp.py:42(stream:109:6): Warning: Cumulative expression 'pulse': height is zero, expression is zero everywhere.
                                                                                               VarCumulAtom_202 = pulse(task_0_mode_0, 0)
/home/omastto1/General-Optimization-Solver/src/solvers/mmrcpsp.py:42(stream:109:1256): Warning: Cumulative expression 'pulse': height is zero, expression is zero everywhere.
                                                                                                  VarCumulAtom_251 = pulse(task_17_mode_0, 0)
 ! --------------------------------------------------- CP Optimizer 20.1.0.0 --
 ! Minimization problem - 69 variables, 51 constraints
 ! TimeLimit            = 60
 ! Workers              = 14
 ! LogVerbosity         = Terse
 ! Initial process time : 0.00s (0.00s extraction + 0.00s propagation)
 !  . Log search space  : 163.3 (before), 163.3 (after)
 !  . Memory usage      : 754.6 kB (before), 754.6 kB (after)
 ! Using parallel search with 14 workers.
 ! ----------------------------------------------------------------------------
 !          Best Branches  Non-fixed    W       Branch decision
                        0         69                 -
 + New bound is 18
 ! Using iterative diving.
 ! Using temporal relaxation.
 *            34       43  0.36s        1      (gap is 47.06%)
 *            33      119  0.36s        1      (gap is 45.45%)
 *            29      159  0.36s        1      (gap is 37.93%)
 *            28      221  0.36s        1      (gap is 35.71%)
 *            27      279  0.36s        1      (gap is 33.33%)
 *            26      319  0.36s        1      (gap is 30.77%)
 *            25      377  0.36s        1      (gap is 28.00%)
 *            23      437  0.36s        1      (gap is 21.74%)
 *            22      460  0.36s        1      (gap is 18.18%)
 *            18      610  0.36s        1      (gap is 0.00%)
 ! ----------------------------------------------------------------------------
 ! Search completed, 10 solutions found.
 ! Best objective         : 18 (optimal - effective tol. is 0)
 ! Best bound             : 18
 ! ----------------------------------------------------------------------------
 ! Number of branches     : 63936
 ! Number of fails        : 2987
 ! Total memory usage     : 9.7 MB (9.6 MB CP Optimizer + 0.1 MB Concert)
 ! Time spent in solve    : 0.38s (0.38s engine + 0.00s extraction)
 ! Search speed (br. / s) : 168252.6
 ! ----------------------------------------------------------------------------
task_0: (start=0, end=0, size=0, length=0)
Task 0 is scheduled in mode 0 from 0 to 0
task_1: (start=0, end=2, size=2, length=2)
Task 1 is scheduled in mode 0 from 0 to 2
task_2: (start=0, end=4, size=4, length=4)
Task 2 is scheduled in mode 1 from 0 to 4
task_3: (start=0, end=1, size=1, length=1)
Task 3 is scheduled in mode 0 from 0 to 1
task_4: (start=2, end=10, size=8, length=8)
Task 4 is scheduled in mode 2 from 2 to 10
task_5: (start=2, end=7, size=5, length=5)
Task 5 is scheduled in mode 1 from 2 to 7
task_6: (start=2, end=5, size=3, length=3)
Task 6 is scheduled in mode 1 from 2 to 5
task_7: (start=1, end=6, size=5, length=5)
Task 7 is scheduled in mode 0 from 1 to 6
task_8: (start=7, end=10, size=3, length=3)
Task 8 is scheduled in mode 0 from 7 to 10
task_9: (start=10, end=17, size=7, length=7)
Task 9 is scheduled in mode 2 from 10 to 17
task_10: (start=6, end=16, size=10, length=10)
Task 10 is scheduled in mode 2 from 6 to 16
task_11: (start=6, end=15, size=9, length=9)
Task 11 is scheduled in mode 1 from 6 to 15
task_12: (start=16, end=17, size=1, length=1)
Task 12 is scheduled in mode 0 from 16 to 17
task_13: (start=10, end=12, size=2, length=2)
Task 13 is scheduled in mode 0 from 10 to 12
task_14: (start=17, end=18, size=1, length=1)
Task 14 is scheduled in mode 0 from 17 to 18
task_15: (start=12, end=18, size=6, length=6)
Task 15 is scheduled in mode 1 from 12 to 18
task_16: (start=5, end=7, size=2, length=2)
Task 16 is scheduled in mode 1 from 5 to 7
task_17: (start=18, end=18, size=0, length=0)
Task 17 is scheduled in mode 0 from 18 to 18
Optimal solution found
Objective value: 18
Solution is optimal.
