28
Time limit set to 60 seconds
Running CP solver
/home/omastto1/General-Optimization-Solver/src/solvers/mmrcpsp.py:42(stream:108:6): Warning: Cumulative expression 'pulse': height is zero, expression is zero everywhere.
                                                                                               VarCumulAtom_149 = pulse(task_0_mode_0, 0)
/home/omastto1/General-Optimization-Solver/src/solvers/mmrcpsp.py:42(stream:108:56): Warning: Cumulative expression 'pulse': height is zero, expression is zero everywhere.
                                                                                                VarCumulAtom_151 = pulse(task_1_mode_1, 0)
/home/omastto1/General-Optimization-Solver/src/solvers/mmrcpsp.py:42(stream:108:81): Warning: Cumulative expression 'pulse': height is zero, expression is zero everywhere.
                                                                                                VarCumulAtom_152 = pulse(task_1_mode_2, 0)
/home/omastto1/General-Optimization-Solver/src/solvers/mmrcpsp.py:42(stream:108:106): Warning: Cumulative expression 'pulse': height is zero, expression is zero everywhere.
                                                                                                 VarCumulAtom_153 = pulse(task_2_mode_0, 0)
/home/omastto1/General-Optimization-Solver/src/solvers/mmrcpsp.py:42(stream:108:131): Warning: Cumulative expression 'pulse': height is zero, expression is zero everywhere.
                                                                                                 VarCumulAtom_154 = pulse(task_2_mode_1, 0)
/home/omastto1/General-Optimization-Solver/src/solvers/mmrcpsp.py:42(stream:108:181): Warning: Cumulative expression 'pulse': height is zero, expression is zero everywhere.
                                                                                                 VarCumulAtom_156 = pulse(task_3_mode_0, 0)
/home/omastto1/General-Optimization-Solver/src/solvers/mmrcpsp.py:42(stream:108:231): Warning: Cumulative expression 'pulse': height is zero, expression is zero everywhere.
                                                                                                 VarCumulAtom_158 = pulse(task_3_mode_2, 0)
/home/omastto1/General-Optimization-Solver/src/solvers/mmrcpsp.py:42(stream:108:256): Warning: Cumulative expression 'pulse': height is zero, expression is zero everywhere.
                                                                                                 VarCumulAtom_159 = pulse(task_4_mode_0, 0)
/home/omastto1/General-Optimization-Solver/src/solvers/mmrcpsp.py:42(stream:108:281): Warning: Cumulative expression 'pulse': height is zero, expression is zero everywhere.
                                                                                                 VarCumulAtom_160 = pulse(task_4_mode_1, 0)
/home/omastto1/General-Optimization-Solver/src/solvers/mmrcpsp.py:42(stream:108:306): Warning: Cumulative expression 'pulse': height is zero, expression is zero everywhere.
                                                                                                 VarCumulAtom_161 = pulse(task_4_mode_2, 0)
/home/omastto1/General-Optimization-Solver/src/solvers/mmrcpsp.py:42(stream:108:381): Warning: Cumulative expression 'pulse': height is zero, expression is zero everywhere.
                                                                                                 VarCumulAtom_164 = pulse(task_5_mode_2, 0)
/home/omastto1/General-Optimization-Solver/src/solvers/mmrcpsp.py:42(stream:108:431): Warning: Cumulative expression 'pulse': height is zero, expression is zero everywhere.
                                                                                                 VarCumulAtom_166 = pulse(task_6_mode_1, 0)
/home/omastto1/General-Optimization-Solver/src/solvers/mmrcpsp.py:42(stream:108:456): Warning: Cumulative expression 'pulse': height is zero, expression is zero everywhere.
                                                                                                 VarCumulAtom_167 = pulse(task_6_mode_2, 0)
/home/omastto1/General-Optimization-Solver/src/solvers/mmrcpsp.py:42(stream:108:481): Warning: Cumulative expression 'pulse': height is zero, expression is zero everywhere.
                                                                                                 VarCumulAtom_168 = pulse(task_7_mode_0, 0)
/home/omastto1/General-Optimization-Solver/src/solvers/mmrcpsp.py:42(stream:108:531): Warning: Cumulative expression 'pulse': height is zero, expression is zero everywhere.
                                                                                                 VarCumulAtom_170 = pulse(task_7_mode_2, 0)
/home/omastto1/General-Optimization-Solver/src/solvers/mmrcpsp.py:42(stream:108:556): Warning: Cumulative expression 'pulse': height is zero, expression is zero everywhere.
                                                                                                 VarCumulAtom_171 = pulse(task_8_mode_0, 0)
/home/omastto1/General-Optimization-Solver/src/solvers/mmrcpsp.py:42(stream:108:581): Warning: Cumulative expression 'pulse': height is zero, expression is zero everywhere.
                                                                                                 VarCumulAtom_172 = pulse(task_8_mode_1, 0)
/home/omastto1/General-Optimization-Solver/src/solvers/mmrcpsp.py:42(stream:108:606): Warning: Cumulative expression 'pulse': height is zero, expression is zero everywhere.
                                                                                                 VarCumulAtom_173 = pulse(task_8_mode_2, 0)
/home/omastto1/General-Optimization-Solver/src/solvers/mmrcpsp.py:42(stream:108:681): Warning: Cumulative expression 'pulse': height is zero, expression is zero everywhere.
                                                                                                 VarCumulAtom_176 = pulse(task_9_mode_2, 0)
/home/omastto1/General-Optimization-Solver/src/solvers/mmrcpsp.py:42(stream:108:706): Warning: Cumulative expression 'pulse': height is zero, expression is zero everywhere.
                                                                                                 VarCumulAtom_177 = pulse(task_10_mode_0, 0)
   Too many warnings of this type. Suppressing further warnings of this type.
 ! --------------------------------------------------- CP Optimizer 20.1.0.0 --
 ! Minimization problem - 69 variables, 51 constraints
 ! TimeLimit            = 60
 ! Workers              = 14
 ! LogVerbosity         = Terse
 ! Initial process time : 0.01s (0.01s extraction + 0.00s propagation)
 !  . Log search space  : 161.1 (before), 161.1 (after)
 !  . Memory usage      : 754.6 kB (before), 754.6 kB (after)
 ! Using parallel search with 14 workers.
 ! ----------------------------------------------------------------------------
 !          Best Branches  Non-fixed    W       Branch decision
                        0         69                 -
 + New bound is 27
 ! Using iterative diving.
 ! Using temporal relaxation.
 *            45       45  0.28s        1      (gap is 40.00%)
 *            44      114  0.28s        1      (gap is 38.64%)
 *            43      154  0.28s        1      (gap is 37.21%)
 *            34      194  0.28s        1      (gap is 20.59%)
 *            33      306  0.28s        1      (gap is 18.18%)
 *            30      342  0.28s        1      (gap is 10.00%)
 *            28      380  0.28s        1      (gap is 3.57%)
 *            27      404  0.28s        1      (gap is 0.00%)
 ! ----------------------------------------------------------------------------
 ! Search completed, 8 solutions found.
 ! Best objective         : 27 (optimal - effective tol. is 0)
 ! Best bound             : 27
 ! ----------------------------------------------------------------------------
 ! Number of branches     : 64108
 ! Number of fails        : 2025
 ! Total memory usage     : 9.5 MB (9.5 MB CP Optimizer + 0.1 MB Concert)
 ! Time spent in solve    : 0.31s (0.30s engine + 0.01s extraction)
 ! Search speed (br. / s) : 213693.3
 ! ----------------------------------------------------------------------------
task_0: (start=0, end=0, size=0, length=0)
Task 0 is scheduled in mode 0 from 0 to 0
task_1: (start=0, end=2, size=2, length=2)
Task 1 is scheduled in mode 0 from 0 to 2
task_2: (start=0, end=2, size=2, length=2)
Task 2 is scheduled in mode 0 from 0 to 2
task_3: (start=0, end=8, size=8, length=8)
Task 3 is scheduled in mode 1 from 0 to 8
task_4: (start=2, end=11, size=9, length=9)
Task 4 is scheduled in mode 2 from 2 to 11
task_5: (start=2, end=6, size=4, length=4)
Task 5 is scheduled in mode 0 from 2 to 6
task_6: (start=2, end=6, size=4, length=4)
Task 6 is scheduled in mode 1 from 2 to 6
task_7: (start=6, end=7, size=1, length=1)
Task 7 is scheduled in mode 0 from 6 to 7
task_8: (start=7, end=10, size=3, length=3)
Task 8 is scheduled in mode 1 from 7 to 10
task_9: (start=2, end=8, size=6, length=6)
Task 9 is scheduled in mode 2 from 2 to 8
task_10: (start=11, end=13, size=2, length=2)
Task 10 is scheduled in mode 0 from 11 to 13
task_11: (start=13, end=19, size=6, length=6)
Task 11 is scheduled in mode 0 from 13 to 19
task_12: (start=10, end=12, size=2, length=2)
Task 12 is scheduled in mode 1 from 10 to 12
task_13: (start=8, end=17, size=9, length=9)
Task 13 is scheduled in mode 2 from 8 to 17
task_14: (start=12, end=21, size=9, length=9)
Task 14 is scheduled in mode 2 from 12 to 21
task_15: (start=19, end=27, size=8, length=8)
Task 15 is scheduled in mode 0 from 19 to 27
task_16: (start=19, end=27, size=8, length=8)
Task 16 is scheduled in mode 2 from 19 to 27
task_17: (start=27, end=27, size=0, length=0)
Task 17 is scheduled in mode 0 from 27 to 27
Optimal solution found
Objective value: 27
Solution is optimal.
