18
raw_data/mm-rcpsp/MMLIB50/J504_3.mm
Time limit set to 60 seconds
Running CP solver
/home/omastto1/General-Optimization-Solver/src/solvers/mmrcpsp.py:42(stream:276:6): Warning: Cumulative expression 'pulse': height is zero, expression is zero everywhere.
                                                                                               VarCumulAtom_419 = pulse(task_0_mode_0, 0)
/home/omastto1/General-Optimization-Solver/src/solvers/mmrcpsp.py:42(stream:276:56): Warning: Cumulative expression 'pulse': height is zero, expression is zero everywhere.
                                                                                                VarCumulAtom_421 = pulse(task_1_mode_1, 0)
/home/omastto1/General-Optimization-Solver/src/solvers/mmrcpsp.py:42(stream:276:106): Warning: Cumulative expression 'pulse': height is zero, expression is zero everywhere.
                                                                                                 VarCumulAtom_423 = pulse(task_2_mode_0, 0)
/home/omastto1/General-Optimization-Solver/src/solvers/mmrcpsp.py:42(stream:276:131): Warning: Cumulative expression 'pulse': height is zero, expression is zero everywhere.
                                                                                                 VarCumulAtom_424 = pulse(task_2_mode_1, 0)
/home/omastto1/General-Optimization-Solver/src/solvers/mmrcpsp.py:42(stream:276:181): Warning: Cumulative expression 'pulse': height is zero, expression is zero everywhere.
                                                                                                 VarCumulAtom_426 = pulse(task_3_mode_0, 0)
/home/omastto1/General-Optimization-Solver/src/solvers/mmrcpsp.py:42(stream:276:206): Warning: Cumulative expression 'pulse': height is zero, expression is zero everywhere.
                                                                                                 VarCumulAtom_427 = pulse(task_3_mode_1, 0)
/home/omastto1/General-Optimization-Solver/src/solvers/mmrcpsp.py:42(stream:276:231): Warning: Cumulative expression 'pulse': height is zero, expression is zero everywhere.
                                                                                                 VarCumulAtom_428 = pulse(task_3_mode_2, 0)
/home/omastto1/General-Optimization-Solver/src/solvers/mmrcpsp.py:42(stream:276:331): Warning: Cumulative expression 'pulse': height is zero, expression is zero everywhere.
                                                                                                 VarCumulAtom_432 = pulse(task_5_mode_0, 0)
/home/omastto1/General-Optimization-Solver/src/solvers/mmrcpsp.py:42(stream:276:356): Warning: Cumulative expression 'pulse': height is zero, expression is zero everywhere.
                                                                                                 VarCumulAtom_433 = pulse(task_5_mode_1, 0)
/home/omastto1/General-Optimization-Solver/src/solvers/mmrcpsp.py:42(stream:276:381): Warning: Cumulative expression 'pulse': height is zero, expression is zero everywhere.
                                                                                                 VarCumulAtom_434 = pulse(task_5_mode_2, 0)
/home/omastto1/General-Optimization-Solver/src/solvers/mmrcpsp.py:42(stream:276:406): Warning: Cumulative expression 'pulse': height is zero, expression is zero everywhere.
                                                                                                 VarCumulAtom_435 = pulse(task_6_mode_0, 0)
/home/omastto1/General-Optimization-Solver/src/solvers/mmrcpsp.py:42(stream:276:431): Warning: Cumulative expression 'pulse': height is zero, expression is zero everywhere.
                                                                                                 VarCumulAtom_436 = pulse(task_6_mode_1, 0)
/home/omastto1/General-Optimization-Solver/src/solvers/mmrcpsp.py:42(stream:276:531): Warning: Cumulative expression 'pulse': height is zero, expression is zero everywhere.
                                                                                                 VarCumulAtom_440 = pulse(task_7_mode_2, 0)
/home/omastto1/General-Optimization-Solver/src/solvers/mmrcpsp.py:42(stream:276:556): Warning: Cumulative expression 'pulse': height is zero, expression is zero everywhere.
                                                                                                 VarCumulAtom_441 = pulse(task_8_mode_0, 0)
/home/omastto1/General-Optimization-Solver/src/solvers/mmrcpsp.py:42(stream:276:606): Warning: Cumulative expression 'pulse': height is zero, expression is zero everywhere.
                                                                                                 VarCumulAtom_443 = pulse(task_8_mode_2, 0)
/home/omastto1/General-Optimization-Solver/src/solvers/mmrcpsp.py:42(stream:276:656): Warning: Cumulative expression 'pulse': height is zero, expression is zero everywhere.
                                                                                                 VarCumulAtom_445 = pulse(task_9_mode_1, 0)
/home/omastto1/General-Optimization-Solver/src/solvers/mmrcpsp.py:42(stream:276:784): Warning: Cumulative expression 'pulse': height is zero, expression is zero everywhere.
                                                                                                 VarCumulAtom_450 = pulse(task_11_mode_0, 0)
/home/omastto1/General-Optimization-Solver/src/solvers/mmrcpsp.py:42(stream:276:810): Warning: Cumulative expression 'pulse': height is zero, expression is zero everywhere.
                                                                                                 VarCumulAtom_451 = pulse(task_11_mode_1, 0)
/home/omastto1/General-Optimization-Solver/src/solvers/mmrcpsp.py:42(stream:276:836): Warning: Cumulative expression 'pulse': height is zero, expression is zero everywhere.
                                                                                                 VarCumulAtom_452 = pulse(task_11_mode_2, 0)
/home/omastto1/General-Optimization-Solver/src/solvers/mmrcpsp.py:42(stream:276:888): Warning: Cumulative expression 'pulse': height is zero, expression is zero everywhere.
                                                                                                 VarCumulAtom_454 = pulse(task_12_mode_1, 0)
   Too many warnings of this type. Suppressing further warnings of this type.
 ! --------------------------------------------------- CP Optimizer 20.1.0.0 --
 ! Minimization problem - 205 variables, 281 constraints
 ! TimeLimit            = 60
 ! Workers              = 14
 ! LogVerbosity         = Terse
 ! Initial process time : 0.02s (0.02s extraction + 0.00s propagation)
 !  . Log search space  : 523.4 (before), 523.4 (after)
 !  . Memory usage      : 1.3 MB (before), 1.3 MB (after)
 ! Using parallel search with 14 workers.
 ! ----------------------------------------------------------------------------
 !          Best Branches  Non-fixed    W       Branch decision
                        0        205                 -
 + New bound is 21
 ! Using iterative diving.
 ! Using temporal relaxation.
 *            36      122  0.85s        1      (gap is 41.67%)
 *            35      315  0.85s        1      (gap is 40.00%)
 *            34      423  0.85s        1      (gap is 38.24%)
 *            33      577  0.85s        1      (gap is 36.36%)
 *            32      685  0.85s        1      (gap is 34.38%)
 *            30     1066  0.85s        1      (gap is 30.00%)
 *            29     1110  0.85s        1      (gap is 27.59%)
 *            28     1156  0.85s        1      (gap is 25.00%)
 *            27     1353  0.85s        1      (gap is 22.22%)
 *            26     1563  0.85s        3      (gap is 19.23%)
 *            25     1586  0.85s        6      (gap is 16.00%)
 *            22     5113  1.53s        1      (gap is 4.55%)
 ! Using failure-directed search.
 *            21    32935  9.87s        9      (gap is 0.00%)
 ! ----------------------------------------------------------------------------
 ! Search completed, 13 solutions found.
 ! Best objective         : 21 (optimal - effective tol. is 0)
 ! Best bound             : 21
 ! ----------------------------------------------------------------------------
 ! Number of branches     : 815358
 ! Number of fails        : 184406
 ! Total memory usage     : 18.1 MB (17.9 MB CP Optimizer + 0.2 MB Concert)
 ! Time spent in solve    : 10.52s (10.50s engine + 0.02s extraction)
 ! Search speed (br. / s) : 77653.1
 ! ----------------------------------------------------------------------------
task_0: (start=0, end=0, size=0, length=0)
Task 0 is scheduled in mode 0 from 0 to 0
task_1: (start=0, end=2, size=2, length=2)
Task 1 is scheduled in mode 0 from 0 to 2
task_2: (start=0, end=2, size=2, length=2)
Task 2 is scheduled in mode 0 from 0 to 2
task_3: (start=0, end=1, size=1, length=1)
Task 3 is scheduled in mode 0 from 0 to 1
task_4: (start=1, end=2, size=1, length=1)
Task 4 is scheduled in mode 0 from 1 to 2
task_5: (start=1, end=2, size=1, length=1)
Task 5 is scheduled in mode 0 from 1 to 2
task_6: (start=0, end=3, size=3, length=3)
Task 6 is scheduled in mode 0 from 0 to 3
task_7: (start=0, end=6, size=6, length=6)
Task 7 is scheduled in mode 1 from 0 to 6
task_8: (start=0, end=1, size=1, length=1)
Task 8 is scheduled in mode 0 from 0 to 1
task_9: (start=0, end=9, size=9, length=9)
Task 9 is scheduled in mode 2 from 0 to 9
task_10: (start=0, end=6, size=6, length=6)
Task 10 is scheduled in mode 0 from 0 to 6
task_11: (start=2, end=6, size=4, length=4)
Task 11 is scheduled in mode 1 from 2 to 6
task_12: (start=2, end=11, size=9, length=9)
Task 12 is scheduled in mode 1 from 2 to 11
task_13: (start=6, end=14, size=8, length=8)
Task 13 is scheduled in mode 0 from 6 to 14
task_14: (start=2, end=9, size=7, length=7)
Task 14 is scheduled in mode 1 from 2 to 9
task_15: (start=2, end=8, size=6, length=6)
Task 15 is scheduled in mode 1 from 2 to 8
task_16: (start=2, end=11, size=9, length=9)
Task 16 is scheduled in mode 2 from 2 to 11
task_17: (start=0, end=1, size=1, length=1)
Task 17 is scheduled in mode 0 from 0 to 1
task_18: (start=3, end=9, size=6, length=6)
Task 18 is scheduled in mode 1 from 3 to 9
task_19: (start=3, end=11, size=8, length=8)
Task 19 is scheduled in mode 1 from 3 to 11
task_20: (start=1, end=2, size=1, length=1)
Task 20 is scheduled in mode 0 from 1 to 2
task_21: (start=6, end=12, size=6, length=6)
Task 21 is scheduled in mode 2 from 6 to 12
task_22: (start=0, end=5, size=5, length=5)
Task 22 is scheduled in mode 1 from 0 to 5
task_23: (start=11, end=15, size=4, length=4)
Task 23 is scheduled in mode 1 from 11 to 15
task_24: (start=5, end=11, size=6, length=6)
Task 24 is scheduled in mode 2 from 5 to 11
task_25: (start=2, end=9, size=7, length=7)
Task 25 is scheduled in mode 2 from 2 to 9
task_26: (start=9, end=15, size=6, length=6)
Task 26 is scheduled in mode 2 from 9 to 15
task_27: (start=9, end=15, size=6, length=6)
Task 27 is scheduled in mode 0 from 9 to 15
task_28: (start=11, end=14, size=3, length=3)
Task 28 is scheduled in mode 2 from 11 to 14
task_29: (start=2, end=11, size=9, length=9)
Task 29 is scheduled in mode 2 from 2 to 11
task_30: (start=6, end=9, size=3, length=3)
Task 30 is scheduled in mode 1 from 6 to 9
task_31: (start=14, end=17, size=3, length=3)
Task 31 is scheduled in mode 0 from 14 to 17
task_32: (start=14, end=19, size=5, length=5)
Task 32 is scheduled in mode 0 from 14 to 19
task_33: (start=9, end=14, size=5, length=5)
Task 33 is scheduled in mode 0 from 9 to 14
task_34: (start=11, end=13, size=2, length=2)
Task 34 is scheduled in mode 1 from 11 to 13
task_35: (start=11, end=14, size=3, length=3)
Task 35 is scheduled in mode 0 from 11 to 14
task_36: (start=12, end=14, size=2, length=2)
Task 36 is scheduled in mode 0 from 12 to 14
task_37: (start=9, end=11, size=2, length=2)
Task 37 is scheduled in mode 0 from 9 to 11
task_38: (start=19, end=21, size=2, length=2)
Task 38 is scheduled in mode 0 from 19 to 21
task_39: (start=17, end=21, size=4, length=4)
Task 39 is scheduled in mode 0 from 17 to 21
task_40: (start=14, end=21, size=7, length=7)
Task 40 is scheduled in mode 1 from 14 to 21
task_41: (start=15, end=20, size=5, length=5)
Task 41 is scheduled in mode 0 from 15 to 20
task_42: (start=16, end=18, size=2, length=2)
Task 42 is scheduled in mode 0 from 16 to 18
task_43: (start=11, end=21, size=10, length=10)
Task 43 is scheduled in mode 1 from 11 to 21
task_44: (start=11, end=21, size=10, length=10)
Task 44 is scheduled in mode 2 from 11 to 21
task_45: (start=15, end=20, size=5, length=5)
Task 45 is scheduled in mode 2 from 15 to 20
task_46: (start=14, end=15, size=1, length=1)
Task 46 is scheduled in mode 0 from 14 to 15
task_47: (start=13, end=15, size=2, length=2)
Task 47 is scheduled in mode 1 from 13 to 15
task_48: (start=15, end=16, size=1, length=1)
Task 48 is scheduled in mode 0 from 15 to 16
task_49: (start=15, end=18, size=3, length=3)
Task 49 is scheduled in mode 0 from 15 to 18
task_50: (start=5, end=13, size=8, length=8)
Task 50 is scheduled in mode 2 from 5 to 13
task_51: (start=21, end=21, size=0, length=0)
Task 51 is scheduled in mode 0 from 21 to 21
Optimal solution found
Objective value: 21
Solution is 0.0 % worse than the lower bound.
