15
raw_data/mm-rcpsp/MMLIB50/J503_5.mm
Time limit set to 60 seconds
Running CP solver
/home/omastto1/General-Optimization-Solver/src/solvers/mmrcpsp.py:42(stream:278:6): Warning: Cumulative expression 'pulse': height is zero, expression is zero everywhere.
                                                                                               VarCumulAtom_421 = pulse(task_0_mode_0, 0)
/home/omastto1/General-Optimization-Solver/src/solvers/mmrcpsp.py:42(stream:278:156): Warning: Cumulative expression 'pulse': height is zero, expression is zero everywhere.
                                                                                                 VarCumulAtom_427 = pulse(task_2_mode_2, 0)
/home/omastto1/General-Optimization-Solver/src/solvers/mmrcpsp.py:42(stream:278:181): Warning: Cumulative expression 'pulse': height is zero, expression is zero everywhere.
                                                                                                 VarCumulAtom_428 = pulse(task_3_mode_0, 0)
/home/omastto1/General-Optimization-Solver/src/solvers/mmrcpsp.py:42(stream:278:231): Warning: Cumulative expression 'pulse': height is zero, expression is zero everywhere.
                                                                                                 VarCumulAtom_430 = pulse(task_3_mode_2, 0)
/home/omastto1/General-Optimization-Solver/src/solvers/mmrcpsp.py:42(stream:278:281): Warning: Cumulative expression 'pulse': height is zero, expression is zero everywhere.
                                                                                                 VarCumulAtom_432 = pulse(task_4_mode_1, 0)
/home/omastto1/General-Optimization-Solver/src/solvers/mmrcpsp.py:42(stream:278:306): Warning: Cumulative expression 'pulse': height is zero, expression is zero everywhere.
                                                                                                 VarCumulAtom_433 = pulse(task_4_mode_2, 0)
/home/omastto1/General-Optimization-Solver/src/solvers/mmrcpsp.py:42(stream:278:331): Warning: Cumulative expression 'pulse': height is zero, expression is zero everywhere.
                                                                                                 VarCumulAtom_434 = pulse(task_5_mode_0, 0)
/home/omastto1/General-Optimization-Solver/src/solvers/mmrcpsp.py:42(stream:278:356): Warning: Cumulative expression 'pulse': height is zero, expression is zero everywhere.
                                                                                                 VarCumulAtom_435 = pulse(task_5_mode_1, 0)
/home/omastto1/General-Optimization-Solver/src/solvers/mmrcpsp.py:42(stream:278:431): Warning: Cumulative expression 'pulse': height is zero, expression is zero everywhere.
                                                                                                 VarCumulAtom_438 = pulse(task_6_mode_1, 0)
/home/omastto1/General-Optimization-Solver/src/solvers/mmrcpsp.py:42(stream:278:506): Warning: Cumulative expression 'pulse': height is zero, expression is zero everywhere.
                                                                                                 VarCumulAtom_441 = pulse(task_7_mode_1, 0)
/home/omastto1/General-Optimization-Solver/src/solvers/mmrcpsp.py:42(stream:278:531): Warning: Cumulative expression 'pulse': height is zero, expression is zero everywhere.
                                                                                                 VarCumulAtom_442 = pulse(task_7_mode_2, 0)
/home/omastto1/General-Optimization-Solver/src/solvers/mmrcpsp.py:42(stream:278:581): Warning: Cumulative expression 'pulse': height is zero, expression is zero everywhere.
                                                                                                 VarCumulAtom_444 = pulse(task_8_mode_1, 0)
/home/omastto1/General-Optimization-Solver/src/solvers/mmrcpsp.py:42(stream:278:656): Warning: Cumulative expression 'pulse': height is zero, expression is zero everywhere.
                                                                                                 VarCumulAtom_447 = pulse(task_9_mode_1, 0)
/home/omastto1/General-Optimization-Solver/src/solvers/mmrcpsp.py:42(stream:278:785): Warning: Cumulative expression 'pulse': height is zero, expression is zero everywhere.
                                                                                                 VarCumulAtom_452 = pulse(task_11_mode_0, 0)
/home/omastto1/General-Optimization-Solver/src/solvers/mmrcpsp.py:42(stream:278:837): Warning: Cumulative expression 'pulse': height is zero, expression is zero everywhere.
                                                                                                 VarCumulAtom_454 = pulse(task_11_mode_2, 0)
/home/omastto1/General-Optimization-Solver/src/solvers/mmrcpsp.py:42(stream:278:889): Warning: Cumulative expression 'pulse': height is zero, expression is zero everywhere.
                                                                                                 VarCumulAtom_456 = pulse(task_12_mode_1, 0)
/home/omastto1/General-Optimization-Solver/src/solvers/mmrcpsp.py:42(stream:278:915): Warning: Cumulative expression 'pulse': height is zero, expression is zero everywhere.
                                                                                                 VarCumulAtom_457 = pulse(task_12_mode_2, 0)
/home/omastto1/General-Optimization-Solver/src/solvers/mmrcpsp.py:42(stream:278:967): Warning: Cumulative expression 'pulse': height is zero, expression is zero everywhere.
                                                                                                 VarCumulAtom_459 = pulse(task_13_mode_1, 0)
/home/omastto1/General-Optimization-Solver/src/solvers/mmrcpsp.py:42(stream:278:1019): Warning: Cumulative expression 'pulse': height is zero, expression is zero everywhere.
                                                                                                  VarCumulAtom_461 = pulse(task_14_mode_0, 0)
/home/omastto1/General-Optimization-Solver/src/solvers/mmrcpsp.py:42(stream:278:1045): Warning: Cumulative expression 'pulse': height is zero, expression is zero everywhere.
                                                                                                  VarCumulAtom_462 = pulse(task_14_mode_1, 0)
   Too many warnings of this type. Suppressing further warnings of this type.
 ! --------------------------------------------------- CP Optimizer 20.1.0.0 --
 ! Minimization problem - 205 variables, 286 constraints
 ! TimeLimit            = 60
 ! Workers              = 14
 ! LogVerbosity         = Terse
 ! Initial process time : 0.02s (0.02s extraction + 0.00s propagation)
 !  . Log search space  : 520.5 (before), 520.5 (after)
 !  . Memory usage      : 1.3 MB (before), 1.3 MB (after)
 ! Using parallel search with 14 workers.
 ! ----------------------------------------------------------------------------
 !          Best Branches  Non-fixed    W       Branch decision
                        0        205                 -
 + New bound is 18
 ! Using iterative diving.
 ! Using temporal relaxation.
 *            35      120  0.85s        1      (gap is 48.57%)
 *            34      401  0.85s        1      (gap is 47.06%)
 *            32      819  0.85s        1      (gap is 43.75%)
 *            30     1131  0.85s        1      (gap is 40.00%)
 *            29     1179  0.85s        1      (gap is 37.93%)
 *            28     1310  0.85s        1      (gap is 35.71%)
 *            27     1597  0.85s        1      (gap is 33.33%)
 *            26     1644  0.85s        1      (gap is 30.77%)
 *            25     1600  0.85s        5      (gap is 28.00%)
 *            24     1619  0.85s        8      (gap is 25.00%)
 *            22     2059  0.85s       11      (gap is 18.18%)
 *            21     3040  1.50s        1      (gap is 14.29%)
 *            20     8128  2.20s        5      (gap is 10.00%)
 ! Using failure-directed search.
 *            19    17861  4.18s        3      (gap is 5.26%)
 *            18    41624  11.69s       9      (gap is 0.00%)
 ! ----------------------------------------------------------------------------
 ! Search completed, 15 solutions found.
 ! Best objective         : 18 (optimal - effective tol. is 0)
 ! Best bound             : 18
 ! ----------------------------------------------------------------------------
 ! Number of branches     : 959044
 ! Number of fails        : 224868
 ! Total memory usage     : 18.1 MB (18.0 MB CP Optimizer + 0.2 MB Concert)
 ! Time spent in solve    : 12.28s (12.26s engine + 0.02s extraction)
 ! Search speed (br. / s) : 78225.4
 ! ----------------------------------------------------------------------------
task_0: (start=0, end=0, size=0, length=0)
Task 0 is scheduled in mode 0 from 0 to 0
task_1: (start=0, end=1, size=1, length=1)
Task 1 is scheduled in mode 0 from 0 to 1
task_2: (start=0, end=1, size=1, length=1)
Task 2 is scheduled in mode 0 from 0 to 1
task_3: (start=1, end=6, size=5, length=5)
Task 3 is scheduled in mode 1 from 1 to 6
task_4: (start=1, end=2, size=1, length=1)
Task 4 is scheduled in mode 0 from 1 to 2
task_5: (start=0, end=1, size=1, length=1)
Task 5 is scheduled in mode 1 from 0 to 1
task_6: (start=0, end=3, size=3, length=3)
Task 6 is scheduled in mode 1 from 0 to 3
task_7: (start=0, end=4, size=4, length=4)
Task 7 is scheduled in mode 0 from 0 to 4
task_8: (start=1, end=3, size=2, length=2)
Task 8 is scheduled in mode 0 from 1 to 3
task_9: (start=0, end=1, size=1, length=1)
Task 9 is scheduled in mode 1 from 0 to 1
task_10: (start=4, end=6, size=2, length=2)
Task 10 is scheduled in mode 1 from 4 to 6
task_11: (start=0, end=3, size=3, length=3)
Task 11 is scheduled in mode 0 from 0 to 3
task_12: (start=0, end=1, size=1, length=1)
Task 12 is scheduled in mode 0 from 0 to 1
task_13: (start=8, end=9, size=1, length=1)
Task 13 is scheduled in mode 0 from 8 to 9
task_14: (start=2, end=6, size=4, length=4)
Task 14 is scheduled in mode 1 from 2 to 6
task_15: (start=1, end=2, size=1, length=1)
Task 15 is scheduled in mode 0 from 1 to 2
task_16: (start=5, end=7, size=2, length=2)
Task 16 is scheduled in mode 0 from 5 to 7
task_17: (start=1, end=6, size=5, length=5)
Task 17 is scheduled in mode 1 from 1 to 6
task_18: (start=2, end=6, size=4, length=4)
Task 18 is scheduled in mode 1 from 2 to 6
task_19: (start=4, end=9, size=5, length=5)
Task 19 is scheduled in mode 0 from 4 to 9
task_20: (start=1, end=6, size=5, length=5)
Task 20 is scheduled in mode 1 from 1 to 6
task_21: (start=6, end=9, size=3, length=3)
Task 21 is scheduled in mode 0 from 6 to 9
task_22: (start=3, end=5, size=2, length=2)
Task 22 is scheduled in mode 0 from 3 to 5
task_23: (start=6, end=7, size=1, length=1)
Task 23 is scheduled in mode 0 from 6 to 7
task_24: (start=3, end=5, size=2, length=2)
Task 24 is scheduled in mode 0 from 3 to 5
task_25: (start=6, end=8, size=2, length=2)
Task 25 is scheduled in mode 0 from 6 to 8
task_26: (start=6, end=9, size=3, length=3)
Task 26 is scheduled in mode 0 from 6 to 9
task_27: (start=5, end=9, size=4, length=4)
Task 27 is scheduled in mode 0 from 5 to 9
task_28: (start=3, end=9, size=6, length=6)
Task 28 is scheduled in mode 0 from 3 to 9
task_29: (start=9, end=14, size=5, length=5)
Task 29 is scheduled in mode 0 from 9 to 14
task_30: (start=5, end=12, size=7, length=7)
Task 30 is scheduled in mode 2 from 5 to 12
task_31: (start=9, end=15, size=6, length=6)
Task 31 is scheduled in mode 1 from 9 to 15
task_32: (start=14, end=18, size=4, length=4)
Task 32 is scheduled in mode 0 from 14 to 18
task_33: (start=16, end=17, size=1, length=1)
Task 33 is scheduled in mode 0 from 16 to 17
task_34: (start=12, end=18, size=6, length=6)
Task 34 is scheduled in mode 0 from 12 to 18
task_35: (start=9, end=18, size=9, length=9)
Task 35 is scheduled in mode 2 from 9 to 18
task_36: (start=9, end=18, size=9, length=9)
Task 36 is scheduled in mode 2 from 9 to 18
task_37: (start=9, end=18, size=9, length=9)
Task 37 is scheduled in mode 0 from 9 to 18
task_38: (start=12, end=15, size=3, length=3)
Task 38 is scheduled in mode 1 from 12 to 15
task_39: (start=9, end=12, size=3, length=3)
Task 39 is scheduled in mode 0 from 9 to 12
task_40: (start=12, end=18, size=6, length=6)
Task 40 is scheduled in mode 1 from 12 to 18
task_41: (start=7, end=17, size=10, length=10)
Task 41 is scheduled in mode 2 from 7 to 17
task_42: (start=15, end=16, size=1, length=1)
Task 42 is scheduled in mode 0 from 15 to 16
task_43: (start=9, end=15, size=6, length=6)
Task 43 is scheduled in mode 2 from 9 to 15
task_44: (start=9, end=11, size=2, length=2)
Task 44 is scheduled in mode 1 from 9 to 11
task_45: (start=11, end=18, size=7, length=7)
Task 45 is scheduled in mode 1 from 11 to 18
task_46: (start=9, end=18, size=9, length=9)
Task 46 is scheduled in mode 2 from 9 to 18
task_47: (start=7, end=9, size=2, length=2)
Task 47 is scheduled in mode 0 from 7 to 9
task_48: (start=16, end=18, size=2, length=2)
Task 48 is scheduled in mode 0 from 16 to 18
task_49: (start=3, end=11, size=8, length=8)
Task 49 is scheduled in mode 2 from 3 to 11
task_50: (start=15, end=16, size=1, length=1)
Task 50 is scheduled in mode 0 from 15 to 16
task_51: (start=18, end=18, size=0, length=0)
Task 51 is scheduled in mode 0 from 18 to 18
Optimal solution found
Objective value: 18
Solution is optimal.
