63
raw_data/mm-rcpsp/MMLIB50/J5013_3.mm
Time limit set to 60 seconds
Running CP solver
/home/omastto1/General-Optimization-Solver/src/solvers/mmrcpsp.py:42(stream:278:6): Warning: Cumulative expression 'pulse': height is zero, expression is zero everywhere.
                                                                                               VarCumulAtom_421 = pulse(task_0_mode_0, 0)
/home/omastto1/General-Optimization-Solver/src/solvers/mmrcpsp.py:42(stream:278:57): Warning: Cumulative expression 'pulse': height is zero, expression is zero everywhere.
                                                                                                VarCumulAtom_423 = pulse(task_1_mode_1, 0)
/home/omastto1/General-Optimization-Solver/src/solvers/mmrcpsp.py:42(stream:278:107): Warning: Cumulative expression 'pulse': height is zero, expression is zero everywhere.
                                                                                                 VarCumulAtom_425 = pulse(task_2_mode_0, 0)
/home/omastto1/General-Optimization-Solver/src/solvers/mmrcpsp.py:42(stream:278:157): Warning: Cumulative expression 'pulse': height is zero, expression is zero everywhere.
                                                                                                 VarCumulAtom_427 = pulse(task_2_mode_2, 0)
/home/omastto1/General-Optimization-Solver/src/solvers/mmrcpsp.py:42(stream:278:182): Warning: Cumulative expression 'pulse': height is zero, expression is zero everywhere.
                                                                                                 VarCumulAtom_428 = pulse(task_3_mode_0, 0)
/home/omastto1/General-Optimization-Solver/src/solvers/mmrcpsp.py:42(stream:278:257): Warning: Cumulative expression 'pulse': height is zero, expression is zero everywhere.
                                                                                                 VarCumulAtom_431 = pulse(task_4_mode_0, 0)
/home/omastto1/General-Optimization-Solver/src/solvers/mmrcpsp.py:42(stream:278:282): Warning: Cumulative expression 'pulse': height is zero, expression is zero everywhere.
                                                                                                 VarCumulAtom_432 = pulse(task_4_mode_1, 0)
/home/omastto1/General-Optimization-Solver/src/solvers/mmrcpsp.py:42(stream:278:382): Warning: Cumulative expression 'pulse': height is zero, expression is zero everywhere.
                                                                                                 VarCumulAtom_436 = pulse(task_5_mode_2, 0)
/home/omastto1/General-Optimization-Solver/src/solvers/mmrcpsp.py:42(stream:278:407): Warning: Cumulative expression 'pulse': height is zero, expression is zero everywhere.
                                                                                                 VarCumulAtom_437 = pulse(task_6_mode_0, 0)
/home/omastto1/General-Optimization-Solver/src/solvers/mmrcpsp.py:42(stream:278:532): Warning: Cumulative expression 'pulse': height is zero, expression is zero everywhere.
                                                                                                 VarCumulAtom_442 = pulse(task_7_mode_2, 0)
/home/omastto1/General-Optimization-Solver/src/solvers/mmrcpsp.py:42(stream:278:582): Warning: Cumulative expression 'pulse': height is zero, expression is zero everywhere.
                                                                                                 VarCumulAtom_444 = pulse(task_8_mode_1, 0)
/home/omastto1/General-Optimization-Solver/src/solvers/mmrcpsp.py:42(stream:278:657): Warning: Cumulative expression 'pulse': height is zero, expression is zero everywhere.
                                                                                                 VarCumulAtom_447 = pulse(task_9_mode_1, 0)
/home/omastto1/General-Optimization-Solver/src/solvers/mmrcpsp.py:42(stream:278:707): Warning: Cumulative expression 'pulse': height is zero, expression is zero everywhere.
                                                                                                 VarCumulAtom_449 = pulse(task_10_mode_0, 0)
/home/omastto1/General-Optimization-Solver/src/solvers/mmrcpsp.py:42(stream:278:733): Warning: Cumulative expression 'pulse': height is zero, expression is zero everywhere.
                                                                                                 VarCumulAtom_450 = pulse(task_10_mode_1, 0)
/home/omastto1/General-Optimization-Solver/src/solvers/mmrcpsp.py:42(stream:278:759): Warning: Cumulative expression 'pulse': height is zero, expression is zero everywhere.
                                                                                                 VarCumulAtom_451 = pulse(task_10_mode_2, 0)
/home/omastto1/General-Optimization-Solver/src/solvers/mmrcpsp.py:42(stream:278:785): Warning: Cumulative expression 'pulse': height is zero, expression is zero everywhere.
                                                                                                 VarCumulAtom_452 = pulse(task_11_mode_0, 0)
/home/omastto1/General-Optimization-Solver/src/solvers/mmrcpsp.py:42(stream:278:837): Warning: Cumulative expression 'pulse': height is zero, expression is zero everywhere.
                                                                                                 VarCumulAtom_454 = pulse(task_11_mode_2, 0)
/home/omastto1/General-Optimization-Solver/src/solvers/mmrcpsp.py:42(stream:278:889): Warning: Cumulative expression 'pulse': height is zero, expression is zero everywhere.
                                                                                                 VarCumulAtom_456 = pulse(task_12_mode_1, 0)
/home/omastto1/General-Optimization-Solver/src/solvers/mmrcpsp.py:42(stream:278:915): Warning: Cumulative expression 'pulse': height is zero, expression is zero everywhere.
                                                                                                 VarCumulAtom_457 = pulse(task_12_mode_2, 0)
/home/omastto1/General-Optimization-Solver/src/solvers/mmrcpsp.py:42(stream:278:941): Warning: Cumulative expression 'pulse': height is zero, expression is zero everywhere.
                                                                                                 VarCumulAtom_458 = pulse(task_13_mode_0, 0)
   Too many warnings of this type. Suppressing further warnings of this type.
 ! --------------------------------------------------- CP Optimizer 20.1.0.0 --
 ! Minimization problem - 205 variables, 266 constraints
 ! TimeLimit            = 60
 ! Workers              = 14
 ! LogVerbosity         = Terse
 ! Initial process time : 0.01s (0.01s extraction + 0.00s propagation)
 !  . Log search space  : 519.9 (before), 519.9 (after)
 !  . Memory usage      : 1.3 MB (before), 1.3 MB (after)
 ! Using parallel search with 14 workers.
 ! ----------------------------------------------------------------------------
 !          Best Branches  Non-fixed    W       Branch decision
                        0        205                 -
 + New bound is 28
 ! Using iterative diving.
 ! Using temporal relaxation.
 *            33      826  0.80s        1      (gap is 15.15%)
 *            32      841  0.80s        3      (gap is 12.50%)
 *            30      831  0.81s       10      (gap is 6.67%)
 *            29     2793  1.39s        1      (gap is 3.45%)
 *            28     3457  1.88s        1      (gap is 0.00%)
 ! ----------------------------------------------------------------------------
 ! Search completed, 5 solutions found.
 ! Best objective         : 28 (optimal - effective tol. is 0)
 ! Best bound             : 28
 ! ----------------------------------------------------------------------------
 ! Number of branches     : 161909
 ! Number of fails        : 29405
 ! Total memory usage     : 17.8 MB (17.7 MB CP Optimizer + 0.2 MB Concert)
 ! Time spent in solve    : 2.28s (2.27s engine + 0.01s extraction)
 ! Search speed (br. / s) : 71325.6
 ! ----------------------------------------------------------------------------
task_0: (start=0, end=0, size=0, length=0)
Task 0 is scheduled in mode 0 from 0 to 0
task_1: (start=0, end=7, size=7, length=7)
Task 1 is scheduled in mode 2 from 0 to 7
task_2: (start=0, end=8, size=8, length=8)
Task 2 is scheduled in mode 2 from 0 to 8
task_3: (start=0, end=9, size=9, length=9)
Task 3 is scheduled in mode 2 from 0 to 9
task_4: (start=0, end=6, size=6, length=6)
Task 4 is scheduled in mode 1 from 0 to 6
task_5: (start=0, end=8, size=8, length=8)
Task 5 is scheduled in mode 2 from 0 to 8
task_6: (start=0, end=9, size=9, length=9)
Task 6 is scheduled in mode 1 from 0 to 9
task_7: (start=0, end=9, size=9, length=9)
Task 7 is scheduled in mode 1 from 0 to 9
task_8: (start=8, end=12, size=4, length=4)
Task 8 is scheduled in mode 1 from 8 to 12
task_9: (start=1, end=11, size=10, length=10)
Task 9 is scheduled in mode 2 from 1 to 11
task_10: (start=6, end=14, size=8, length=8)
Task 10 is scheduled in mode 1 from 6 to 14
task_11: (start=0, end=10, size=10, length=10)
Task 11 is scheduled in mode 2 from 0 to 10
task_12: (start=8, end=12, size=4, length=4)
Task 12 is scheduled in mode 2 from 8 to 12
task_13: (start=8, end=14, size=6, length=6)
Task 13 is scheduled in mode 1 from 8 to 14
task_14: (start=0, end=4, size=4, length=4)
Task 14 is scheduled in mode 1 from 0 to 4
task_15: (start=9, end=14, size=5, length=5)
Task 15 is scheduled in mode 0 from 9 to 14
task_16: (start=0, end=8, size=8, length=8)
Task 16 is scheduled in mode 2 from 0 to 8
task_17: (start=0, end=10, size=10, length=10)
Task 17 is scheduled in mode 2 from 0 to 10
task_18: (start=0, end=1, size=1, length=1)
Task 18 is scheduled in mode 0 from 0 to 1
task_19: (start=10, end=19, size=9, length=9)
Task 19 is scheduled in mode 2 from 10 to 19
task_20: (start=11, end=17, size=6, length=6)
Task 20 is scheduled in mode 1 from 11 to 17
task_21: (start=0, end=10, size=10, length=10)
Task 21 is scheduled in mode 2 from 0 to 10
task_22: (start=12, end=19, size=7, length=7)
Task 22 is scheduled in mode 1 from 12 to 19
task_23: (start=14, end=16, size=2, length=2)
Task 23 is scheduled in mode 1 from 14 to 16
task_24: (start=14, end=19, size=5, length=5)
Task 24 is scheduled in mode 2 from 14 to 19
task_25: (start=14, end=17, size=3, length=3)
Task 25 is scheduled in mode 1 from 14 to 17
task_26: (start=13, end=14, size=1, length=1)
Task 26 is scheduled in mode 0 from 13 to 14
task_27: (start=9, end=15, size=6, length=6)
Task 27 is scheduled in mode 1 from 9 to 15
task_28: (start=7, end=17, size=10, length=10)
Task 28 is scheduled in mode 2 from 7 to 17
task_29: (start=7, end=13, size=6, length=6)
Task 29 is scheduled in mode 2 from 7 to 13
task_30: (start=12, end=16, size=4, length=4)
Task 30 is scheduled in mode 2 from 12 to 16
task_31: (start=13, end=19, size=6, length=6)
Task 31 is scheduled in mode 1 from 13 to 19
task_32: (start=14, end=19, size=5, length=5)
Task 32 is scheduled in mode 1 from 14 to 19
task_33: (start=0, end=1, size=1, length=1)
Task 33 is scheduled in mode 0 from 0 to 1
task_34: (start=19, end=26, size=7, length=7)
Task 34 is scheduled in mode 1 from 19 to 26
task_35: (start=19, end=23, size=4, length=4)
Task 35 is scheduled in mode 0 from 19 to 23
task_36: (start=19, end=28, size=9, length=9)
Task 36 is scheduled in mode 2 from 19 to 28
task_37: (start=22, end=28, size=6, length=6)
Task 37 is scheduled in mode 1 from 22 to 28
task_38: (start=19, end=21, size=2, length=2)
Task 38 is scheduled in mode 0 from 19 to 21
task_39: (start=19, end=28, size=9, length=9)
Task 39 is scheduled in mode 1 from 19 to 28
task_40: (start=17, end=27, size=10, length=10)
Task 40 is scheduled in mode 2 from 17 to 27
task_41: (start=19, end=27, size=8, length=8)
Task 41 is scheduled in mode 2 from 19 to 27
task_42: (start=19, end=28, size=9, length=9)
Task 42 is scheduled in mode 2 from 19 to 28
task_43: (start=17, end=27, size=10, length=10)
Task 43 is scheduled in mode 2 from 17 to 27
task_44: (start=16, end=20, size=4, length=4)
Task 44 is scheduled in mode 1 from 16 to 20
task_45: (start=18, end=28, size=10, length=10)
Task 45 is scheduled in mode 2 from 18 to 28
task_46: (start=14, end=22, size=8, length=8)
Task 46 is scheduled in mode 2 from 14 to 22
task_47: (start=15, end=24, size=9, length=9)
Task 47 is scheduled in mode 2 from 15 to 24
task_48: (start=12, end=18, size=6, length=6)
Task 48 is scheduled in mode 2 from 12 to 18
task_49: (start=9, end=15, size=6, length=6)
Task 49 is scheduled in mode 2 from 9 to 15
task_50: (start=6, end=12, size=6, length=6)
Task 50 is scheduled in mode 2 from 6 to 12
task_51: (start=28, end=28, size=0, length=0)
Task 51 is scheduled in mode 0 from 28 to 28
Optimal solution found
Objective value: 28
Solution is optimal.
