80
raw_data/mm-rcpsp/MMLIB50/J5016_5.mm
Time limit set to 60 seconds
Running CP solver
/home/omastto1/General-Optimization-Solver/src/solvers/mmrcpsp.py:42(stream:278:6): Warning: Cumulative expression 'pulse': height is zero, expression is zero everywhere.
                                                                                               VarCumulAtom_421 = pulse(task_0_mode_0, 0)
/home/omastto1/General-Optimization-Solver/src/solvers/mmrcpsp.py:42(stream:278:31): Warning: Cumulative expression 'pulse': height is zero, expression is zero everywhere.
                                                                                                VarCumulAtom_422 = pulse(task_1_mode_0, 0)
/home/omastto1/General-Optimization-Solver/src/solvers/mmrcpsp.py:42(stream:278:56): Warning: Cumulative expression 'pulse': height is zero, expression is zero everywhere.
                                                                                                VarCumulAtom_423 = pulse(task_1_mode_1, 0)
/home/omastto1/General-Optimization-Solver/src/solvers/mmrcpsp.py:42(stream:278:81): Warning: Cumulative expression 'pulse': height is zero, expression is zero everywhere.
                                                                                                VarCumulAtom_424 = pulse(task_1_mode_2, 0)
/home/omastto1/General-Optimization-Solver/src/solvers/mmrcpsp.py:42(stream:278:106): Warning: Cumulative expression 'pulse': height is zero, expression is zero everywhere.
                                                                                                 VarCumulAtom_425 = pulse(task_2_mode_0, 0)
/home/omastto1/General-Optimization-Solver/src/solvers/mmrcpsp.py:42(stream:278:181): Warning: Cumulative expression 'pulse': height is zero, expression is zero everywhere.
                                                                                                 VarCumulAtom_428 = pulse(task_3_mode_0, 0)
/home/omastto1/General-Optimization-Solver/src/solvers/mmrcpsp.py:42(stream:278:231): Warning: Cumulative expression 'pulse': height is zero, expression is zero everywhere.
                                                                                                 VarCumulAtom_430 = pulse(task_3_mode_2, 0)
/home/omastto1/General-Optimization-Solver/src/solvers/mmrcpsp.py:42(stream:278:256): Warning: Cumulative expression 'pulse': height is zero, expression is zero everywhere.
                                                                                                 VarCumulAtom_431 = pulse(task_4_mode_0, 0)
/home/omastto1/General-Optimization-Solver/src/solvers/mmrcpsp.py:42(stream:278:331): Warning: Cumulative expression 'pulse': height is zero, expression is zero everywhere.
                                                                                                 VarCumulAtom_434 = pulse(task_5_mode_0, 0)
/home/omastto1/General-Optimization-Solver/src/solvers/mmrcpsp.py:42(stream:278:381): Warning: Cumulative expression 'pulse': height is zero, expression is zero everywhere.
                                                                                                 VarCumulAtom_436 = pulse(task_5_mode_2, 0)
/home/omastto1/General-Optimization-Solver/src/solvers/mmrcpsp.py:42(stream:278:406): Warning: Cumulative expression 'pulse': height is zero, expression is zero everywhere.
                                                                                                 VarCumulAtom_437 = pulse(task_6_mode_0, 0)
/home/omastto1/General-Optimization-Solver/src/solvers/mmrcpsp.py:42(stream:278:431): Warning: Cumulative expression 'pulse': height is zero, expression is zero everywhere.
                                                                                                 VarCumulAtom_438 = pulse(task_6_mode_1, 0)
/home/omastto1/General-Optimization-Solver/src/solvers/mmrcpsp.py:42(stream:278:456): Warning: Cumulative expression 'pulse': height is zero, expression is zero everywhere.
                                                                                                 VarCumulAtom_439 = pulse(task_6_mode_2, 0)
/home/omastto1/General-Optimization-Solver/src/solvers/mmrcpsp.py:42(stream:278:481): Warning: Cumulative expression 'pulse': height is zero, expression is zero everywhere.
                                                                                                 VarCumulAtom_440 = pulse(task_7_mode_0, 0)
/home/omastto1/General-Optimization-Solver/src/solvers/mmrcpsp.py:42(stream:278:506): Warning: Cumulative expression 'pulse': height is zero, expression is zero everywhere.
                                                                                                 VarCumulAtom_441 = pulse(task_7_mode_1, 0)
/home/omastto1/General-Optimization-Solver/src/solvers/mmrcpsp.py:42(stream:278:556): Warning: Cumulative expression 'pulse': height is zero, expression is zero everywhere.
                                                                                                 VarCumulAtom_443 = pulse(task_8_mode_0, 0)
/home/omastto1/General-Optimization-Solver/src/solvers/mmrcpsp.py:42(stream:278:606): Warning: Cumulative expression 'pulse': height is zero, expression is zero everywhere.
                                                                                                 VarCumulAtom_445 = pulse(task_8_mode_2, 0)
/home/omastto1/General-Optimization-Solver/src/solvers/mmrcpsp.py:42(stream:278:706): Warning: Cumulative expression 'pulse': height is zero, expression is zero everywhere.
                                                                                                 VarCumulAtom_449 = pulse(task_10_mode_0, 0)
/home/omastto1/General-Optimization-Solver/src/solvers/mmrcpsp.py:42(stream:278:758): Warning: Cumulative expression 'pulse': height is zero, expression is zero everywhere.
                                                                                                 VarCumulAtom_451 = pulse(task_10_mode_2, 0)
/home/omastto1/General-Optimization-Solver/src/solvers/mmrcpsp.py:42(stream:278:836): Warning: Cumulative expression 'pulse': height is zero, expression is zero everywhere.
                                                                                                 VarCumulAtom_454 = pulse(task_11_mode_2, 0)
   Too many warnings of this type. Suppressing further warnings of this type.
 ! --------------------------------------------------- CP Optimizer 20.1.0.0 --
 ! Minimization problem - 205 variables, 264 constraints
 ! TimeLimit            = 60
 ! Workers              = 14
 ! LogVerbosity         = Terse
 ! Initial process time : 0.01s (0.01s extraction + 0.00s propagation)
 !  . Log search space  : 519.7 (before), 519.7 (after)
 !  . Memory usage      : 1.3 MB (before), 1.3 MB (after)
 ! Using parallel search with 14 workers.
 ! ----------------------------------------------------------------------------
 !          Best Branches  Non-fixed    W       Branch decision
                        0        205                 -
 + New bound is 26
 ! Using iterative diving.
 ! Using temporal relaxation.
 *            43      129  0.57s        1      (gap is 39.53%)
 *            42      332  0.57s        1      (gap is 38.10%)
 *            41      440  0.57s        1      (gap is 36.59%)
 *            40      548  0.57s        1      (gap is 35.00%)
 *            37      656  0.57s        1      (gap is 29.73%)
 *            35      764  0.57s        1      (gap is 25.71%)
 *            33      934  0.57s        1      (gap is 21.21%)
 *            31     1046  0.57s        1      (gap is 16.13%)
 *            30     1158  0.57s        1      (gap is 13.33%)
 *            29     1272  0.57s        1      (gap is 10.34%)
 *            28     1365  0.57s        1      (gap is 7.14%)
 *            27     1412  0.57s        1      (gap is 3.70%)
 *            26     1512  0.57s        1      (gap is 0.00%)
 ! ----------------------------------------------------------------------------
 ! Search completed, 13 solutions found.
 ! Best objective         : 26 (optimal - effective tol. is 0)
 ! Best bound             : 26
 ! ----------------------------------------------------------------------------
 ! Number of branches     : 69918
 ! Number of fails        : 488
 ! Total memory usage     : 17.8 MB (17.7 MB CP Optimizer + 0.2 MB Concert)
 ! Time spent in solve    : 0.61s (0.60s engine + 0.01s extraction)
 ! Search speed (br. / s) : 118505.1
 ! ----------------------------------------------------------------------------
task_0: (start=0, end=0, size=0, length=0)
Task 0 is scheduled in mode 0 from 0 to 0
task_1: (start=0, end=6, size=6, length=6)
Task 1 is scheduled in mode 0 from 0 to 6
task_2: (start=0, end=6, size=6, length=6)
Task 2 is scheduled in mode 0 from 0 to 6
task_3: (start=0, end=7, size=7, length=7)
Task 3 is scheduled in mode 2 from 0 to 7
task_4: (start=6, end=8, size=2, length=2)
Task 4 is scheduled in mode 0 from 6 to 8
task_5: (start=0, end=4, size=4, length=4)
Task 5 is scheduled in mode 1 from 0 to 4
task_6: (start=0, end=8, size=8, length=8)
Task 6 is scheduled in mode 0 from 0 to 8
task_7: (start=0, end=3, size=3, length=3)
Task 7 is scheduled in mode 1 from 0 to 3
task_8: (start=0, end=1, size=1, length=1)
Task 8 is scheduled in mode 0 from 0 to 1
task_9: (start=6, end=7, size=1, length=1)
Task 9 is scheduled in mode 0 from 6 to 7
task_10: (start=0, end=5, size=5, length=5)
Task 10 is scheduled in mode 1 from 0 to 5
task_11: (start=0, end=10, size=10, length=10)
Task 11 is scheduled in mode 2 from 0 to 10
task_12: (start=0, end=10, size=10, length=10)
Task 12 is scheduled in mode 2 from 0 to 10
task_13: (start=6, end=16, size=10, length=10)
Task 13 is scheduled in mode 2 from 6 to 16
task_14: (start=0, end=10, size=10, length=10)
Task 14 is scheduled in mode 2 from 0 to 10
task_15: (start=4, end=14, size=10, length=10)
Task 15 is scheduled in mode 2 from 4 to 14
task_16: (start=7, end=11, size=4, length=4)
Task 16 is scheduled in mode 1 from 7 to 11
task_17: (start=0, end=2, size=2, length=2)
Task 17 is scheduled in mode 0 from 0 to 2
task_18: (start=8, end=15, size=7, length=7)
Task 18 is scheduled in mode 0 from 8 to 15
task_19: (start=0, end=6, size=6, length=6)
Task 19 is scheduled in mode 1 from 0 to 6
task_20: (start=6, end=13, size=7, length=7)
Task 20 is scheduled in mode 2 from 6 to 13
task_21: (start=9, end=10, size=1, length=1)
Task 21 is scheduled in mode 0 from 9 to 10
task_22: (start=10, end=15, size=5, length=5)
Task 22 is scheduled in mode 0 from 10 to 15
task_23: (start=11, end=20, size=9, length=9)
Task 23 is scheduled in mode 2 from 11 to 20
task_24: (start=6, end=9, size=3, length=3)
Task 24 is scheduled in mode 0 from 6 to 9
task_25: (start=13, end=19, size=6, length=6)
Task 25 is scheduled in mode 1 from 13 to 19
task_26: (start=7, end=11, size=4, length=4)
Task 26 is scheduled in mode 1 from 7 to 11
task_27: (start=0, end=1, size=1, length=1)
Task 27 is scheduled in mode 0 from 0 to 1
task_28: (start=8, end=18, size=10, length=10)
Task 28 is scheduled in mode 2 from 8 to 18
task_29: (start=10, end=20, size=10, length=10)
Task 29 is scheduled in mode 2 from 10 to 20
task_30: (start=9, end=18, size=9, length=9)
Task 30 is scheduled in mode 2 from 9 to 18
task_31: (start=15, end=22, size=7, length=7)
Task 31 is scheduled in mode 0 from 15 to 22
task_32: (start=4, end=9, size=5, length=5)
Task 32 is scheduled in mode 0 from 4 to 9
task_33: (start=11, end=16, size=5, length=5)
Task 33 is scheduled in mode 0 from 11 to 16
task_34: (start=10, end=12, size=2, length=2)
Task 34 is scheduled in mode 0 from 10 to 12
task_35: (start=22, end=26, size=4, length=4)
Task 35 is scheduled in mode 0 from 22 to 26
task_36: (start=22, end=24, size=2, length=2)
Task 36 is scheduled in mode 0 from 22 to 24
task_37: (start=16, end=23, size=7, length=7)
Task 37 is scheduled in mode 2 from 16 to 23
task_38: (start=22, end=26, size=4, length=4)
Task 38 is scheduled in mode 2 from 22 to 26
task_39: (start=20, end=26, size=6, length=6)
Task 39 is scheduled in mode 2 from 20 to 26
task_40: (start=20, end=23, size=3, length=3)
Task 40 is scheduled in mode 1 from 20 to 23
task_41: (start=16, end=26, size=10, length=10)
Task 41 is scheduled in mode 2 from 16 to 26
task_42: (start=18, end=26, size=8, length=8)
Task 42 is scheduled in mode 2 from 18 to 26
task_43: (start=16, end=22, size=6, length=6)
Task 43 is scheduled in mode 0 from 16 to 22
task_44: (start=18, end=25, size=7, length=7)
Task 44 is scheduled in mode 1 from 18 to 25
task_45: (start=20, end=23, size=3, length=3)
Task 45 is scheduled in mode 1 from 20 to 23
task_46: (start=20, end=26, size=6, length=6)
Task 46 is scheduled in mode 1 from 20 to 26
task_47: (start=10, end=14, size=4, length=4)
Task 47 is scheduled in mode 1 from 10 to 14
task_48: (start=16, end=19, size=3, length=3)
Task 48 is scheduled in mode 2 from 16 to 19
task_49: (start=20, end=21, size=1, length=1)
Task 49 is scheduled in mode 0 from 20 to 21
task_50: (start=18, end=25, size=7, length=7)
Task 50 is scheduled in mode 1 from 18 to 25
task_51: (start=26, end=26, size=0, length=0)
Task 51 is scheduled in mode 0 from 26 to 26
Optimal solution found
Objective value: 26
Solution is optimal.
