72
raw_data/mm-rcpsp/MMLIB50/J5015_2.mm
Time limit set to 60 seconds
Running CP solver
/home/omastto1/General-Optimization-Solver/src/solvers/mmrcpsp.py:42(stream:278:6): Warning: Cumulative expression 'pulse': height is zero, expression is zero everywhere.
                                                                                               VarCumulAtom_421 = pulse(task_0_mode_0, 0)
/home/omastto1/General-Optimization-Solver/src/solvers/mmrcpsp.py:42(stream:278:31): Warning: Cumulative expression 'pulse': height is zero, expression is zero everywhere.
                                                                                                VarCumulAtom_422 = pulse(task_1_mode_0, 0)
/home/omastto1/General-Optimization-Solver/src/solvers/mmrcpsp.py:42(stream:278:81): Warning: Cumulative expression 'pulse': height is zero, expression is zero everywhere.
                                                                                                VarCumulAtom_424 = pulse(task_1_mode_2, 0)
/home/omastto1/General-Optimization-Solver/src/solvers/mmrcpsp.py:42(stream:278:106): Warning: Cumulative expression 'pulse': height is zero, expression is zero everywhere.
                                                                                                 VarCumulAtom_425 = pulse(task_2_mode_0, 0)
/home/omastto1/General-Optimization-Solver/src/solvers/mmrcpsp.py:42(stream:278:357): Warning: Cumulative expression 'pulse': height is zero, expression is zero everywhere.
                                                                                                 VarCumulAtom_435 = pulse(task_5_mode_1, 0)
/home/omastto1/General-Optimization-Solver/src/solvers/mmrcpsp.py:42(stream:278:457): Warning: Cumulative expression 'pulse': height is zero, expression is zero everywhere.
                                                                                                 VarCumulAtom_439 = pulse(task_6_mode_2, 0)
/home/omastto1/General-Optimization-Solver/src/solvers/mmrcpsp.py:42(stream:278:585): Warning: Cumulative expression 'pulse': height is zero, expression is zero everywhere.
                                                                                                 VarCumulAtom_444 = pulse(task_8_mode_1, 0)
/home/omastto1/General-Optimization-Solver/src/solvers/mmrcpsp.py:42(stream:278:635): Warning: Cumulative expression 'pulse': height is zero, expression is zero everywhere.
                                                                                                 VarCumulAtom_446 = pulse(task_9_mode_0, 0)
/home/omastto1/General-Optimization-Solver/src/solvers/mmrcpsp.py:42(stream:278:736): Warning: Cumulative expression 'pulse': height is zero, expression is zero everywhere.
                                                                                                 VarCumulAtom_450 = pulse(task_10_mode_1, 0)
/home/omastto1/General-Optimization-Solver/src/solvers/mmrcpsp.py:42(stream:278:762): Warning: Cumulative expression 'pulse': height is zero, expression is zero everywhere.
                                                                                                 VarCumulAtom_451 = pulse(task_10_mode_2, 0)
/home/omastto1/General-Optimization-Solver/src/solvers/mmrcpsp.py:42(stream:278:840): Warning: Cumulative expression 'pulse': height is zero, expression is zero everywhere.
                                                                                                 VarCumulAtom_454 = pulse(task_11_mode_2, 0)
/home/omastto1/General-Optimization-Solver/src/solvers/mmrcpsp.py:42(stream:278:892): Warning: Cumulative expression 'pulse': height is zero, expression is zero everywhere.
                                                                                                 VarCumulAtom_456 = pulse(task_12_mode_1, 0)
/home/omastto1/General-Optimization-Solver/src/solvers/mmrcpsp.py:42(stream:278:996): Warning: Cumulative expression 'pulse': height is zero, expression is zero everywhere.
                                                                                                 VarCumulAtom_460 = pulse(task_13_mode_2, 0)
/home/omastto1/General-Optimization-Solver/src/solvers/mmrcpsp.py:42(stream:278:1022): Warning: Cumulative expression 'pulse': height is zero, expression is zero everywhere.
                                                                                                  VarCumulAtom_461 = pulse(task_14_mode_0, 0)
/home/omastto1/General-Optimization-Solver/src/solvers/mmrcpsp.py:42(stream:278:1074): Warning: Cumulative expression 'pulse': height is zero, expression is zero everywhere.
                                                                                                  VarCumulAtom_463 = pulse(task_14_mode_2, 0)
/home/omastto1/General-Optimization-Solver/src/solvers/mmrcpsp.py:42(stream:278:1100): Warning: Cumulative expression 'pulse': height is zero, expression is zero everywhere.
                                                                                                  VarCumulAtom_464 = pulse(task_15_mode_0, 0)
/home/omastto1/General-Optimization-Solver/src/solvers/mmrcpsp.py:42(stream:278:1152): Warning: Cumulative expression 'pulse': height is zero, expression is zero everywhere.
                                                                                                  VarCumulAtom_466 = pulse(task_15_mode_2, 0)
/home/omastto1/General-Optimization-Solver/src/solvers/mmrcpsp.py:42(stream:278:1178): Warning: Cumulative expression 'pulse': height is zero, expression is zero everywhere.
                                                                                                  VarCumulAtom_467 = pulse(task_16_mode_0, 0)
/home/omastto1/General-Optimization-Solver/src/solvers/mmrcpsp.py:42(stream:278:1204): Warning: Cumulative expression 'pulse': height is zero, expression is zero everywhere.
                                                                                                  VarCumulAtom_468 = pulse(task_16_mode_1, 0)
/home/omastto1/General-Optimization-Solver/src/solvers/mmrcpsp.py:42(stream:278:1256): Warning: Cumulative expression 'pulse': height is zero, expression is zero everywhere.
                                                                                                  VarCumulAtom_470 = pulse(task_17_mode_0, 0)
   Too many warnings of this type. Suppressing further warnings of this type.
 ! --------------------------------------------------- CP Optimizer 20.1.0.0 --
 ! Minimization problem - 205 variables, 287 constraints
 ! TimeLimit            = 60
 ! Workers              = 14
 ! LogVerbosity         = Terse
 ! Initial process time : 0.01s (0.01s extraction + 0.00s propagation)
 !  . Log search space  : 514.7 (before), 514.7 (after)
 !  . Memory usage      : 1.3 MB (before), 1.3 MB (after)
 ! Using parallel search with 14 workers.
 ! ----------------------------------------------------------------------------
 !          Best Branches  Non-fixed    W       Branch decision
                        0        205                 -
 + New bound is 25
 ! Using iterative diving.
 ! Using temporal relaxation.
 *            34      119  0.38s        1      (gap is 26.47%)
 *            31      314  0.38s        1      (gap is 19.35%)
 *            30      422  0.38s        1      (gap is 16.67%)
 *            29      670  0.38s        1      (gap is 13.79%)
 *            26      782  0.38s        1      (gap is 3.85%)
 *            25      896  0.38s        1      (gap is 0.00%)
 ! ----------------------------------------------------------------------------
 ! Search completed, 6 solutions found.
 ! Best objective         : 25 (optimal - effective tol. is 0)
 ! Best bound             : 25
 ! ----------------------------------------------------------------------------
 ! Number of branches     : 64368
 ! Number of fails        : 500
 ! Total memory usage     : 17.1 MB (16.9 MB CP Optimizer + 0.2 MB Concert)
 ! Time spent in solve    : 0.42s (0.41s engine + 0.01s extraction)
 ! Search speed (br. / s) : 160920.0
 ! ----------------------------------------------------------------------------
task_0: (start=0, end=0, size=0, length=0)
Task 0 is scheduled in mode 0 from 0 to 0
task_1: (start=0, end=2, size=2, length=2)
Task 1 is scheduled in mode 1 from 0 to 2
task_2: (start=0, end=10, size=10, length=10)
Task 2 is scheduled in mode 2 from 0 to 10
task_3: (start=0, end=8, size=8, length=8)
Task 3 is scheduled in mode 1 from 0 to 8
task_4: (start=0, end=7, size=7, length=7)
Task 4 is scheduled in mode 2 from 0 to 7
task_5: (start=0, end=6, size=6, length=6)
Task 5 is scheduled in mode 1 from 0 to 6
task_6: (start=2, end=3, size=1, length=1)
Task 6 is scheduled in mode 0 from 2 to 3
task_7: (start=0, end=3, size=3, length=3)
Task 7 is scheduled in mode 0 from 0 to 3
task_8: (start=0, end=6, size=6, length=6)
Task 8 is scheduled in mode 2 from 0 to 6
task_9: (start=0, end=7, size=7, length=7)
Task 9 is scheduled in mode 2 from 0 to 7
task_10: (start=2, end=12, size=10, length=10)
Task 10 is scheduled in mode 2 from 2 to 12
task_11: (start=0, end=3, size=3, length=3)
Task 11 is scheduled in mode 0 from 0 to 3
task_12: (start=0, end=5, size=5, length=5)
Task 12 is scheduled in mode 1 from 0 to 5
task_13: (start=8, end=14, size=6, length=6)
Task 13 is scheduled in mode 0 from 8 to 14
task_14: (start=0, end=8, size=8, length=8)
Task 14 is scheduled in mode 2 from 0 to 8
task_15: (start=0, end=9, size=9, length=9)
Task 15 is scheduled in mode 1 from 0 to 9
task_16: (start=6, end=12, size=6, length=6)
Task 16 is scheduled in mode 1 from 6 to 12
task_17: (start=7, end=14, size=7, length=7)
Task 17 is scheduled in mode 2 from 7 to 14
task_18: (start=7, end=15, size=8, length=8)
Task 18 is scheduled in mode 1 from 7 to 15
task_19: (start=0, end=3, size=3, length=3)
Task 19 is scheduled in mode 1 from 0 to 3
task_20: (start=0, end=5, size=5, length=5)
Task 20 is scheduled in mode 2 from 0 to 5
task_21: (start=10, end=17, size=7, length=7)
Task 21 is scheduled in mode 1 from 10 to 17
task_22: (start=6, end=15, size=9, length=9)
Task 22 is scheduled in mode 2 from 6 to 15
task_23: (start=14, end=18, size=4, length=4)
Task 23 is scheduled in mode 0 from 14 to 18
task_24: (start=12, end=18, size=6, length=6)
Task 24 is scheduled in mode 2 from 12 to 18
task_25: (start=10, end=11, size=1, length=1)
Task 25 is scheduled in mode 0 from 10 to 11
task_26: (start=7, end=12, size=5, length=5)
Task 26 is scheduled in mode 1 from 7 to 12
task_27: (start=3, end=9, size=6, length=6)
Task 27 is scheduled in mode 2 from 3 to 9
task_28: (start=0, end=10, size=10, length=10)
Task 28 is scheduled in mode 2 from 0 to 10
task_29: (start=15, end=17, size=2, length=2)
Task 29 is scheduled in mode 1 from 15 to 17
task_30: (start=3, end=12, size=9, length=9)
Task 30 is scheduled in mode 2 from 3 to 12
task_31: (start=12, end=13, size=1, length=1)
Task 31 is scheduled in mode 0 from 12 to 13
task_32: (start=10, end=18, size=8, length=8)
Task 32 is scheduled in mode 2 from 10 to 18
task_33: (start=18, end=25, size=7, length=7)
Task 33 is scheduled in mode 0 from 18 to 25
task_34: (start=18, end=25, size=7, length=7)
Task 34 is scheduled in mode 1 from 18 to 25
task_35: (start=18, end=22, size=4, length=4)
Task 35 is scheduled in mode 0 from 18 to 22
task_36: (start=17, end=22, size=5, length=5)
Task 36 is scheduled in mode 0 from 17 to 22
task_37: (start=15, end=22, size=7, length=7)
Task 37 is scheduled in mode 2 from 15 to 22
task_38: (start=18, end=19, size=1, length=1)
Task 38 is scheduled in mode 0 from 18 to 19
task_39: (start=18, end=19, size=1, length=1)
Task 39 is scheduled in mode 0 from 18 to 19
task_40: (start=14, end=21, size=7, length=7)
Task 40 is scheduled in mode 2 from 14 to 21
task_41: (start=15, end=24, size=9, length=9)
Task 41 is scheduled in mode 1 from 15 to 24
task_42: (start=15, end=24, size=9, length=9)
Task 42 is scheduled in mode 2 from 15 to 24
task_43: (start=15, end=25, size=10, length=10)
Task 43 is scheduled in mode 2 from 15 to 25
task_44: (start=14, end=21, size=7, length=7)
Task 44 is scheduled in mode 2 from 14 to 21
task_45: (start=17, end=20, size=3, length=3)
Task 45 is scheduled in mode 1 from 17 to 20
task_46: (start=8, end=11, size=3, length=3)
Task 46 is scheduled in mode 2 from 8 to 11
task_47: (start=14, end=17, size=3, length=3)
Task 47 is scheduled in mode 0 from 14 to 17
task_48: (start=12, end=21, size=9, length=9)
Task 48 is scheduled in mode 2 from 12 to 21
task_49: (start=17, end=22, size=5, length=5)
Task 49 is scheduled in mode 2 from 17 to 22
task_50: (start=8, end=11, size=3, length=3)
Task 50 is scheduled in mode 1 from 8 to 11
task_51: (start=25, end=25, size=0, length=0)
Task 51 is scheduled in mode 0 from 25 to 25
Optimal solution found
Objective value: 25
Solution is optimal.
