65
raw_data/mm-rcpsp/MMLIB50/J5013_5.mm
Time limit set to 60 seconds
Running CP solver
/home/omastto1/General-Optimization-Solver/src/solvers/mmrcpsp.py:42(stream:278:6): Warning: Cumulative expression 'pulse': height is zero, expression is zero everywhere.
                                                                                               VarCumulAtom_421 = pulse(task_0_mode_0, 0)
/home/omastto1/General-Optimization-Solver/src/solvers/mmrcpsp.py:42(stream:278:56): Warning: Cumulative expression 'pulse': height is zero, expression is zero everywhere.
                                                                                                VarCumulAtom_423 = pulse(task_1_mode_1, 0)
/home/omastto1/General-Optimization-Solver/src/solvers/mmrcpsp.py:42(stream:278:106): Warning: Cumulative expression 'pulse': height is zero, expression is zero everywhere.
                                                                                                 VarCumulAtom_425 = pulse(task_2_mode_0, 0)
/home/omastto1/General-Optimization-Solver/src/solvers/mmrcpsp.py:42(stream:278:131): Warning: Cumulative expression 'pulse': height is zero, expression is zero everywhere.
                                                                                                 VarCumulAtom_426 = pulse(task_2_mode_1, 0)
/home/omastto1/General-Optimization-Solver/src/solvers/mmrcpsp.py:42(stream:278:306): Warning: Cumulative expression 'pulse': height is zero, expression is zero everywhere.
                                                                                                 VarCumulAtom_433 = pulse(task_4_mode_2, 0)
/home/omastto1/General-Optimization-Solver/src/solvers/mmrcpsp.py:42(stream:278:331): Warning: Cumulative expression 'pulse': height is zero, expression is zero everywhere.
                                                                                                 VarCumulAtom_434 = pulse(task_5_mode_0, 0)
/home/omastto1/General-Optimization-Solver/src/solvers/mmrcpsp.py:42(stream:278:406): Warning: Cumulative expression 'pulse': height is zero, expression is zero everywhere.
                                                                                                 VarCumulAtom_437 = pulse(task_6_mode_0, 0)
/home/omastto1/General-Optimization-Solver/src/solvers/mmrcpsp.py:42(stream:278:481): Warning: Cumulative expression 'pulse': height is zero, expression is zero everywhere.
                                                                                                 VarCumulAtom_440 = pulse(task_7_mode_0, 0)
/home/omastto1/General-Optimization-Solver/src/solvers/mmrcpsp.py:42(stream:278:506): Warning: Cumulative expression 'pulse': height is zero, expression is zero everywhere.
                                                                                                 VarCumulAtom_441 = pulse(task_7_mode_1, 0)
/home/omastto1/General-Optimization-Solver/src/solvers/mmrcpsp.py:42(stream:278:531): Warning: Cumulative expression 'pulse': height is zero, expression is zero everywhere.
                                                                                                 VarCumulAtom_442 = pulse(task_7_mode_2, 0)
/home/omastto1/General-Optimization-Solver/src/solvers/mmrcpsp.py:42(stream:278:556): Warning: Cumulative expression 'pulse': height is zero, expression is zero everywhere.
                                                                                                 VarCumulAtom_443 = pulse(task_8_mode_0, 0)
/home/omastto1/General-Optimization-Solver/src/solvers/mmrcpsp.py:42(stream:278:581): Warning: Cumulative expression 'pulse': height is zero, expression is zero everywhere.
                                                                                                 VarCumulAtom_444 = pulse(task_8_mode_1, 0)
/home/omastto1/General-Optimization-Solver/src/solvers/mmrcpsp.py:42(stream:278:656): Warning: Cumulative expression 'pulse': height is zero, expression is zero everywhere.
                                                                                                 VarCumulAtom_447 = pulse(task_9_mode_1, 0)
/home/omastto1/General-Optimization-Solver/src/solvers/mmrcpsp.py:42(stream:278:732): Warning: Cumulative expression 'pulse': height is zero, expression is zero everywhere.
                                                                                                 VarCumulAtom_450 = pulse(task_10_mode_1, 0)
/home/omastto1/General-Optimization-Solver/src/solvers/mmrcpsp.py:42(stream:278:758): Warning: Cumulative expression 'pulse': height is zero, expression is zero everywhere.
                                                                                                 VarCumulAtom_451 = pulse(task_10_mode_2, 0)
/home/omastto1/General-Optimization-Solver/src/solvers/mmrcpsp.py:42(stream:278:784): Warning: Cumulative expression 'pulse': height is zero, expression is zero everywhere.
                                                                                                 VarCumulAtom_452 = pulse(task_11_mode_0, 0)
/home/omastto1/General-Optimization-Solver/src/solvers/mmrcpsp.py:42(stream:278:862): Warning: Cumulative expression 'pulse': height is zero, expression is zero everywhere.
                                                                                                 VarCumulAtom_455 = pulse(task_12_mode_0, 0)
/home/omastto1/General-Optimization-Solver/src/solvers/mmrcpsp.py:42(stream:278:888): Warning: Cumulative expression 'pulse': height is zero, expression is zero everywhere.
                                                                                                 VarCumulAtom_456 = pulse(task_12_mode_1, 0)
/home/omastto1/General-Optimization-Solver/src/solvers/mmrcpsp.py:42(stream:278:940): Warning: Cumulative expression 'pulse': height is zero, expression is zero everywhere.
                                                                                                 VarCumulAtom_458 = pulse(task_13_mode_0, 0)
/home/omastto1/General-Optimization-Solver/src/solvers/mmrcpsp.py:42(stream:278:992): Warning: Cumulative expression 'pulse': height is zero, expression is zero everywhere.
                                                                                                 VarCumulAtom_460 = pulse(task_13_mode_2, 0)
   Too many warnings of this type. Suppressing further warnings of this type.
 ! --------------------------------------------------- CP Optimizer 20.1.0.0 --
 ! Minimization problem - 205 variables, 287 constraints
 ! TimeLimit            = 60
 ! Workers              = 14
 ! LogVerbosity         = Terse
 ! Initial process time : 0.01s (0.01s extraction + 0.00s propagation)
 !  . Log search space  : 520.2 (before), 520.2 (after)
 !  . Memory usage      : 1.3 MB (before), 1.3 MB (after)
 ! Using parallel search with 14 workers.
 ! ----------------------------------------------------------------------------
 !          Best Branches  Non-fixed    W       Branch decision
                        0        205                 -
 + New bound is 24
 ! Using iterative diving.
 ! Using temporal relaxation.
 *            34      783  0.80s        1      (gap is 29.41%)
 *            32      980  0.80s        1      (gap is 25.00%)
 *            30      788  0.80s        5      (gap is 20.00%)
 *            28      955  0.80s        9      (gap is 14.29%)
 *            27     3268  1.35s        1      (gap is 11.11%)
 *            25     2340  1.35s        4      (gap is 4.00%)
 *            24     2348  1.35s        5      (gap is 0.00%)
 ! ----------------------------------------------------------------------------
 ! Search completed, 7 solutions found.
 ! Best objective         : 24 (optimal - effective tol. is 0)
 ! Best bound             : 24
 ! ----------------------------------------------------------------------------
 ! Number of branches     : 124079
 ! Number of fails        : 20968
 ! Total memory usage     : 17.9 MB (17.8 MB CP Optimizer + 0.2 MB Concert)
 ! Time spent in solve    : 1.85s (1.84s engine + 0.01s extraction)
 ! Search speed (br. / s) : 67434.2
 ! ----------------------------------------------------------------------------
task_0: (start=0, end=0, size=0, length=0)
Task 0 is scheduled in mode 0 from 0 to 0
task_1: (start=0, end=4, size=4, length=4)
Task 1 is scheduled in mode 2 from 0 to 4
task_2: (start=0, end=4, size=4, length=4)
Task 2 is scheduled in mode 1 from 0 to 4
task_3: (start=0, end=9, size=9, length=9)
Task 3 is scheduled in mode 2 from 0 to 9
task_4: (start=0, end=2, size=2, length=2)
Task 4 is scheduled in mode 2 from 0 to 2
task_5: (start=0, end=6, size=6, length=6)
Task 5 is scheduled in mode 2 from 0 to 6
task_6: (start=0, end=6, size=6, length=6)
Task 6 is scheduled in mode 2 from 0 to 6
task_7: (start=0, end=5, size=5, length=5)
Task 7 is scheduled in mode 1 from 0 to 5
task_8: (start=0, end=3, size=3, length=3)
Task 8 is scheduled in mode 1 from 0 to 3
task_9: (start=0, end=2, size=2, length=2)
Task 9 is scheduled in mode 0 from 0 to 2
task_10: (start=4, end=13, size=9, length=9)
Task 10 is scheduled in mode 2 from 4 to 13
task_11: (start=6, end=14, size=8, length=8)
Task 11 is scheduled in mode 1 from 6 to 14
task_12: (start=0, end=10, size=10, length=10)
Task 12 is scheduled in mode 2 from 0 to 10
task_13: (start=0, end=5, size=5, length=5)
Task 13 is scheduled in mode 1 from 0 to 5
task_14: (start=5, end=10, size=5, length=5)
Task 14 is scheduled in mode 1 from 5 to 10
task_15: (start=6, end=14, size=8, length=8)
Task 15 is scheduled in mode 1 from 6 to 14
task_16: (start=4, end=14, size=10, length=10)
Task 16 is scheduled in mode 2 from 4 to 14
task_17: (start=2, end=11, size=9, length=9)
Task 17 is scheduled in mode 1 from 2 to 11
task_18: (start=10, end=19, size=9, length=9)
Task 18 is scheduled in mode 2 from 10 to 19
task_19: (start=0, end=7, size=7, length=7)
Task 19 is scheduled in mode 2 from 0 to 7
task_20: (start=6, end=13, size=7, length=7)
Task 20 is scheduled in mode 1 from 6 to 13
task_21: (start=9, end=15, size=6, length=6)
Task 21 is scheduled in mode 2 from 9 to 15
task_22: (start=9, end=18, size=9, length=9)
Task 22 is scheduled in mode 2 from 9 to 18
task_23: (start=10, end=19, size=9, length=9)
Task 23 is scheduled in mode 2 from 10 to 19
task_24: (start=9, end=16, size=7, length=7)
Task 24 is scheduled in mode 1 from 9 to 16
task_25: (start=0, end=7, size=7, length=7)
Task 25 is scheduled in mode 2 from 0 to 7
task_26: (start=14, end=22, size=8, length=8)
Task 26 is scheduled in mode 2 from 14 to 22
task_27: (start=14, end=19, size=5, length=5)
Task 27 is scheduled in mode 2 from 14 to 19
task_28: (start=10, end=19, size=9, length=9)
Task 28 is scheduled in mode 2 from 10 to 19
task_29: (start=0, end=6, size=6, length=6)
Task 29 is scheduled in mode 1 from 0 to 6
task_30: (start=22, end=23, size=1, length=1)
Task 30 is scheduled in mode 1 from 22 to 23
task_31: (start=14, end=23, size=9, length=9)
Task 31 is scheduled in mode 2 from 14 to 23
task_32: (start=9, end=19, size=10, length=10)
Task 32 is scheduled in mode 2 from 9 to 19
task_33: (start=9, end=18, size=9, length=9)
Task 33 is scheduled in mode 2 from 9 to 18
task_34: (start=23, end=24, size=1, length=1)
Task 34 is scheduled in mode 0 from 23 to 24
task_35: (start=19, end=24, size=5, length=5)
Task 35 is scheduled in mode 1 from 19 to 24
task_36: (start=19, end=20, size=1, length=1)
Task 36 is scheduled in mode 0 from 19 to 20
task_37: (start=19, end=22, size=3, length=3)
Task 37 is scheduled in mode 1 from 19 to 22
task_38: (start=19, end=21, size=2, length=2)
Task 38 is scheduled in mode 1 from 19 to 21
task_39: (start=22, end=24, size=2, length=2)
Task 39 is scheduled in mode 1 from 22 to 24
task_40: (start=19, end=24, size=5, length=5)
Task 40 is scheduled in mode 0 from 19 to 24
task_41: (start=19, end=23, size=4, length=4)
Task 41 is scheduled in mode 2 from 19 to 23
task_42: (start=14, end=19, size=5, length=5)
Task 42 is scheduled in mode 2 from 14 to 19
task_43: (start=14, end=24, size=10, length=10)
Task 43 is scheduled in mode 2 from 14 to 24
task_44: (start=15, end=19, size=4, length=4)
Task 44 is scheduled in mode 0 from 15 to 19
task_45: (start=14, end=23, size=9, length=9)
Task 45 is scheduled in mode 2 from 14 to 23
task_46: (start=16, end=23, size=7, length=7)
Task 46 is scheduled in mode 1 from 16 to 23
task_47: (start=14, end=23, size=9, length=9)
Task 47 is scheduled in mode 2 from 14 to 23
task_48: (start=14, end=17, size=3, length=3)
Task 48 is scheduled in mode 0 from 14 to 17
task_49: (start=11, end=15, size=4, length=4)
Task 49 is scheduled in mode 2 from 11 to 15
task_50: (start=6, end=16, size=10, length=10)
Task 50 is scheduled in mode 2 from 6 to 16
task_51: (start=24, end=24, size=0, length=0)
Task 51 is scheduled in mode 0 from 24 to 24
Optimal solution found
Objective value: 24
Solution is optimal.
