2
raw_data/mm-rcpsp/MMLIB50/J501_2.mm
Time limit set to 60 seconds
Running CP solver
/home/omastto1/General-Optimization-Solver/src/solvers/mmrcpsp.py:42(stream:278:6): Warning: Cumulative expression 'pulse': height is zero, expression is zero everywhere.
                                                                                               VarCumulAtom_421 = pulse(task_0_mode_0, 0)
/home/omastto1/General-Optimization-Solver/src/solvers/mmrcpsp.py:42(stream:278:31): Warning: Cumulative expression 'pulse': height is zero, expression is zero everywhere.
                                                                                                VarCumulAtom_422 = pulse(task_1_mode_0, 0)
/home/omastto1/General-Optimization-Solver/src/solvers/mmrcpsp.py:42(stream:278:81): Warning: Cumulative expression 'pulse': height is zero, expression is zero everywhere.
                                                                                                VarCumulAtom_424 = pulse(task_1_mode_2, 0)
/home/omastto1/General-Optimization-Solver/src/solvers/mmrcpsp.py:42(stream:278:131): Warning: Cumulative expression 'pulse': height is zero, expression is zero everywhere.
                                                                                                 VarCumulAtom_426 = pulse(task_2_mode_1, 0)
/home/omastto1/General-Optimization-Solver/src/solvers/mmrcpsp.py:42(stream:278:156): Warning: Cumulative expression 'pulse': height is zero, expression is zero everywhere.
                                                                                                 VarCumulAtom_427 = pulse(task_2_mode_2, 0)
/home/omastto1/General-Optimization-Solver/src/solvers/mmrcpsp.py:42(stream:278:206): Warning: Cumulative expression 'pulse': height is zero, expression is zero everywhere.
                                                                                                 VarCumulAtom_429 = pulse(task_3_mode_1, 0)
/home/omastto1/General-Optimization-Solver/src/solvers/mmrcpsp.py:42(stream:278:231): Warning: Cumulative expression 'pulse': height is zero, expression is zero everywhere.
                                                                                                 VarCumulAtom_430 = pulse(task_3_mode_2, 0)
/home/omastto1/General-Optimization-Solver/src/solvers/mmrcpsp.py:42(stream:278:281): Warning: Cumulative expression 'pulse': height is zero, expression is zero everywhere.
                                                                                                 VarCumulAtom_432 = pulse(task_4_mode_1, 0)
/home/omastto1/General-Optimization-Solver/src/solvers/mmrcpsp.py:42(stream:278:306): Warning: Cumulative expression 'pulse': height is zero, expression is zero everywhere.
                                                                                                 VarCumulAtom_433 = pulse(task_4_mode_2, 0)
/home/omastto1/General-Optimization-Solver/src/solvers/mmrcpsp.py:42(stream:278:331): Warning: Cumulative expression 'pulse': height is zero, expression is zero everywhere.
                                                                                                 VarCumulAtom_434 = pulse(task_5_mode_0, 0)
/home/omastto1/General-Optimization-Solver/src/solvers/mmrcpsp.py:42(stream:278:381): Warning: Cumulative expression 'pulse': height is zero, expression is zero everywhere.
                                                                                                 VarCumulAtom_436 = pulse(task_5_mode_2, 0)
/home/omastto1/General-Optimization-Solver/src/solvers/mmrcpsp.py:42(stream:278:431): Warning: Cumulative expression 'pulse': height is zero, expression is zero everywhere.
                                                                                                 VarCumulAtom_438 = pulse(task_6_mode_1, 0)
/home/omastto1/General-Optimization-Solver/src/solvers/mmrcpsp.py:42(stream:278:506): Warning: Cumulative expression 'pulse': height is zero, expression is zero everywhere.
                                                                                                 VarCumulAtom_441 = pulse(task_7_mode_1, 0)
/home/omastto1/General-Optimization-Solver/src/solvers/mmrcpsp.py:42(stream:278:531): Warning: Cumulative expression 'pulse': height is zero, expression is zero everywhere.
                                                                                                 VarCumulAtom_442 = pulse(task_7_mode_2, 0)
/home/omastto1/General-Optimization-Solver/src/solvers/mmrcpsp.py:42(stream:278:556): Warning: Cumulative expression 'pulse': height is zero, expression is zero everywhere.
                                                                                                 VarCumulAtom_443 = pulse(task_8_mode_0, 0)
/home/omastto1/General-Optimization-Solver/src/solvers/mmrcpsp.py:42(stream:278:606): Warning: Cumulative expression 'pulse': height is zero, expression is zero everywhere.
                                                                                                 VarCumulAtom_445 = pulse(task_8_mode_2, 0)
/home/omastto1/General-Optimization-Solver/src/solvers/mmrcpsp.py:42(stream:278:656): Warning: Cumulative expression 'pulse': height is zero, expression is zero everywhere.
                                                                                                 VarCumulAtom_447 = pulse(task_9_mode_1, 0)
/home/omastto1/General-Optimization-Solver/src/solvers/mmrcpsp.py:42(stream:278:681): Warning: Cumulative expression 'pulse': height is zero, expression is zero everywhere.
                                                                                                 VarCumulAtom_448 = pulse(task_9_mode_2, 0)
/home/omastto1/General-Optimization-Solver/src/solvers/mmrcpsp.py:42(stream:278:706): Warning: Cumulative expression 'pulse': height is zero, expression is zero everywhere.
                                                                                                 VarCumulAtom_449 = pulse(task_10_mode_0, 0)
/home/omastto1/General-Optimization-Solver/src/solvers/mmrcpsp.py:42(stream:278:732): Warning: Cumulative expression 'pulse': height is zero, expression is zero everywhere.
                                                                                                 VarCumulAtom_450 = pulse(task_10_mode_1, 0)
   Too many warnings of this type. Suppressing further warnings of this type.
 ! --------------------------------------------------- CP Optimizer 20.1.0.0 --
 ! Minimization problem - 205 variables, 311 constraints
 ! TimeLimit            = 60
 ! Workers              = 14
 ! LogVerbosity         = Terse
 ! Initial process time : 0.02s (0.02s extraction + 0.00s propagation)
 !  . Log search space  : 520.1 (before), 520.1 (after)
 !  . Memory usage      : 1.3 MB (before), 1.3 MB (after)
 ! Using parallel search with 14 workers.
 ! ----------------------------------------------------------------------------
 !          Best Branches  Non-fixed    W       Branch decision
                        0        205                 -
 + New bound is 25
 ! Using iterative diving.
 ! Using temporal relaxation.
 *            41      383  0.78s        1      (gap is 39.02%)
 *            38      720  0.78s        1      (gap is 34.21%)
 *            32      821  0.78s        1      (gap is 21.88%)
 *            28     1475  1.36s        1      (gap is 10.71%)
 *            26     3718  1.95s        7      (gap is 3.85%)
 *            25    22536  7.03s        3      (gap is 0.00%)
 ! ----------------------------------------------------------------------------
 ! Search completed, 6 solutions found.
 ! Best objective         : 25 (optimal - effective tol. is 0)
 ! Best bound             : 25
 ! ----------------------------------------------------------------------------
 ! Number of branches     : 513022
 ! Number of fails        : 124990
 ! Total memory usage     : 18.2 MB (18.0 MB CP Optimizer + 0.2 MB Concert)
 ! Time spent in solve    : 7.60s (7.59s engine + 0.02s extraction)
 ! Search speed (br. / s) : 67681.0
 ! ----------------------------------------------------------------------------
task_0: (start=0, end=0, size=0, length=0)
Task 0 is scheduled in mode 0 from 0 to 0
task_1: (start=0, end=8, size=8, length=8)
Task 1 is scheduled in mode 1 from 0 to 8
task_2: (start=0, end=8, size=8, length=8)
Task 2 is scheduled in mode 1 from 0 to 8
task_3: (start=0, end=10, size=10, length=10)
Task 3 is scheduled in mode 1 from 0 to 10
task_4: (start=4, end=8, size=4, length=4)
Task 4 is scheduled in mode 0 from 4 to 8
task_5: (start=0, end=2, size=2, length=2)
Task 5 is scheduled in mode 0 from 0 to 2
task_6: (start=0, end=10, size=10, length=10)
Task 6 is scheduled in mode 2 from 0 to 10
task_7: (start=0, end=10, size=10, length=10)
Task 7 is scheduled in mode 2 from 0 to 10
task_8: (start=7, end=17, size=10, length=10)
Task 8 is scheduled in mode 2 from 7 to 17
task_9: (start=2, end=11, size=9, length=9)
Task 9 is scheduled in mode 2 from 2 to 11
task_10: (start=2, end=7, size=5, length=5)
Task 10 is scheduled in mode 1 from 2 to 7
task_11: (start=1, end=11, size=10, length=10)
Task 11 is scheduled in mode 2 from 1 to 11
task_12: (start=0, end=4, size=4, length=4)
Task 12 is scheduled in mode 2 from 0 to 4
task_13: (start=0, end=8, size=8, length=8)
Task 13 is scheduled in mode 2 from 0 to 8
task_14: (start=0, end=8, size=8, length=8)
Task 14 is scheduled in mode 2 from 0 to 8
task_15: (start=8, end=16, size=8, length=8)
Task 15 is scheduled in mode 1 from 8 to 16
task_16: (start=10, end=17, size=7, length=7)
Task 16 is scheduled in mode 2 from 10 to 17
task_17: (start=11, end=18, size=7, length=7)
Task 17 is scheduled in mode 1 from 11 to 18
task_18: (start=8, end=12, size=4, length=4)
Task 18 is scheduled in mode 0 from 8 to 12
task_19: (start=10, end=11, size=1, length=1)
Task 19 is scheduled in mode 0 from 10 to 11
task_20: (start=0, end=1, size=1, length=1)
Task 20 is scheduled in mode 0 from 0 to 1
task_21: (start=8, end=17, size=9, length=9)
Task 21 is scheduled in mode 2 from 8 to 17
task_22: (start=7, end=14, size=7, length=7)
Task 22 is scheduled in mode 2 from 7 to 14
task_23: (start=10, end=17, size=7, length=7)
Task 23 is scheduled in mode 2 from 10 to 17
task_24: (start=11, end=16, size=5, length=5)
Task 24 is scheduled in mode 2 from 11 to 16
task_25: (start=17, end=18, size=1, length=1)
Task 25 is scheduled in mode 1 from 17 to 18
task_26: (start=8, end=17, size=9, length=9)
Task 26 is scheduled in mode 2 from 8 to 17
task_27: (start=10, end=14, size=4, length=4)
Task 27 is scheduled in mode 1 from 10 to 14
task_28: (start=8, end=9, size=1, length=1)
Task 28 is scheduled in mode 0 from 8 to 9
task_29: (start=9, end=18, size=9, length=9)
Task 29 is scheduled in mode 2 from 9 to 18
task_30: (start=17, end=23, size=6, length=6)
Task 30 is scheduled in mode 1 from 17 to 23
task_31: (start=17, end=25, size=8, length=8)
Task 31 is scheduled in mode 2 from 17 to 25
task_32: (start=18, end=20, size=2, length=2)
Task 32 is scheduled in mode 2 from 18 to 20
task_33: (start=23, end=25, size=2, length=2)
Task 33 is scheduled in mode 1 from 23 to 25
task_34: (start=21, end=25, size=4, length=4)
Task 34 is scheduled in mode 1 from 21 to 25
task_35: (start=18, end=25, size=7, length=7)
Task 35 is scheduled in mode 2 from 18 to 25
task_36: (start=18, end=25, size=7, length=7)
Task 36 is scheduled in mode 2 from 18 to 25
task_37: (start=17, end=23, size=6, length=6)
Task 37 is scheduled in mode 2 from 17 to 23
task_38: (start=21, end=25, size=4, length=4)
Task 38 is scheduled in mode 1 from 21 to 25
task_39: (start=18, end=24, size=6, length=6)
Task 39 is scheduled in mode 2 from 18 to 24
task_40: (start=17, end=25, size=8, length=8)
Task 40 is scheduled in mode 2 from 17 to 25
task_41: (start=24, end=25, size=1, length=1)
Task 41 is scheduled in mode 0 from 24 to 25
task_42: (start=17, end=21, size=4, length=4)
Task 42 is scheduled in mode 1 from 17 to 21
task_43: (start=20, end=25, size=5, length=5)
Task 43 is scheduled in mode 0 from 20 to 25
task_44: (start=17, end=24, size=7, length=7)
Task 44 is scheduled in mode 1 from 17 to 24
task_45: (start=12, end=22, size=10, length=10)
Task 45 is scheduled in mode 2 from 12 to 22
task_46: (start=20, end=24, size=4, length=4)
Task 46 is scheduled in mode 1 from 20 to 24
task_47: (start=17, end=25, size=8, length=8)
Task 47 is scheduled in mode 2 from 17 to 25
task_48: (start=12, end=17, size=5, length=5)
Task 48 is scheduled in mode 2 from 12 to 17
task_49: (start=16, end=25, size=9, length=9)
Task 49 is scheduled in mode 2 from 16 to 25
task_50: (start=17, end=23, size=6, length=6)
Task 50 is scheduled in mode 1 from 17 to 23
task_51: (start=25, end=25, size=0, length=0)
Task 51 is scheduled in mode 0 from 25 to 25
Optimal solution found
Objective value: 25
Solution is optimal.
