85
raw_data/mm-rcpsp/MMLIB50/J5017_5.mm
Time limit set to 60 seconds
Running CP solver
/home/omastto1/General-Optimization-Solver/src/solvers/mmrcpsp.py:42(stream:278:6): Warning: Cumulative expression 'pulse': height is zero, expression is zero everywhere.
                                                                                               VarCumulAtom_421 = pulse(task_0_mode_0, 0)
/home/omastto1/General-Optimization-Solver/src/solvers/mmrcpsp.py:42(stream:278:81): Warning: Cumulative expression 'pulse': height is zero, expression is zero everywhere.
                                                                                                VarCumulAtom_424 = pulse(task_1_mode_2, 0)
/home/omastto1/General-Optimization-Solver/src/solvers/mmrcpsp.py:42(stream:278:132): Warning: Cumulative expression 'pulse': height is zero, expression is zero everywhere.
                                                                                                 VarCumulAtom_426 = pulse(task_2_mode_1, 0)
/home/omastto1/General-Optimization-Solver/src/solvers/mmrcpsp.py:42(stream:278:157): Warning: Cumulative expression 'pulse': height is zero, expression is zero everywhere.
                                                                                                 VarCumulAtom_427 = pulse(task_2_mode_2, 0)
/home/omastto1/General-Optimization-Solver/src/solvers/mmrcpsp.py:42(stream:278:182): Warning: Cumulative expression 'pulse': height is zero, expression is zero everywhere.
                                                                                                 VarCumulAtom_428 = pulse(task_3_mode_0, 0)
/home/omastto1/General-Optimization-Solver/src/solvers/mmrcpsp.py:42(stream:278:232): Warning: Cumulative expression 'pulse': height is zero, expression is zero everywhere.
                                                                                                 VarCumulAtom_430 = pulse(task_3_mode_2, 0)
/home/omastto1/General-Optimization-Solver/src/solvers/mmrcpsp.py:42(stream:278:282): Warning: Cumulative expression 'pulse': height is zero, expression is zero everywhere.
                                                                                                 VarCumulAtom_432 = pulse(task_4_mode_1, 0)
/home/omastto1/General-Optimization-Solver/src/solvers/mmrcpsp.py:42(stream:278:307): Warning: Cumulative expression 'pulse': height is zero, expression is zero everywhere.
                                                                                                 VarCumulAtom_433 = pulse(task_4_mode_2, 0)
/home/omastto1/General-Optimization-Solver/src/solvers/mmrcpsp.py:42(stream:278:432): Warning: Cumulative expression 'pulse': height is zero, expression is zero everywhere.
                                                                                                 VarCumulAtom_438 = pulse(task_6_mode_1, 0)
/home/omastto1/General-Optimization-Solver/src/solvers/mmrcpsp.py:42(stream:278:457): Warning: Cumulative expression 'pulse': height is zero, expression is zero everywhere.
                                                                                                 VarCumulAtom_439 = pulse(task_6_mode_2, 0)
/home/omastto1/General-Optimization-Solver/src/solvers/mmrcpsp.py:42(stream:278:482): Warning: Cumulative expression 'pulse': height is zero, expression is zero everywhere.
                                                                                                 VarCumulAtom_440 = pulse(task_7_mode_0, 0)
/home/omastto1/General-Optimization-Solver/src/solvers/mmrcpsp.py:42(stream:278:507): Warning: Cumulative expression 'pulse': height is zero, expression is zero everywhere.
                                                                                                 VarCumulAtom_441 = pulse(task_7_mode_1, 0)
/home/omastto1/General-Optimization-Solver/src/solvers/mmrcpsp.py:42(stream:278:532): Warning: Cumulative expression 'pulse': height is zero, expression is zero everywhere.
                                                                                                 VarCumulAtom_442 = pulse(task_7_mode_2, 0)
/home/omastto1/General-Optimization-Solver/src/solvers/mmrcpsp.py:42(stream:278:582): Warning: Cumulative expression 'pulse': height is zero, expression is zero everywhere.
                                                                                                 VarCumulAtom_444 = pulse(task_8_mode_1, 0)
/home/omastto1/General-Optimization-Solver/src/solvers/mmrcpsp.py:42(stream:278:607): Warning: Cumulative expression 'pulse': height is zero, expression is zero everywhere.
                                                                                                 VarCumulAtom_445 = pulse(task_8_mode_2, 0)
/home/omastto1/General-Optimization-Solver/src/solvers/mmrcpsp.py:42(stream:278:657): Warning: Cumulative expression 'pulse': height is zero, expression is zero everywhere.
                                                                                                 VarCumulAtom_447 = pulse(task_9_mode_1, 0)
/home/omastto1/General-Optimization-Solver/src/solvers/mmrcpsp.py:42(stream:278:707): Warning: Cumulative expression 'pulse': height is zero, expression is zero everywhere.
                                                                                                 VarCumulAtom_449 = pulse(task_10_mode_0, 0)
/home/omastto1/General-Optimization-Solver/src/solvers/mmrcpsp.py:42(stream:278:733): Warning: Cumulative expression 'pulse': height is zero, expression is zero everywhere.
                                                                                                 VarCumulAtom_450 = pulse(task_10_mode_1, 0)
/home/omastto1/General-Optimization-Solver/src/solvers/mmrcpsp.py:42(stream:278:759): Warning: Cumulative expression 'pulse': height is zero, expression is zero everywhere.
                                                                                                 VarCumulAtom_451 = pulse(task_10_mode_2, 0)
/home/omastto1/General-Optimization-Solver/src/solvers/mmrcpsp.py:42(stream:278:785): Warning: Cumulative expression 'pulse': height is zero, expression is zero everywhere.
                                                                                                 VarCumulAtom_452 = pulse(task_11_mode_0, 0)
   Too many warnings of this type. Suppressing further warnings of this type.
 ! --------------------------------------------------- CP Optimizer 20.1.0.0 --
 ! Minimization problem - 205 variables, 290 constraints
 ! TimeLimit            = 60
 ! Workers              = 14
 ! LogVerbosity         = Terse
 ! Initial process time : 0.01s (0.01s extraction + 0.00s propagation)
 !  . Log search space  : 510.8 (before), 510.8 (after)
 !  . Memory usage      : 1.3 MB (before), 1.3 MB (after)
 ! Using parallel search with 14 workers.
 ! ----------------------------------------------------------------------------
 !          Best Branches  Non-fixed    W       Branch decision
                        0        205                 -
 + New bound is 18
 ! Using iterative diving.
 ! Using temporal relaxation.
 *            29      124  0.26s        1      (gap is 37.93%)
 *            27      325  0.26s        1      (gap is 33.33%)
 *            26      433  0.26s        1      (gap is 30.77%)
 *            20      541  0.26s        1      (gap is 10.00%)
 *            19      659  0.26s        1      (gap is 5.26%)
 *            18      783  0.26s        1      (gap is 0.00%)
 ! ----------------------------------------------------------------------------
 ! Search completed, 6 solutions found.
 ! Best objective         : 18 (optimal - effective tol. is 0)
 ! Best bound             : 18
 ! ----------------------------------------------------------------------------
 ! Number of branches     : 56575
 ! Number of fails        : 517
 ! Total memory usage     : 16.7 MB (16.6 MB CP Optimizer + 0.2 MB Concert)
 ! Time spent in solve    : 0.30s (0.29s engine + 0.01s extraction)
 ! Search speed (br. / s) : 202053.6
 ! ----------------------------------------------------------------------------
task_0: (start=0, end=0, size=0, length=0)
Task 0 is scheduled in mode 0 from 0 to 0
task_1: (start=0, end=6, size=6, length=6)
Task 1 is scheduled in mode 1 from 0 to 6
task_2: (start=0, end=6, size=6, length=6)
Task 2 is scheduled in mode 0 from 0 to 6
task_3: (start=0, end=3, size=3, length=3)
Task 3 is scheduled in mode 2 from 0 to 3
task_4: (start=0, end=8, size=8, length=8)
Task 4 is scheduled in mode 2 from 0 to 8
task_5: (start=0, end=7, size=7, length=7)
Task 5 is scheduled in mode 2 from 0 to 7
task_6: (start=0, end=7, size=7, length=7)
Task 6 is scheduled in mode 2 from 0 to 7
task_7: (start=0, end=3, size=3, length=3)
Task 7 is scheduled in mode 0 from 0 to 3
task_8: (start=0, end=10, size=10, length=10)
Task 8 is scheduled in mode 2 from 0 to 10
task_9: (start=0, end=6, size=6, length=6)
Task 9 is scheduled in mode 2 from 0 to 6
task_10: (start=0, end=8, size=8, length=8)
Task 10 is scheduled in mode 2 from 0 to 8
task_11: (start=0, end=10, size=10, length=10)
Task 11 is scheduled in mode 2 from 0 to 10
task_12: (start=0, end=6, size=6, length=6)
Task 12 is scheduled in mode 2 from 0 to 6
task_13: (start=0, end=9, size=9, length=9)
Task 13 is scheduled in mode 2 from 0 to 9
task_14: (start=0, end=10, size=10, length=10)
Task 14 is scheduled in mode 2 from 0 to 10
task_15: (start=6, end=11, size=5, length=5)
Task 15 is scheduled in mode 2 from 6 to 11
task_16: (start=0, end=6, size=6, length=6)
Task 16 is scheduled in mode 2 from 0 to 6
task_17: (start=0, end=9, size=9, length=9)
Task 17 is scheduled in mode 2 from 0 to 9
task_18: (start=6, end=9, size=3, length=3)
Task 18 is scheduled in mode 0 from 6 to 9
task_19: (start=6, end=10, size=4, length=4)
Task 19 is scheduled in mode 1 from 6 to 10
task_20: (start=6, end=8, size=2, length=2)
Task 20 is scheduled in mode 1 from 6 to 8
task_21: (start=6, end=9, size=3, length=3)
Task 21 is scheduled in mode 2 from 6 to 9
task_22: (start=3, end=10, size=7, length=7)
Task 22 is scheduled in mode 1 from 3 to 10
task_23: (start=8, end=10, size=2, length=2)
Task 23 is scheduled in mode 0 from 8 to 10
task_24: (start=10, end=11, size=1, length=1)
Task 24 is scheduled in mode 0 from 10 to 11
task_25: (start=6, end=12, size=6, length=6)
Task 25 is scheduled in mode 2 from 6 to 12
task_26: (start=9, end=14, size=5, length=5)
Task 26 is scheduled in mode 0 from 9 to 14
task_27: (start=7, end=13, size=6, length=6)
Task 27 is scheduled in mode 1 from 7 to 13
task_28: (start=8, end=10, size=2, length=2)
Task 28 is scheduled in mode 0 from 8 to 10
task_29: (start=10, end=11, size=1, length=1)
Task 29 is scheduled in mode 0 from 10 to 11
task_30: (start=12, end=13, size=1, length=1)
Task 30 is scheduled in mode 0 from 12 to 13
task_31: (start=10, end=13, size=3, length=3)
Task 31 is scheduled in mode 1 from 10 to 13
task_32: (start=11, end=17, size=6, length=6)
Task 32 is scheduled in mode 0 from 11 to 17
task_33: (start=12, end=14, size=2, length=2)
Task 33 is scheduled in mode 1 from 12 to 14
task_34: (start=7, end=9, size=2, length=2)
Task 34 is scheduled in mode 2 from 7 to 9
task_35: (start=6, end=14, size=8, length=8)
Task 35 is scheduled in mode 2 from 6 to 14
task_36: (start=14, end=18, size=4, length=4)
Task 36 is scheduled in mode 0 from 14 to 18
task_37: (start=17, end=18, size=1, length=1)
Task 37 is scheduled in mode 0 from 17 to 18
task_38: (start=14, end=17, size=3, length=3)
Task 38 is scheduled in mode 0 from 14 to 17
task_39: (start=13, end=16, size=3, length=3)
Task 39 is scheduled in mode 0 from 13 to 16
task_40: (start=14, end=18, size=4, length=4)
Task 40 is scheduled in mode 0 from 14 to 18
task_41: (start=13, end=17, size=4, length=4)
Task 41 is scheduled in mode 1 from 13 to 17
task_42: (start=11, end=14, size=3, length=3)
Task 42 is scheduled in mode 1 from 11 to 14
task_43: (start=10, end=18, size=8, length=8)
Task 43 is scheduled in mode 0 from 10 to 18
task_44: (start=10, end=18, size=8, length=8)
Task 44 is scheduled in mode 1 from 10 to 18
task_45: (start=11, end=16, size=5, length=5)
Task 45 is scheduled in mode 0 from 11 to 16
task_46: (start=11, end=18, size=7, length=7)
Task 46 is scheduled in mode 1 from 11 to 18
task_47: (start=10, end=17, size=7, length=7)
Task 47 is scheduled in mode 2 from 10 to 17
task_48: (start=10, end=16, size=6, length=6)
Task 48 is scheduled in mode 2 from 10 to 16
task_49: (start=8, end=16, size=8, length=8)
Task 49 is scheduled in mode 1 from 8 to 16
task_50: (start=10, end=12, size=2, length=2)
Task 50 is scheduled in mode 2 from 10 to 12
task_51: (start=18, end=18, size=0, length=0)
Task 51 is scheduled in mode 0 from 18 to 18
Optimal solution found
Objective value: 18
Solution is optimal.
