56
raw_data/rcpsp/CV.xlsx cv56
Time limit set to 60 seconds
Running CP solver
/home/omastto1/General-Optimization-Solver/src/solvers/rcpsp.py:31(stream:46:6): Warning: Cumulative expression 'pulse': height is zero, expression is zero everywhere.
                                                                                            VarCumulAtom_91 = pulse("0", 0)
/home/omastto1/General-Optimization-Solver/src/solvers/rcpsp.py:31(stream:46:126): Warning: Cumulative expression 'pulse': height is zero, expression is zero everywhere.
                                                                                              VarCumulAtom_99 = pulse("8", 0)
/home/omastto1/General-Optimization-Solver/src/solvers/rcpsp.py:31(stream:46:349): Warning: Cumulative expression 'pulse': height is zero, expression is zero everywhere.
                                                                                              VarCumulAtom_113 = pulse("22", 0)
/home/omastto1/General-Optimization-Solver/src/solvers/rcpsp.py:31(stream:46:413): Warning: Cumulative expression 'pulse': height is zero, expression is zero everywhere.
                                                                                              VarCumulAtom_117 = pulse("26", 0)
/home/omastto1/General-Optimization-Solver/src/solvers/rcpsp.py:31(stream:46:429): Warning: Cumulative expression 'pulse': height is zero, expression is zero everywhere.
                                                                                              VarCumulAtom_118 = pulse("27", 0)
/home/omastto1/General-Optimization-Solver/src/solvers/rcpsp.py:31(stream:47:6): Warning: Cumulative expression 'pulse': height is zero, expression is zero everywhere.
                                                                                            VarCumulAtom_122 = pulse("0", 0)
/home/omastto1/General-Optimization-Solver/src/solvers/rcpsp.py:31(stream:47:236): Warning: Cumulative expression 'pulse': height is zero, expression is zero everywhere.
                                                                                              VarCumulAtom_137 = pulse("15", 0)
/home/omastto1/General-Optimization-Solver/src/solvers/rcpsp.py:31(stream:47:428): Warning: Cumulative expression 'pulse': height is zero, expression is zero everywhere.
                                                                                              VarCumulAtom_149 = pulse("27", 0)
/home/omastto1/General-Optimization-Solver/src/solvers/rcpsp.py:31(stream:48:6): Warning: Cumulative expression 'pulse': height is zero, expression is zero everywhere.
                                                                                            VarCumulAtom_153 = pulse("0", 0)
/home/omastto1/General-Optimization-Solver/src/solvers/rcpsp.py:31(stream:48:112): Warning: Cumulative expression 'pulse': height is zero, expression is zero everywhere.
                                                                                              VarCumulAtom_160 = pulse("7", 0)
/home/omastto1/General-Optimization-Solver/src/solvers/rcpsp.py:31(stream:48:318): Warning: Cumulative expression 'pulse': height is zero, expression is zero everywhere.
                                                                                              VarCumulAtom_173 = pulse("20", 0)
/home/omastto1/General-Optimization-Solver/src/solvers/rcpsp.py:31(stream:48:334): Warning: Cumulative expression 'pulse': height is zero, expression is zero everywhere.
                                                                                              VarCumulAtom_174 = pulse("21", 0)
/home/omastto1/General-Optimization-Solver/src/solvers/rcpsp.py:31(stream:48:366): Warning: Cumulative expression 'pulse': height is zero, expression is zero everywhere.
                                                                                              VarCumulAtom_176 = pulse("23", 0)
/home/omastto1/General-Optimization-Solver/src/solvers/rcpsp.py:31(stream:48:398): Warning: Cumulative expression 'pulse': height is zero, expression is zero everywhere.
                                                                                              VarCumulAtom_178 = pulse("25", 0)
/home/omastto1/General-Optimization-Solver/src/solvers/rcpsp.py:31(stream:48:430): Warning: Cumulative expression 'pulse': height is zero, expression is zero everywhere.
                                                                                              VarCumulAtom_180 = pulse("27", 0)
 ! --------------------------------------------------- CP Optimizer 20.1.0.0 --
 ! Minimization problem - 29 variables, 50 constraints
 ! TimeLimit            = 60
 ! Workers              = 14
 ! LogVerbosity         = Terse
 ! Initial process time : 0.00s (0.00s extraction + 0.00s propagation)
 !  . Log search space  : 154.5 (before), 154.5 (after)
 !  . Memory usage      : 584.0 kB (before), 584.0 kB (after)
 ! Using parallel search with 14 workers.
 ! ----------------------------------------------------------------------------
 !          Best Branches  Non-fixed    W       Branch decision
                        0         29                 -
 + New bound is 38
 ! Using iterative diving.
 ! Using temporal relaxation.
 *            88       59  1.00s        1      (gap is 56.82%)
 *            75      158  1.00s        1      (gap is 49.33%)
 *            72      500  1.00s        1      (gap is 47.22%)
              72     3096          2    1            -
 + New bound is 54 (gap is 25.00%)
 ! Using failure-directed search.
 *            70     3293  1.00s        1      (gap is 22.86%)
 *            69     6378  1.00s        2      (gap is 21.74%)
 *            68    20344  1.96s        5      (gap is 20.59%)
              68     6966          1    1        55 >= cost
 + New bound is 55 (gap is 19.12%)
              68     7842          5    1   F    60 >= cost
 + New bound is 57 (gap is 16.18%)
              68     8959          1    1   F    60 >= cost
 + New bound is 58 (gap is 14.71%)
              68    11404          4    1   F    21 >= startOf(16)
 + New bound is 60 (gap is 11.76%)
              68    74578         13    1   F    22 >= startOf(16)
 + New bound is 66 (gap is 2.94%)
 ! ----------------------------------------------------------------------------
 ! Search terminated by limit, 6 solutions found.
 ! Best objective         : 68 (gap is 2.94%)
 ! Best bound             : 66
 ! ----------------------------------------------------------------------------
 ! Number of branches     : 9098781
 ! Number of fails        : 2511669
 ! Total memory usage     : 9.8 MB (9.7 MB CP Optimizer + 0.1 MB Concert)
 ! Time spent in solve    : 60.06s (60.06s engine + 0.00s extraction)
 ! Search speed (br. / s) : 151520.1
 ! ----------------------------------------------------------------------------
(66,)
(0.0294118,)
(68,)
Objective value: 68
Solution is 6.2 % worse than the lower bound.
Feasible solution found
