95
raw_data/rcpsp/CV.xlsx cv95
Time limit set to 60 seconds
Running CP solver
/home/omastto1/General-Optimization-Solver/src/solvers/rcpsp.py:31(stream:49:6): Warning: Cumulative expression 'pulse': height is zero, expression is zero everywhere.
                                                                                            VarCumulAtom_100 = pulse("0", 0)
/home/omastto1/General-Optimization-Solver/src/solvers/rcpsp.py:31(stream:49:379): Warning: Cumulative expression 'pulse': height is zero, expression is zero everywhere.
                                                                                              VarCumulAtom_123 = pulse("23", 0)
/home/omastto1/General-Optimization-Solver/src/solvers/rcpsp.py:31(stream:49:497): Warning: Cumulative expression 'pulse': height is zero, expression is zero everywhere.
                                                                                              VarCumulAtom_130 = pulse("30", 0)
/home/omastto1/General-Optimization-Solver/src/solvers/rcpsp.py:31(stream:50:6): Warning: Cumulative expression 'pulse': height is zero, expression is zero everywhere.
                                                                                            VarCumulAtom_134 = pulse("0", 0)
/home/omastto1/General-Optimization-Solver/src/solvers/rcpsp.py:31(stream:50:36): Warning: Cumulative expression 'pulse': height is zero, expression is zero everywhere.
                                                                                             VarCumulAtom_136 = pulse("2", 0)
/home/omastto1/General-Optimization-Solver/src/solvers/rcpsp.py:31(stream:50:97): Warning: Cumulative expression 'pulse': height is zero, expression is zero everywhere.
                                                                                             VarCumulAtom_140 = pulse("6", 0)
/home/omastto1/General-Optimization-Solver/src/solvers/rcpsp.py:31(stream:50:127): Warning: Cumulative expression 'pulse': height is zero, expression is zero everywhere.
                                                                                              VarCumulAtom_142 = pulse("8", 0)
/home/omastto1/General-Optimization-Solver/src/solvers/rcpsp.py:31(stream:50:158): Warning: Cumulative expression 'pulse': height is zero, expression is zero everywhere.
                                                                                              VarCumulAtom_144 = pulse("10", 0)
/home/omastto1/General-Optimization-Solver/src/solvers/rcpsp.py:31(stream:50:174): Warning: Cumulative expression 'pulse': height is zero, expression is zero everywhere.
                                                                                              VarCumulAtom_145 = pulse("11", 0)
/home/omastto1/General-Optimization-Solver/src/solvers/rcpsp.py:31(stream:50:207): Warning: Cumulative expression 'pulse': height is zero, expression is zero everywhere.
                                                                                              VarCumulAtom_147 = pulse("13", 0)
/home/omastto1/General-Optimization-Solver/src/solvers/rcpsp.py:31(stream:50:256): Warning: Cumulative expression 'pulse': height is zero, expression is zero everywhere.
                                                                                              VarCumulAtom_150 = pulse("16", 0)
/home/omastto1/General-Optimization-Solver/src/solvers/rcpsp.py:31(stream:50:289): Warning: Cumulative expression 'pulse': height is zero, expression is zero everywhere.
                                                                                              VarCumulAtom_152 = pulse("18", 0)
/home/omastto1/General-Optimization-Solver/src/solvers/rcpsp.py:31(stream:50:337): Warning: Cumulative expression 'pulse': height is zero, expression is zero everywhere.
                                                                                              VarCumulAtom_155 = pulse("21", 0)
/home/omastto1/General-Optimization-Solver/src/solvers/rcpsp.py:31(stream:50:353): Warning: Cumulative expression 'pulse': height is zero, expression is zero everywhere.
                                                                                              VarCumulAtom_156 = pulse("22", 0)
/home/omastto1/General-Optimization-Solver/src/solvers/rcpsp.py:31(stream:50:385): Warning: Cumulative expression 'pulse': height is zero, expression is zero everywhere.
                                                                                              VarCumulAtom_158 = pulse("24", 0)
/home/omastto1/General-Optimization-Solver/src/solvers/rcpsp.py:31(stream:50:435): Warning: Cumulative expression 'pulse': height is zero, expression is zero everywhere.
                                                                                              VarCumulAtom_161 = pulse("27", 0)
/home/omastto1/General-Optimization-Solver/src/solvers/rcpsp.py:31(stream:50:468): Warning: Cumulative expression 'pulse': height is zero, expression is zero everywhere.
                                                                                              VarCumulAtom_163 = pulse("29", 0)
/home/omastto1/General-Optimization-Solver/src/solvers/rcpsp.py:31(stream:50:484): Warning: Cumulative expression 'pulse': height is zero, expression is zero everywhere.
                                                                                              VarCumulAtom_164 = pulse("30", 0)
/home/omastto1/General-Optimization-Solver/src/solvers/rcpsp.py:31(stream:51:6): Warning: Cumulative expression 'pulse': height is zero, expression is zero everywhere.
                                                                                            VarCumulAtom_168 = pulse("0", 0)
/home/omastto1/General-Optimization-Solver/src/solvers/rcpsp.py:31(stream:51:21): Warning: Cumulative expression 'pulse': height is zero, expression is zero everywhere.
                                                                                             VarCumulAtom_169 = pulse("1", 0)
   Too many warnings of this type. Suppressing further warnings of this type.
 ! --------------------------------------------------- CP Optimizer 20.1.0.0 --
 ! Minimization problem - 32 variables, 57 constraints
 ! TimeLimit            = 60
 ! Workers              = 14
 ! LogVerbosity         = Terse
 ! Initial process time : 0.01s (0.01s extraction + 0.00s propagation)
 !  . Log search space  : 173.5 (before), 173.5 (after)
 !  . Memory usage      : 585.3 kB (before), 585.3 kB (after)
 ! Using parallel search with 14 workers.
 ! ----------------------------------------------------------------------------
 !          Best Branches  Non-fixed    W       Branch decision
                        0         32                 -
 + New bound is 20
 ! Using iterative diving.
 ! Using temporal relaxation.
 *            89       65  0.96s        1      (gap is 77.53%)
 *            88      129  0.96s        1      (gap is 77.27%)
 *            82      316  0.96s        1      (gap is 75.61%)
              82     3160          4    1            -
 + New bound is 68 (gap is 17.07%)
 ! Using failure-directed search.
 *            81     4287  0.96s        2      (gap is 16.05%)
 *            80     5819  0.96s        2      (gap is 15.00%)
              80    17506         21    1   F    57 <= startOf(23)
 + New bound is 69 (gap is 13.75%)
 ! ----------------------------------------------------------------------------
 ! Search terminated by limit, 5 solutions found.
 ! Best objective         : 80 (gap is 13.75%)
 ! Best bound             : 69
 ! ----------------------------------------------------------------------------
 ! Number of branches     : 9787017
 ! Number of fails        : 2457585
 ! Total memory usage     : 9.6 MB (9.5 MB CP Optimizer + 0.1 MB Concert)
 ! Time spent in solve    : 60.12s (60.11s engine + 0.01s extraction)
 ! Search speed (br. / s) : 162845.5
 ! ----------------------------------------------------------------------------
(69,)
(0.1375,)
(80,)
Objective value: 80
Solution is 1.3 % worse than the lower bound.
Feasible solution found
