64
raw_data/rcpsp/CV.xlsx cv64
Time limit set to 60 seconds
Running CP solver
/home/omastto1/General-Optimization-Solver/src/solvers/rcpsp.py:31(stream:47:6): Warning: Cumulative expression 'pulse': height is zero, expression is zero everywhere.
                                                                                            VarCumulAtom_94 = pulse("0", 0)
/home/omastto1/General-Optimization-Solver/src/solvers/rcpsp.py:31(stream:47:456): Warning: Cumulative expression 'pulse': height is zero, expression is zero everywhere.
                                                                                              VarCumulAtom_122 = pulse("28", 0)
/home/omastto1/General-Optimization-Solver/src/solvers/rcpsp.py:31(stream:48:6): Warning: Cumulative expression 'pulse': height is zero, expression is zero everywhere.
                                                                                            VarCumulAtom_126 = pulse("0", 0)
/home/omastto1/General-Optimization-Solver/src/solvers/rcpsp.py:31(stream:48:446): Warning: Cumulative expression 'pulse': height is zero, expression is zero everywhere.
                                                                                              VarCumulAtom_154 = pulse("28", 0)
/home/omastto1/General-Optimization-Solver/src/solvers/rcpsp.py:31(stream:49:6): Warning: Cumulative expression 'pulse': height is zero, expression is zero everywhere.
                                                                                            VarCumulAtom_158 = pulse("0", 0)
/home/omastto1/General-Optimization-Solver/src/solvers/rcpsp.py:31(stream:49:459): Warning: Cumulative expression 'pulse': height is zero, expression is zero everywhere.
                                                                                              VarCumulAtom_186 = pulse("28", 0)
 ! --------------------------------------------------- CP Optimizer 20.1.0.0 --
 ! Minimization problem - 30 variables, 52 constraints
 ! TimeLimit            = 60
 ! Workers              = 14
 ! LogVerbosity         = Terse
 ! Initial process time : 0.00s (0.00s extraction + 0.00s propagation)
 !  . Log search space  : 160.8 (before), 160.8 (after)
 !  . Memory usage      : 616.2 kB (before), 616.2 kB (after)
 ! Using parallel search with 14 workers.
 ! ----------------------------------------------------------------------------
 !          Best Branches  Non-fixed    W       Branch decision
                        0         30                 -
 + New bound is 22
 ! Using iterative diving.
 ! Using temporal relaxation.
 *            63       61  0.98s        1      (gap is 65.08%)
 *            58      168  0.98s        1      (gap is 62.07%)
 *            57      531  0.98s        1      (gap is 61.40%)
 *            56      631  0.98s        1      (gap is 60.71%)
              56     3165          2    1   F        -
 + New bound is 44 (gap is 21.43%)
 *            55     3391  0.98s        1      (gap is 20.00%)
 ! Using failure-directed search.
 *            54    14346  1.96s        4      (gap is 18.52%)
 *            53    18116  2.96s       10      (gap is 16.98%)
              53    35657          1    1   F    46 >= cost
 + New bound is 45 (gap is 15.09%)
              53    47763         16    1   F    16 <= startOf(19)
 + New bound is 46 (gap is 13.21%)
 ! ----------------------------------------------------------------------------
 ! Search terminated by limit, 7 solutions found.
 ! Best objective         : 53 (gap is 13.21%)
 ! Best bound             : 46
 ! ----------------------------------------------------------------------------
 ! Number of branches     : 8586447
 ! Number of fails        : 2377667
 ! Total memory usage     : 9.8 MB (9.7 MB CP Optimizer + 0.1 MB Concert)
 ! Time spent in solve    : 60.01s (60.01s engine + 0.00s extraction)
 ! Search speed (br. / s) : 143083.6
 ! ----------------------------------------------------------------------------
(46,)
(0.132075,)
(53,)
Objective value: 53
Solution is 12.8 % worse than the lower bound.
Feasible solution found
