3
raw_data/rcpsp/DC2-npv75.xlsx rcpspdc363
Time limit set to 60 seconds
Running CP solver
/home/omastto1/General-Optimization-Solver/src/solvers/rcpsp.py:31(stream:97:6): Warning: Cumulative expression 'pulse': height is zero, expression is zero everywhere.
                                                                                            VarCumulAtom_240 = pulse("0", 0)
/home/omastto1/General-Optimization-Solver/src/solvers/rcpsp.py:31(stream:97:51): Warning: Cumulative expression 'pulse': height is zero, expression is zero everywhere.
                                                                                             VarCumulAtom_243 = pulse("3", 0)
/home/omastto1/General-Optimization-Solver/src/solvers/rcpsp.py:31(stream:97:66): Warning: Cumulative expression 'pulse': height is zero, expression is zero everywhere.
                                                                                             VarCumulAtom_244 = pulse("4", 0)
/home/omastto1/General-Optimization-Solver/src/solvers/rcpsp.py:31(stream:97:81): Warning: Cumulative expression 'pulse': height is zero, expression is zero everywhere.
                                                                                             VarCumulAtom_245 = pulse("5", 0)
/home/omastto1/General-Optimization-Solver/src/solvers/rcpsp.py:31(stream:97:141): Warning: Cumulative expression 'pulse': height is zero, expression is zero everywhere.
                                                                                              VarCumulAtom_249 = pulse("9", 0)
/home/omastto1/General-Optimization-Solver/src/solvers/rcpsp.py:31(stream:97:156): Warning: Cumulative expression 'pulse': height is zero, expression is zero everywhere.
                                                                                              VarCumulAtom_250 = pulse("10", 0)
/home/omastto1/General-Optimization-Solver/src/solvers/rcpsp.py:31(stream:97:188): Warning: Cumulative expression 'pulse': height is zero, expression is zero everywhere.
                                                                                              VarCumulAtom_252 = pulse("12", 0)
/home/omastto1/General-Optimization-Solver/src/solvers/rcpsp.py:31(stream:97:204): Warning: Cumulative expression 'pulse': height is zero, expression is zero everywhere.
                                                                                              VarCumulAtom_253 = pulse("13", 0)
/home/omastto1/General-Optimization-Solver/src/solvers/rcpsp.py:31(stream:97:236): Warning: Cumulative expression 'pulse': height is zero, expression is zero everywhere.
                                                                                              VarCumulAtom_255 = pulse("15", 0)
/home/omastto1/General-Optimization-Solver/src/solvers/rcpsp.py:31(stream:97:332): Warning: Cumulative expression 'pulse': height is zero, expression is zero everywhere.
                                                                                              VarCumulAtom_261 = pulse("21", 0)
/home/omastto1/General-Optimization-Solver/src/solvers/rcpsp.py:31(stream:97:348): Warning: Cumulative expression 'pulse': height is zero, expression is zero everywhere.
                                                                                              VarCumulAtom_262 = pulse("22", 0)
/home/omastto1/General-Optimization-Solver/src/solvers/rcpsp.py:31(stream:97:412): Warning: Cumulative expression 'pulse': height is zero, expression is zero everywhere.
                                                                                              VarCumulAtom_266 = pulse("26", 0)
/home/omastto1/General-Optimization-Solver/src/solvers/rcpsp.py:31(stream:97:444): Warning: Cumulative expression 'pulse': height is zero, expression is zero everywhere.
                                                                                              VarCumulAtom_268 = pulse("28", 0)
/home/omastto1/General-Optimization-Solver/src/solvers/rcpsp.py:31(stream:97:492): Warning: Cumulative expression 'pulse': height is zero, expression is zero everywhere.
                                                                                              VarCumulAtom_271 = pulse("31", 0)
/home/omastto1/General-Optimization-Solver/src/solvers/rcpsp.py:31(stream:97:588): Warning: Cumulative expression 'pulse': height is zero, expression is zero everywhere.
                                                                                              VarCumulAtom_277 = pulse("37", 0)
/home/omastto1/General-Optimization-Solver/src/solvers/rcpsp.py:31(stream:97:636): Warning: Cumulative expression 'pulse': height is zero, expression is zero everywhere.
                                                                                              VarCumulAtom_280 = pulse("40", 0)
/home/omastto1/General-Optimization-Solver/src/solvers/rcpsp.py:31(stream:97:668): Warning: Cumulative expression 'pulse': height is zero, expression is zero everywhere.
                                                                                              VarCumulAtom_282 = pulse("42", 0)
/home/omastto1/General-Optimization-Solver/src/solvers/rcpsp.py:31(stream:97:684): Warning: Cumulative expression 'pulse': height is zero, expression is zero everywhere.
                                                                                              VarCumulAtom_283 = pulse("43", 0)
/home/omastto1/General-Optimization-Solver/src/solvers/rcpsp.py:31(stream:97:748): Warning: Cumulative expression 'pulse': height is zero, expression is zero everywhere.
                                                                                              VarCumulAtom_287 = pulse("47", 0)
/home/omastto1/General-Optimization-Solver/src/solvers/rcpsp.py:31(stream:97:796): Warning: Cumulative expression 'pulse': height is zero, expression is zero everywhere.
                                                                                              VarCumulAtom_290 = pulse("50", 0)
   Too many warnings of this type. Suppressing further warnings of this type.
 ! --------------------------------------------------- CP Optimizer 20.1.0.0 --
 ! Minimization problem - 78 variables, 481 constraints
 ! TimeLimit            = 60
 ! Workers              = 14
 ! LogVerbosity         = Terse
 ! Initial process time : 0.01s (0.01s extraction + 0.00s propagation)
 !  . Log search space  : 502.5 (before), 502.5 (after)
 !  . Memory usage      : 834.5 kB (before), 834.5 kB (after)
 ! Using parallel search with 14 workers.
 ! ----------------------------------------------------------------------------
 !          Best Branches  Non-fixed    W       Branch decision
                        0         78                 -
 + New bound is 65
 ! Using iterative diving.
 ! Using temporal relaxation.
 *            79      213  1.13s        1      (gap is 17.72%)
 *            74      369  1.13s        1      (gap is 12.16%)
 *            72      525  1.13s        1      (gap is 9.72%)
 *            71     1376  1.13s        1      (gap is 8.45%)
 *            70     1578  1.13s        1      (gap is 7.14%)
 *            68     2112  1.13s        1      (gap is 4.41%)
 ! Using failure-directed search.
 *            67     3579  1.13s        5      (gap is 2.99%)
 *            66    12155  2.13s        8      (gap is 1.52%)
 *            65    36529  7.13s        4      (gap is 0.00%)
 ! ----------------------------------------------------------------------------
 ! Search completed, 9 solutions found.
 ! Best objective         : 65 (optimal - effective tol. is 0)
 ! Best bound             : 65
 ! ----------------------------------------------------------------------------
 ! Number of branches     : 927025
 ! Number of fails        : 247109
 ! Total memory usage     : 11.5 MB (11.3 MB CP Optimizer + 0.1 MB Concert)
 ! Time spent in solve    : 8.05s (8.04s engine + 0.01s extraction)
 ! Search speed (br. / s) : 115445.2
 ! ----------------------------------------------------------------------------
(65,)
(0,)
(65,)
Objective value: 65
Solution is optimal.
Optimal solution found
