83
raw_data/rcpsp/DC2-npv75.xlsx rcpspdc443
Time limit set to 60 seconds
Running CP solver
/home/omastto1/General-Optimization-Solver/src/solvers/rcpsp.py:31(stream:97:6): Warning: Cumulative expression 'pulse': height is zero, expression is zero everywhere.
                                                                                            VarCumulAtom_240 = pulse("0", 0)
/home/omastto1/General-Optimization-Solver/src/solvers/rcpsp.py:31(stream:97:21): Warning: Cumulative expression 'pulse': height is zero, expression is zero everywhere.
                                                                                             VarCumulAtom_241 = pulse("1", 0)
/home/omastto1/General-Optimization-Solver/src/solvers/rcpsp.py:31(stream:97:81): Warning: Cumulative expression 'pulse': height is zero, expression is zero everywhere.
                                                                                             VarCumulAtom_245 = pulse("5", 0)
/home/omastto1/General-Optimization-Solver/src/solvers/rcpsp.py:31(stream:97:96): Warning: Cumulative expression 'pulse': height is zero, expression is zero everywhere.
                                                                                             VarCumulAtom_246 = pulse("6", 0)
/home/omastto1/General-Optimization-Solver/src/solvers/rcpsp.py:31(stream:97:111): Warning: Cumulative expression 'pulse': height is zero, expression is zero everywhere.
                                                                                              VarCumulAtom_247 = pulse("7", 0)
/home/omastto1/General-Optimization-Solver/src/solvers/rcpsp.py:31(stream:97:157): Warning: Cumulative expression 'pulse': height is zero, expression is zero everywhere.
                                                                                              VarCumulAtom_250 = pulse("10", 0)
/home/omastto1/General-Optimization-Solver/src/solvers/rcpsp.py:31(stream:97:173): Warning: Cumulative expression 'pulse': height is zero, expression is zero everywhere.
                                                                                              VarCumulAtom_251 = pulse("11", 0)
/home/omastto1/General-Optimization-Solver/src/solvers/rcpsp.py:31(stream:97:254): Warning: Cumulative expression 'pulse': height is zero, expression is zero everywhere.
                                                                                              VarCumulAtom_256 = pulse("16", 0)
/home/omastto1/General-Optimization-Solver/src/solvers/rcpsp.py:31(stream:97:270): Warning: Cumulative expression 'pulse': height is zero, expression is zero everywhere.
                                                                                              VarCumulAtom_257 = pulse("17", 0)
/home/omastto1/General-Optimization-Solver/src/solvers/rcpsp.py:31(stream:97:286): Warning: Cumulative expression 'pulse': height is zero, expression is zero everywhere.
                                                                                              VarCumulAtom_258 = pulse("18", 0)
/home/omastto1/General-Optimization-Solver/src/solvers/rcpsp.py:31(stream:97:302): Warning: Cumulative expression 'pulse': height is zero, expression is zero everywhere.
                                                                                              VarCumulAtom_259 = pulse("19", 0)
/home/omastto1/General-Optimization-Solver/src/solvers/rcpsp.py:31(stream:97:351): Warning: Cumulative expression 'pulse': height is zero, expression is zero everywhere.
                                                                                              VarCumulAtom_262 = pulse("22", 0)
/home/omastto1/General-Optimization-Solver/src/solvers/rcpsp.py:31(stream:97:367): Warning: Cumulative expression 'pulse': height is zero, expression is zero everywhere.
                                                                                              VarCumulAtom_263 = pulse("23", 0)
/home/omastto1/General-Optimization-Solver/src/solvers/rcpsp.py:31(stream:97:431): Warning: Cumulative expression 'pulse': height is zero, expression is zero everywhere.
                                                                                              VarCumulAtom_267 = pulse("27", 0)
/home/omastto1/General-Optimization-Solver/src/solvers/rcpsp.py:31(stream:97:447): Warning: Cumulative expression 'pulse': height is zero, expression is zero everywhere.
                                                                                              VarCumulAtom_268 = pulse("28", 0)
/home/omastto1/General-Optimization-Solver/src/solvers/rcpsp.py:31(stream:97:463): Warning: Cumulative expression 'pulse': height is zero, expression is zero everywhere.
                                                                                              VarCumulAtom_269 = pulse("29", 0)
/home/omastto1/General-Optimization-Solver/src/solvers/rcpsp.py:31(stream:97:479): Warning: Cumulative expression 'pulse': height is zero, expression is zero everywhere.
                                                                                              VarCumulAtom_270 = pulse("30", 0)
/home/omastto1/General-Optimization-Solver/src/solvers/rcpsp.py:31(stream:97:543): Warning: Cumulative expression 'pulse': height is zero, expression is zero everywhere.
                                                                                              VarCumulAtom_274 = pulse("34", 0)
/home/omastto1/General-Optimization-Solver/src/solvers/rcpsp.py:31(stream:97:559): Warning: Cumulative expression 'pulse': height is zero, expression is zero everywhere.
                                                                                              VarCumulAtom_275 = pulse("35", 0)
/home/omastto1/General-Optimization-Solver/src/solvers/rcpsp.py:31(stream:97:575): Warning: Cumulative expression 'pulse': height is zero, expression is zero everywhere.
                                                                                              VarCumulAtom_276 = pulse("36", 0)
   Too many warnings of this type. Suppressing further warnings of this type.
 ! --------------------------------------------------- CP Optimizer 20.1.0.0 --
 ! Minimization problem - 78 variables, 466 constraints
 ! TimeLimit            = 60
 ! Workers              = 14
 ! LogVerbosity         = Terse
 ! Initial process time : 0.01s (0.01s extraction + 0.00s propagation)
 !  . Log search space  : 502.5 (before), 502.5 (after)
 !  . Memory usage      : 836.5 kB (before), 836.5 kB (after)
 ! Using parallel search with 14 workers.
 ! ----------------------------------------------------------------------------
 !          Best Branches  Non-fixed    W       Branch decision
                        0         78                 -
 + New bound is 264
 ! Using iterative diving.
 ! Using temporal relaxation.
 *           293      217  0.84s        1      (gap is 9.90%)
 *           284     1431  0.84s        1      (gap is 7.04%)
 *           282     1509  0.84s        1      (gap is 6.38%)
 *           277     1723  0.84s        1      (gap is 4.69%)
 ! Using failure-directed search.
 *           276    11417  1.67s        3      (gap is 4.35%)
 *           274    10196  1.67s        8      (gap is 3.65%)
 *           272    14722  2.43s        8      (gap is 2.94%)
 *           271    22590  3.99s        3      (gap is 2.58%)
 *           269    31203  5.59s        8      (gap is 1.86%)
 *           268     319k  17.59s      13      (gap is 1.49%)
 *           267    93688  18.45s       3      (gap is 1.12%)
 *           266     336k  18.45s      12      (gap is 0.75%)
 ! ----------------------------------------------------------------------------
 ! Search terminated by limit, 12 solutions found.
 ! Best objective         : 266 (gap is 0.75%)
 ! Best bound             : 264
 ! ----------------------------------------------------------------------------
 ! Number of branches     : 6939145
 ! Number of fails        : 1319600
 ! Total memory usage     : 12.3 MB (12.2 MB CP Optimizer + 0.1 MB Concert)
 ! Time spent in solve    : 60.03s (60.02s engine + 0.01s extraction)
 ! Search speed (br. / s) : 115633.1
 ! ----------------------------------------------------------------------------
(264,)
(0.0075188,)
(266,)
Objective value: 266
Solution is 0.8 % worse than the optimum.
Feasible solution found
