74
raw_data/rcpsp/DC2-npv75.xlsx rcpspdc434
Time limit set to 60 seconds
Running CP solver
/home/omastto1/General-Optimization-Solver/src/solvers/rcpsp.py:31(stream:95:6): Warning: Cumulative expression 'pulse': height is zero, expression is zero everywhere.
                                                                                            VarCumulAtom_238 = pulse("0", 0)
/home/omastto1/General-Optimization-Solver/src/solvers/rcpsp.py:31(stream:95:21): Warning: Cumulative expression 'pulse': height is zero, expression is zero everywhere.
                                                                                             VarCumulAtom_239 = pulse("1", 0)
/home/omastto1/General-Optimization-Solver/src/solvers/rcpsp.py:31(stream:95:36): Warning: Cumulative expression 'pulse': height is zero, expression is zero everywhere.
                                                                                             VarCumulAtom_240 = pulse("2", 0)
/home/omastto1/General-Optimization-Solver/src/solvers/rcpsp.py:31(stream:95:96): Warning: Cumulative expression 'pulse': height is zero, expression is zero everywhere.
                                                                                             VarCumulAtom_244 = pulse("6", 0)
/home/omastto1/General-Optimization-Solver/src/solvers/rcpsp.py:31(stream:95:111): Warning: Cumulative expression 'pulse': height is zero, expression is zero everywhere.
                                                                                              VarCumulAtom_245 = pulse("7", 0)
/home/omastto1/General-Optimization-Solver/src/solvers/rcpsp.py:31(stream:95:156): Warning: Cumulative expression 'pulse': height is zero, expression is zero everywhere.
                                                                                              VarCumulAtom_248 = pulse("10", 0)
/home/omastto1/General-Optimization-Solver/src/solvers/rcpsp.py:31(stream:95:172): Warning: Cumulative expression 'pulse': height is zero, expression is zero everywhere.
                                                                                              VarCumulAtom_249 = pulse("11", 0)
/home/omastto1/General-Optimization-Solver/src/solvers/rcpsp.py:31(stream:95:204): Warning: Cumulative expression 'pulse': height is zero, expression is zero everywhere.
                                                                                              VarCumulAtom_251 = pulse("13", 0)
/home/omastto1/General-Optimization-Solver/src/solvers/rcpsp.py:31(stream:95:220): Warning: Cumulative expression 'pulse': height is zero, expression is zero everywhere.
                                                                                              VarCumulAtom_252 = pulse("14", 0)
/home/omastto1/General-Optimization-Solver/src/solvers/rcpsp.py:31(stream:95:252): Warning: Cumulative expression 'pulse': height is zero, expression is zero everywhere.
                                                                                              VarCumulAtom_254 = pulse("16", 0)
/home/omastto1/General-Optimization-Solver/src/solvers/rcpsp.py:31(stream:95:268): Warning: Cumulative expression 'pulse': height is zero, expression is zero everywhere.
                                                                                              VarCumulAtom_255 = pulse("17", 0)
/home/omastto1/General-Optimization-Solver/src/solvers/rcpsp.py:31(stream:95:284): Warning: Cumulative expression 'pulse': height is zero, expression is zero everywhere.
                                                                                              VarCumulAtom_256 = pulse("18", 0)
/home/omastto1/General-Optimization-Solver/src/solvers/rcpsp.py:31(stream:95:300): Warning: Cumulative expression 'pulse': height is zero, expression is zero everywhere.
                                                                                              VarCumulAtom_257 = pulse("19", 0)
/home/omastto1/General-Optimization-Solver/src/solvers/rcpsp.py:31(stream:95:316): Warning: Cumulative expression 'pulse': height is zero, expression is zero everywhere.
                                                                                              VarCumulAtom_258 = pulse("20", 0)
/home/omastto1/General-Optimization-Solver/src/solvers/rcpsp.py:31(stream:95:348): Warning: Cumulative expression 'pulse': height is zero, expression is zero everywhere.
                                                                                              VarCumulAtom_260 = pulse("22", 0)
/home/omastto1/General-Optimization-Solver/src/solvers/rcpsp.py:31(stream:95:364): Warning: Cumulative expression 'pulse': height is zero, expression is zero everywhere.
                                                                                              VarCumulAtom_261 = pulse("23", 0)
/home/omastto1/General-Optimization-Solver/src/solvers/rcpsp.py:31(stream:95:428): Warning: Cumulative expression 'pulse': height is zero, expression is zero everywhere.
                                                                                              VarCumulAtom_265 = pulse("27", 0)
/home/omastto1/General-Optimization-Solver/src/solvers/rcpsp.py:31(stream:95:460): Warning: Cumulative expression 'pulse': height is zero, expression is zero everywhere.
                                                                                              VarCumulAtom_267 = pulse("29", 0)
/home/omastto1/General-Optimization-Solver/src/solvers/rcpsp.py:31(stream:95:476): Warning: Cumulative expression 'pulse': height is zero, expression is zero everywhere.
                                                                                              VarCumulAtom_268 = pulse("30", 0)
/home/omastto1/General-Optimization-Solver/src/solvers/rcpsp.py:31(stream:95:492): Warning: Cumulative expression 'pulse': height is zero, expression is zero everywhere.
                                                                                              VarCumulAtom_269 = pulse("31", 0)
   Too many warnings of this type. Suppressing further warnings of this type.
 ! --------------------------------------------------- CP Optimizer 20.1.0.0 --
 ! Minimization problem - 78 variables, 463 constraints
 ! TimeLimit            = 60
 ! Workers              = 14
 ! LogVerbosity         = Terse
 ! Initial process time : 0.00s (0.00s extraction + 0.00s propagation)
 !  . Log search space  : 502.5 (before), 502.5 (after)
 !  . Memory usage      : 836.4 kB (before), 836.4 kB (after)
 ! Using parallel search with 14 workers.
 ! ----------------------------------------------------------------------------
 !          Best Branches  Non-fixed    W       Branch decision
                        0         78                 -
 + New bound is 44
 ! Using iterative diving.
 ! Using temporal relaxation.
 *           184      157  0.91s        1      (gap is 76.09%)
 *           183      313  0.91s        1      (gap is 75.96%)
 *           182      469  0.91s        1      (gap is 75.82%)
 *           181     1014  0.91s        1      (gap is 75.69%)
 *           169     1428  0.91s        1      (gap is 73.96%)
             169     4975          4    1            -
 + New bound is 111 (gap is 34.32%)
 ! Using failure-directed search.
 *           168     5765  0.91s        2      (gap is 33.93%)
 *           167     1373  0.91s        3      (gap is 33.53%)
 *           164     4687  0.91s        3      (gap is 32.32%)
 *           163     5584  0.91s        3      (gap is 31.90%)
 *           161     5846  0.91s        8      (gap is 31.06%)
 *           160     8641  1.72s        1      (gap is 30.63%)
 *           158     7145  1.72s       11      (gap is 29.75%)
 *           157    16980  3.35s        2      (gap is 29.30%)
 *           156    20675  4.18s        3      (gap is 28.85%)
 *           155    21376  4.18s       10      (gap is 28.39%)
 *           154    21454  4.18s       10      (gap is 27.92%)
 *           153    21673  4.18s       10      (gap is 27.45%)
 *           152    34931  6.62s        2      (gap is 26.97%)
 ! Time = 6.62s, Average fail depth = 35, Memory usage = 13.9 MB
 ! Current bound is 111 (gap is 26.97%)
 !          Best Branches  Non-fixed    W       Branch decision
 *           151    38368  7.42s        2      (gap is 26.49%)
 *           150    38574  8.25s        7      (gap is 26.00%)
             150    16353         68    1       112 >= startOf(76)
 + New bound is 112 (gap is 25.33%)
             150    18571         58    1       113 >= cost
 + New bound is 113 (gap is 24.67%)
 *           149    94579  21.38s       7      (gap is 24.16%)
 ! ----------------------------------------------------------------------------
 ! Search terminated by limit, 21 solutions found.
 ! Best objective         : 149 (gap is 24.16%)
 ! Best bound             : 113
 ! ----------------------------------------------------------------------------
 ! Number of branches     : 6475449
 ! Number of fails        : 1172672
 ! Total memory usage     : 12.0 MB (11.9 MB CP Optimizer + 0.1 MB Concert)
 ! Time spent in solve    : 60.02s (60.02s engine + 0.00s extraction)
 ! Search speed (br. / s) : 107888.2
 ! ----------------------------------------------------------------------------
(113,)
(0.241611,)
(149,)
Objective value: 149
Solution is 20.2 % worse than the lower bound.
Feasible solution found
