93
raw_data/rcpsp/DC2-npv75.xlsx rcpspdc453
Time limit set to 60 seconds
Running CP solver
/home/omastto1/General-Optimization-Solver/src/solvers/rcpsp.py:31(stream:95:6): Warning: Cumulative expression 'pulse': height is zero, expression is zero everywhere.
                                                                                            VarCumulAtom_238 = pulse("0", 0)
/home/omastto1/General-Optimization-Solver/src/solvers/rcpsp.py:31(stream:95:1212): Warning: Cumulative expression 'pulse': height is zero, expression is zero everywhere.
                                                                                               VarCumulAtom_314 = pulse("76", 0)
/home/omastto1/General-Optimization-Solver/src/solvers/rcpsp.py:31(stream:96:6): Warning: Cumulative expression 'pulse': height is zero, expression is zero everywhere.
                                                                                            VarCumulAtom_318 = pulse("0", 0)
/home/omastto1/General-Optimization-Solver/src/solvers/rcpsp.py:31(stream:96:1212): Warning: Cumulative expression 'pulse': height is zero, expression is zero everywhere.
                                                                                               VarCumulAtom_394 = pulse("76", 0)
/home/omastto1/General-Optimization-Solver/src/solvers/rcpsp.py:31(stream:97:6): Warning: Cumulative expression 'pulse': height is zero, expression is zero everywhere.
                                                                                            VarCumulAtom_398 = pulse("0", 0)
/home/omastto1/General-Optimization-Solver/src/solvers/rcpsp.py:31(stream:97:1212): Warning: Cumulative expression 'pulse': height is zero, expression is zero everywhere.
                                                                                               VarCumulAtom_474 = pulse("76", 0)
/home/omastto1/General-Optimization-Solver/src/solvers/rcpsp.py:31(stream:98:6): Warning: Cumulative expression 'pulse': height is zero, expression is zero everywhere.
                                                                                            VarCumulAtom_478 = pulse("0", 0)
/home/omastto1/General-Optimization-Solver/src/solvers/rcpsp.py:31(stream:98:1212): Warning: Cumulative expression 'pulse': height is zero, expression is zero everywhere.
                                                                                               VarCumulAtom_554 = pulse("76", 0)
 ! --------------------------------------------------- CP Optimizer 20.1.0.0 --
 ! Minimization problem - 78 variables, 439 constraints
 ! TimeLimit            = 60
 ! Workers              = 14
 ! LogVerbosity         = Terse
 ! Initial process time : 0.02s (0.02s extraction + 0.00s propagation)
 !  . Log search space  : 502.5 (before), 502.5 (after)
 !  . Memory usage      : 836.2 kB (before), 836.2 kB (after)
 ! Using parallel search with 14 workers.
 ! ----------------------------------------------------------------------------
 !          Best Branches  Non-fixed    W       Branch decision
                        0         78                 -
 + New bound is 48
 ! Using iterative diving.
 ! Using temporal relaxation.
 *           158      157  1.06s        1      (gap is 69.62%)
 *           154      313  1.06s        1      (gap is 68.83%)
 *           150      469  1.06s        1      (gap is 68.00%)
 *           148      881  1.06s        1      (gap is 67.57%)
 *           146     1414  1.06s        1      (gap is 67.12%)
 *           143     1492  1.06s        1      (gap is 66.43%)
 *           140     1780  1.06s        1      (gap is 65.71%)
 *           135     4992  1.06s        1      (gap is 64.44%)
             135     4423          8   10   F        -
 + New bound is 113 (gap is 16.30%)
 ! Using failure-directed search.
 *           133    11242  2.12s        9      (gap is 15.04%)
 *           132    19735  5.39s       10      (gap is 14.39%)
 *           131    32806  6.46s        6      (gap is 13.74%)
 *           130    71401  19.48s       5      (gap is 13.08%)
 *           129     240k  58.46s       3      (gap is 12.40%)
 ! ----------------------------------------------------------------------------
 ! Search terminated by limit, 13 solutions found.
 ! Best objective         : 129 (gap is 12.40%)
 ! Best bound             : 113
 ! ----------------------------------------------------------------------------
 ! Number of branches     : 4561939
 ! Number of fails        : 961622
 ! Total memory usage     : 12.9 MB (12.8 MB CP Optimizer + 0.1 MB Concert)
 ! Time spent in solve    : 60.08s (60.06s engine + 0.02s extraction)
 ! Search speed (br. / s) : 75956.4
 ! ----------------------------------------------------------------------------
(113,)
(0.124031,)
(129,)
Objective value: 129
Solution is 11.2 % worse than the lower bound.
Feasible solution found
