19
raw_data/rcpsp/DC2-npv75.xlsx rcpspdc379
Time limit set to 60 seconds
Running CP solver
/home/omastto1/General-Optimization-Solver/src/solvers/rcpsp.py:31(stream:95:6): Warning: Cumulative expression 'pulse': height is zero, expression is zero everywhere.
                                                                                            VarCumulAtom_238 = pulse("0", 0)
/home/omastto1/General-Optimization-Solver/src/solvers/rcpsp.py:31(stream:95:66): Warning: Cumulative expression 'pulse': height is zero, expression is zero everywhere.
                                                                                             VarCumulAtom_242 = pulse("4", 0)
/home/omastto1/General-Optimization-Solver/src/solvers/rcpsp.py:31(stream:95:141): Warning: Cumulative expression 'pulse': height is zero, expression is zero everywhere.
                                                                                              VarCumulAtom_247 = pulse("9", 0)
/home/omastto1/General-Optimization-Solver/src/solvers/rcpsp.py:31(stream:95:172): Warning: Cumulative expression 'pulse': height is zero, expression is zero everywhere.
                                                                                              VarCumulAtom_249 = pulse("11", 0)
/home/omastto1/General-Optimization-Solver/src/solvers/rcpsp.py:31(stream:95:204): Warning: Cumulative expression 'pulse': height is zero, expression is zero everywhere.
                                                                                              VarCumulAtom_251 = pulse("13", 0)
/home/omastto1/General-Optimization-Solver/src/solvers/rcpsp.py:31(stream:95:252): Warning: Cumulative expression 'pulse': height is zero, expression is zero everywhere.
                                                                                              VarCumulAtom_254 = pulse("16", 0)
/home/omastto1/General-Optimization-Solver/src/solvers/rcpsp.py:31(stream:95:268): Warning: Cumulative expression 'pulse': height is zero, expression is zero everywhere.
                                                                                              VarCumulAtom_255 = pulse("17", 0)
/home/omastto1/General-Optimization-Solver/src/solvers/rcpsp.py:31(stream:95:284): Warning: Cumulative expression 'pulse': height is zero, expression is zero everywhere.
                                                                                              VarCumulAtom_256 = pulse("18", 0)
/home/omastto1/General-Optimization-Solver/src/solvers/rcpsp.py:31(stream:95:348): Warning: Cumulative expression 'pulse': height is zero, expression is zero everywhere.
                                                                                              VarCumulAtom_260 = pulse("22", 0)
/home/omastto1/General-Optimization-Solver/src/solvers/rcpsp.py:31(stream:95:413): Warning: Cumulative expression 'pulse': height is zero, expression is zero everywhere.
                                                                                              VarCumulAtom_264 = pulse("26", 0)
/home/omastto1/General-Optimization-Solver/src/solvers/rcpsp.py:31(stream:95:429): Warning: Cumulative expression 'pulse': height is zero, expression is zero everywhere.
                                                                                              VarCumulAtom_265 = pulse("27", 0)
/home/omastto1/General-Optimization-Solver/src/solvers/rcpsp.py:31(stream:95:445): Warning: Cumulative expression 'pulse': height is zero, expression is zero everywhere.
                                                                                              VarCumulAtom_266 = pulse("28", 0)
/home/omastto1/General-Optimization-Solver/src/solvers/rcpsp.py:31(stream:95:477): Warning: Cumulative expression 'pulse': height is zero, expression is zero everywhere.
                                                                                              VarCumulAtom_268 = pulse("30", 0)
/home/omastto1/General-Optimization-Solver/src/solvers/rcpsp.py:31(stream:95:509): Warning: Cumulative expression 'pulse': height is zero, expression is zero everywhere.
                                                                                              VarCumulAtom_270 = pulse("32", 0)
/home/omastto1/General-Optimization-Solver/src/solvers/rcpsp.py:31(stream:95:525): Warning: Cumulative expression 'pulse': height is zero, expression is zero everywhere.
                                                                                              VarCumulAtom_271 = pulse("33", 0)
/home/omastto1/General-Optimization-Solver/src/solvers/rcpsp.py:31(stream:95:541): Warning: Cumulative expression 'pulse': height is zero, expression is zero everywhere.
                                                                                              VarCumulAtom_272 = pulse("34", 0)
/home/omastto1/General-Optimization-Solver/src/solvers/rcpsp.py:31(stream:95:605): Warning: Cumulative expression 'pulse': height is zero, expression is zero everywhere.
                                                                                              VarCumulAtom_276 = pulse("38", 0)
/home/omastto1/General-Optimization-Solver/src/solvers/rcpsp.py:31(stream:95:653): Warning: Cumulative expression 'pulse': height is zero, expression is zero everywhere.
                                                                                              VarCumulAtom_279 = pulse("41", 0)
/home/omastto1/General-Optimization-Solver/src/solvers/rcpsp.py:31(stream:95:701): Warning: Cumulative expression 'pulse': height is zero, expression is zero everywhere.
                                                                                              VarCumulAtom_282 = pulse("44", 0)
/home/omastto1/General-Optimization-Solver/src/solvers/rcpsp.py:31(stream:95:765): Warning: Cumulative expression 'pulse': height is zero, expression is zero everywhere.
                                                                                              VarCumulAtom_286 = pulse("48", 0)
   Too many warnings of this type. Suppressing further warnings of this type.
 ! --------------------------------------------------- CP Optimizer 20.1.0.0 --
 ! Minimization problem - 78 variables, 435 constraints
 ! TimeLimit            = 60
 ! Workers              = 14
 ! LogVerbosity         = Terse
 ! Initial process time : 0.00s (0.00s extraction + 0.00s propagation)
 !  . Log search space  : 502.5 (before), 502.5 (after)
 !  . Memory usage      : 802.1 kB (before), 802.1 kB (after)
 ! Using parallel search with 14 workers.
 ! ----------------------------------------------------------------------------
 !          Best Branches  Non-fixed    W       Branch decision
                        0         78                 -
 + New bound is 31
 ! Using iterative diving.
 ! Using temporal relaxation.
 *           180      157  0.95s        1      (gap is 82.78%)
 *           171      454  0.95s        1      (gap is 81.87%)
 *           166     1432  0.95s        1      (gap is 81.33%)
 *           165     1508  0.95s        1      (gap is 81.21%)
 *           161     1585  0.95s        1      (gap is 80.75%)
             161     5022          2    1   F        -
 + New bound is 117 (gap is 27.33%)
 ! Using failure-directed search.
 *           160     6416  0.95s        2      (gap is 26.88%)
 *           157     3158  0.95s        3      (gap is 25.48%)
 *           156     3185  0.95s        4      (gap is 25.00%)
 *           154     4059  0.95s        4      (gap is 24.03%)
 *           153     2699  0.95s        5      (gap is 23.53%)
 *           151     7991  0.95s        6      (gap is 22.52%)
 *           150    10606  1.82s        6      (gap is 22.00%)
 *           148    10258  1.82s        9      (gap is 20.95%)
 *           145    14098  2.69s        9      (gap is 19.31%)
 *           144    22885  4.41s        9      (gap is 18.75%)
 *           143    38194  6.08s        3      (gap is 18.18%)
 *           142    39907  6.08s        7      (gap is 17.61%)
 *           141    39501  6.96s        3      (gap is 17.02%)
 ! Time = 6.96s, Average fail depth = 37, Memory usage = 13.9 MB
 ! Current bound is 117 (gap is 17.02%)
 !          Best Branches  Non-fixed    W       Branch decision
 *           140     124k  8.65s       12      (gap is 16.43%)
 *           139     125k  8.65s       14      (gap is 15.83%)
 *           138    62442  10.32s       6      (gap is 15.22%)
 *           137    70030  15.47s       4      (gap is 14.60%)
 *           136    94171  17.19s      11      (gap is 13.97%)
 *           135     162k  36.14s       4      (gap is 13.33%)
 *           134     219k  42.20s       6      (gap is 12.69%)
 ! ----------------------------------------------------------------------------
 ! Search terminated by limit, 25 solutions found.
 ! Best objective         : 134 (gap is 12.69%)
 ! Best bound             : 117
 ! ----------------------------------------------------------------------------
 ! Number of branches     : 6659978
 ! Number of fails        : 1309803
 ! Total memory usage     : 12.1 MB (12.0 MB CP Optimizer + 0.1 MB Concert)
 ! Time spent in solve    : 60.09s (60.09s engine + 0.00s extraction)
 ! Search speed (br. / s) : 110851.8
 ! ----------------------------------------------------------------------------
(117,)
(0.126866,)
(134,)
Objective value: 134
Solution is 11.7 % worse than the lower bound.
Feasible solution found
