28
raw_data/mm-rcpsp/MMLIB50/J506_3.mm
Time limit set to 60 seconds
Running CP solver
/home/omastto1/General-Optimization-Solver/src/solvers/mmrcpsp.py:42(stream:276:6): Warning: Cumulative expression 'pulse': height is zero, expression is zero everywhere.
                                                                                               VarCumulAtom_419 = pulse(task_0_mode_0, 0)
/home/omastto1/General-Optimization-Solver/src/solvers/mmrcpsp.py:42(stream:276:31): Warning: Cumulative expression 'pulse': height is zero, expression is zero everywhere.
                                                                                                VarCumulAtom_420 = pulse(task_1_mode_0, 0)
/home/omastto1/General-Optimization-Solver/src/solvers/mmrcpsp.py:42(stream:276:56): Warning: Cumulative expression 'pulse': height is zero, expression is zero everywhere.
                                                                                                VarCumulAtom_421 = pulse(task_1_mode_1, 0)
/home/omastto1/General-Optimization-Solver/src/solvers/mmrcpsp.py:42(stream:276:156): Warning: Cumulative expression 'pulse': height is zero, expression is zero everywhere.
                                                                                                 VarCumulAtom_425 = pulse(task_2_mode_2, 0)
/home/omastto1/General-Optimization-Solver/src/solvers/mmrcpsp.py:42(stream:276:257): Warning: Cumulative expression 'pulse': height is zero, expression is zero everywhere.
                                                                                                 VarCumulAtom_429 = pulse(task_4_mode_0, 0)
/home/omastto1/General-Optimization-Solver/src/solvers/mmrcpsp.py:42(stream:276:282): Warning: Cumulative expression 'pulse': height is zero, expression is zero everywhere.
                                                                                                 VarCumulAtom_430 = pulse(task_4_mode_1, 0)
/home/omastto1/General-Optimization-Solver/src/solvers/mmrcpsp.py:42(stream:276:307): Warning: Cumulative expression 'pulse': height is zero, expression is zero everywhere.
                                                                                                 VarCumulAtom_431 = pulse(task_4_mode_2, 0)
/home/omastto1/General-Optimization-Solver/src/solvers/mmrcpsp.py:42(stream:276:357): Warning: Cumulative expression 'pulse': height is zero, expression is zero everywhere.
                                                                                                 VarCumulAtom_433 = pulse(task_5_mode_1, 0)
/home/omastto1/General-Optimization-Solver/src/solvers/mmrcpsp.py:42(stream:276:407): Warning: Cumulative expression 'pulse': height is zero, expression is zero everywhere.
                                                                                                 VarCumulAtom_435 = pulse(task_6_mode_0, 0)
/home/omastto1/General-Optimization-Solver/src/solvers/mmrcpsp.py:42(stream:276:457): Warning: Cumulative expression 'pulse': height is zero, expression is zero everywhere.
                                                                                                 VarCumulAtom_437 = pulse(task_6_mode_2, 0)
/home/omastto1/General-Optimization-Solver/src/solvers/mmrcpsp.py:42(stream:276:507): Warning: Cumulative expression 'pulse': height is zero, expression is zero everywhere.
                                                                                                 VarCumulAtom_439 = pulse(task_7_mode_1, 0)
/home/omastto1/General-Optimization-Solver/src/solvers/mmrcpsp.py:42(stream:276:532): Warning: Cumulative expression 'pulse': height is zero, expression is zero everywhere.
                                                                                                 VarCumulAtom_440 = pulse(task_7_mode_2, 0)
/home/omastto1/General-Optimization-Solver/src/solvers/mmrcpsp.py:42(stream:276:557): Warning: Cumulative expression 'pulse': height is zero, expression is zero everywhere.
                                                                                                 VarCumulAtom_441 = pulse(task_8_mode_0, 0)
/home/omastto1/General-Optimization-Solver/src/solvers/mmrcpsp.py:42(stream:276:607): Warning: Cumulative expression 'pulse': height is zero, expression is zero everywhere.
                                                                                                 VarCumulAtom_443 = pulse(task_8_mode_2, 0)
/home/omastto1/General-Optimization-Solver/src/solvers/mmrcpsp.py:42(stream:276:759): Warning: Cumulative expression 'pulse': height is zero, expression is zero everywhere.
                                                                                                 VarCumulAtom_449 = pulse(task_10_mode_2, 0)
/home/omastto1/General-Optimization-Solver/src/solvers/mmrcpsp.py:42(stream:276:837): Warning: Cumulative expression 'pulse': height is zero, expression is zero everywhere.
                                                                                                 VarCumulAtom_452 = pulse(task_11_mode_2, 0)
/home/omastto1/General-Optimization-Solver/src/solvers/mmrcpsp.py:42(stream:276:941): Warning: Cumulative expression 'pulse': height is zero, expression is zero everywhere.
                                                                                                 VarCumulAtom_456 = pulse(task_13_mode_0, 0)
/home/omastto1/General-Optimization-Solver/src/solvers/mmrcpsp.py:42(stream:276:993): Warning: Cumulative expression 'pulse': height is zero, expression is zero everywhere.
                                                                                                 VarCumulAtom_458 = pulse(task_13_mode_2, 0)
/home/omastto1/General-Optimization-Solver/src/solvers/mmrcpsp.py:42(stream:276:1045): Warning: Cumulative expression 'pulse': height is zero, expression is zero everywhere.
                                                                                                  VarCumulAtom_460 = pulse(task_14_mode_1, 0)
/home/omastto1/General-Optimization-Solver/src/solvers/mmrcpsp.py:42(stream:276:1071): Warning: Cumulative expression 'pulse': height is zero, expression is zero everywhere.
                                                                                                  VarCumulAtom_461 = pulse(task_14_mode_2, 0)
   Too many warnings of this type. Suppressing further warnings of this type.
 ! --------------------------------------------------- CP Optimizer 20.1.0.0 --
 ! Minimization problem - 205 variables, 292 constraints
 ! TimeLimit            = 60
 ! Workers              = 14
 ! LogVerbosity         = Terse
 ! Initial process time : 0.01s (0.01s extraction + 0.00s propagation)
 !  . Log search space  : 521.4 (before), 521.4 (after)
 !  . Memory usage      : 1.3 MB (before), 1.3 MB (after)
 ! Using parallel search with 14 workers.
 ! ----------------------------------------------------------------------------
 !          Best Branches  Non-fixed    W       Branch decision
                        0        205                 -
 + New bound is 20
 ! Using iterative diving.
 ! Using temporal relaxation.
 *            41      124  0.80s        1      (gap is 51.22%)
 *            38      332  0.80s        1      (gap is 47.37%)
 *            37      440  0.80s        1      (gap is 45.95%)
 *            35      548  0.80s        1      (gap is 42.86%)
 *            34      812  0.80s        1      (gap is 41.18%)
 *            33      920  0.80s        1      (gap is 39.39%)
 *            32     1028  0.80s        1      (gap is 37.50%)
 *            31     1243  0.80s        1      (gap is 35.48%)
 *            30     1538  0.80s        1      (gap is 33.33%)
 *            29     1724  0.80s        1      (gap is 31.03%)
 *            28     1575  0.80s        3      (gap is 28.57%)
 *            27     1619  0.80s        4      (gap is 25.93%)
 *            26     1176  0.80s        5      (gap is 23.08%)
 *            25     1230  0.80s        6      (gap is 20.00%)
 *            24     1501  0.80s        6      (gap is 16.67%)
 ! Using failure-directed search.
 *            23     3261  1.50s        2      (gap is 13.04%)
 *            22     4742  1.50s        2      (gap is 9.09%)
 *            21     5355  1.50s        2      (gap is 4.76%)
 *            20    13053  3.53s        2      (gap is 0.00%)
 ! Time = 3.53s, Average fail depth = 24, Memory usage = 22.3 MB
 ! Current bound is 20 (gap is 0.00%)
 !          Best Branches  Non-fixed    W       Branch decision
 ! ----------------------------------------------------------------------------
 ! Search completed, 19 solutions found.
 ! Best objective         : 20 (optimal - effective tol. is 0)
 ! Best bound             : 20
 ! ----------------------------------------------------------------------------
 ! Number of branches     : 313769
 ! Number of fails        : 70232
 ! Total memory usage     : 18.2 MB (18.0 MB CP Optimizer + 0.2 MB Concert)
 ! Time spent in solve    : 4.09s (4.09s engine + 0.01s extraction)
 ! Search speed (br. / s) : 76904.2
 ! ----------------------------------------------------------------------------
task_0: (start=0, end=0, size=0, length=0)
Task 0 is scheduled in mode 0 from 0 to 0
task_1: (start=0, end=4, size=4, length=4)
Task 1 is scheduled in mode 0 from 0 to 4
task_2: (start=0, end=10, size=10, length=10)
Task 2 is scheduled in mode 2 from 0 to 10
task_3: (start=0, end=6, size=6, length=6)
Task 3 is scheduled in mode 0 from 0 to 6
task_4: (start=4, end=5, size=1, length=1)
Task 4 is scheduled in mode 0 from 4 to 5
task_5: (start=0, end=5, size=5, length=5)
Task 5 is scheduled in mode 0 from 0 to 5
task_6: (start=0, end=3, size=3, length=3)
Task 6 is scheduled in mode 0 from 0 to 3
task_7: (start=0, end=2, size=2, length=2)
Task 7 is scheduled in mode 0 from 0 to 2
task_8: (start=4, end=6, size=2, length=2)
Task 8 is scheduled in mode 0 from 4 to 6
task_9: (start=0, end=4, size=4, length=4)
Task 9 is scheduled in mode 0 from 0 to 4
task_10: (start=4, end=8, size=4, length=4)
Task 10 is scheduled in mode 0 from 4 to 8
task_11: (start=10, end=12, size=2, length=2)
Task 11 is scheduled in mode 0 from 10 to 12
task_12: (start=8, end=11, size=3, length=3)
Task 12 is scheduled in mode 1 from 8 to 11
task_13: (start=0, end=4, size=4, length=4)
Task 13 is scheduled in mode 2 from 0 to 4
task_14: (start=2, end=3, size=1, length=1)
Task 14 is scheduled in mode 0 from 2 to 3
task_15: (start=10, end=13, size=3, length=3)
Task 15 is scheduled in mode 1 from 10 to 13
task_16: (start=11, end=15, size=4, length=4)
Task 16 is scheduled in mode 0 from 11 to 15
task_17: (start=10, end=13, size=3, length=3)
Task 17 is scheduled in mode 1 from 10 to 13
task_18: (start=5, end=10, size=5, length=5)
Task 18 is scheduled in mode 1 from 5 to 10
task_19: (start=5, end=11, size=6, length=6)
Task 19 is scheduled in mode 0 from 5 to 11
task_20: (start=13, end=14, size=1, length=1)
Task 20 is scheduled in mode 0 from 13 to 14
task_21: (start=12, end=13, size=1, length=1)
Task 21 is scheduled in mode 0 from 12 to 13
task_22: (start=6, end=14, size=8, length=8)
Task 22 is scheduled in mode 0 from 6 to 14
task_23: (start=3, end=12, size=9, length=9)
Task 23 is scheduled in mode 2 from 3 to 12
task_24: (start=9, end=10, size=1, length=1)
Task 24 is scheduled in mode 0 from 9 to 10
task_25: (start=3, end=10, size=7, length=7)
Task 25 is scheduled in mode 0 from 3 to 10
task_26: (start=13, end=14, size=1, length=1)
Task 26 is scheduled in mode 0 from 13 to 14
task_27: (start=6, end=9, size=3, length=3)
Task 27 is scheduled in mode 1 from 6 to 9
task_28: (start=12, end=13, size=1, length=1)
Task 28 is scheduled in mode 0 from 12 to 13
task_29: (start=10, end=12, size=2, length=2)
Task 29 is scheduled in mode 0 from 10 to 12
task_30: (start=11, end=15, size=4, length=4)
Task 30 is scheduled in mode 0 from 11 to 15
task_31: (start=6, end=14, size=8, length=8)
Task 31 is scheduled in mode 2 from 6 to 14
task_32: (start=13, end=17, size=4, length=4)
Task 32 is scheduled in mode 1 from 13 to 17
task_33: (start=14, end=17, size=3, length=3)
Task 33 is scheduled in mode 0 from 14 to 17
task_34: (start=12, end=13, size=1, length=1)
Task 34 is scheduled in mode 0 from 12 to 13
task_35: (start=10, end=14, size=4, length=4)
Task 35 is scheduled in mode 1 from 10 to 14
task_36: (start=15, end=20, size=5, length=5)
Task 36 is scheduled in mode 1 from 15 to 20
task_37: (start=14, end=20, size=6, length=6)
Task 37 is scheduled in mode 0 from 14 to 20
task_38: (start=15, end=20, size=5, length=5)
Task 38 is scheduled in mode 1 from 15 to 20
task_39: (start=17, end=19, size=2, length=2)
Task 39 is scheduled in mode 0 from 17 to 19
task_40: (start=19, end=20, size=1, length=1)
Task 40 is scheduled in mode 0 from 19 to 20
task_41: (start=16, end=20, size=4, length=4)
Task 41 is scheduled in mode 0 from 16 to 20
task_42: (start=14, end=15, size=1, length=1)
Task 42 is scheduled in mode 0 from 14 to 15
task_43: (start=18, end=20, size=2, length=2)
Task 43 is scheduled in mode 0 from 18 to 20
task_44: (start=13, end=20, size=7, length=7)
Task 44 is scheduled in mode 2 from 13 to 20
task_45: (start=14, end=18, size=4, length=4)
Task 45 is scheduled in mode 2 from 14 to 18
task_46: (start=17, end=19, size=2, length=2)
Task 46 is scheduled in mode 1 from 17 to 19
task_47: (start=16, end=20, size=4, length=4)
Task 47 is scheduled in mode 2 from 16 to 20
task_48: (start=19, end=20, size=1, length=1)
Task 48 is scheduled in mode 0 from 19 to 20
task_49: (start=15, end=16, size=1, length=1)
Task 49 is scheduled in mode 0 from 15 to 16
task_50: (start=13, end=19, size=6, length=6)
Task 50 is scheduled in mode 1 from 13 to 19
task_51: (start=20, end=20, size=0, length=0)
Task 51 is scheduled in mode 0 from 20 to 20
Optimal solution found
Objective value: 20
Solution is 0.0 % worse than the lower bound.
