26
raw_data/mm-rcpsp/MMLIB50/J506_1.mm
Time limit set to 60 seconds
Running CP solver
/home/omastto1/General-Optimization-Solver/src/solvers/mmrcpsp.py:42(stream:278:6): Warning: Cumulative expression 'pulse': height is zero, expression is zero everywhere.
                                                                                               VarCumulAtom_421 = pulse(task_0_mode_0, 0)
/home/omastto1/General-Optimization-Solver/src/solvers/mmrcpsp.py:42(stream:278:81): Warning: Cumulative expression 'pulse': height is zero, expression is zero everywhere.
                                                                                                VarCumulAtom_424 = pulse(task_1_mode_2, 0)
/home/omastto1/General-Optimization-Solver/src/solvers/mmrcpsp.py:42(stream:278:206): Warning: Cumulative expression 'pulse': height is zero, expression is zero everywhere.
                                                                                                 VarCumulAtom_429 = pulse(task_3_mode_1, 0)
/home/omastto1/General-Optimization-Solver/src/solvers/mmrcpsp.py:42(stream:278:231): Warning: Cumulative expression 'pulse': height is zero, expression is zero everywhere.
                                                                                                 VarCumulAtom_430 = pulse(task_3_mode_2, 0)
/home/omastto1/General-Optimization-Solver/src/solvers/mmrcpsp.py:42(stream:278:281): Warning: Cumulative expression 'pulse': height is zero, expression is zero everywhere.
                                                                                                 VarCumulAtom_432 = pulse(task_4_mode_1, 0)
/home/omastto1/General-Optimization-Solver/src/solvers/mmrcpsp.py:42(stream:278:331): Warning: Cumulative expression 'pulse': height is zero, expression is zero everywhere.
                                                                                                 VarCumulAtom_434 = pulse(task_5_mode_0, 0)
/home/omastto1/General-Optimization-Solver/src/solvers/mmrcpsp.py:42(stream:278:431): Warning: Cumulative expression 'pulse': height is zero, expression is zero everywhere.
                                                                                                 VarCumulAtom_438 = pulse(task_6_mode_1, 0)
/home/omastto1/General-Optimization-Solver/src/solvers/mmrcpsp.py:42(stream:278:456): Warning: Cumulative expression 'pulse': height is zero, expression is zero everywhere.
                                                                                                 VarCumulAtom_439 = pulse(task_6_mode_2, 0)
/home/omastto1/General-Optimization-Solver/src/solvers/mmrcpsp.py:42(stream:278:481): Warning: Cumulative expression 'pulse': height is zero, expression is zero everywhere.
                                                                                                 VarCumulAtom_440 = pulse(task_7_mode_0, 0)
/home/omastto1/General-Optimization-Solver/src/solvers/mmrcpsp.py:42(stream:278:558): Warning: Cumulative expression 'pulse': height is zero, expression is zero everywhere.
                                                                                                 VarCumulAtom_443 = pulse(task_8_mode_0, 0)
/home/omastto1/General-Optimization-Solver/src/solvers/mmrcpsp.py:42(stream:278:734): Warning: Cumulative expression 'pulse': height is zero, expression is zero everywhere.
                                                                                                 VarCumulAtom_450 = pulse(task_10_mode_1, 0)
/home/omastto1/General-Optimization-Solver/src/solvers/mmrcpsp.py:42(stream:278:760): Warning: Cumulative expression 'pulse': height is zero, expression is zero everywhere.
                                                                                                 VarCumulAtom_451 = pulse(task_10_mode_2, 0)
/home/omastto1/General-Optimization-Solver/src/solvers/mmrcpsp.py:42(stream:278:786): Warning: Cumulative expression 'pulse': height is zero, expression is zero everywhere.
                                                                                                 VarCumulAtom_452 = pulse(task_11_mode_0, 0)
/home/omastto1/General-Optimization-Solver/src/solvers/mmrcpsp.py:42(stream:278:812): Warning: Cumulative expression 'pulse': height is zero, expression is zero everywhere.
                                                                                                 VarCumulAtom_453 = pulse(task_11_mode_1, 0)
/home/omastto1/General-Optimization-Solver/src/solvers/mmrcpsp.py:42(stream:278:864): Warning: Cumulative expression 'pulse': height is zero, expression is zero everywhere.
                                                                                                 VarCumulAtom_455 = pulse(task_12_mode_0, 0)
/home/omastto1/General-Optimization-Solver/src/solvers/mmrcpsp.py:42(stream:278:890): Warning: Cumulative expression 'pulse': height is zero, expression is zero everywhere.
                                                                                                 VarCumulAtom_456 = pulse(task_12_mode_1, 0)
/home/omastto1/General-Optimization-Solver/src/solvers/mmrcpsp.py:42(stream:278:968): Warning: Cumulative expression 'pulse': height is zero, expression is zero everywhere.
                                                                                                 VarCumulAtom_459 = pulse(task_13_mode_1, 0)
/home/omastto1/General-Optimization-Solver/src/solvers/mmrcpsp.py:42(stream:278:994): Warning: Cumulative expression 'pulse': height is zero, expression is zero everywhere.
                                                                                                 VarCumulAtom_460 = pulse(task_13_mode_2, 0)
/home/omastto1/General-Optimization-Solver/src/solvers/mmrcpsp.py:42(stream:278:1046): Warning: Cumulative expression 'pulse': height is zero, expression is zero everywhere.
                                                                                                  VarCumulAtom_462 = pulse(task_14_mode_1, 0)
/home/omastto1/General-Optimization-Solver/src/solvers/mmrcpsp.py:42(stream:278:1072): Warning: Cumulative expression 'pulse': height is zero, expression is zero everywhere.
                                                                                                  VarCumulAtom_463 = pulse(task_14_mode_2, 0)
   Too many warnings of this type. Suppressing further warnings of this type.
 ! --------------------------------------------------- CP Optimizer 20.1.0.0 --
 ! Minimization problem - 205 variables, 261 constraints
 ! TimeLimit            = 60
 ! Workers              = 14
 ! LogVerbosity         = Terse
 ! Initial process time : 0.01s (0.01s extraction + 0.00s propagation)
 !  . Log search space  : 525.8 (before), 525.8 (after)
 !  . Memory usage      : 1.3 MB (before), 1.3 MB (after)
 ! Using parallel search with 14 workers.
 ! ----------------------------------------------------------------------------
 !          Best Branches  Non-fixed    W       Branch decision
                        0        205                 -
 + New bound is 20
 ! Using iterative diving.
 ! Using temporal relaxation.
 *            32      142  0.57s        1      (gap is 37.50%)
 *            30      344  0.57s        1      (gap is 33.33%)
 *            29      452  0.57s        1      (gap is 31.03%)
 *            27      560  0.57s        1      (gap is 25.93%)
 *            26      740  0.57s        1      (gap is 23.08%)
 *            25      848  0.57s        1      (gap is 20.00%)
 *            24      958  0.57s        1      (gap is 16.67%)
 *            23     1068  0.57s        1      (gap is 13.04%)
 *            22     1180  0.57s        1      (gap is 9.09%)
 *            21     1278  0.57s        1      (gap is 4.76%)
 *            20     1325  0.57s        1      (gap is 0.00%)
 ! ----------------------------------------------------------------------------
 ! Search completed, 11 solutions found.
 ! Best objective         : 20 (optimal - effective tol. is 0)
 ! Best bound             : 20
 ! ----------------------------------------------------------------------------
 ! Number of branches     : 67735
 ! Number of fails        : 516
 ! Total memory usage     : 17.8 MB (17.7 MB CP Optimizer + 0.2 MB Concert)
 ! Time spent in solve    : 0.59s (0.59s engine + 0.01s extraction)
 ! Search speed (br. / s) : 116784.5
 ! ----------------------------------------------------------------------------
task_0: (start=0, end=0, size=0, length=0)
Task 0 is scheduled in mode 0 from 0 to 0
task_1: (start=0, end=1, size=1, length=1)
Task 1 is scheduled in mode 0 from 0 to 1
task_2: (start=0, end=5, size=5, length=5)
Task 2 is scheduled in mode 0 from 0 to 5
task_3: (start=0, end=3, size=3, length=3)
Task 3 is scheduled in mode 1 from 0 to 3
task_4: (start=0, end=3, size=3, length=3)
Task 4 is scheduled in mode 0 from 0 to 3
task_5: (start=0, end=3, size=3, length=3)
Task 5 is scheduled in mode 0 from 0 to 3
task_6: (start=0, end=3, size=3, length=3)
Task 6 is scheduled in mode 0 from 0 to 3
task_7: (start=3, end=4, size=1, length=1)
Task 7 is scheduled in mode 0 from 3 to 4
task_8: (start=1, end=6, size=5, length=5)
Task 8 is scheduled in mode 1 from 1 to 6
task_9: (start=0, end=4, size=4, length=4)
Task 9 is scheduled in mode 0 from 0 to 4
task_10: (start=0, end=4, size=4, length=4)
Task 10 is scheduled in mode 1 from 0 to 4
task_11: (start=0, end=9, size=9, length=9)
Task 11 is scheduled in mode 2 from 0 to 9
task_12: (start=0, end=10, size=10, length=10)
Task 12 is scheduled in mode 1 from 0 to 10
task_13: (start=0, end=10, size=10, length=10)
Task 13 is scheduled in mode 2 from 0 to 10
task_14: (start=5, end=10, size=5, length=5)
Task 14 is scheduled in mode 0 from 5 to 10
task_15: (start=0, end=3, size=3, length=3)
Task 15 is scheduled in mode 1 from 0 to 3
task_16: (start=1, end=9, size=8, length=8)
Task 16 is scheduled in mode 2 from 1 to 9
task_17: (start=0, end=10, size=10, length=10)
Task 17 is scheduled in mode 2 from 0 to 10
task_18: (start=3, end=9, size=6, length=6)
Task 18 is scheduled in mode 1 from 3 to 9
task_19: (start=5, end=13, size=8, length=8)
Task 19 is scheduled in mode 1 from 5 to 13
task_20: (start=1, end=9, size=8, length=8)
Task 20 is scheduled in mode 2 from 1 to 9
task_21: (start=10, end=12, size=2, length=2)
Task 21 is scheduled in mode 1 from 10 to 12
task_22: (start=4, end=12, size=8, length=8)
Task 22 is scheduled in mode 2 from 4 to 12
task_23: (start=3, end=7, size=4, length=4)
Task 23 is scheduled in mode 1 from 3 to 7
task_24: (start=10, end=12, size=2, length=2)
Task 24 is scheduled in mode 1 from 10 to 12
task_25: (start=10, end=11, size=1, length=1)
Task 25 is scheduled in mode 0 from 10 to 11
task_26: (start=12, end=13, size=1, length=1)
Task 26 is scheduled in mode 0 from 12 to 13
task_27: (start=10, end=15, size=5, length=5)
Task 27 is scheduled in mode 0 from 10 to 15
task_28: (start=6, end=10, size=4, length=4)
Task 28 is scheduled in mode 0 from 6 to 10
task_29: (start=12, end=13, size=1, length=1)
Task 29 is scheduled in mode 0 from 12 to 13
task_30: (start=10, end=12, size=2, length=2)
Task 30 is scheduled in mode 2 from 10 to 12
task_31: (start=12, end=13, size=1, length=1)
Task 31 is scheduled in mode 0 from 12 to 13
task_32: (start=9, end=10, size=1, length=1)
Task 32 is scheduled in mode 0 from 9 to 10
task_33: (start=10, end=16, size=6, length=6)
Task 33 is scheduled in mode 0 from 10 to 16
task_34: (start=10, end=15, size=5, length=5)
Task 34 is scheduled in mode 2 from 10 to 15
task_35: (start=6, end=14, size=8, length=8)
Task 35 is scheduled in mode 2 from 6 to 14
task_36: (start=9, end=17, size=8, length=8)
Task 36 is scheduled in mode 0 from 9 to 17
task_37: (start=3, end=7, size=4, length=4)
Task 37 is scheduled in mode 0 from 3 to 7
task_38: (start=15, end=18, size=3, length=3)
Task 38 is scheduled in mode 1 from 15 to 18
task_39: (start=15, end=18, size=3, length=3)
Task 39 is scheduled in mode 0 from 15 to 18
task_40: (start=13, end=20, size=7, length=7)
Task 40 is scheduled in mode 0 from 13 to 20
task_41: (start=15, end=17, size=2, length=2)
Task 41 is scheduled in mode 1 from 15 to 17
task_42: (start=14, end=15, size=1, length=1)
Task 42 is scheduled in mode 0 from 14 to 15
task_43: (start=16, end=19, size=3, length=3)
Task 43 is scheduled in mode 0 from 16 to 19
task_44: (start=13, end=16, size=3, length=3)
Task 44 is scheduled in mode 0 from 13 to 16
task_45: (start=13, end=14, size=1, length=1)
Task 45 is scheduled in mode 0 from 13 to 14
task_46: (start=10, end=12, size=2, length=2)
Task 46 is scheduled in mode 0 from 10 to 12
task_47: (start=12, end=20, size=8, length=8)
Task 47 is scheduled in mode 2 from 12 to 20
task_48: (start=17, end=19, size=2, length=2)
Task 48 is scheduled in mode 0 from 17 to 19
task_49: (start=12, end=13, size=1, length=1)
Task 49 is scheduled in mode 0 from 12 to 13
task_50: (start=7, end=9, size=2, length=2)
Task 50 is scheduled in mode 1 from 7 to 9
task_51: (start=20, end=20, size=0, length=0)
Task 51 is scheduled in mode 0 from 20 to 20
Optimal solution found
Objective value: 20
Solution is optimal.
