5
raw_data/mm-rcpsp/MMLIB50/J501_5.mm
Time limit set to 60 seconds
Running CP solver
/home/omastto1/General-Optimization-Solver/src/solvers/mmrcpsp.py:42(stream:278:6): Warning: Cumulative expression 'pulse': height is zero, expression is zero everywhere.
                                                                                               VarCumulAtom_421 = pulse(task_0_mode_0, 0)
/home/omastto1/General-Optimization-Solver/src/solvers/mmrcpsp.py:42(stream:278:31): Warning: Cumulative expression 'pulse': height is zero, expression is zero everywhere.
                                                                                                VarCumulAtom_422 = pulse(task_1_mode_0, 0)
/home/omastto1/General-Optimization-Solver/src/solvers/mmrcpsp.py:42(stream:278:131): Warning: Cumulative expression 'pulse': height is zero, expression is zero everywhere.
                                                                                                 VarCumulAtom_426 = pulse(task_2_mode_1, 0)
/home/omastto1/General-Optimization-Solver/src/solvers/mmrcpsp.py:42(stream:278:156): Warning: Cumulative expression 'pulse': height is zero, expression is zero everywhere.
                                                                                                 VarCumulAtom_427 = pulse(task_2_mode_2, 0)
/home/omastto1/General-Optimization-Solver/src/solvers/mmrcpsp.py:42(stream:278:181): Warning: Cumulative expression 'pulse': height is zero, expression is zero everywhere.
                                                                                                 VarCumulAtom_428 = pulse(task_3_mode_0, 0)
/home/omastto1/General-Optimization-Solver/src/solvers/mmrcpsp.py:42(stream:278:231): Warning: Cumulative expression 'pulse': height is zero, expression is zero everywhere.
                                                                                                 VarCumulAtom_430 = pulse(task_3_mode_2, 0)
/home/omastto1/General-Optimization-Solver/src/solvers/mmrcpsp.py:42(stream:278:256): Warning: Cumulative expression 'pulse': height is zero, expression is zero everywhere.
                                                                                                 VarCumulAtom_431 = pulse(task_4_mode_0, 0)
/home/omastto1/General-Optimization-Solver/src/solvers/mmrcpsp.py:42(stream:278:306): Warning: Cumulative expression 'pulse': height is zero, expression is zero everywhere.
                                                                                                 VarCumulAtom_433 = pulse(task_4_mode_2, 0)
/home/omastto1/General-Optimization-Solver/src/solvers/mmrcpsp.py:42(stream:278:331): Warning: Cumulative expression 'pulse': height is zero, expression is zero everywhere.
                                                                                                 VarCumulAtom_434 = pulse(task_5_mode_0, 0)
/home/omastto1/General-Optimization-Solver/src/solvers/mmrcpsp.py:42(stream:278:406): Warning: Cumulative expression 'pulse': height is zero, expression is zero everywhere.
                                                                                                 VarCumulAtom_437 = pulse(task_6_mode_0, 0)
/home/omastto1/General-Optimization-Solver/src/solvers/mmrcpsp.py:42(stream:278:531): Warning: Cumulative expression 'pulse': height is zero, expression is zero everywhere.
                                                                                                 VarCumulAtom_442 = pulse(task_7_mode_2, 0)
/home/omastto1/General-Optimization-Solver/src/solvers/mmrcpsp.py:42(stream:278:556): Warning: Cumulative expression 'pulse': height is zero, expression is zero everywhere.
                                                                                                 VarCumulAtom_443 = pulse(task_8_mode_0, 0)
/home/omastto1/General-Optimization-Solver/src/solvers/mmrcpsp.py:42(stream:278:606): Warning: Cumulative expression 'pulse': height is zero, expression is zero everywhere.
                                                                                                 VarCumulAtom_445 = pulse(task_8_mode_2, 0)
/home/omastto1/General-Optimization-Solver/src/solvers/mmrcpsp.py:42(stream:278:631): Warning: Cumulative expression 'pulse': height is zero, expression is zero everywhere.
                                                                                                 VarCumulAtom_446 = pulse(task_9_mode_0, 0)
/home/omastto1/General-Optimization-Solver/src/solvers/mmrcpsp.py:42(stream:278:656): Warning: Cumulative expression 'pulse': height is zero, expression is zero everywhere.
                                                                                                 VarCumulAtom_447 = pulse(task_9_mode_1, 0)
/home/omastto1/General-Optimization-Solver/src/solvers/mmrcpsp.py:42(stream:278:681): Warning: Cumulative expression 'pulse': height is zero, expression is zero everywhere.
                                                                                                 VarCumulAtom_448 = pulse(task_9_mode_2, 0)
/home/omastto1/General-Optimization-Solver/src/solvers/mmrcpsp.py:42(stream:278:810): Warning: Cumulative expression 'pulse': height is zero, expression is zero everywhere.
                                                                                                 VarCumulAtom_453 = pulse(task_11_mode_1, 0)
/home/omastto1/General-Optimization-Solver/src/solvers/mmrcpsp.py:42(stream:278:836): Warning: Cumulative expression 'pulse': height is zero, expression is zero everywhere.
                                                                                                 VarCumulAtom_454 = pulse(task_11_mode_2, 0)
/home/omastto1/General-Optimization-Solver/src/solvers/mmrcpsp.py:42(stream:278:888): Warning: Cumulative expression 'pulse': height is zero, expression is zero everywhere.
                                                                                                 VarCumulAtom_456 = pulse(task_12_mode_1, 0)
/home/omastto1/General-Optimization-Solver/src/solvers/mmrcpsp.py:42(stream:278:940): Warning: Cumulative expression 'pulse': height is zero, expression is zero everywhere.
                                                                                                 VarCumulAtom_458 = pulse(task_13_mode_0, 0)
   Too many warnings of this type. Suppressing further warnings of this type.
 ! --------------------------------------------------- CP Optimizer 20.1.0.0 --
 ! Minimization problem - 205 variables, 289 constraints
 ! TimeLimit            = 60
 ! Workers              = 14
 ! LogVerbosity         = Terse
 ! Initial process time : 0.02s (0.02s extraction + 0.00s propagation)
 !  . Log search space  : 524.1 (before), 524.1 (after)
 !  . Memory usage      : 1.3 MB (before), 1.3 MB (after)
 ! Using parallel search with 14 workers.
 ! ----------------------------------------------------------------------------
 !          Best Branches  Non-fixed    W       Branch decision
                        0        205                 -
 + New bound is 26
 ! Using iterative diving.
 ! Using temporal relaxation.
 *            35      784  0.78s        1      (gap is 25.71%)
 *            34      986  0.78s        1      (gap is 23.53%)
 *            29     2428  1.36s        1      (gap is 10.34%)
 *            28     6332  1.92s        8      (gap is 7.14%)
 *            27     6960  3.07s        7      (gap is 3.70%)
 *            26    11865  4.09s        4      (gap is 0.00%)
 ! ----------------------------------------------------------------------------
 ! Search completed, 6 solutions found.
 ! Best objective         : 26 (optimal - effective tol. is 0)
 ! Best bound             : 26
 ! ----------------------------------------------------------------------------
 ! Number of branches     : 368269
 ! Number of fails        : 77501
 ! Total memory usage     : 18.1 MB (17.9 MB CP Optimizer + 0.2 MB Concert)
 ! Time spent in solve    : 4.59s (4.57s engine + 0.02s extraction)
 ! Search speed (br. / s) : 80584.0
 ! ----------------------------------------------------------------------------
task_0: (start=0, end=0, size=0, length=0)
Task 0 is scheduled in mode 0 from 0 to 0
task_1: (start=0, end=1, size=1, length=1)
Task 1 is scheduled in mode 0 from 0 to 1
task_2: (start=0, end=1, size=1, length=1)
Task 2 is scheduled in mode 0 from 0 to 1
task_3: (start=0, end=10, size=10, length=10)
Task 3 is scheduled in mode 2 from 0 to 10
task_4: (start=0, end=7, size=7, length=7)
Task 4 is scheduled in mode 2 from 0 to 7
task_5: (start=0, end=1, size=1, length=1)
Task 5 is scheduled in mode 1 from 0 to 1
task_6: (start=0, end=8, size=8, length=8)
Task 6 is scheduled in mode 1 from 0 to 8
task_7: (start=6, end=14, size=8, length=8)
Task 7 is scheduled in mode 2 from 6 to 14
task_8: (start=0, end=10, size=10, length=10)
Task 8 is scheduled in mode 2 from 0 to 10
task_9: (start=0, end=6, size=6, length=6)
Task 9 is scheduled in mode 2 from 0 to 6
task_10: (start=0, end=9, size=9, length=9)
Task 10 is scheduled in mode 2 from 0 to 9
task_11: (start=1, end=4, size=3, length=3)
Task 11 is scheduled in mode 1 from 1 to 4
task_12: (start=0, end=10, size=10, length=10)
Task 12 is scheduled in mode 2 from 0 to 10
task_13: (start=1, end=9, size=8, length=8)
Task 13 is scheduled in mode 2 from 1 to 9
task_14: (start=7, end=15, size=8, length=8)
Task 14 is scheduled in mode 2 from 7 to 15
task_15: (start=0, end=9, size=9, length=9)
Task 15 is scheduled in mode 2 from 0 to 9
task_16: (start=4, end=11, size=7, length=7)
Task 16 is scheduled in mode 2 from 4 to 11
task_17: (start=1, end=4, size=3, length=3)
Task 17 is scheduled in mode 1 from 1 to 4
task_18: (start=10, end=18, size=8, length=8)
Task 18 is scheduled in mode 1 from 10 to 18
task_19: (start=1, end=11, size=10, length=10)
Task 19 is scheduled in mode 2 from 1 to 11
task_20: (start=10, end=13, size=3, length=3)
Task 20 is scheduled in mode 0 from 10 to 13
task_21: (start=8, end=17, size=9, length=9)
Task 21 is scheduled in mode 1 from 8 to 17
task_22: (start=10, end=18, size=8, length=8)
Task 22 is scheduled in mode 2 from 10 to 18
task_23: (start=12, end=18, size=6, length=6)
Task 23 is scheduled in mode 2 from 12 to 18
task_24: (start=5, end=8, size=3, length=3)
Task 24 is scheduled in mode 1 from 5 to 8
task_25: (start=14, end=19, size=5, length=5)
Task 25 is scheduled in mode 2 from 14 to 19
task_26: (start=12, end=16, size=4, length=4)
Task 26 is scheduled in mode 1 from 12 to 16
task_27: (start=11, end=17, size=6, length=6)
Task 27 is scheduled in mode 2 from 11 to 17
task_28: (start=9, end=12, size=3, length=3)
Task 28 is scheduled in mode 0 from 9 to 12
task_29: (start=17, end=24, size=7, length=7)
Task 29 is scheduled in mode 2 from 17 to 24
task_30: (start=10, end=17, size=7, length=7)
Task 30 is scheduled in mode 2 from 10 to 17
task_31: (start=16, end=20, size=4, length=4)
Task 31 is scheduled in mode 1 from 16 to 20
task_32: (start=14, end=18, size=4, length=4)
Task 32 is scheduled in mode 2 from 14 to 18
task_33: (start=17, end=23, size=6, length=6)
Task 33 is scheduled in mode 1 from 17 to 23
task_34: (start=4, end=5, size=1, length=1)
Task 34 is scheduled in mode 0 from 4 to 5
task_35: (start=24, end=25, size=1, length=1)
Task 35 is scheduled in mode 0 from 24 to 25
task_36: (start=20, end=25, size=5, length=5)
Task 36 is scheduled in mode 1 from 20 to 25
task_37: (start=18, end=26, size=8, length=8)
Task 37 is scheduled in mode 2 from 18 to 26
task_38: (start=19, end=24, size=5, length=5)
Task 38 is scheduled in mode 1 from 19 to 24
task_39: (start=19, end=24, size=5, length=5)
Task 39 is scheduled in mode 2 from 19 to 24
task_40: (start=18, end=26, size=8, length=8)
Task 40 is scheduled in mode 2 from 18 to 26
task_41: (start=23, end=26, size=3, length=3)
Task 41 is scheduled in mode 1 from 23 to 26
task_42: (start=17, end=26, size=9, length=9)
Task 42 is scheduled in mode 2 from 17 to 26
task_43: (start=18, end=21, size=3, length=3)
Task 43 is scheduled in mode 1 from 18 to 21
task_44: (start=23, end=26, size=3, length=3)
Task 44 is scheduled in mode 0 from 23 to 26
task_45: (start=18, end=19, size=1, length=1)
Task 45 is scheduled in mode 0 from 18 to 19
task_46: (start=15, end=25, size=10, length=10)
Task 46 is scheduled in mode 1 from 15 to 25
task_47: (start=10, end=20, size=10, length=10)
Task 47 is scheduled in mode 2 from 10 to 20
task_48: (start=14, end=23, size=9, length=9)
Task 48 is scheduled in mode 2 from 14 to 23
task_49: (start=11, end=15, size=4, length=4)
Task 49 is scheduled in mode 2 from 11 to 15
task_50: (start=10, end=19, size=9, length=9)
Task 50 is scheduled in mode 2 from 10 to 19
task_51: (start=26, end=26, size=0, length=0)
Task 51 is scheduled in mode 0 from 26 to 26
Optimal solution found
Objective value: 26
Solution is optimal.
