14
raw_data/mm-rcpsp/MMLIB50/J503_4.mm
Time limit set to 60 seconds
Running CP solver
/home/omastto1/General-Optimization-Solver/src/solvers/mmrcpsp.py:42(stream:278:6): Warning: Cumulative expression 'pulse': height is zero, expression is zero everywhere.
                                                                                               VarCumulAtom_421 = pulse(task_0_mode_0, 0)
/home/omastto1/General-Optimization-Solver/src/solvers/mmrcpsp.py:42(stream:278:31): Warning: Cumulative expression 'pulse': height is zero, expression is zero everywhere.
                                                                                                VarCumulAtom_422 = pulse(task_1_mode_0, 0)
/home/omastto1/General-Optimization-Solver/src/solvers/mmrcpsp.py:42(stream:278:131): Warning: Cumulative expression 'pulse': height is zero, expression is zero everywhere.
                                                                                                 VarCumulAtom_426 = pulse(task_2_mode_1, 0)
/home/omastto1/General-Optimization-Solver/src/solvers/mmrcpsp.py:42(stream:278:206): Warning: Cumulative expression 'pulse': height is zero, expression is zero everywhere.
                                                                                                 VarCumulAtom_429 = pulse(task_3_mode_1, 0)
/home/omastto1/General-Optimization-Solver/src/solvers/mmrcpsp.py:42(stream:278:256): Warning: Cumulative expression 'pulse': height is zero, expression is zero everywhere.
                                                                                                 VarCumulAtom_431 = pulse(task_4_mode_0, 0)
/home/omastto1/General-Optimization-Solver/src/solvers/mmrcpsp.py:42(stream:278:331): Warning: Cumulative expression 'pulse': height is zero, expression is zero everywhere.
                                                                                                 VarCumulAtom_434 = pulse(task_5_mode_0, 0)
/home/omastto1/General-Optimization-Solver/src/solvers/mmrcpsp.py:42(stream:278:406): Warning: Cumulative expression 'pulse': height is zero, expression is zero everywhere.
                                                                                                 VarCumulAtom_437 = pulse(task_6_mode_0, 0)
/home/omastto1/General-Optimization-Solver/src/solvers/mmrcpsp.py:42(stream:278:481): Warning: Cumulative expression 'pulse': height is zero, expression is zero everywhere.
                                                                                                 VarCumulAtom_440 = pulse(task_7_mode_0, 0)
/home/omastto1/General-Optimization-Solver/src/solvers/mmrcpsp.py:42(stream:278:606): Warning: Cumulative expression 'pulse': height is zero, expression is zero everywhere.
                                                                                                 VarCumulAtom_445 = pulse(task_8_mode_2, 0)
/home/omastto1/General-Optimization-Solver/src/solvers/mmrcpsp.py:42(stream:278:631): Warning: Cumulative expression 'pulse': height is zero, expression is zero everywhere.
                                                                                                 VarCumulAtom_446 = pulse(task_9_mode_0, 0)
/home/omastto1/General-Optimization-Solver/src/solvers/mmrcpsp.py:42(stream:278:681): Warning: Cumulative expression 'pulse': height is zero, expression is zero everywhere.
                                                                                                 VarCumulAtom_448 = pulse(task_9_mode_2, 0)
/home/omastto1/General-Optimization-Solver/src/solvers/mmrcpsp.py:42(stream:278:706): Warning: Cumulative expression 'pulse': height is zero, expression is zero everywhere.
                                                                                                 VarCumulAtom_449 = pulse(task_10_mode_0, 0)
/home/omastto1/General-Optimization-Solver/src/solvers/mmrcpsp.py:42(stream:278:732): Warning: Cumulative expression 'pulse': height is zero, expression is zero everywhere.
                                                                                                 VarCumulAtom_450 = pulse(task_10_mode_1, 0)
/home/omastto1/General-Optimization-Solver/src/solvers/mmrcpsp.py:42(stream:278:810): Warning: Cumulative expression 'pulse': height is zero, expression is zero everywhere.
                                                                                                 VarCumulAtom_453 = pulse(task_11_mode_1, 0)
/home/omastto1/General-Optimization-Solver/src/solvers/mmrcpsp.py:42(stream:278:836): Warning: Cumulative expression 'pulse': height is zero, expression is zero everywhere.
                                                                                                 VarCumulAtom_454 = pulse(task_11_mode_2, 0)
/home/omastto1/General-Optimization-Solver/src/solvers/mmrcpsp.py:42(stream:278:940): Warning: Cumulative expression 'pulse': height is zero, expression is zero everywhere.
                                                                                                 VarCumulAtom_458 = pulse(task_13_mode_0, 0)
/home/omastto1/General-Optimization-Solver/src/solvers/mmrcpsp.py:42(stream:278:966): Warning: Cumulative expression 'pulse': height is zero, expression is zero everywhere.
                                                                                                 VarCumulAtom_459 = pulse(task_13_mode_1, 0)
/home/omastto1/General-Optimization-Solver/src/solvers/mmrcpsp.py:42(stream:278:992): Warning: Cumulative expression 'pulse': height is zero, expression is zero everywhere.
                                                                                                 VarCumulAtom_460 = pulse(task_13_mode_2, 0)
/home/omastto1/General-Optimization-Solver/src/solvers/mmrcpsp.py:42(stream:278:1018): Warning: Cumulative expression 'pulse': height is zero, expression is zero everywhere.
                                                                                                  VarCumulAtom_461 = pulse(task_14_mode_0, 0)
/home/omastto1/General-Optimization-Solver/src/solvers/mmrcpsp.py:42(stream:278:1044): Warning: Cumulative expression 'pulse': height is zero, expression is zero everywhere.
                                                                                                  VarCumulAtom_462 = pulse(task_14_mode_1, 0)
   Too many warnings of this type. Suppressing further warnings of this type.
 ! --------------------------------------------------- CP Optimizer 20.1.0.0 --
 ! Minimization problem - 205 variables, 266 constraints
 ! TimeLimit            = 60
 ! Workers              = 14
 ! LogVerbosity         = Terse
 ! Initial process time : 0.02s (0.02s extraction + 0.00s propagation)
 !  . Log search space  : 516.7 (before), 516.7 (after)
 !  . Memory usage      : 1.3 MB (before), 1.3 MB (after)
 ! Using parallel search with 14 workers.
 ! ----------------------------------------------------------------------------
 !          Best Branches  Non-fixed    W       Branch decision
                        0        205                 -
 + New bound is 23
 ! Using iterative diving.
 ! Using temporal relaxation.
 *            46      125  0.87s        1      (gap is 50.00%)
 *            44      319  0.87s        1      (gap is 47.73%)
 *            43      427  0.87s        1      (gap is 46.51%)
 *            42      685  0.87s        1      (gap is 45.24%)
 *            39      879  0.87s        1      (gap is 41.03%)
 *            32     1160  0.87s        1      (gap is 28.12%)
 *            30     1213  0.87s        1      (gap is 23.33%)
 *            29     1374  0.87s        1      (gap is 20.69%)
 *            28     1609  0.87s        1      (gap is 17.86%)
 *            27     1659  0.87s        1      (gap is 14.81%)
 *            26     1851  0.87s        1      (gap is 11.54%)
 *            23     2008  0.90s        4      (gap is 0.00%)
 ! ----------------------------------------------------------------------------
 ! Search completed, 12 solutions found.
 ! Best objective         : 23 (optimal - effective tol. is 0)
 ! Best bound             : 23
 ! ----------------------------------------------------------------------------
 ! Number of branches     : 85857
 ! Number of fails        : 7560
 ! Total memory usage     : 17.8 MB (17.6 MB CP Optimizer + 0.2 MB Concert)
 ! Time spent in solve    : 1.13s (1.11s engine + 0.02s extraction)
 ! Search speed (br. / s) : 77348.6
 ! ----------------------------------------------------------------------------
task_0: (start=0, end=0, size=0, length=0)
Task 0 is scheduled in mode 0 from 0 to 0
task_1: (start=3, end=7, size=4, length=4)
Task 1 is scheduled in mode 1 from 3 to 7
task_2: (start=0, end=1, size=1, length=1)
Task 2 is scheduled in mode 0 from 0 to 1
task_3: (start=0, end=1, size=1, length=1)
Task 3 is scheduled in mode 0 from 0 to 1
task_4: (start=0, end=2, size=2, length=2)
Task 4 is scheduled in mode 0 from 0 to 2
task_5: (start=1, end=5, size=4, length=4)
Task 5 is scheduled in mode 1 from 1 to 5
task_6: (start=1, end=3, size=2, length=2)
Task 6 is scheduled in mode 0 from 1 to 3
task_7: (start=0, end=3, size=3, length=3)
Task 7 is scheduled in mode 1 from 0 to 3
task_8: (start=1, end=6, size=5, length=5)
Task 8 is scheduled in mode 0 from 1 to 6
task_9: (start=1, end=4, size=3, length=3)
Task 9 is scheduled in mode 0 from 1 to 4
task_10: (start=0, end=7, size=7, length=7)
Task 10 is scheduled in mode 0 from 0 to 7
task_11: (start=0, end=6, size=6, length=6)
Task 11 is scheduled in mode 0 from 0 to 6
task_12: (start=2, end=10, size=8, length=8)
Task 12 is scheduled in mode 2 from 2 to 10
task_13: (start=4, end=10, size=6, length=6)
Task 13 is scheduled in mode 1 from 4 to 10
task_14: (start=0, end=2, size=2, length=2)
Task 14 is scheduled in mode 0 from 0 to 2
task_15: (start=2, end=6, size=4, length=4)
Task 15 is scheduled in mode 0 from 2 to 6
task_16: (start=7, end=13, size=6, length=6)
Task 16 is scheduled in mode 1 from 7 to 13
task_17: (start=5, end=11, size=6, length=6)
Task 17 is scheduled in mode 1 from 5 to 11
task_18: (start=2, end=5, size=3, length=3)
Task 18 is scheduled in mode 0 from 2 to 5
task_19: (start=5, end=6, size=1, length=1)
Task 19 is scheduled in mode 0 from 5 to 6
task_20: (start=13, end=16, size=3, length=3)
Task 20 is scheduled in mode 1 from 13 to 16
task_21: (start=10, end=13, size=3, length=3)
Task 21 is scheduled in mode 0 from 10 to 13
task_22: (start=1, end=2, size=1, length=1)
Task 22 is scheduled in mode 1 from 1 to 2
task_23: (start=0, end=1, size=1, length=1)
Task 23 is scheduled in mode 0 from 0 to 1
task_24: (start=0, end=1, size=1, length=1)
Task 24 is scheduled in mode 0 from 0 to 1
task_25: (start=10, end=13, size=3, length=3)
Task 25 is scheduled in mode 0 from 10 to 13
task_26: (start=6, end=10, size=4, length=4)
Task 26 is scheduled in mode 0 from 6 to 10
task_27: (start=13, end=18, size=5, length=5)
Task 27 is scheduled in mode 0 from 13 to 18
task_28: (start=7, end=11, size=4, length=4)
Task 28 is scheduled in mode 0 from 7 to 11
task_29: (start=18, end=21, size=3, length=3)
Task 29 is scheduled in mode 1 from 18 to 21
task_30: (start=11, end=18, size=7, length=7)
Task 30 is scheduled in mode 0 from 11 to 18
task_31: (start=13, end=14, size=1, length=1)
Task 31 is scheduled in mode 0 from 13 to 14
task_32: (start=10, end=13, size=3, length=3)
Task 32 is scheduled in mode 0 from 10 to 13
task_33: (start=12, end=18, size=6, length=6)
Task 33 is scheduled in mode 1 from 12 to 18
task_34: (start=11, end=15, size=4, length=4)
Task 34 is scheduled in mode 0 from 11 to 15
task_35: (start=7, end=16, size=9, length=9)
Task 35 is scheduled in mode 1 from 7 to 16
task_36: (start=6, end=7, size=1, length=1)
Task 36 is scheduled in mode 1 from 6 to 7
task_37: (start=6, end=12, size=6, length=6)
Task 37 is scheduled in mode 2 from 6 to 12
task_38: (start=21, end=23, size=2, length=2)
Task 38 is scheduled in mode 0 from 21 to 23
task_39: (start=21, end=23, size=2, length=2)
Task 39 is scheduled in mode 0 from 21 to 23
task_40: (start=18, end=19, size=1, length=1)
Task 40 is scheduled in mode 0 from 18 to 19
task_41: (start=18, end=23, size=5, length=5)
Task 41 is scheduled in mode 0 from 18 to 23
task_42: (start=14, end=15, size=1, length=1)
Task 42 is scheduled in mode 0 from 14 to 15
task_43: (start=13, end=14, size=1, length=1)
Task 43 is scheduled in mode 0 from 13 to 14
task_44: (start=16, end=17, size=1, length=1)
Task 44 is scheduled in mode 0 from 16 to 17
task_45: (start=16, end=18, size=2, length=2)
Task 45 is scheduled in mode 0 from 16 to 18
task_46: (start=15, end=21, size=6, length=6)
Task 46 is scheduled in mode 1 from 15 to 21
task_47: (start=13, end=15, size=2, length=2)
Task 47 is scheduled in mode 0 from 13 to 15
task_48: (start=14, end=19, size=5, length=5)
Task 48 is scheduled in mode 0 from 14 to 19
task_49: (start=16, end=23, size=7, length=7)
Task 49 is scheduled in mode 0 from 16 to 23
task_50: (start=14, end=16, size=2, length=2)
Task 50 is scheduled in mode 0 from 14 to 16
task_51: (start=23, end=23, size=0, length=0)
Task 51 is scheduled in mode 0 from 23 to 23
Optimal solution found
Objective value: 23
Solution is optimal.
