67
raw_data/mm-rcpsp/MMLIB50/J5014_2.mm
Time limit set to 60 seconds
Running CP solver
/home/omastto1/General-Optimization-Solver/src/solvers/mmrcpsp.py:42(stream:278:6): Warning: Cumulative expression 'pulse': height is zero, expression is zero everywhere.
                                                                                               VarCumulAtom_421 = pulse(task_0_mode_0, 0)
/home/omastto1/General-Optimization-Solver/src/solvers/mmrcpsp.py:42(stream:278:31): Warning: Cumulative expression 'pulse': height is zero, expression is zero everywhere.
                                                                                                VarCumulAtom_422 = pulse(task_1_mode_0, 0)
/home/omastto1/General-Optimization-Solver/src/solvers/mmrcpsp.py:42(stream:278:56): Warning: Cumulative expression 'pulse': height is zero, expression is zero everywhere.
                                                                                                VarCumulAtom_423 = pulse(task_1_mode_1, 0)
/home/omastto1/General-Optimization-Solver/src/solvers/mmrcpsp.py:42(stream:278:156): Warning: Cumulative expression 'pulse': height is zero, expression is zero everywhere.
                                                                                                 VarCumulAtom_427 = pulse(task_2_mode_2, 0)
/home/omastto1/General-Optimization-Solver/src/solvers/mmrcpsp.py:42(stream:278:181): Warning: Cumulative expression 'pulse': height is zero, expression is zero everywhere.
                                                                                                 VarCumulAtom_428 = pulse(task_3_mode_0, 0)
/home/omastto1/General-Optimization-Solver/src/solvers/mmrcpsp.py:42(stream:278:281): Warning: Cumulative expression 'pulse': height is zero, expression is zero everywhere.
                                                                                                 VarCumulAtom_432 = pulse(task_4_mode_1, 0)
/home/omastto1/General-Optimization-Solver/src/solvers/mmrcpsp.py:42(stream:278:306): Warning: Cumulative expression 'pulse': height is zero, expression is zero everywhere.
                                                                                                 VarCumulAtom_433 = pulse(task_4_mode_2, 0)
/home/omastto1/General-Optimization-Solver/src/solvers/mmrcpsp.py:42(stream:278:456): Warning: Cumulative expression 'pulse': height is zero, expression is zero everywhere.
                                                                                                 VarCumulAtom_439 = pulse(task_6_mode_2, 0)
/home/omastto1/General-Optimization-Solver/src/solvers/mmrcpsp.py:42(stream:278:506): Warning: Cumulative expression 'pulse': height is zero, expression is zero everywhere.
                                                                                                 VarCumulAtom_441 = pulse(task_7_mode_1, 0)
/home/omastto1/General-Optimization-Solver/src/solvers/mmrcpsp.py:42(stream:278:656): Warning: Cumulative expression 'pulse': height is zero, expression is zero everywhere.
                                                                                                 VarCumulAtom_447 = pulse(task_9_mode_1, 0)
/home/omastto1/General-Optimization-Solver/src/solvers/mmrcpsp.py:42(stream:278:706): Warning: Cumulative expression 'pulse': height is zero, expression is zero everywhere.
                                                                                                 VarCumulAtom_449 = pulse(task_10_mode_0, 0)
/home/omastto1/General-Optimization-Solver/src/solvers/mmrcpsp.py:42(stream:278:732): Warning: Cumulative expression 'pulse': height is zero, expression is zero everywhere.
                                                                                                 VarCumulAtom_450 = pulse(task_10_mode_1, 0)
/home/omastto1/General-Optimization-Solver/src/solvers/mmrcpsp.py:42(stream:278:784): Warning: Cumulative expression 'pulse': height is zero, expression is zero everywhere.
                                                                                                 VarCumulAtom_452 = pulse(task_11_mode_0, 0)
/home/omastto1/General-Optimization-Solver/src/solvers/mmrcpsp.py:42(stream:278:836): Warning: Cumulative expression 'pulse': height is zero, expression is zero everywhere.
                                                                                                 VarCumulAtom_454 = pulse(task_11_mode_2, 0)
/home/omastto1/General-Optimization-Solver/src/solvers/mmrcpsp.py:42(stream:278:888): Warning: Cumulative expression 'pulse': height is zero, expression is zero everywhere.
                                                                                                 VarCumulAtom_456 = pulse(task_12_mode_1, 0)
/home/omastto1/General-Optimization-Solver/src/solvers/mmrcpsp.py:42(stream:278:940): Warning: Cumulative expression 'pulse': height is zero, expression is zero everywhere.
                                                                                                 VarCumulAtom_458 = pulse(task_13_mode_0, 0)
/home/omastto1/General-Optimization-Solver/src/solvers/mmrcpsp.py:42(stream:278:966): Warning: Cumulative expression 'pulse': height is zero, expression is zero everywhere.
                                                                                                 VarCumulAtom_459 = pulse(task_13_mode_1, 0)
/home/omastto1/General-Optimization-Solver/src/solvers/mmrcpsp.py:42(stream:278:992): Warning: Cumulative expression 'pulse': height is zero, expression is zero everywhere.
                                                                                                 VarCumulAtom_460 = pulse(task_13_mode_2, 0)
/home/omastto1/General-Optimization-Solver/src/solvers/mmrcpsp.py:42(stream:278:1044): Warning: Cumulative expression 'pulse': height is zero, expression is zero everywhere.
                                                                                                  VarCumulAtom_462 = pulse(task_14_mode_1, 0)
/home/omastto1/General-Optimization-Solver/src/solvers/mmrcpsp.py:42(stream:278:1070): Warning: Cumulative expression 'pulse': height is zero, expression is zero everywhere.
                                                                                                  VarCumulAtom_463 = pulse(task_14_mode_2, 0)
   Too many warnings of this type. Suppressing further warnings of this type.
 ! --------------------------------------------------- CP Optimizer 20.1.0.0 --
 ! Minimization problem - 205 variables, 296 constraints
 ! TimeLimit            = 60
 ! Workers              = 14
 ! LogVerbosity         = Terse
 ! Initial process time : 0.01s (0.01s extraction + 0.00s propagation)
 !  . Log search space  : 523.0 (before), 523.0 (after)
 !  . Memory usage      : 1.3 MB (before), 1.3 MB (after)
 ! Using parallel search with 14 workers.
 ! ----------------------------------------------------------------------------
 !          Best Branches  Non-fixed    W       Branch decision
                        0        205                 -
 + New bound is 21
 ! Using iterative diving.
 ! Using temporal relaxation.
 *            38      118  0.86s        1      (gap is 44.74%)
 *            33      281  0.86s        1      (gap is 36.36%)
 *            32      389  0.86s        1      (gap is 34.38%)
 *            31      525  0.86s        1      (gap is 32.26%)
 *            30      633  0.86s        1      (gap is 30.00%)
 *            28      835  0.86s        1      (gap is 25.00%)
 *            27      962  0.86s        1      (gap is 22.22%)
 *            26     1030  0.86s        1      (gap is 19.23%)
 *            25     1080  0.86s        1      (gap is 16.00%)
 *            24     1314  0.86s        1      (gap is 12.50%)
 ! Using failure-directed search.
 *            22     1685  1.46s        3      (gap is 4.55%)
 *            21     4039  3.23s        1      (gap is 0.00%)
 ! ----------------------------------------------------------------------------
 ! Search completed, 12 solutions found.
 ! Best objective         : 21 (optimal - effective tol. is 0)
 ! Best bound             : 21
 ! ----------------------------------------------------------------------------
 ! Number of branches     : 262785
 ! Number of fails        : 44916
 ! Total memory usage     : 17.9 MB (17.7 MB CP Optimizer + 0.2 MB Concert)
 ! Time spent in solve    : 3.69s (3.68s engine + 0.01s extraction)
 ! Search speed (br. / s) : 71409.0
 ! ----------------------------------------------------------------------------
task_0: (start=0, end=0, size=0, length=0)
Task 0 is scheduled in mode 0 from 0 to 0
task_1: (start=0, end=5, size=5, length=5)
Task 1 is scheduled in mode 1 from 0 to 5
task_2: (start=0, end=8, size=8, length=8)
Task 2 is scheduled in mode 2 from 0 to 8
task_3: (start=1, end=5, size=4, length=4)
Task 3 is scheduled in mode 1 from 1 to 5
task_4: (start=0, end=6, size=6, length=6)
Task 4 is scheduled in mode 2 from 0 to 6
task_5: (start=0, end=6, size=6, length=6)
Task 5 is scheduled in mode 0 from 0 to 6
task_6: (start=0, end=7, size=7, length=7)
Task 6 is scheduled in mode 2 from 0 to 7
task_7: (start=2, end=10, size=8, length=8)
Task 7 is scheduled in mode 2 from 2 to 10
task_8: (start=1, end=7, size=6, length=6)
Task 8 is scheduled in mode 1 from 1 to 7
task_9: (start=3, end=11, size=8, length=8)
Task 9 is scheduled in mode 2 from 3 to 11
task_10: (start=2, end=11, size=9, length=9)
Task 10 is scheduled in mode 2 from 2 to 11
task_11: (start=1, end=10, size=9, length=9)
Task 11 is scheduled in mode 2 from 1 to 10
task_12: (start=5, end=11, size=6, length=6)
Task 12 is scheduled in mode 2 from 5 to 11
task_13: (start=1, end=6, size=5, length=5)
Task 13 is scheduled in mode 2 from 1 to 6
task_14: (start=6, end=9, size=3, length=3)
Task 14 is scheduled in mode 1 from 6 to 9
task_15: (start=1, end=5, size=4, length=4)
Task 15 is scheduled in mode 0 from 1 to 5
task_16: (start=5, end=11, size=6, length=6)
Task 16 is scheduled in mode 2 from 5 to 11
task_17: (start=0, end=3, size=3, length=3)
Task 17 is scheduled in mode 2 from 0 to 3
task_18: (start=8, end=10, size=2, length=2)
Task 18 is scheduled in mode 0 from 8 to 10
task_19: (start=1, end=11, size=10, length=10)
Task 19 is scheduled in mode 2 from 1 to 11
task_20: (start=5, end=12, size=7, length=7)
Task 20 is scheduled in mode 2 from 5 to 12
task_21: (start=6, end=13, size=7, length=7)
Task 21 is scheduled in mode 0 from 6 to 13
task_22: (start=6, end=12, size=6, length=6)
Task 22 is scheduled in mode 2 from 6 to 12
task_23: (start=7, end=14, size=7, length=7)
Task 23 is scheduled in mode 1 from 7 to 14
task_24: (start=8, end=11, size=3, length=3)
Task 24 is scheduled in mode 0 from 8 to 11
task_25: (start=9, end=13, size=4, length=4)
Task 25 is scheduled in mode 2 from 9 to 13
task_26: (start=8, end=12, size=4, length=4)
Task 26 is scheduled in mode 1 from 8 to 12
task_27: (start=5, end=13, size=8, length=8)
Task 27 is scheduled in mode 2 from 5 to 13
task_28: (start=10, end=11, size=1, length=1)
Task 28 is scheduled in mode 0 from 10 to 11
task_29: (start=11, end=14, size=3, length=3)
Task 29 is scheduled in mode 1 from 11 to 14
task_30: (start=13, end=15, size=2, length=2)
Task 30 is scheduled in mode 1 from 13 to 15
task_31: (start=11, end=14, size=3, length=3)
Task 31 is scheduled in mode 1 from 11 to 14
task_32: (start=14, end=18, size=4, length=4)
Task 32 is scheduled in mode 1 from 14 to 18
task_33: (start=14, end=15, size=1, length=1)
Task 33 is scheduled in mode 0 from 14 to 15
task_34: (start=10, end=14, size=4, length=4)
Task 34 is scheduled in mode 1 from 10 to 14
task_35: (start=15, end=21, size=6, length=6)
Task 35 is scheduled in mode 2 from 15 to 21
task_36: (start=18, end=21, size=3, length=3)
Task 36 is scheduled in mode 1 from 18 to 21
task_37: (start=15, end=21, size=6, length=6)
Task 37 is scheduled in mode 1 from 15 to 21
task_38: (start=12, end=20, size=8, length=8)
Task 38 is scheduled in mode 2 from 12 to 20
task_39: (start=13, end=20, size=7, length=7)
Task 39 is scheduled in mode 2 from 13 to 20
task_40: (start=14, end=21, size=7, length=7)
Task 40 is scheduled in mode 0 from 14 to 21
task_41: (start=13, end=16, size=3, length=3)
Task 41 is scheduled in mode 1 from 13 to 16
task_42: (start=13, end=21, size=8, length=8)
Task 42 is scheduled in mode 2 from 13 to 21
task_43: (start=12, end=21, size=9, length=9)
Task 43 is scheduled in mode 1 from 12 to 21
task_44: (start=14, end=17, size=3, length=3)
Task 44 is scheduled in mode 2 from 14 to 17
task_45: (start=11, end=21, size=10, length=10)
Task 45 is scheduled in mode 2 from 11 to 21
task_46: (start=17, end=20, size=3, length=3)
Task 46 is scheduled in mode 2 from 17 to 20
task_47: (start=11, end=18, size=7, length=7)
Task 47 is scheduled in mode 2 from 11 to 18
task_48: (start=12, end=20, size=8, length=8)
Task 48 is scheduled in mode 1 from 12 to 20
task_49: (start=11, end=20, size=9, length=9)
Task 49 is scheduled in mode 2 from 11 to 20
task_50: (start=11, end=21, size=10, length=10)
Task 50 is scheduled in mode 2 from 11 to 21
task_51: (start=21, end=21, size=0, length=0)
Task 51 is scheduled in mode 0 from 21 to 21
Optimal solution found
Objective value: 21
Solution is optimal.
