71
raw_data/mm-rcpsp/MMLIB50/J5015_1.mm
Time limit set to 60 seconds
Running CP solver
/home/omastto1/General-Optimization-Solver/src/solvers/mmrcpsp.py:42(stream:278:6): Warning: Cumulative expression 'pulse': height is zero, expression is zero everywhere.
                                                                                               VarCumulAtom_421 = pulse(task_0_mode_0, 0)
/home/omastto1/General-Optimization-Solver/src/solvers/mmrcpsp.py:42(stream:278:31): Warning: Cumulative expression 'pulse': height is zero, expression is zero everywhere.
                                                                                                VarCumulAtom_422 = pulse(task_1_mode_0, 0)
/home/omastto1/General-Optimization-Solver/src/solvers/mmrcpsp.py:42(stream:278:56): Warning: Cumulative expression 'pulse': height is zero, expression is zero everywhere.
                                                                                                VarCumulAtom_423 = pulse(task_1_mode_1, 0)
/home/omastto1/General-Optimization-Solver/src/solvers/mmrcpsp.py:42(stream:278:81): Warning: Cumulative expression 'pulse': height is zero, expression is zero everywhere.
                                                                                                VarCumulAtom_424 = pulse(task_1_mode_2, 0)
/home/omastto1/General-Optimization-Solver/src/solvers/mmrcpsp.py:42(stream:278:106): Warning: Cumulative expression 'pulse': height is zero, expression is zero everywhere.
                                                                                                 VarCumulAtom_425 = pulse(task_2_mode_0, 0)
/home/omastto1/General-Optimization-Solver/src/solvers/mmrcpsp.py:42(stream:278:231): Warning: Cumulative expression 'pulse': height is zero, expression is zero everywhere.
                                                                                                 VarCumulAtom_430 = pulse(task_3_mode_2, 0)
/home/omastto1/General-Optimization-Solver/src/solvers/mmrcpsp.py:42(stream:278:281): Warning: Cumulative expression 'pulse': height is zero, expression is zero everywhere.
                                                                                                 VarCumulAtom_432 = pulse(task_4_mode_1, 0)
/home/omastto1/General-Optimization-Solver/src/solvers/mmrcpsp.py:42(stream:278:306): Warning: Cumulative expression 'pulse': height is zero, expression is zero everywhere.
                                                                                                 VarCumulAtom_433 = pulse(task_4_mode_2, 0)
/home/omastto1/General-Optimization-Solver/src/solvers/mmrcpsp.py:42(stream:278:381): Warning: Cumulative expression 'pulse': height is zero, expression is zero everywhere.
                                                                                                 VarCumulAtom_436 = pulse(task_5_mode_2, 0)
/home/omastto1/General-Optimization-Solver/src/solvers/mmrcpsp.py:42(stream:278:431): Warning: Cumulative expression 'pulse': height is zero, expression is zero everywhere.
                                                                                                 VarCumulAtom_438 = pulse(task_6_mode_1, 0)
/home/omastto1/General-Optimization-Solver/src/solvers/mmrcpsp.py:42(stream:278:456): Warning: Cumulative expression 'pulse': height is zero, expression is zero everywhere.
                                                                                                 VarCumulAtom_439 = pulse(task_6_mode_2, 0)
/home/omastto1/General-Optimization-Solver/src/solvers/mmrcpsp.py:42(stream:278:506): Warning: Cumulative expression 'pulse': height is zero, expression is zero everywhere.
                                                                                                 VarCumulAtom_441 = pulse(task_7_mode_1, 0)
/home/omastto1/General-Optimization-Solver/src/solvers/mmrcpsp.py:42(stream:278:556): Warning: Cumulative expression 'pulse': height is zero, expression is zero everywhere.
                                                                                                 VarCumulAtom_443 = pulse(task_8_mode_0, 0)
/home/omastto1/General-Optimization-Solver/src/solvers/mmrcpsp.py:42(stream:278:631): Warning: Cumulative expression 'pulse': height is zero, expression is zero everywhere.
                                                                                                 VarCumulAtom_446 = pulse(task_9_mode_0, 0)
/home/omastto1/General-Optimization-Solver/src/solvers/mmrcpsp.py:42(stream:278:681): Warning: Cumulative expression 'pulse': height is zero, expression is zero everywhere.
                                                                                                 VarCumulAtom_448 = pulse(task_9_mode_2, 0)
/home/omastto1/General-Optimization-Solver/src/solvers/mmrcpsp.py:42(stream:278:706): Warning: Cumulative expression 'pulse': height is zero, expression is zero everywhere.
                                                                                                 VarCumulAtom_449 = pulse(task_10_mode_0, 0)
/home/omastto1/General-Optimization-Solver/src/solvers/mmrcpsp.py:42(stream:278:810): Warning: Cumulative expression 'pulse': height is zero, expression is zero everywhere.
                                                                                                 VarCumulAtom_453 = pulse(task_11_mode_1, 0)
/home/omastto1/General-Optimization-Solver/src/solvers/mmrcpsp.py:42(stream:278:862): Warning: Cumulative expression 'pulse': height is zero, expression is zero everywhere.
                                                                                                 VarCumulAtom_455 = pulse(task_12_mode_0, 0)
/home/omastto1/General-Optimization-Solver/src/solvers/mmrcpsp.py:42(stream:278:966): Warning: Cumulative expression 'pulse': height is zero, expression is zero everywhere.
                                                                                                 VarCumulAtom_459 = pulse(task_13_mode_1, 0)
/home/omastto1/General-Optimization-Solver/src/solvers/mmrcpsp.py:42(stream:278:992): Warning: Cumulative expression 'pulse': height is zero, expression is zero everywhere.
                                                                                                 VarCumulAtom_460 = pulse(task_13_mode_2, 0)
   Too many warnings of this type. Suppressing further warnings of this type.
 ! --------------------------------------------------- CP Optimizer 20.1.0.0 --
 ! Minimization problem - 205 variables, 266 constraints
 ! TimeLimit            = 60
 ! Workers              = 14
 ! LogVerbosity         = Terse
 ! Initial process time : 0.01s (0.01s extraction + 0.00s propagation)
 !  . Log search space  : 517.9 (before), 517.9 (after)
 !  . Memory usage      : 1.3 MB (before), 1.3 MB (after)
 ! Using parallel search with 14 workers.
 ! ----------------------------------------------------------------------------
 !          Best Branches  Non-fixed    W       Branch decision
                        0        205                 -
 + New bound is 19
 ! Using iterative diving.
 ! Using temporal relaxation.
 *            30      141  0.52s        1      (gap is 36.67%)
 *            29      338  0.52s        1      (gap is 34.48%)
 *            28      446  0.52s        1      (gap is 32.14%)
 *            27      706  0.52s        1      (gap is 29.63%)
 *            26      894  0.52s        1      (gap is 26.92%)
 *            25     1002  0.52s        1      (gap is 24.00%)
 *            21     1195  0.52s        1      (gap is 9.52%)
 *            20     1245  0.52s        1      (gap is 5.00%)
 *            19     1287  0.52s        1      (gap is 0.00%)
 ! ----------------------------------------------------------------------------
 ! Search completed, 9 solutions found.
 ! Best objective         : 19 (optimal - effective tol. is 0)
 ! Best bound             : 19
 ! ----------------------------------------------------------------------------
 ! Number of branches     : 68093
 ! Number of fails        : 509
 ! Total memory usage     : 17.4 MB (17.3 MB CP Optimizer + 0.2 MB Concert)
 ! Time spent in solve    : 0.55s (0.54s engine + 0.01s extraction)
 ! Search speed (br. / s) : 126098.1
 ! ----------------------------------------------------------------------------
task_0: (start=0, end=0, size=0, length=0)
Task 0 is scheduled in mode 0 from 0 to 0
task_1: (start=0, end=7, size=7, length=7)
Task 1 is scheduled in mode 1 from 0 to 7
task_2: (start=0, end=4, size=4, length=4)
Task 2 is scheduled in mode 0 from 0 to 4
task_3: (start=0, end=2, size=2, length=2)
Task 3 is scheduled in mode 1 from 0 to 2
task_4: (start=0, end=1, size=1, length=1)
Task 4 is scheduled in mode 0 from 0 to 1
task_5: (start=0, end=4, size=4, length=4)
Task 5 is scheduled in mode 1 from 0 to 4
task_6: (start=0, end=5, size=5, length=5)
Task 6 is scheduled in mode 2 from 0 to 5
task_7: (start=7, end=11, size=4, length=4)
Task 7 is scheduled in mode 0 from 7 to 11
task_8: (start=0, end=1, size=1, length=1)
Task 8 is scheduled in mode 0 from 0 to 1
task_9: (start=0, end=7, size=7, length=7)
Task 9 is scheduled in mode 2 from 0 to 7
task_10: (start=7, end=11, size=4, length=4)
Task 10 is scheduled in mode 2 from 7 to 11
task_11: (start=4, end=7, size=3, length=3)
Task 11 is scheduled in mode 0 from 4 to 7
task_12: (start=0, end=3, size=3, length=3)
Task 12 is scheduled in mode 1 from 0 to 3
task_13: (start=0, end=7, size=7, length=7)
Task 13 is scheduled in mode 1 from 0 to 7
task_14: (start=0, end=5, size=5, length=5)
Task 14 is scheduled in mode 0 from 0 to 5
task_15: (start=0, end=4, size=4, length=4)
Task 15 is scheduled in mode 2 from 0 to 4
task_16: (start=4, end=9, size=5, length=5)
Task 16 is scheduled in mode 2 from 4 to 9
task_17: (start=0, end=3, size=3, length=3)
Task 17 is scheduled in mode 1 from 0 to 3
task_18: (start=7, end=9, size=2, length=2)
Task 18 is scheduled in mode 2 from 7 to 9
task_19: (start=0, end=7, size=7, length=7)
Task 19 is scheduled in mode 2 from 0 to 7
task_20: (start=0, end=2, size=2, length=2)
Task 20 is scheduled in mode 1 from 0 to 2
task_21: (start=7, end=11, size=4, length=4)
Task 21 is scheduled in mode 2 from 7 to 11
task_22: (start=0, end=10, size=10, length=10)
Task 22 is scheduled in mode 2 from 0 to 10
task_23: (start=1, end=7, size=6, length=6)
Task 23 is scheduled in mode 2 from 1 to 7
task_24: (start=0, end=5, size=5, length=5)
Task 24 is scheduled in mode 2 from 0 to 5
task_25: (start=15, end=16, size=1, length=1)
Task 25 is scheduled in mode 0 from 15 to 16
task_26: (start=11, end=15, size=4, length=4)
Task 26 is scheduled in mode 1 from 11 to 15
task_27: (start=7, end=15, size=8, length=8)
Task 27 is scheduled in mode 1 from 7 to 15
task_28: (start=4, end=11, size=7, length=7)
Task 28 is scheduled in mode 1 from 4 to 11
task_29: (start=5, end=10, size=5, length=5)
Task 29 is scheduled in mode 1 from 5 to 10
task_30: (start=11, end=18, size=7, length=7)
Task 30 is scheduled in mode 0 from 11 to 18
task_31: (start=15, end=16, size=1, length=1)
Task 31 is scheduled in mode 0 from 15 to 16
task_32: (start=18, end=19, size=1, length=1)
Task 32 is scheduled in mode 1 from 18 to 19
task_33: (start=16, end=19, size=3, length=3)
Task 33 is scheduled in mode 0 from 16 to 19
task_34: (start=15, end=19, size=4, length=4)
Task 34 is scheduled in mode 0 from 15 to 19
task_35: (start=16, end=18, size=2, length=2)
Task 35 is scheduled in mode 1 from 16 to 18
task_36: (start=15, end=17, size=2, length=2)
Task 36 is scheduled in mode 0 from 15 to 17
task_37: (start=11, end=14, size=3, length=3)
Task 37 is scheduled in mode 1 from 11 to 14
task_38: (start=11, end=13, size=2, length=2)
Task 38 is scheduled in mode 1 from 11 to 13
task_39: (start=11, end=19, size=8, length=8)
Task 39 is scheduled in mode 1 from 11 to 19
task_40: (start=15, end=19, size=4, length=4)
Task 40 is scheduled in mode 1 from 15 to 19
task_41: (start=11, end=15, size=4, length=4)
Task 41 is scheduled in mode 1 from 11 to 15
task_42: (start=11, end=16, size=5, length=5)
Task 42 is scheduled in mode 2 from 11 to 16
task_43: (start=11, end=17, size=6, length=6)
Task 43 is scheduled in mode 2 from 11 to 17
task_44: (start=11, end=19, size=8, length=8)
Task 44 is scheduled in mode 2 from 11 to 19
task_45: (start=7, end=16, size=9, length=9)
Task 45 is scheduled in mode 2 from 7 to 16
task_46: (start=7, end=17, size=10, length=10)
Task 46 is scheduled in mode 2 from 7 to 17
task_47: (start=11, end=18, size=7, length=7)
Task 47 is scheduled in mode 2 from 11 to 18
task_48: (start=7, end=14, size=7, length=7)
Task 48 is scheduled in mode 2 from 7 to 14
task_49: (start=5, end=11, size=6, length=6)
Task 49 is scheduled in mode 2 from 5 to 11
task_50: (start=7, end=9, size=2, length=2)
Task 50 is scheduled in mode 0 from 7 to 9
task_51: (start=19, end=19, size=0, length=0)
Task 51 is scheduled in mode 0 from 19 to 19
Optimal solution found
Objective value: 19
Solution is optimal.
