55
raw_data/mm-rcpsp/MMLIB50/J5011_5.mm
Time limit set to 60 seconds
Running CP solver
/home/omastto1/General-Optimization-Solver/src/solvers/mmrcpsp.py:42(stream:276:6): Warning: Cumulative expression 'pulse': height is zero, expression is zero everywhere.
                                                                                               VarCumulAtom_419 = pulse(task_0_mode_0, 0)
/home/omastto1/General-Optimization-Solver/src/solvers/mmrcpsp.py:42(stream:276:3906): Warning: Cumulative expression 'pulse': height is zero, expression is zero everywhere.
                                                                                                  VarCumulAtom_570 = pulse(task_51_mode_0, 0)
/home/omastto1/General-Optimization-Solver/src/solvers/mmrcpsp.py:42(stream:277:6): Warning: Cumulative expression 'pulse': height is zero, expression is zero everywhere.
                                                                                               VarCumulAtom_574 = pulse(task_0_mode_0, 0)
/home/omastto1/General-Optimization-Solver/src/solvers/mmrcpsp.py:42(stream:277:3915): Warning: Cumulative expression 'pulse': height is zero, expression is zero everywhere.
                                                                                                  VarCumulAtom_725 = pulse(task_51_mode_0, 0)
 ! --------------------------------------------------- CP Optimizer 20.1.0.0 --
 ! Minimization problem - 205 variables, 298 constraints
 ! TimeLimit            = 60
 ! Workers              = 14
 ! LogVerbosity         = Terse
 ! Initial process time : 0.00s (0.00s extraction + 0.00s propagation)
 !  . Log search space  : 517.8 (before), 517.8 (after)
 !  . Memory usage      : 1.3 MB (before), 1.3 MB (after)
 ! Using parallel search with 14 workers.
 ! ----------------------------------------------------------------------------
 !          Best Branches  Non-fixed    W       Branch decision
                        0        205                 -
 + New bound is 16
 ! Using iterative diving.
 ! Using temporal relaxation.
 *            51      110  0.88s        1      (gap is 68.63%)
 *            50      307  0.88s        1      (gap is 68.00%)
 *            38      487  0.88s        1      (gap is 57.89%)
 *            35      893  0.88s        1      (gap is 54.29%)
 *            34     1092  0.88s        1      (gap is 52.94%)
 *            33     2121  0.88s        1      (gap is 51.52%)
 *            32     4097  1.66s        5      (gap is 50.00%)
 *            31    14922  3.88s        4      (gap is 48.39%)
 ! Using failure-directed search.
              31    36973        109    1        17 >= startOf(task_51)
 + New bound is 17 (gap is 45.16%)
 *            30    66770  14.42s       8      (gap is 43.33%)
 ! ----------------------------------------------------------------------------
 ! Search terminated by limit, 9 solutions found.
 ! Best objective         : 30 (gap is 43.33%)
 ! Best bound             : 17
 ! ----------------------------------------------------------------------------
 ! Number of branches     : 5528530
 ! Number of fails        : 1192573
 ! Total memory usage     : 19.8 MB (19.7 MB CP Optimizer + 0.2 MB Concert)
 ! Time spent in solve    : 60.01s (60.01s engine + 0.00s extraction)
 ! Search speed (br. / s) : 92126.8
 ! ----------------------------------------------------------------------------
task_0: (start=0, end=0, size=0, length=0)
Task 0 is scheduled in mode 0 from 0 to 0
task_1: (start=4, end=6, size=2, length=2)
Task 1 is scheduled in mode 0 from 4 to 6
task_2: (start=4, end=6, size=2, length=2)
Task 2 is scheduled in mode 0 from 4 to 6
task_3: (start=0, end=4, size=4, length=4)
Task 3 is scheduled in mode 1 from 0 to 4
task_4: (start=6, end=8, size=2, length=2)
Task 4 is scheduled in mode 0 from 6 to 8
task_5: (start=4, end=6, size=2, length=2)
Task 5 is scheduled in mode 0 from 4 to 6
task_6: (start=0, end=4, size=4, length=4)
Task 6 is scheduled in mode 0 from 0 to 4
task_7: (start=0, end=4, size=4, length=4)
Task 7 is scheduled in mode 0 from 0 to 4
task_8: (start=6, end=7, size=1, length=1)
Task 8 is scheduled in mode 0 from 6 to 7
task_9: (start=5, end=7, size=2, length=2)
Task 9 is scheduled in mode 0 from 5 to 7
task_10: (start=0, end=1, size=1, length=1)
Task 10 is scheduled in mode 0 from 0 to 1
task_11: (start=0, end=4, size=4, length=4)
Task 11 is scheduled in mode 0 from 0 to 4
task_12: (start=1, end=5, size=4, length=4)
Task 12 is scheduled in mode 0 from 1 to 5
task_13: (start=8, end=13, size=5, length=5)
Task 13 is scheduled in mode 0 from 8 to 13
task_14: (start=7, end=8, size=1, length=1)
Task 14 is scheduled in mode 0 from 7 to 8
task_15: (start=6, end=9, size=3, length=3)
Task 15 is scheduled in mode 0 from 6 to 9
task_16: (start=4, end=6, size=2, length=2)
Task 16 is scheduled in mode 0 from 4 to 6
task_17: (start=7, end=8, size=1, length=1)
Task 17 is scheduled in mode 0 from 7 to 8
task_18: (start=11, end=16, size=5, length=5)
Task 18 is scheduled in mode 0 from 11 to 16
task_19: (start=7, end=13, size=6, length=6)
Task 19 is scheduled in mode 1 from 7 to 13
task_20: (start=11, end=20, size=9, length=9)
Task 20 is scheduled in mode 2 from 11 to 20
task_21: (start=9, end=11, size=2, length=2)
Task 21 is scheduled in mode 0 from 9 to 11
task_22: (start=13, end=18, size=5, length=5)
Task 22 is scheduled in mode 0 from 13 to 18
task_23: (start=9, end=11, size=2, length=2)
Task 23 is scheduled in mode 0 from 9 to 11
task_24: (start=8, end=9, size=1, length=1)
Task 24 is scheduled in mode 0 from 8 to 9
task_25: (start=9, end=13, size=4, length=4)
Task 25 is scheduled in mode 0 from 9 to 13
task_26: (start=7, end=8, size=1, length=1)
Task 26 is scheduled in mode 0 from 7 to 8
task_27: (start=8, end=9, size=1, length=1)
Task 27 is scheduled in mode 0 from 8 to 9
task_28: (start=13, end=21, size=8, length=8)
Task 28 is scheduled in mode 2 from 13 to 21
task_29: (start=16, end=21, size=5, length=5)
Task 29 is scheduled in mode 0 from 16 to 21
task_30: (start=16, end=24, size=8, length=8)
Task 30 is scheduled in mode 1 from 16 to 24
task_31: (start=8, end=13, size=5, length=5)
Task 31 is scheduled in mode 0 from 8 to 13
task_32: (start=21, end=22, size=1, length=1)
Task 32 is scheduled in mode 0 from 21 to 22
task_33: (start=22, end=24, size=2, length=2)
Task 33 is scheduled in mode 0 from 22 to 24
task_34: (start=29, end=30, size=1, length=1)
Task 34 is scheduled in mode 0 from 29 to 30
task_35: (start=24, end=27, size=3, length=3)
Task 35 is scheduled in mode 0 from 24 to 27
task_36: (start=20, end=22, size=2, length=2)
Task 36 is scheduled in mode 0 from 20 to 22
task_37: (start=27, end=30, size=3, length=3)
Task 37 is scheduled in mode 0 from 27 to 30
task_38: (start=22, end=26, size=4, length=4)
Task 38 is scheduled in mode 0 from 22 to 26
task_39: (start=24, end=29, size=5, length=5)
Task 39 is scheduled in mode 1 from 24 to 29
task_40: (start=24, end=30, size=6, length=6)
Task 40 is scheduled in mode 0 from 24 to 30
task_41: (start=26, end=27, size=1, length=1)
Task 41 is scheduled in mode 0 from 26 to 27
task_42: (start=27, end=30, size=3, length=3)
Task 42 is scheduled in mode 0 from 27 to 30
task_43: (start=27, end=30, size=3, length=3)
Task 43 is scheduled in mode 0 from 27 to 30
task_44: (start=11, end=21, size=10, length=10)
Task 44 is scheduled in mode 2 from 11 to 21
task_45: (start=18, end=22, size=4, length=4)
Task 45 is scheduled in mode 0 from 18 to 22
task_46: (start=21, end=24, size=3, length=3)
Task 46 is scheduled in mode 0 from 21 to 24
task_47: (start=18, end=22, size=4, length=4)
Task 47 is scheduled in mode 0 from 18 to 22
task_48: (start=20, end=27, size=7, length=7)
Task 48 is scheduled in mode 2 from 20 to 27
task_49: (start=6, end=7, size=1, length=1)
Task 49 is scheduled in mode 0 from 6 to 7
task_50: (start=13, end=18, size=5, length=5)
Task 50 is scheduled in mode 0 from 13 to 18
task_51: (start=30, end=30, size=0, length=0)
Task 51 is scheduled in mode 0 from 30 to 30
Feasible solution found
Objective value: 30
Solution is 66.7 % worse than the lower bound.
