66
raw_data/mm-rcpsp/MMLIB50/J5014_1.mm
Time limit set to 60 seconds
Running CP solver
/home/omastto1/General-Optimization-Solver/src/solvers/mmrcpsp.py:42(stream:278:6): Warning: Cumulative expression 'pulse': height is zero, expression is zero everywhere.
                                                                                               VarCumulAtom_421 = pulse(task_0_mode_0, 0)
/home/omastto1/General-Optimization-Solver/src/solvers/mmrcpsp.py:42(stream:278:56): Warning: Cumulative expression 'pulse': height is zero, expression is zero everywhere.
                                                                                                VarCumulAtom_423 = pulse(task_1_mode_1, 0)
/home/omastto1/General-Optimization-Solver/src/solvers/mmrcpsp.py:42(stream:278:106): Warning: Cumulative expression 'pulse': height is zero, expression is zero everywhere.
                                                                                                 VarCumulAtom_425 = pulse(task_2_mode_0, 0)
/home/omastto1/General-Optimization-Solver/src/solvers/mmrcpsp.py:42(stream:278:131): Warning: Cumulative expression 'pulse': height is zero, expression is zero everywhere.
                                                                                                 VarCumulAtom_426 = pulse(task_2_mode_1, 0)
/home/omastto1/General-Optimization-Solver/src/solvers/mmrcpsp.py:42(stream:278:156): Warning: Cumulative expression 'pulse': height is zero, expression is zero everywhere.
                                                                                                 VarCumulAtom_427 = pulse(task_2_mode_2, 0)
/home/omastto1/General-Optimization-Solver/src/solvers/mmrcpsp.py:42(stream:278:207): Warning: Cumulative expression 'pulse': height is zero, expression is zero everywhere.
                                                                                                 VarCumulAtom_429 = pulse(task_3_mode_1, 0)
/home/omastto1/General-Optimization-Solver/src/solvers/mmrcpsp.py:42(stream:278:282): Warning: Cumulative expression 'pulse': height is zero, expression is zero everywhere.
                                                                                                 VarCumulAtom_432 = pulse(task_4_mode_1, 0)
/home/omastto1/General-Optimization-Solver/src/solvers/mmrcpsp.py:42(stream:278:357): Warning: Cumulative expression 'pulse': height is zero, expression is zero everywhere.
                                                                                                 VarCumulAtom_435 = pulse(task_5_mode_1, 0)
/home/omastto1/General-Optimization-Solver/src/solvers/mmrcpsp.py:42(stream:278:382): Warning: Cumulative expression 'pulse': height is zero, expression is zero everywhere.
                                                                                                 VarCumulAtom_436 = pulse(task_5_mode_2, 0)
/home/omastto1/General-Optimization-Solver/src/solvers/mmrcpsp.py:42(stream:278:407): Warning: Cumulative expression 'pulse': height is zero, expression is zero everywhere.
                                                                                                 VarCumulAtom_437 = pulse(task_6_mode_0, 0)
/home/omastto1/General-Optimization-Solver/src/solvers/mmrcpsp.py:42(stream:278:507): Warning: Cumulative expression 'pulse': height is zero, expression is zero everywhere.
                                                                                                 VarCumulAtom_441 = pulse(task_7_mode_1, 0)
/home/omastto1/General-Optimization-Solver/src/solvers/mmrcpsp.py:42(stream:278:582): Warning: Cumulative expression 'pulse': height is zero, expression is zero everywhere.
                                                                                                 VarCumulAtom_444 = pulse(task_8_mode_1, 0)
/home/omastto1/General-Optimization-Solver/src/solvers/mmrcpsp.py:42(stream:278:607): Warning: Cumulative expression 'pulse': height is zero, expression is zero everywhere.
                                                                                                 VarCumulAtom_445 = pulse(task_8_mode_2, 0)
/home/omastto1/General-Optimization-Solver/src/solvers/mmrcpsp.py:42(stream:278:632): Warning: Cumulative expression 'pulse': height is zero, expression is zero everywhere.
                                                                                                 VarCumulAtom_446 = pulse(task_9_mode_0, 0)
/home/omastto1/General-Optimization-Solver/src/solvers/mmrcpsp.py:42(stream:278:657): Warning: Cumulative expression 'pulse': height is zero, expression is zero everywhere.
                                                                                                 VarCumulAtom_447 = pulse(task_9_mode_1, 0)
/home/omastto1/General-Optimization-Solver/src/solvers/mmrcpsp.py:42(stream:278:707): Warning: Cumulative expression 'pulse': height is zero, expression is zero everywhere.
                                                                                                 VarCumulAtom_449 = pulse(task_10_mode_0, 0)
/home/omastto1/General-Optimization-Solver/src/solvers/mmrcpsp.py:42(stream:278:733): Warning: Cumulative expression 'pulse': height is zero, expression is zero everywhere.
                                                                                                 VarCumulAtom_450 = pulse(task_10_mode_1, 0)
/home/omastto1/General-Optimization-Solver/src/solvers/mmrcpsp.py:42(stream:278:889): Warning: Cumulative expression 'pulse': height is zero, expression is zero everywhere.
                                                                                                 VarCumulAtom_456 = pulse(task_12_mode_1, 0)
/home/omastto1/General-Optimization-Solver/src/solvers/mmrcpsp.py:42(stream:278:967): Warning: Cumulative expression 'pulse': height is zero, expression is zero everywhere.
                                                                                                 VarCumulAtom_459 = pulse(task_13_mode_1, 0)
/home/omastto1/General-Optimization-Solver/src/solvers/mmrcpsp.py:42(stream:278:1019): Warning: Cumulative expression 'pulse': height is zero, expression is zero everywhere.
                                                                                                  VarCumulAtom_461 = pulse(task_14_mode_0, 0)
   Too many warnings of this type. Suppressing further warnings of this type.
 ! --------------------------------------------------- CP Optimizer 20.1.0.0 --
 ! Minimization problem - 205 variables, 279 constraints
 ! TimeLimit            = 60
 ! Workers              = 14
 ! LogVerbosity         = Terse
 ! Initial process time : 0.01s (0.01s extraction + 0.00s propagation)
 !  . Log search space  : 520.7 (before), 520.7 (after)
 !  . Memory usage      : 1.3 MB (before), 1.3 MB (after)
 ! Using parallel search with 14 workers.
 ! ----------------------------------------------------------------------------
 !          Best Branches  Non-fixed    W       Branch decision
                        0        205                 -
 + New bound is 23
 ! Using iterative diving.
 ! Using temporal relaxation.
 *            42      117  0.84s        1      (gap is 45.24%)
 *            40      263  0.84s        1      (gap is 42.50%)
 *            39      371  0.84s        1      (gap is 41.03%)
 *            38      479  0.84s        1      (gap is 39.47%)
 *            37      617  0.84s        1      (gap is 37.84%)
 *            36      749  0.84s        1      (gap is 36.11%)
 *            33      857  0.84s        1      (gap is 30.30%)
 *            32      965  0.84s        1      (gap is 28.12%)
 *            30     1075  0.84s        1      (gap is 23.33%)
 *            29     1120  0.84s        1      (gap is 20.69%)
 *            28     1167  0.84s        1      (gap is 17.86%)
 *            27     1214  0.84s        1      (gap is 14.81%)
 *            26     1303  0.84s        1      (gap is 11.54%)
 *            25     1463  0.84s        1      (gap is 8.00%)
 ! Using failure-directed search.
 *            24     1796  1.48s        2      (gap is 4.17%)
 *            23     2479  1.48s        2      (gap is 0.00%)
 ! ----------------------------------------------------------------------------
 ! Search completed, 16 solutions found.
 ! Best objective         : 23 (optimal - effective tol. is 0)
 ! Best bound             : 23
 ! ----------------------------------------------------------------------------
 ! Number of branches     : 134006
 ! Number of fails        : 20036
 ! Total memory usage     : 17.7 MB (17.6 MB CP Optimizer + 0.2 MB Concert)
 ! Time spent in solve    : 2.01s (2.00s engine + 0.01s extraction)
 ! Search speed (br. / s) : 67003.0
 ! ----------------------------------------------------------------------------
task_0: (start=0, end=0, size=0, length=0)
Task 0 is scheduled in mode 0 from 0 to 0
task_1: (start=0, end=4, size=4, length=4)
Task 1 is scheduled in mode 0 from 0 to 4
task_2: (start=0, end=1, size=1, length=1)
Task 2 is scheduled in mode 0 from 0 to 1
task_3: (start=0, end=2, size=2, length=2)
Task 3 is scheduled in mode 0 from 0 to 2
task_4: (start=0, end=5, size=5, length=5)
Task 4 is scheduled in mode 0 from 0 to 5
task_5: (start=0, end=5, size=5, length=5)
Task 5 is scheduled in mode 1 from 0 to 5
task_6: (start=4, end=5, size=1, length=1)
Task 6 is scheduled in mode 0 from 4 to 5
task_7: (start=0, end=7, size=7, length=7)
Task 7 is scheduled in mode 1 from 0 to 7
task_8: (start=0, end=5, size=5, length=5)
Task 8 is scheduled in mode 2 from 0 to 5
task_9: (start=0, end=10, size=10, length=10)
Task 9 is scheduled in mode 2 from 0 to 10
task_10: (start=4, end=6, size=2, length=2)
Task 10 is scheduled in mode 0 from 4 to 6
task_11: (start=0, end=8, size=8, length=8)
Task 11 is scheduled in mode 2 from 0 to 8
task_12: (start=0, end=10, size=10, length=10)
Task 12 is scheduled in mode 2 from 0 to 10
task_13: (start=0, end=5, size=5, length=5)
Task 13 is scheduled in mode 1 from 0 to 5
task_14: (start=0, end=7, size=7, length=7)
Task 14 is scheduled in mode 2 from 0 to 7
task_15: (start=6, end=11, size=5, length=5)
Task 15 is scheduled in mode 0 from 6 to 11
task_16: (start=5, end=10, size=5, length=5)
Task 16 is scheduled in mode 1 from 5 to 10
task_17: (start=5, end=10, size=5, length=5)
Task 17 is scheduled in mode 1 from 5 to 10
task_18: (start=5, end=12, size=7, length=7)
Task 18 is scheduled in mode 1 from 5 to 12
task_19: (start=7, end=10, size=3, length=3)
Task 19 is scheduled in mode 1 from 7 to 10
task_20: (start=5, end=12, size=7, length=7)
Task 20 is scheduled in mode 1 from 5 to 12
task_21: (start=10, end=13, size=3, length=3)
Task 21 is scheduled in mode 1 from 10 to 13
task_22: (start=10, end=13, size=3, length=3)
Task 22 is scheduled in mode 0 from 10 to 13
task_23: (start=4, end=10, size=6, length=6)
Task 23 is scheduled in mode 2 from 4 to 10
task_24: (start=1, end=9, size=8, length=8)
Task 24 is scheduled in mode 2 from 1 to 9
task_25: (start=1, end=11, size=10, length=10)
Task 25 is scheduled in mode 2 from 1 to 11
task_26: (start=11, end=19, size=8, length=8)
Task 26 is scheduled in mode 1 from 11 to 19
task_27: (start=8, end=14, size=6, length=6)
Task 27 is scheduled in mode 1 from 8 to 14
task_28: (start=8, end=13, size=5, length=5)
Task 28 is scheduled in mode 2 from 8 to 13
task_29: (start=10, end=13, size=3, length=3)
Task 29 is scheduled in mode 2 from 10 to 13
task_30: (start=8, end=12, size=4, length=4)
Task 30 is scheduled in mode 2 from 8 to 12
task_31: (start=4, end=14, size=10, length=10)
Task 31 is scheduled in mode 2 from 4 to 14
task_32: (start=14, end=21, size=7, length=7)
Task 32 is scheduled in mode 2 from 14 to 21
task_33: (start=13, end=22, size=9, length=9)
Task 33 is scheduled in mode 2 from 13 to 22
task_34: (start=14, end=23, size=9, length=9)
Task 34 is scheduled in mode 2 from 14 to 23
task_35: (start=19, end=23, size=4, length=4)
Task 35 is scheduled in mode 0 from 19 to 23
task_36: (start=13, end=22, size=9, length=9)
Task 36 is scheduled in mode 2 from 13 to 22
task_37: (start=12, end=22, size=10, length=10)
Task 37 is scheduled in mode 2 from 12 to 22
task_38: (start=13, end=23, size=10, length=10)
Task 38 is scheduled in mode 2 from 13 to 23
task_39: (start=13, end=22, size=9, length=9)
Task 39 is scheduled in mode 2 from 13 to 22
task_40: (start=13, end=22, size=9, length=9)
Task 40 is scheduled in mode 2 from 13 to 22
task_41: (start=12, end=19, size=7, length=7)
Task 41 is scheduled in mode 2 from 12 to 19
task_42: (start=12, end=20, size=8, length=8)
Task 42 is scheduled in mode 2 from 12 to 20
task_43: (start=13, end=23, size=10, length=10)
Task 43 is scheduled in mode 2 from 13 to 23
task_44: (start=10, end=18, size=8, length=8)
Task 44 is scheduled in mode 2 from 10 to 18
task_45: (start=14, end=23, size=9, length=9)
Task 45 is scheduled in mode 2 from 14 to 23
task_46: (start=5, end=15, size=10, length=10)
Task 46 is scheduled in mode 2 from 5 to 15
task_47: (start=12, end=18, size=6, length=6)
Task 47 is scheduled in mode 2 from 12 to 18
task_48: (start=10, end=20, size=10, length=10)
Task 48 is scheduled in mode 2 from 10 to 20
task_49: (start=10, end=20, size=10, length=10)
Task 49 is scheduled in mode 2 from 10 to 20
task_50: (start=5, end=11, size=6, length=6)
Task 50 is scheduled in mode 1 from 5 to 11
task_51: (start=23, end=23, size=0, length=0)
Task 51 is scheduled in mode 0 from 23 to 23
Optimal solution found
Objective value: 23
Solution is optimal.
