94
raw_data/mm-rcpsp/MMLIB50/J5019_4.mm
Time limit set to 60 seconds
Running CP solver
/home/omastto1/General-Optimization-Solver/src/solvers/mmrcpsp.py:42(stream:278:6): Warning: Cumulative expression 'pulse': height is zero, expression is zero everywhere.
                                                                                               VarCumulAtom_421 = pulse(task_0_mode_0, 0)
/home/omastto1/General-Optimization-Solver/src/solvers/mmrcpsp.py:42(stream:278:3911): Warning: Cumulative expression 'pulse': height is zero, expression is zero everywhere.
                                                                                                  VarCumulAtom_572 = pulse(task_51_mode_0, 0)
/home/omastto1/General-Optimization-Solver/src/solvers/mmrcpsp.py:42(stream:279:6): Warning: Cumulative expression 'pulse': height is zero, expression is zero everywhere.
                                                                                               VarCumulAtom_576 = pulse(task_0_mode_0, 0)
/home/omastto1/General-Optimization-Solver/src/solvers/mmrcpsp.py:42(stream:279:3906): Warning: Cumulative expression 'pulse': height is zero, expression is zero everywhere.
                                                                                                  VarCumulAtom_727 = pulse(task_51_mode_0, 0)
 ! --------------------------------------------------- CP Optimizer 20.1.0.0 --
 ! Minimization problem - 205 variables, 296 constraints
 ! TimeLimit            = 60
 ! Workers              = 14
 ! LogVerbosity         = Terse
 ! Initial process time : 0.01s (0.01s extraction + 0.00s propagation)
 !  . Log search space  : 518.2 (before), 518.2 (after)
 !  . Memory usage      : 1.3 MB (before), 1.3 MB (after)
 ! Using parallel search with 14 workers.
 ! ----------------------------------------------------------------------------
 !          Best Branches  Non-fixed    W       Branch decision
                        0        205                 -
 + New bound is 25
 ! Using iterative diving.
 ! Using temporal relaxation.
 *            37      798  0.80s        1      (gap is 32.43%)
 *            33      802  0.80s        3      (gap is 24.24%)
 *            32      834  0.80s        9      (gap is 21.88%)
 *            31     1581  1.44s        1      (gap is 19.35%)
 *            30     2443  1.44s        1      (gap is 16.67%)
 *            28     3251  1.44s        3      (gap is 10.71%)
 *            27     1545  1.44s        9      (gap is 7.41%)
 *            26     6267  2.62s        9      (gap is 3.85%)
 ! Using failure-directed search.
 *            25    40160  13.30s       7      (gap is 0.00%)
 ! ----------------------------------------------------------------------------
 ! Search completed, 9 solutions found.
 ! Best objective         : 25 (optimal - effective tol. is 0)
 ! Best bound             : 25
 ! ----------------------------------------------------------------------------
 ! Number of branches     : 1034078
 ! Number of fails        : 208901
 ! Total memory usage     : 18.7 MB (18.5 MB CP Optimizer + 0.2 MB Concert)
 ! Time spent in solve    : 13.92s (13.91s engine + 0.01s extraction)
 ! Search speed (br. / s) : 74394.1
 ! ----------------------------------------------------------------------------
task_0: (start=0, end=0, size=0, length=0)
Task 0 is scheduled in mode 0 from 0 to 0
task_1: (start=0, end=5, size=5, length=5)
Task 1 is scheduled in mode 0 from 0 to 5
task_2: (start=0, end=9, size=9, length=9)
Task 2 is scheduled in mode 2 from 0 to 9
task_3: (start=0, end=3, size=3, length=3)
Task 3 is scheduled in mode 1 from 0 to 3
task_4: (start=0, end=7, size=7, length=7)
Task 4 is scheduled in mode 2 from 0 to 7
task_5: (start=1, end=9, size=8, length=8)
Task 5 is scheduled in mode 2 from 1 to 9
task_6: (start=0, end=7, size=7, length=7)
Task 6 is scheduled in mode 1 from 0 to 7
task_7: (start=0, end=7, size=7, length=7)
Task 7 is scheduled in mode 2 from 0 to 7
task_8: (start=0, end=5, size=5, length=5)
Task 8 is scheduled in mode 2 from 0 to 5
task_9: (start=0, end=7, size=7, length=7)
Task 9 is scheduled in mode 1 from 0 to 7
task_10: (start=5, end=14, size=9, length=9)
Task 10 is scheduled in mode 2 from 5 to 14
task_11: (start=0, end=1, size=1, length=1)
Task 11 is scheduled in mode 0 from 0 to 1
task_12: (start=5, end=7, size=2, length=2)
Task 12 is scheduled in mode 1 from 5 to 7
task_13: (start=0, end=9, size=9, length=9)
Task 13 is scheduled in mode 2 from 0 to 9
task_14: (start=0, end=9, size=9, length=9)
Task 14 is scheduled in mode 2 from 0 to 9
task_15: (start=0, end=5, size=5, length=5)
Task 15 is scheduled in mode 2 from 0 to 5
task_16: (start=0, end=5, size=5, length=5)
Task 16 is scheduled in mode 2 from 0 to 5
task_17: (start=3, end=5, size=2, length=2)
Task 17 is scheduled in mode 0 from 3 to 5
task_18: (start=9, end=14, size=5, length=5)
Task 18 is scheduled in mode 0 from 9 to 14
task_19: (start=7, end=8, size=1, length=1)
Task 19 is scheduled in mode 0 from 7 to 8
task_20: (start=1, end=10, size=9, length=9)
Task 20 is scheduled in mode 2 from 1 to 10
task_21: (start=7, end=15, size=8, length=8)
Task 21 is scheduled in mode 2 from 7 to 15
task_22: (start=7, end=16, size=9, length=9)
Task 22 is scheduled in mode 1 from 7 to 16
task_23: (start=5, end=15, size=10, length=10)
Task 23 is scheduled in mode 2 from 5 to 15
task_24: (start=7, end=13, size=6, length=6)
Task 24 is scheduled in mode 2 from 7 to 13
task_25: (start=5, end=10, size=5, length=5)
Task 25 is scheduled in mode 1 from 5 to 10
task_26: (start=5, end=15, size=10, length=10)
Task 26 is scheduled in mode 2 from 5 to 15
task_27: (start=5, end=15, size=10, length=10)
Task 27 is scheduled in mode 2 from 5 to 15
task_28: (start=10, end=18, size=8, length=8)
Task 28 is scheduled in mode 2 from 10 to 18
task_29: (start=9, end=18, size=9, length=9)
Task 29 is scheduled in mode 2 from 9 to 18
task_30: (start=9, end=18, size=9, length=9)
Task 30 is scheduled in mode 2 from 9 to 18
task_31: (start=9, end=18, size=9, length=9)
Task 31 is scheduled in mode 2 from 9 to 18
task_32: (start=15, end=18, size=3, length=3)
Task 32 is scheduled in mode 0 from 15 to 18
task_33: (start=9, end=16, size=7, length=7)
Task 33 is scheduled in mode 1 from 9 to 16
task_34: (start=14, end=21, size=7, length=7)
Task 34 is scheduled in mode 0 from 14 to 21
task_35: (start=18, end=25, size=7, length=7)
Task 35 is scheduled in mode 1 from 18 to 25
task_36: (start=21, end=24, size=3, length=3)
Task 36 is scheduled in mode 1 from 21 to 24
task_37: (start=15, end=21, size=6, length=6)
Task 37 is scheduled in mode 2 from 15 to 21
task_38: (start=20, end=24, size=4, length=4)
Task 38 is scheduled in mode 1 from 20 to 24
task_39: (start=16, end=25, size=9, length=9)
Task 39 is scheduled in mode 2 from 16 to 25
task_40: (start=16, end=25, size=9, length=9)
Task 40 is scheduled in mode 2 from 16 to 25
task_41: (start=20, end=23, size=3, length=3)
Task 41 is scheduled in mode 1 from 20 to 23
task_42: (start=18, end=25, size=7, length=7)
Task 42 is scheduled in mode 2 from 18 to 25
task_43: (start=15, end=18, size=3, length=3)
Task 43 is scheduled in mode 1 from 15 to 18
task_44: (start=18, end=25, size=7, length=7)
Task 44 is scheduled in mode 1 from 18 to 25
task_45: (start=15, end=20, size=5, length=5)
Task 45 is scheduled in mode 1 from 15 to 20
task_46: (start=15, end=24, size=9, length=9)
Task 46 is scheduled in mode 2 from 15 to 24
task_47: (start=14, end=18, size=4, length=4)
Task 47 is scheduled in mode 1 from 14 to 18
task_48: (start=18, end=25, size=7, length=7)
Task 48 is scheduled in mode 2 from 18 to 25
task_49: (start=18, end=23, size=5, length=5)
Task 49 is scheduled in mode 2 from 18 to 23
task_50: (start=14, end=24, size=10, length=10)
Task 50 is scheduled in mode 2 from 14 to 24
task_51: (start=25, end=25, size=0, length=0)
Task 51 is scheduled in mode 0 from 25 to 25
Optimal solution found
Objective value: 25
Solution is optimal.
