93
raw_data/mm-rcpsp/MMLIB50/J5019_3.mm
Time limit set to 60 seconds
Running CP solver
/home/omastto1/General-Optimization-Solver/src/solvers/mmrcpsp.py:42(stream:278:6): Warning: Cumulative expression 'pulse': height is zero, expression is zero everywhere.
                                                                                               VarCumulAtom_421 = pulse(task_0_mode_0, 0)
/home/omastto1/General-Optimization-Solver/src/solvers/mmrcpsp.py:42(stream:278:3906): Warning: Cumulative expression 'pulse': height is zero, expression is zero everywhere.
                                                                                                  VarCumulAtom_572 = pulse(task_51_mode_0, 0)
/home/omastto1/General-Optimization-Solver/src/solvers/mmrcpsp.py:42(stream:279:6): Warning: Cumulative expression 'pulse': height is zero, expression is zero everywhere.
                                                                                               VarCumulAtom_576 = pulse(task_0_mode_0, 0)
/home/omastto1/General-Optimization-Solver/src/solvers/mmrcpsp.py:42(stream:279:3908): Warning: Cumulative expression 'pulse': height is zero, expression is zero everywhere.
                                                                                                  VarCumulAtom_727 = pulse(task_51_mode_0, 0)
 ! --------------------------------------------------- CP Optimizer 20.1.0.0 --
 ! Minimization problem - 205 variables, 286 constraints
 ! TimeLimit            = 60
 ! Workers              = 14
 ! LogVerbosity         = Terse
 ! Initial process time : 0.01s (0.01s extraction + 0.00s propagation)
 !  . Log search space  : 513.7 (before), 513.7 (after)
 !  . Memory usage      : 1.3 MB (before), 1.3 MB (after)
 ! Using parallel search with 14 workers.
 ! ----------------------------------------------------------------------------
 !          Best Branches  Non-fixed    W       Branch decision
                        0        205                 -
 + New bound is 31
 ! Using iterative diving.
 ! Using temporal relaxation.
 *            44      713  0.86s        1      (gap is 29.55%)
 *            43      913  0.86s        1      (gap is 27.91%)
 *            39     1111  0.86s        1      (gap is 20.51%)
 *            37     2079  1.46s        3      (gap is 16.22%)
 *            33     2101  1.46s        4      (gap is 6.06%)
 *            32     5532  2.05s        5      (gap is 3.12%)
 ! Using failure-directed search.
 *            31     116k  36.13s       6      (gap is 0.00%)
 ! ----------------------------------------------------------------------------
 ! Search completed, 7 solutions found.
 ! Best objective         : 31 (optimal - effective tol. is 0)
 ! Best bound             : 31
 ! ----------------------------------------------------------------------------
 ! Number of branches     : 3314112
 ! Number of fails        : 583131
 ! Total memory usage     : 18.9 MB (18.8 MB CP Optimizer + 0.2 MB Concert)
 ! Time spent in solve    : 36.67s (36.67s engine + 0.01s extraction)
 ! Search speed (br. / s) : 90401.3
 ! ----------------------------------------------------------------------------
task_0: (start=0, end=0, size=0, length=0)
Task 0 is scheduled in mode 0 from 0 to 0
task_1: (start=0, end=7, size=7, length=7)
Task 1 is scheduled in mode 2 from 0 to 7
task_2: (start=0, end=4, size=4, length=4)
Task 2 is scheduled in mode 1 from 0 to 4
task_3: (start=0, end=10, size=10, length=10)
Task 3 is scheduled in mode 2 from 0 to 10
task_4: (start=0, end=7, size=7, length=7)
Task 4 is scheduled in mode 2 from 0 to 7
task_5: (start=0, end=8, size=8, length=8)
Task 5 is scheduled in mode 1 from 0 to 8
task_6: (start=2, end=9, size=7, length=7)
Task 6 is scheduled in mode 2 from 2 to 9
task_7: (start=4, end=11, size=7, length=7)
Task 7 is scheduled in mode 1 from 4 to 11
task_8: (start=0, end=10, size=10, length=10)
Task 8 is scheduled in mode 2 from 0 to 10
task_9: (start=0, end=10, size=10, length=10)
Task 9 is scheduled in mode 2 from 0 to 10
task_10: (start=7, end=11, size=4, length=4)
Task 10 is scheduled in mode 2 from 7 to 11
task_11: (start=2, end=8, size=6, length=6)
Task 11 is scheduled in mode 1 from 2 to 8
task_12: (start=0, end=6, size=6, length=6)
Task 12 is scheduled in mode 2 from 0 to 6
task_13: (start=0, end=2, size=2, length=2)
Task 13 is scheduled in mode 1 from 0 to 2
task_14: (start=7, end=10, size=3, length=3)
Task 14 is scheduled in mode 1 from 7 to 10
task_15: (start=0, end=8, size=8, length=8)
Task 15 is scheduled in mode 2 from 0 to 8
task_16: (start=8, end=16, size=8, length=8)
Task 16 is scheduled in mode 0 from 8 to 16
task_17: (start=7, end=15, size=8, length=8)
Task 17 is scheduled in mode 1 from 7 to 15
task_18: (start=0, end=6, size=6, length=6)
Task 18 is scheduled in mode 2 from 0 to 6
task_19: (start=6, end=16, size=10, length=10)
Task 19 is scheduled in mode 2 from 6 to 16
task_20: (start=10, end=14, size=4, length=4)
Task 20 is scheduled in mode 1 from 10 to 14
task_21: (start=10, end=20, size=10, length=10)
Task 21 is scheduled in mode 2 from 10 to 20
task_22: (start=10, end=15, size=5, length=5)
Task 22 is scheduled in mode 1 from 10 to 15
task_23: (start=11, end=20, size=9, length=9)
Task 23 is scheduled in mode 2 from 11 to 20
task_24: (start=0, end=3, size=3, length=3)
Task 24 is scheduled in mode 0 from 0 to 3
task_25: (start=16, end=21, size=5, length=5)
Task 25 is scheduled in mode 2 from 16 to 21
task_26: (start=8, end=15, size=7, length=7)
Task 26 is scheduled in mode 2 from 8 to 15
task_27: (start=11, end=18, size=7, length=7)
Task 27 is scheduled in mode 2 from 11 to 18
task_28: (start=18, end=22, size=4, length=4)
Task 28 is scheduled in mode 0 from 18 to 22
task_29: (start=16, end=22, size=6, length=6)
Task 29 is scheduled in mode 1 from 16 to 22
task_30: (start=11, end=21, size=10, length=10)
Task 30 is scheduled in mode 2 from 11 to 21
task_31: (start=10, end=14, size=4, length=4)
Task 31 is scheduled in mode 2 from 10 to 14
task_32: (start=14, end=23, size=9, length=9)
Task 32 is scheduled in mode 2 from 14 to 23
task_33: (start=22, end=31, size=9, length=9)
Task 33 is scheduled in mode 2 from 22 to 31
task_34: (start=22, end=31, size=9, length=9)
Task 34 is scheduled in mode 2 from 22 to 31
task_35: (start=23, end=25, size=2, length=2)
Task 35 is scheduled in mode 0 from 23 to 25
task_36: (start=23, end=31, size=8, length=8)
Task 36 is scheduled in mode 2 from 23 to 31
task_37: (start=21, end=30, size=9, length=9)
Task 37 is scheduled in mode 2 from 21 to 30
task_38: (start=20, end=30, size=10, length=10)
Task 38 is scheduled in mode 2 from 20 to 30
task_39: (start=21, end=29, size=8, length=8)
Task 39 is scheduled in mode 2 from 21 to 29
task_40: (start=21, end=24, size=3, length=3)
Task 40 is scheduled in mode 1 from 21 to 24
task_41: (start=21, end=29, size=8, length=8)
Task 41 is scheduled in mode 2 from 21 to 29
task_42: (start=16, end=21, size=5, length=5)
Task 42 is scheduled in mode 1 from 16 to 21
task_43: (start=11, end=14, size=3, length=3)
Task 43 is scheduled in mode 1 from 11 to 14
task_44: (start=14, end=18, size=4, length=4)
Task 44 is scheduled in mode 2 from 14 to 18
task_45: (start=15, end=23, size=8, length=8)
Task 45 is scheduled in mode 2 from 15 to 23
task_46: (start=16, end=25, size=9, length=9)
Task 46 is scheduled in mode 2 from 16 to 25
task_47: (start=15, end=25, size=10, length=10)
Task 47 is scheduled in mode 2 from 15 to 25
task_48: (start=21, end=29, size=8, length=8)
Task 48 is scheduled in mode 2 from 21 to 29
task_49: (start=20, end=30, size=10, length=10)
Task 49 is scheduled in mode 2 from 20 to 30
task_50: (start=9, end=19, size=10, length=10)
Task 50 is scheduled in mode 2 from 9 to 19
task_51: (start=31, end=31, size=0, length=0)
Task 51 is scheduled in mode 0 from 31 to 31
Optimal solution found
Objective value: 31
Solution is optimal.
