73
raw_data/mm-rcpsp/MMLIB50/J5015_3.mm
Time limit set to 60 seconds
Running CP solver
/home/omastto1/General-Optimization-Solver/src/solvers/mmrcpsp.py:42(stream:278:6): Warning: Cumulative expression 'pulse': height is zero, expression is zero everywhere.
                                                                                               VarCumulAtom_421 = pulse(task_0_mode_0, 0)
/home/omastto1/General-Optimization-Solver/src/solvers/mmrcpsp.py:42(stream:278:31): Warning: Cumulative expression 'pulse': height is zero, expression is zero everywhere.
                                                                                                VarCumulAtom_422 = pulse(task_1_mode_0, 0)
/home/omastto1/General-Optimization-Solver/src/solvers/mmrcpsp.py:42(stream:278:106): Warning: Cumulative expression 'pulse': height is zero, expression is zero everywhere.
                                                                                                 VarCumulAtom_425 = pulse(task_2_mode_0, 0)
/home/omastto1/General-Optimization-Solver/src/solvers/mmrcpsp.py:42(stream:278:131): Warning: Cumulative expression 'pulse': height is zero, expression is zero everywhere.
                                                                                                 VarCumulAtom_426 = pulse(task_2_mode_1, 0)
/home/omastto1/General-Optimization-Solver/src/solvers/mmrcpsp.py:42(stream:278:181): Warning: Cumulative expression 'pulse': height is zero, expression is zero everywhere.
                                                                                                 VarCumulAtom_428 = pulse(task_3_mode_0, 0)
/home/omastto1/General-Optimization-Solver/src/solvers/mmrcpsp.py:42(stream:278:231): Warning: Cumulative expression 'pulse': height is zero, expression is zero everywhere.
                                                                                                 VarCumulAtom_430 = pulse(task_3_mode_2, 0)
/home/omastto1/General-Optimization-Solver/src/solvers/mmrcpsp.py:42(stream:278:256): Warning: Cumulative expression 'pulse': height is zero, expression is zero everywhere.
                                                                                                 VarCumulAtom_431 = pulse(task_4_mode_0, 0)
/home/omastto1/General-Optimization-Solver/src/solvers/mmrcpsp.py:42(stream:278:331): Warning: Cumulative expression 'pulse': height is zero, expression is zero everywhere.
                                                                                                 VarCumulAtom_434 = pulse(task_5_mode_0, 0)
/home/omastto1/General-Optimization-Solver/src/solvers/mmrcpsp.py:42(stream:278:381): Warning: Cumulative expression 'pulse': height is zero, expression is zero everywhere.
                                                                                                 VarCumulAtom_436 = pulse(task_5_mode_2, 0)
/home/omastto1/General-Optimization-Solver/src/solvers/mmrcpsp.py:42(stream:278:456): Warning: Cumulative expression 'pulse': height is zero, expression is zero everywhere.
                                                                                                 VarCumulAtom_439 = pulse(task_6_mode_2, 0)
/home/omastto1/General-Optimization-Solver/src/solvers/mmrcpsp.py:42(stream:278:481): Warning: Cumulative expression 'pulse': height is zero, expression is zero everywhere.
                                                                                                 VarCumulAtom_440 = pulse(task_7_mode_0, 0)
/home/omastto1/General-Optimization-Solver/src/solvers/mmrcpsp.py:42(stream:278:506): Warning: Cumulative expression 'pulse': height is zero, expression is zero everywhere.
                                                                                                 VarCumulAtom_441 = pulse(task_7_mode_1, 0)
/home/omastto1/General-Optimization-Solver/src/solvers/mmrcpsp.py:42(stream:278:531): Warning: Cumulative expression 'pulse': height is zero, expression is zero everywhere.
                                                                                                 VarCumulAtom_442 = pulse(task_7_mode_2, 0)
/home/omastto1/General-Optimization-Solver/src/solvers/mmrcpsp.py:42(stream:278:556): Warning: Cumulative expression 'pulse': height is zero, expression is zero everywhere.
                                                                                                 VarCumulAtom_443 = pulse(task_8_mode_0, 0)
/home/omastto1/General-Optimization-Solver/src/solvers/mmrcpsp.py:42(stream:278:606): Warning: Cumulative expression 'pulse': height is zero, expression is zero everywhere.
                                                                                                 VarCumulAtom_445 = pulse(task_8_mode_2, 0)
/home/omastto1/General-Optimization-Solver/src/solvers/mmrcpsp.py:42(stream:278:732): Warning: Cumulative expression 'pulse': height is zero, expression is zero everywhere.
                                                                                                 VarCumulAtom_450 = pulse(task_10_mode_1, 0)
/home/omastto1/General-Optimization-Solver/src/solvers/mmrcpsp.py:42(stream:278:758): Warning: Cumulative expression 'pulse': height is zero, expression is zero everywhere.
                                                                                                 VarCumulAtom_451 = pulse(task_10_mode_2, 0)
/home/omastto1/General-Optimization-Solver/src/solvers/mmrcpsp.py:42(stream:278:836): Warning: Cumulative expression 'pulse': height is zero, expression is zero everywhere.
                                                                                                 VarCumulAtom_454 = pulse(task_11_mode_2, 0)
/home/omastto1/General-Optimization-Solver/src/solvers/mmrcpsp.py:42(stream:278:862): Warning: Cumulative expression 'pulse': height is zero, expression is zero everywhere.
                                                                                                 VarCumulAtom_455 = pulse(task_12_mode_0, 0)
/home/omastto1/General-Optimization-Solver/src/solvers/mmrcpsp.py:42(stream:278:888): Warning: Cumulative expression 'pulse': height is zero, expression is zero everywhere.
                                                                                                 VarCumulAtom_456 = pulse(task_12_mode_1, 0)
   Too many warnings of this type. Suppressing further warnings of this type.
 ! --------------------------------------------------- CP Optimizer 20.1.0.0 --
 ! Minimization problem - 205 variables, 264 constraints
 ! TimeLimit            = 60
 ! Workers              = 14
 ! LogVerbosity         = Terse
 ! Initial process time : 0.01s (0.01s extraction + 0.00s propagation)
 !  . Log search space  : 521.7 (before), 521.7 (after)
 !  . Memory usage      : 1.3 MB (before), 1.3 MB (after)
 ! Using parallel search with 14 workers.
 ! ----------------------------------------------------------------------------
 !          Best Branches  Non-fixed    W       Branch decision
                        0        205                 -
 + New bound is 17
 ! Using iterative diving.
 ! Using temporal relaxation.
 *            27      143  0.62s        1      (gap is 37.04%)
 *            26      337  0.62s        1      (gap is 34.62%)
 *            25      445  0.62s        1      (gap is 32.00%)
 *            24      691  0.62s        1      (gap is 29.17%)
 *            23      873  0.62s        1      (gap is 26.09%)
 *            22     1155  0.62s        1      (gap is 22.73%)
 *            21     1204  0.62s        1      (gap is 19.05%)
 *            20     1249  0.62s        1      (gap is 15.00%)
 *            19     1294  0.62s        1      (gap is 10.53%)
 *            18     1377  0.62s        1      (gap is 5.56%)
 ! Using failure-directed search.
 *            17     1307  0.62s        3      (gap is 0.00%)
 ! ----------------------------------------------------------------------------
 ! Search completed, 11 solutions found.
 ! Best objective         : 17 (optimal - effective tol. is 0)
 ! Best bound             : 17
 ! ----------------------------------------------------------------------------
 ! Number of branches     : 73434
 ! Number of fails        : 2967
 ! Total memory usage     : 17.5 MB (17.3 MB CP Optimizer + 0.2 MB Concert)
 ! Time spent in solve    : 0.72s (0.71s engine + 0.01s extraction)
 ! Search speed (br. / s) : 103428.2
 ! ----------------------------------------------------------------------------
task_0: (start=0, end=0, size=0, length=0)
Task 0 is scheduled in mode 0 from 0 to 0
task_1: (start=0, end=4, size=4, length=4)
Task 1 is scheduled in mode 2 from 0 to 4
task_2: (start=0, end=3, size=3, length=3)
Task 2 is scheduled in mode 1 from 0 to 3
task_3: (start=0, end=2, size=2, length=2)
Task 3 is scheduled in mode 0 from 0 to 2
task_4: (start=0, end=6, size=6, length=6)
Task 4 is scheduled in mode 1 from 0 to 6
task_5: (start=0, end=2, size=2, length=2)
Task 5 is scheduled in mode 0 from 0 to 2
task_6: (start=0, end=7, size=7, length=7)
Task 6 is scheduled in mode 0 from 0 to 7
task_7: (start=0, end=4, size=4, length=4)
Task 7 is scheduled in mode 0 from 0 to 4
task_8: (start=0, end=6, size=6, length=6)
Task 8 is scheduled in mode 2 from 0 to 6
task_9: (start=2, end=6, size=4, length=4)
Task 9 is scheduled in mode 1 from 2 to 6
task_10: (start=0, end=2, size=2, length=2)
Task 10 is scheduled in mode 0 from 0 to 2
task_11: (start=0, end=1, size=1, length=1)
Task 11 is scheduled in mode 0 from 0 to 1
task_12: (start=0, end=3, size=3, length=3)
Task 12 is scheduled in mode 0 from 0 to 3
task_13: (start=2, end=6, size=4, length=4)
Task 13 is scheduled in mode 1 from 2 to 6
task_14: (start=0, end=6, size=6, length=6)
Task 14 is scheduled in mode 1 from 0 to 6
task_15: (start=0, end=1, size=1, length=1)
Task 15 is scheduled in mode 0 from 0 to 1
task_16: (start=4, end=7, size=3, length=3)
Task 16 is scheduled in mode 1 from 4 to 7
task_17: (start=3, end=5, size=2, length=2)
Task 17 is scheduled in mode 1 from 3 to 5
task_18: (start=4, end=6, size=2, length=2)
Task 18 is scheduled in mode 0 from 4 to 6
task_19: (start=0, end=8, size=8, length=8)
Task 19 is scheduled in mode 2 from 0 to 8
task_20: (start=6, end=11, size=5, length=5)
Task 20 is scheduled in mode 0 from 6 to 11
task_21: (start=1, end=9, size=8, length=8)
Task 21 is scheduled in mode 2 from 1 to 9
task_22: (start=2, end=11, size=9, length=9)
Task 22 is scheduled in mode 2 from 2 to 11
task_23: (start=0, end=5, size=5, length=5)
Task 23 is scheduled in mode 2 from 0 to 5
task_24: (start=0, end=6, size=6, length=6)
Task 24 is scheduled in mode 2 from 0 to 6
task_25: (start=7, end=11, size=4, length=4)
Task 25 is scheduled in mode 0 from 7 to 11
task_26: (start=7, end=16, size=9, length=9)
Task 26 is scheduled in mode 2 from 7 to 16
task_27: (start=7, end=9, size=2, length=2)
Task 27 is scheduled in mode 1 from 7 to 9
task_28: (start=7, end=11, size=4, length=4)
Task 28 is scheduled in mode 0 from 7 to 11
task_29: (start=11, end=15, size=4, length=4)
Task 29 is scheduled in mode 1 from 11 to 15
task_30: (start=8, end=10, size=2, length=2)
Task 30 is scheduled in mode 0 from 8 to 10
task_31: (start=9, end=12, size=3, length=3)
Task 31 is scheduled in mode 0 from 9 to 12
task_32: (start=6, end=16, size=10, length=10)
Task 32 is scheduled in mode 2 from 6 to 16
task_33: (start=3, end=8, size=5, length=5)
Task 33 is scheduled in mode 1 from 3 to 8
task_34: (start=11, end=17, size=6, length=6)
Task 34 is scheduled in mode 0 from 11 to 17
task_35: (start=16, end=17, size=1, length=1)
Task 35 is scheduled in mode 0 from 16 to 17
task_36: (start=16, end=17, size=1, length=1)
Task 36 is scheduled in mode 0 from 16 to 17
task_37: (start=11, end=15, size=4, length=4)
Task 37 is scheduled in mode 1 from 11 to 15
task_38: (start=9, end=15, size=6, length=6)
Task 38 is scheduled in mode 2 from 9 to 15
task_39: (start=11, end=17, size=6, length=6)
Task 39 is scheduled in mode 1 from 11 to 17
task_40: (start=11, end=12, size=1, length=1)
Task 40 is scheduled in mode 0 from 11 to 12
task_41: (start=8, end=17, size=9, length=9)
Task 41 is scheduled in mode 2 from 8 to 17
task_42: (start=11, end=17, size=6, length=6)
Task 42 is scheduled in mode 1 from 11 to 17
task_43: (start=11, end=16, size=5, length=5)
Task 43 is scheduled in mode 1 from 11 to 16
task_44: (start=6, end=16, size=10, length=10)
Task 44 is scheduled in mode 2 from 6 to 16
task_45: (start=6, end=16, size=10, length=10)
Task 45 is scheduled in mode 2 from 6 to 16
task_46: (start=7, end=10, size=3, length=3)
Task 46 is scheduled in mode 0 from 7 to 10
task_47: (start=11, end=16, size=5, length=5)
Task 47 is scheduled in mode 1 from 11 to 16
task_48: (start=9, end=16, size=7, length=7)
Task 48 is scheduled in mode 1 from 9 to 16
task_49: (start=9, end=17, size=8, length=8)
Task 49 is scheduled in mode 1 from 9 to 17
task_50: (start=7, end=17, size=10, length=10)
Task 50 is scheduled in mode 2 from 7 to 17
task_51: (start=17, end=17, size=0, length=0)
Task 51 is scheduled in mode 0 from 17 to 17
Optimal solution found
Objective value: 17
Solution is optimal.
