9
raw_data/mm-rcpsp/MMLIB50/J502_4.mm
Time limit set to 60 seconds
Running CP solver
/home/omastto1/General-Optimization-Solver/src/solvers/mmrcpsp.py:42(stream:276:6): Warning: Cumulative expression 'pulse': height is zero, expression is zero everywhere.
                                                                                               VarCumulAtom_419 = pulse(task_0_mode_0, 0)
/home/omastto1/General-Optimization-Solver/src/solvers/mmrcpsp.py:42(stream:276:31): Warning: Cumulative expression 'pulse': height is zero, expression is zero everywhere.
                                                                                                VarCumulAtom_420 = pulse(task_1_mode_0, 0)
/home/omastto1/General-Optimization-Solver/src/solvers/mmrcpsp.py:42(stream:276:81): Warning: Cumulative expression 'pulse': height is zero, expression is zero everywhere.
                                                                                                VarCumulAtom_422 = pulse(task_1_mode_2, 0)
/home/omastto1/General-Optimization-Solver/src/solvers/mmrcpsp.py:42(stream:276:156): Warning: Cumulative expression 'pulse': height is zero, expression is zero everywhere.
                                                                                                 VarCumulAtom_425 = pulse(task_2_mode_2, 0)
/home/omastto1/General-Optimization-Solver/src/solvers/mmrcpsp.py:42(stream:276:206): Warning: Cumulative expression 'pulse': height is zero, expression is zero everywhere.
                                                                                                 VarCumulAtom_427 = pulse(task_3_mode_1, 0)
/home/omastto1/General-Optimization-Solver/src/solvers/mmrcpsp.py:42(stream:276:281): Warning: Cumulative expression 'pulse': height is zero, expression is zero everywhere.
                                                                                                 VarCumulAtom_430 = pulse(task_4_mode_1, 0)
/home/omastto1/General-Optimization-Solver/src/solvers/mmrcpsp.py:42(stream:276:356): Warning: Cumulative expression 'pulse': height is zero, expression is zero everywhere.
                                                                                                 VarCumulAtom_433 = pulse(task_5_mode_1, 0)
/home/omastto1/General-Optimization-Solver/src/solvers/mmrcpsp.py:42(stream:276:456): Warning: Cumulative expression 'pulse': height is zero, expression is zero everywhere.
                                                                                                 VarCumulAtom_437 = pulse(task_6_mode_2, 0)
/home/omastto1/General-Optimization-Solver/src/solvers/mmrcpsp.py:42(stream:276:481): Warning: Cumulative expression 'pulse': height is zero, expression is zero everywhere.
                                                                                                 VarCumulAtom_438 = pulse(task_7_mode_0, 0)
/home/omastto1/General-Optimization-Solver/src/solvers/mmrcpsp.py:42(stream:276:581): Warning: Cumulative expression 'pulse': height is zero, expression is zero everywhere.
                                                                                                 VarCumulAtom_442 = pulse(task_8_mode_1, 0)
/home/omastto1/General-Optimization-Solver/src/solvers/mmrcpsp.py:42(stream:276:606): Warning: Cumulative expression 'pulse': height is zero, expression is zero everywhere.
                                                                                                 VarCumulAtom_443 = pulse(task_8_mode_2, 0)
/home/omastto1/General-Optimization-Solver/src/solvers/mmrcpsp.py:42(stream:276:631): Warning: Cumulative expression 'pulse': height is zero, expression is zero everywhere.
                                                                                                 VarCumulAtom_444 = pulse(task_9_mode_0, 0)
/home/omastto1/General-Optimization-Solver/src/solvers/mmrcpsp.py:42(stream:276:681): Warning: Cumulative expression 'pulse': height is zero, expression is zero everywhere.
                                                                                                 VarCumulAtom_446 = pulse(task_9_mode_2, 0)
/home/omastto1/General-Optimization-Solver/src/solvers/mmrcpsp.py:42(stream:276:706): Warning: Cumulative expression 'pulse': height is zero, expression is zero everywhere.
                                                                                                 VarCumulAtom_447 = pulse(task_10_mode_0, 0)
/home/omastto1/General-Optimization-Solver/src/solvers/mmrcpsp.py:42(stream:276:758): Warning: Cumulative expression 'pulse': height is zero, expression is zero everywhere.
                                                                                                 VarCumulAtom_449 = pulse(task_10_mode_2, 0)
/home/omastto1/General-Optimization-Solver/src/solvers/mmrcpsp.py:42(stream:276:914): Warning: Cumulative expression 'pulse': height is zero, expression is zero everywhere.
                                                                                                 VarCumulAtom_455 = pulse(task_12_mode_2, 0)
/home/omastto1/General-Optimization-Solver/src/solvers/mmrcpsp.py:42(stream:276:966): Warning: Cumulative expression 'pulse': height is zero, expression is zero everywhere.
                                                                                                 VarCumulAtom_457 = pulse(task_13_mode_1, 0)
/home/omastto1/General-Optimization-Solver/src/solvers/mmrcpsp.py:42(stream:276:1018): Warning: Cumulative expression 'pulse': height is zero, expression is zero everywhere.
                                                                                                  VarCumulAtom_459 = pulse(task_14_mode_0, 0)
/home/omastto1/General-Optimization-Solver/src/solvers/mmrcpsp.py:42(stream:276:1123): Warning: Cumulative expression 'pulse': height is zero, expression is zero everywhere.
                                                                                                  VarCumulAtom_463 = pulse(task_15_mode_1, 0)
/home/omastto1/General-Optimization-Solver/src/solvers/mmrcpsp.py:42(stream:276:1149): Warning: Cumulative expression 'pulse': height is zero, expression is zero everywhere.
                                                                                                  VarCumulAtom_464 = pulse(task_15_mode_2, 0)
   Too many warnings of this type. Suppressing further warnings of this type.
 ! --------------------------------------------------- CP Optimizer 20.1.0.0 --
 ! Minimization problem - 205 variables, 262 constraints
 ! TimeLimit            = 60
 ! Workers              = 14
 ! LogVerbosity         = Terse
 ! Initial process time : 0.02s (0.02s extraction + 0.00s propagation)
 !  . Log search space  : 529.4 (before), 529.4 (after)
 !  . Memory usage      : 1.3 MB (before), 1.3 MB (after)
 ! Using parallel search with 14 workers.
 ! ----------------------------------------------------------------------------
 !          Best Branches  Non-fixed    W       Branch decision
                        0        205                 -
 + New bound is 17
 ! Using iterative diving.
 ! Using temporal relaxation.
 *            39      109  0.81s        1      (gap is 56.41%)
 *            38      265  0.81s        1      (gap is 55.26%)
 *            37      373  0.81s        1      (gap is 54.05%)
 *            36      481  0.81s        1      (gap is 52.78%)
 *            35      589  0.81s        1      (gap is 51.43%)
 *            34      697  0.81s        1      (gap is 50.00%)
 *            33      941  0.81s        1      (gap is 48.48%)
 *            32     1048  0.81s        1      (gap is 46.88%)
 *            31     1118  0.81s        1      (gap is 45.16%)
 *            30     1366  0.81s        4      (gap is 43.33%)
 *            29     1268  0.81s        8      (gap is 41.38%)
              29     1525          2    1   F        -
 + New bound is 20 (gap is 31.03%)
 ! Using failure-directed search.
 *            28     2492  1.48s        2      (gap is 28.57%)
 *            27     2721  1.48s        2      (gap is 25.93%)
 *            26     4516  2.13s        5      (gap is 23.08%)
 *            25    10869  4.00s        3      (gap is 20.00%)
              25     5599         70    1        21 >= startOf(task_51)
 + New bound is 21 (gap is 16.00%)
              25     5606         70    1        22 >= cost
 + New bound is 22 (gap is 12.00%)
              25    13603         64    1   F          presenceOf(task_16_mode_2)
 + New bound is 23 (gap is 8.00%)
 ! Time = 12.80s, Average fail depth = 22, Memory usage = 18.2 MB
 ! Current bound is 23 (gap is 8.00%)
 !          Best Branches  Non-fixed    W       Branch decision
 *            24    73231  23.75s       3      (gap is 4.17%)
 ! ----------------------------------------------------------------------------
 ! Search terminated by limit, 16 solutions found.
 ! Best objective         : 24 (gap is 4.17%)
 ! Best bound             : 23
 ! ----------------------------------------------------------------------------
 ! Number of branches     : 5557870
 ! Number of fails        : 848646
 ! Total memory usage     : 19.0 MB (18.8 MB CP Optimizer + 0.2 MB Concert)
 ! Time spent in solve    : 60.04s (60.02s engine + 0.02s extraction)
 ! Search speed (br. / s) : 92600.3
 ! ----------------------------------------------------------------------------
task_0: (start=0, end=0, size=0, length=0)
Task 0 is scheduled in mode 0 from 0 to 0
task_1: (start=0, end=1, size=1, length=1)
Task 1 is scheduled in mode 0 from 0 to 1
task_2: (start=0, end=6, size=6, length=6)
Task 2 is scheduled in mode 2 from 0 to 6
task_3: (start=0, end=1, size=1, length=1)
Task 3 is scheduled in mode 0 from 0 to 1
task_4: (start=0, end=4, size=4, length=4)
Task 4 is scheduled in mode 2 from 0 to 4
task_5: (start=0, end=6, size=6, length=6)
Task 5 is scheduled in mode 1 from 0 to 6
task_6: (start=1, end=10, size=9, length=9)
Task 6 is scheduled in mode 2 from 1 to 10
task_7: (start=0, end=8, size=8, length=8)
Task 7 is scheduled in mode 1 from 0 to 8
task_8: (start=0, end=10, size=10, length=10)
Task 8 is scheduled in mode 2 from 0 to 10
task_9: (start=0, end=5, size=5, length=5)
Task 9 is scheduled in mode 1 from 0 to 5
task_10: (start=0, end=7, size=7, length=7)
Task 10 is scheduled in mode 2 from 0 to 7
task_11: (start=0, end=10, size=10, length=10)
Task 11 is scheduled in mode 2 from 0 to 10
task_12: (start=5, end=14, size=9, length=9)
Task 12 is scheduled in mode 1 from 5 to 14
task_13: (start=1, end=11, size=10, length=10)
Task 13 is scheduled in mode 2 from 1 to 11
task_14: (start=10, end=14, size=4, length=4)
Task 14 is scheduled in mode 0 from 10 to 14
task_15: (start=10, end=11, size=1, length=1)
Task 15 is scheduled in mode 0 from 10 to 11
task_16: (start=0, end=1, size=1, length=1)
Task 16 is scheduled in mode 0 from 0 to 1
task_17: (start=0, end=10, size=10, length=10)
Task 17 is scheduled in mode 2 from 0 to 10
task_18: (start=6, end=8, size=2, length=2)
Task 18 is scheduled in mode 0 from 6 to 8
task_19: (start=8, end=13, size=5, length=5)
Task 19 is scheduled in mode 1 from 8 to 13
task_20: (start=0, end=10, size=10, length=10)
Task 20 is scheduled in mode 2 from 0 to 10
task_21: (start=10, end=11, size=1, length=1)
Task 21 is scheduled in mode 0 from 10 to 11
task_22: (start=1, end=5, size=4, length=4)
Task 22 is scheduled in mode 2 from 1 to 5
task_23: (start=0, end=10, size=10, length=10)
Task 23 is scheduled in mode 2 from 0 to 10
task_24: (start=7, end=15, size=8, length=8)
Task 24 is scheduled in mode 2 from 7 to 15
task_25: (start=14, end=19, size=5, length=5)
Task 25 is scheduled in mode 0 from 14 to 19
task_26: (start=8, end=14, size=6, length=6)
Task 26 is scheduled in mode 1 from 8 to 14
task_27: (start=8, end=16, size=8, length=8)
Task 27 is scheduled in mode 1 from 8 to 16
task_28: (start=4, end=10, size=6, length=6)
Task 28 is scheduled in mode 2 from 4 to 10
task_29: (start=14, end=17, size=3, length=3)
Task 29 is scheduled in mode 0 from 14 to 17
task_30: (start=0, end=10, size=10, length=10)
Task 30 is scheduled in mode 2 from 0 to 10
task_31: (start=23, end=24, size=1, length=1)
Task 31 is scheduled in mode 0 from 23 to 24
task_32: (start=18, end=24, size=6, length=6)
Task 32 is scheduled in mode 2 from 18 to 24
task_33: (start=19, end=24, size=5, length=5)
Task 33 is scheduled in mode 1 from 19 to 24
task_34: (start=17, end=18, size=1, length=1)
Task 34 is scheduled in mode 1 from 17 to 18
task_35: (start=15, end=23, size=8, length=8)
Task 35 is scheduled in mode 2 from 15 to 23
task_36: (start=14, end=24, size=10, length=10)
Task 36 is scheduled in mode 2 from 14 to 24
task_37: (start=14, end=24, size=10, length=10)
Task 37 is scheduled in mode 2 from 14 to 24
task_38: (start=15, end=24, size=9, length=9)
Task 38 is scheduled in mode 1 from 15 to 24
task_39: (start=14, end=24, size=10, length=10)
Task 39 is scheduled in mode 2 from 14 to 24
task_40: (start=16, end=24, size=8, length=8)
Task 40 is scheduled in mode 2 from 16 to 24
task_41: (start=15, end=24, size=9, length=9)
Task 41 is scheduled in mode 2 from 15 to 24
task_42: (start=14, end=22, size=8, length=8)
Task 42 is scheduled in mode 2 from 14 to 22
task_43: (start=14, end=24, size=10, length=10)
Task 43 is scheduled in mode 2 from 14 to 24
task_44: (start=11, end=19, size=8, length=8)
Task 44 is scheduled in mode 2 from 11 to 19
task_45: (start=11, end=15, size=4, length=4)
Task 45 is scheduled in mode 1 from 11 to 15
task_46: (start=22, end=24, size=2, length=2)
Task 46 is scheduled in mode 1 from 22 to 24
task_47: (start=19, end=24, size=5, length=5)
Task 47 is scheduled in mode 1 from 19 to 24
task_48: (start=11, end=15, size=4, length=4)
Task 48 is scheduled in mode 1 from 11 to 15
task_49: (start=15, end=23, size=8, length=8)
Task 49 is scheduled in mode 2 from 15 to 23
task_50: (start=15, end=19, size=4, length=4)
Task 50 is scheduled in mode 2 from 15 to 19
task_51: (start=24, end=24, size=0, length=0)
Task 51 is scheduled in mode 0 from 24 to 24
Feasible solution found
Objective value: 24
Solution is 9.1 % worse than the lower bound.
