97
raw_data/mm-rcpsp/MMLIB50/J5020_2.mm
Time limit set to 60 seconds
Running CP solver
/home/omastto1/General-Optimization-Solver/src/solvers/mmrcpsp.py:42(stream:276:6): Warning: Cumulative expression 'pulse': height is zero, expression is zero everywhere.
                                                                                               VarCumulAtom_419 = pulse(task_0_mode_0, 0)
/home/omastto1/General-Optimization-Solver/src/solvers/mmrcpsp.py:42(stream:276:3909): Warning: Cumulative expression 'pulse': height is zero, expression is zero everywhere.
                                                                                                  VarCumulAtom_570 = pulse(task_51_mode_0, 0)
/home/omastto1/General-Optimization-Solver/src/solvers/mmrcpsp.py:42(stream:277:6): Warning: Cumulative expression 'pulse': height is zero, expression is zero everywhere.
                                                                                               VarCumulAtom_574 = pulse(task_0_mode_0, 0)
/home/omastto1/General-Optimization-Solver/src/solvers/mmrcpsp.py:42(stream:277:3906): Warning: Cumulative expression 'pulse': height is zero, expression is zero everywhere.
                                                                                                  VarCumulAtom_725 = pulse(task_51_mode_0, 0)
 ! --------------------------------------------------- CP Optimizer 20.1.0.0 --
 ! Minimization problem - 205 variables, 272 constraints
 ! TimeLimit            = 60
 ! Workers              = 14
 ! LogVerbosity         = Terse
 ! Initial process time : 0.02s (0.02s extraction + 0.00s propagation)
 !  . Log search space  : 520.6 (before), 520.6 (after)
 !  . Memory usage      : 1.3 MB (before), 1.3 MB (after)
 ! Using parallel search with 14 workers.
 ! ----------------------------------------------------------------------------
 !          Best Branches  Non-fixed    W       Branch decision
                        0        205                 -
 + New bound is 24
 ! Using iterative diving.
 ! Using temporal relaxation.
 *            48      113  0.86s        1      (gap is 50.00%)
 *            46      265  0.86s        1      (gap is 47.83%)
 *            43      373  0.86s        1      (gap is 44.19%)
 *            41      481  0.86s        1      (gap is 41.46%)
 *            40      589  0.86s        1      (gap is 40.00%)
 *            39      697  0.86s        1      (gap is 38.46%)
 *            38      805  0.86s        1      (gap is 36.84%)
 *            37      913  0.86s        1      (gap is 35.14%)
 *            36     1021  0.86s        1      (gap is 33.33%)
 *            35     1357  0.86s        1      (gap is 31.43%)
 *            34     1425  0.86s        1      (gap is 29.41%)
 *            33     1195  0.86s        7      (gap is 27.27%)
 *            32     1380  0.86s        7      (gap is 25.00%)
 ! Using failure-directed search.
 *            31     2596  1.59s        2      (gap is 22.58%)
 *            30     3633  1.59s        2      (gap is 20.00%)
 *            29     6832  2.31s        9      (gap is 17.24%)
 *            28    11060  4.42s        5      (gap is 14.29%)
 *            27    20936  7.25s        2      (gap is 11.11%)
 ! ----------------------------------------------------------------------------
 ! Search terminated by limit, 18 solutions found.
 ! Best objective         : 27 (gap is 11.11%)
 ! Best bound             : 24
 ! ----------------------------------------------------------------------------
 ! Number of branches     : 5089204
 ! Number of fails        : 856971
 ! Total memory usage     : 19.6 MB (19.4 MB CP Optimizer + 0.2 MB Concert)
 ! Time spent in solve    : 60.08s (60.06s engine + 0.02s extraction)
 ! Search speed (br. / s) : 84735.3
 ! ----------------------------------------------------------------------------
task_0: (start=0, end=0, size=0, length=0)
Task 0 is scheduled in mode 0 from 0 to 0
task_1: (start=0, end=1, size=1, length=1)
Task 1 is scheduled in mode 0 from 0 to 1
task_2: (start=0, end=2, size=2, length=2)
Task 2 is scheduled in mode 0 from 0 to 2
task_3: (start=0, end=4, size=4, length=4)
Task 3 is scheduled in mode 1 from 0 to 4
task_4: (start=0, end=5, size=5, length=5)
Task 4 is scheduled in mode 2 from 0 to 5
task_5: (start=0, end=1, size=1, length=1)
Task 5 is scheduled in mode 0 from 0 to 1
task_6: (start=1, end=4, size=3, length=3)
Task 6 is scheduled in mode 0 from 1 to 4
task_7: (start=0, end=2, size=2, length=2)
Task 7 is scheduled in mode 1 from 0 to 2
task_8: (start=2, end=5, size=3, length=3)
Task 8 is scheduled in mode 1 from 2 to 5
task_9: (start=0, end=4, size=4, length=4)
Task 9 is scheduled in mode 1 from 0 to 4
task_10: (start=0, end=6, size=6, length=6)
Task 10 is scheduled in mode 2 from 0 to 6
task_11: (start=2, end=8, size=6, length=6)
Task 11 is scheduled in mode 2 from 2 to 8
task_12: (start=4, end=13, size=9, length=9)
Task 12 is scheduled in mode 2 from 4 to 13
task_13: (start=1, end=8, size=7, length=7)
Task 13 is scheduled in mode 2 from 1 to 8
task_14: (start=0, end=6, size=6, length=6)
Task 14 is scheduled in mode 2 from 0 to 6
task_15: (start=3, end=10, size=7, length=7)
Task 15 is scheduled in mode 2 from 3 to 10
task_16: (start=0, end=2, size=2, length=2)
Task 16 is scheduled in mode 0 from 0 to 2
task_17: (start=4, end=9, size=5, length=5)
Task 17 is scheduled in mode 0 from 4 to 9
task_18: (start=6, end=10, size=4, length=4)
Task 18 is scheduled in mode 2 from 6 to 10
task_19: (start=2, end=3, size=1, length=1)
Task 19 is scheduled in mode 0 from 2 to 3
task_20: (start=5, end=12, size=7, length=7)
Task 20 is scheduled in mode 2 from 5 to 12
task_21: (start=9, end=17, size=8, length=8)
Task 21 is scheduled in mode 2 from 9 to 17
task_22: (start=5, end=8, size=3, length=3)
Task 22 is scheduled in mode 0 from 5 to 8
task_23: (start=8, end=12, size=4, length=4)
Task 23 is scheduled in mode 2 from 8 to 12
task_24: (start=13, end=21, size=8, length=8)
Task 24 is scheduled in mode 2 from 13 to 21
task_25: (start=17, end=22, size=5, length=5)
Task 25 is scheduled in mode 1 from 17 to 22
task_26: (start=14, end=16, size=2, length=2)
Task 26 is scheduled in mode 0 from 14 to 16
task_27: (start=13, end=22, size=9, length=9)
Task 27 is scheduled in mode 2 from 13 to 22
task_28: (start=8, end=16, size=8, length=8)
Task 28 is scheduled in mode 2 from 8 to 16
task_29: (start=4, end=9, size=5, length=5)
Task 29 is scheduled in mode 2 from 4 to 9
task_30: (start=4, end=10, size=6, length=6)
Task 30 is scheduled in mode 2 from 4 to 10
task_31: (start=4, end=14, size=10, length=10)
Task 31 is scheduled in mode 2 from 4 to 14
task_32: (start=22, end=27, size=5, length=5)
Task 32 is scheduled in mode 0 from 22 to 27
task_33: (start=25, end=27, size=2, length=2)
Task 33 is scheduled in mode 0 from 25 to 27
task_34: (start=22, end=27, size=5, length=5)
Task 34 is scheduled in mode 1 from 22 to 27
task_35: (start=13, end=22, size=9, length=9)
Task 35 is scheduled in mode 2 from 13 to 22
task_36: (start=16, end=25, size=9, length=9)
Task 36 is scheduled in mode 2 from 16 to 25
task_37: (start=16, end=22, size=6, length=6)
Task 37 is scheduled in mode 1 from 16 to 22
task_38: (start=15, end=20, size=5, length=5)
Task 38 is scheduled in mode 0 from 15 to 20
task_39: (start=12, end=20, size=8, length=8)
Task 39 is scheduled in mode 2 from 12 to 20
task_40: (start=22, end=27, size=5, length=5)
Task 40 is scheduled in mode 2 from 22 to 27
task_41: (start=22, end=26, size=4, length=4)
Task 41 is scheduled in mode 1 from 22 to 26
task_42: (start=10, end=15, size=5, length=5)
Task 42 is scheduled in mode 1 from 10 to 15
task_43: (start=15, end=25, size=10, length=10)
Task 43 is scheduled in mode 2 from 15 to 25
task_44: (start=22, end=27, size=5, length=5)
Task 44 is scheduled in mode 1 from 22 to 27
task_45: (start=13, end=21, size=8, length=8)
Task 45 is scheduled in mode 2 from 13 to 21
task_46: (start=21, end=22, size=1, length=1)
Task 46 is scheduled in mode 0 from 21 to 22
task_47: (start=12, end=13, size=1, length=1)
Task 47 is scheduled in mode 0 from 12 to 13
task_48: (start=20, end=27, size=7, length=7)
Task 48 is scheduled in mode 2 from 20 to 27
task_49: (start=17, end=27, size=10, length=10)
Task 49 is scheduled in mode 2 from 17 to 27
task_50: (start=10, end=14, size=4, length=4)
Task 50 is scheduled in mode 0 from 10 to 14
task_51: (start=27, end=27, size=0, length=0)
Task 51 is scheduled in mode 0 from 27 to 27
Feasible solution found
Objective value: 27
Solution is 12.5 % worse than the lower bound.
