27
raw_data/mm-rcpsp/MMLIB50/J506_2.mm
Time limit set to 60 seconds
Running CP solver
/home/omastto1/General-Optimization-Solver/src/solvers/mmrcpsp.py:42(stream:278:6): Warning: Cumulative expression 'pulse': height is zero, expression is zero everywhere.
                                                                                               VarCumulAtom_421 = pulse(task_0_mode_0, 0)
/home/omastto1/General-Optimization-Solver/src/solvers/mmrcpsp.py:42(stream:278:81): Warning: Cumulative expression 'pulse': height is zero, expression is zero everywhere.
                                                                                                VarCumulAtom_424 = pulse(task_1_mode_2, 0)
/home/omastto1/General-Optimization-Solver/src/solvers/mmrcpsp.py:42(stream:278:156): Warning: Cumulative expression 'pulse': height is zero, expression is zero everywhere.
                                                                                                 VarCumulAtom_427 = pulse(task_2_mode_2, 0)
/home/omastto1/General-Optimization-Solver/src/solvers/mmrcpsp.py:42(stream:278:231): Warning: Cumulative expression 'pulse': height is zero, expression is zero everywhere.
                                                                                                 VarCumulAtom_430 = pulse(task_3_mode_2, 0)
/home/omastto1/General-Optimization-Solver/src/solvers/mmrcpsp.py:42(stream:278:256): Warning: Cumulative expression 'pulse': height is zero, expression is zero everywhere.
                                                                                                 VarCumulAtom_431 = pulse(task_4_mode_0, 0)
/home/omastto1/General-Optimization-Solver/src/solvers/mmrcpsp.py:42(stream:278:306): Warning: Cumulative expression 'pulse': height is zero, expression is zero everywhere.
                                                                                                 VarCumulAtom_433 = pulse(task_4_mode_2, 0)
/home/omastto1/General-Optimization-Solver/src/solvers/mmrcpsp.py:42(stream:278:331): Warning: Cumulative expression 'pulse': height is zero, expression is zero everywhere.
                                                                                                 VarCumulAtom_434 = pulse(task_5_mode_0, 0)
/home/omastto1/General-Optimization-Solver/src/solvers/mmrcpsp.py:42(stream:278:406): Warning: Cumulative expression 'pulse': height is zero, expression is zero everywhere.
                                                                                                 VarCumulAtom_437 = pulse(task_6_mode_0, 0)
/home/omastto1/General-Optimization-Solver/src/solvers/mmrcpsp.py:42(stream:278:506): Warning: Cumulative expression 'pulse': height is zero, expression is zero everywhere.
                                                                                                 VarCumulAtom_441 = pulse(task_7_mode_1, 0)
/home/omastto1/General-Optimization-Solver/src/solvers/mmrcpsp.py:42(stream:278:681): Warning: Cumulative expression 'pulse': height is zero, expression is zero everywhere.
                                                                                                 VarCumulAtom_448 = pulse(task_9_mode_2, 0)
/home/omastto1/General-Optimization-Solver/src/solvers/mmrcpsp.py:42(stream:278:706): Warning: Cumulative expression 'pulse': height is zero, expression is zero everywhere.
                                                                                                 VarCumulAtom_449 = pulse(task_10_mode_0, 0)
/home/omastto1/General-Optimization-Solver/src/solvers/mmrcpsp.py:42(stream:278:758): Warning: Cumulative expression 'pulse': height is zero, expression is zero everywhere.
                                                                                                 VarCumulAtom_451 = pulse(task_10_mode_2, 0)
/home/omastto1/General-Optimization-Solver/src/solvers/mmrcpsp.py:42(stream:278:784): Warning: Cumulative expression 'pulse': height is zero, expression is zero everywhere.
                                                                                                 VarCumulAtom_452 = pulse(task_11_mode_0, 0)
/home/omastto1/General-Optimization-Solver/src/solvers/mmrcpsp.py:42(stream:278:915): Warning: Cumulative expression 'pulse': height is zero, expression is zero everywhere.
                                                                                                 VarCumulAtom_457 = pulse(task_12_mode_2, 0)
/home/omastto1/General-Optimization-Solver/src/solvers/mmrcpsp.py:42(stream:278:941): Warning: Cumulative expression 'pulse': height is zero, expression is zero everywhere.
                                                                                                 VarCumulAtom_458 = pulse(task_13_mode_0, 0)
/home/omastto1/General-Optimization-Solver/src/solvers/mmrcpsp.py:42(stream:278:967): Warning: Cumulative expression 'pulse': height is zero, expression is zero everywhere.
                                                                                                 VarCumulAtom_459 = pulse(task_13_mode_1, 0)
/home/omastto1/General-Optimization-Solver/src/solvers/mmrcpsp.py:42(stream:278:993): Warning: Cumulative expression 'pulse': height is zero, expression is zero everywhere.
                                                                                                 VarCumulAtom_460 = pulse(task_13_mode_2, 0)
/home/omastto1/General-Optimization-Solver/src/solvers/mmrcpsp.py:42(stream:278:1071): Warning: Cumulative expression 'pulse': height is zero, expression is zero everywhere.
                                                                                                  VarCumulAtom_463 = pulse(task_14_mode_2, 0)
/home/omastto1/General-Optimization-Solver/src/solvers/mmrcpsp.py:42(stream:278:1123): Warning: Cumulative expression 'pulse': height is zero, expression is zero everywhere.
                                                                                                  VarCumulAtom_465 = pulse(task_15_mode_1, 0)
/home/omastto1/General-Optimization-Solver/src/solvers/mmrcpsp.py:42(stream:278:1227): Warning: Cumulative expression 'pulse': height is zero, expression is zero everywhere.
                                                                                                  VarCumulAtom_469 = pulse(task_16_mode_2, 0)
   Too many warnings of this type. Suppressing further warnings of this type.
 ! --------------------------------------------------- CP Optimizer 20.1.0.0 --
 ! Minimization problem - 205 variables, 280 constraints
 ! TimeLimit            = 60
 ! Workers              = 14
 ! LogVerbosity         = Terse
 ! Initial process time : 0.01s (0.01s extraction + 0.00s propagation)
 !  . Log search space  : 518.3 (before), 518.3 (after)
 !  . Memory usage      : 1.3 MB (before), 1.3 MB (after)
 ! Using parallel search with 14 workers.
 ! ----------------------------------------------------------------------------
 !          Best Branches  Non-fixed    W       Branch decision
                        0        205                 -
 + New bound is 21
 ! Using iterative diving.
 ! Using temporal relaxation.
 *            38      144  0.83s        1      (gap is 44.74%)
 *            37      350  0.83s        1      (gap is 43.24%)
 *            36      458  0.83s        1      (gap is 41.67%)
 *            35      566  0.83s        1      (gap is 40.00%)
 *            34      838  0.83s        1      (gap is 38.24%)
 *            33      946  0.83s        1      (gap is 36.36%)
 *            26     1054  0.83s        1      (gap is 19.23%)
 *            25     1262  0.83s        1      (gap is 16.00%)
 *            24     1157  0.83s        3      (gap is 12.50%)
 *            23     1909  0.83s        3      (gap is 8.70%)
 *            21     3749  1.38s        3      (gap is 0.00%)
 ! ----------------------------------------------------------------------------
 ! Search completed, 11 solutions found.
 ! Best objective         : 21 (optimal - effective tol. is 0)
 ! Best bound             : 21
 ! ----------------------------------------------------------------------------
 ! Number of branches     : 165361
 ! Number of fails        : 35632
 ! Total memory usage     : 18.1 MB (17.9 MB CP Optimizer + 0.2 MB Concert)
 ! Time spent in solve    : 1.83s (1.82s engine + 0.01s extraction)
 ! Search speed (br. / s) : 91359.7
 ! ----------------------------------------------------------------------------
task_0: (start=0, end=0, size=0, length=0)
Task 0 is scheduled in mode 0 from 0 to 0
task_1: (start=0, end=8, size=8, length=8)
Task 1 is scheduled in mode 0 from 0 to 8
task_2: (start=0, end=9, size=9, length=9)
Task 2 is scheduled in mode 2 from 0 to 9
task_3: (start=0, end=9, size=9, length=9)
Task 3 is scheduled in mode 2 from 0 to 9
task_4: (start=0, end=4, size=4, length=4)
Task 4 is scheduled in mode 0 from 0 to 4
task_5: (start=0, end=6, size=6, length=6)
Task 5 is scheduled in mode 2 from 0 to 6
task_6: (start=0, end=6, size=6, length=6)
Task 6 is scheduled in mode 2 from 0 to 6
task_7: (start=0, end=8, size=8, length=8)
Task 7 is scheduled in mode 1 from 0 to 8
task_8: (start=0, end=6, size=6, length=6)
Task 8 is scheduled in mode 0 from 0 to 6
task_9: (start=0, end=9, size=9, length=9)
Task 9 is scheduled in mode 2 from 0 to 9
task_10: (start=0, end=3, size=3, length=3)
Task 10 is scheduled in mode 0 from 0 to 3
task_11: (start=8, end=11, size=3, length=3)
Task 11 is scheduled in mode 1 from 8 to 11
task_12: (start=6, end=11, size=5, length=5)
Task 12 is scheduled in mode 0 from 6 to 11
task_13: (start=3, end=13, size=10, length=10)
Task 13 is scheduled in mode 2 from 3 to 13
task_14: (start=6, end=15, size=9, length=9)
Task 14 is scheduled in mode 2 from 6 to 15
task_15: (start=11, end=13, size=2, length=2)
Task 15 is scheduled in mode 0 from 11 to 13
task_16: (start=0, end=8, size=8, length=8)
Task 16 is scheduled in mode 1 from 0 to 8
task_17: (start=0, end=6, size=6, length=6)
Task 17 is scheduled in mode 1 from 0 to 6
task_18: (start=9, end=12, size=3, length=3)
Task 18 is scheduled in mode 0 from 9 to 12
task_19: (start=0, end=10, size=10, length=10)
Task 19 is scheduled in mode 1 from 0 to 10
task_20: (start=11, end=15, size=4, length=4)
Task 20 is scheduled in mode 0 from 11 to 15
task_21: (start=10, end=14, size=4, length=4)
Task 21 is scheduled in mode 0 from 10 to 14
task_22: (start=0, end=10, size=10, length=10)
Task 22 is scheduled in mode 2 from 0 to 10
task_23: (start=4, end=9, size=5, length=5)
Task 23 is scheduled in mode 0 from 4 to 9
task_24: (start=6, end=15, size=9, length=9)
Task 24 is scheduled in mode 2 from 6 to 15
task_25: (start=8, end=16, size=8, length=8)
Task 25 is scheduled in mode 2 from 8 to 16
task_26: (start=12, end=13, size=1, length=1)
Task 26 is scheduled in mode 0 from 12 to 13
task_27: (start=9, end=10, size=1, length=1)
Task 27 is scheduled in mode 0 from 9 to 10
task_28: (start=9, end=17, size=8, length=8)
Task 28 is scheduled in mode 1 from 9 to 17
task_29: (start=15, end=16, size=1, length=1)
Task 29 is scheduled in mode 1 from 15 to 16
task_30: (start=19, end=20, size=1, length=1)
Task 30 is scheduled in mode 0 from 19 to 20
task_31: (start=13, end=14, size=1, length=1)
Task 31 is scheduled in mode 0 from 13 to 14
task_32: (start=19, end=21, size=2, length=2)
Task 32 is scheduled in mode 0 from 19 to 21
task_33: (start=20, end=21, size=1, length=1)
Task 33 is scheduled in mode 0 from 20 to 21
task_34: (start=15, end=21, size=6, length=6)
Task 34 is scheduled in mode 0 from 15 to 21
task_35: (start=17, end=21, size=4, length=4)
Task 35 is scheduled in mode 0 from 17 to 21
task_36: (start=15, end=17, size=2, length=2)
Task 36 is scheduled in mode 0 from 15 to 17
task_37: (start=15, end=20, size=5, length=5)
Task 37 is scheduled in mode 0 from 15 to 20
task_38: (start=17, end=19, size=2, length=2)
Task 38 is scheduled in mode 0 from 17 to 19
task_39: (start=16, end=17, size=1, length=1)
Task 39 is scheduled in mode 1 from 16 to 17
task_40: (start=18, end=20, size=2, length=2)
Task 40 is scheduled in mode 0 from 18 to 20
task_41: (start=15, end=21, size=6, length=6)
Task 41 is scheduled in mode 0 from 15 to 21
task_42: (start=15, end=18, size=3, length=3)
Task 42 is scheduled in mode 0 from 15 to 18
task_43: (start=13, end=19, size=6, length=6)
Task 43 is scheduled in mode 1 from 13 to 19
task_44: (start=11, end=12, size=1, length=1)
Task 44 is scheduled in mode 0 from 11 to 12
task_45: (start=11, end=13, size=2, length=2)
Task 45 is scheduled in mode 0 from 11 to 13
task_46: (start=13, end=19, size=6, length=6)
Task 46 is scheduled in mode 2 from 13 to 19
task_47: (start=16, end=17, size=1, length=1)
Task 47 is scheduled in mode 0 from 16 to 17
task_48: (start=13, end=15, size=2, length=2)
Task 48 is scheduled in mode 0 from 13 to 15
task_49: (start=20, end=21, size=1, length=1)
Task 49 is scheduled in mode 0 from 20 to 21
task_50: (start=9, end=19, size=10, length=10)
Task 50 is scheduled in mode 2 from 9 to 19
task_51: (start=21, end=21, size=0, length=0)
Task 51 is scheduled in mode 0 from 21 to 21
Optimal solution found
Objective value: 21
Solution is optimal.
