81
raw_data/mm-rcpsp/MMLIB50/J5017_1.mm
Time limit set to 60 seconds
Running CP solver
/home/omastto1/General-Optimization-Solver/src/solvers/mmrcpsp.py:42(stream:278:6): Warning: Cumulative expression 'pulse': height is zero, expression is zero everywhere.
                                                                                               VarCumulAtom_421 = pulse(task_0_mode_0, 0)
/home/omastto1/General-Optimization-Solver/src/solvers/mmrcpsp.py:42(stream:278:81): Warning: Cumulative expression 'pulse': height is zero, expression is zero everywhere.
                                                                                                VarCumulAtom_424 = pulse(task_1_mode_2, 0)
/home/omastto1/General-Optimization-Solver/src/solvers/mmrcpsp.py:42(stream:278:157): Warning: Cumulative expression 'pulse': height is zero, expression is zero everywhere.
                                                                                                 VarCumulAtom_427 = pulse(task_2_mode_2, 0)
/home/omastto1/General-Optimization-Solver/src/solvers/mmrcpsp.py:42(stream:278:257): Warning: Cumulative expression 'pulse': height is zero, expression is zero everywhere.
                                                                                                 VarCumulAtom_431 = pulse(task_4_mode_0, 0)
/home/omastto1/General-Optimization-Solver/src/solvers/mmrcpsp.py:42(stream:278:307): Warning: Cumulative expression 'pulse': height is zero, expression is zero everywhere.
                                                                                                 VarCumulAtom_433 = pulse(task_4_mode_2, 0)
/home/omastto1/General-Optimization-Solver/src/solvers/mmrcpsp.py:42(stream:278:407): Warning: Cumulative expression 'pulse': height is zero, expression is zero everywhere.
                                                                                                 VarCumulAtom_437 = pulse(task_6_mode_0, 0)
/home/omastto1/General-Optimization-Solver/src/solvers/mmrcpsp.py:42(stream:278:457): Warning: Cumulative expression 'pulse': height is zero, expression is zero everywhere.
                                                                                                 VarCumulAtom_439 = pulse(task_6_mode_2, 0)
/home/omastto1/General-Optimization-Solver/src/solvers/mmrcpsp.py:42(stream:278:733): Warning: Cumulative expression 'pulse': height is zero, expression is zero everywhere.
                                                                                                 VarCumulAtom_450 = pulse(task_10_mode_1, 0)
/home/omastto1/General-Optimization-Solver/src/solvers/mmrcpsp.py:42(stream:278:837): Warning: Cumulative expression 'pulse': height is zero, expression is zero everywhere.
                                                                                                 VarCumulAtom_454 = pulse(task_11_mode_2, 0)
/home/omastto1/General-Optimization-Solver/src/solvers/mmrcpsp.py:42(stream:278:863): Warning: Cumulative expression 'pulse': height is zero, expression is zero everywhere.
                                                                                                 VarCumulAtom_455 = pulse(task_12_mode_0, 0)
/home/omastto1/General-Optimization-Solver/src/solvers/mmrcpsp.py:42(stream:278:941): Warning: Cumulative expression 'pulse': height is zero, expression is zero everywhere.
                                                                                                 VarCumulAtom_458 = pulse(task_13_mode_0, 0)
/home/omastto1/General-Optimization-Solver/src/solvers/mmrcpsp.py:42(stream:278:993): Warning: Cumulative expression 'pulse': height is zero, expression is zero everywhere.
                                                                                                 VarCumulAtom_460 = pulse(task_13_mode_2, 0)
/home/omastto1/General-Optimization-Solver/src/solvers/mmrcpsp.py:42(stream:278:1045): Warning: Cumulative expression 'pulse': height is zero, expression is zero everywhere.
                                                                                                  VarCumulAtom_462 = pulse(task_14_mode_1, 0)
/home/omastto1/General-Optimization-Solver/src/solvers/mmrcpsp.py:42(stream:278:1071): Warning: Cumulative expression 'pulse': height is zero, expression is zero everywhere.
                                                                                                  VarCumulAtom_463 = pulse(task_14_mode_2, 0)
/home/omastto1/General-Optimization-Solver/src/solvers/mmrcpsp.py:42(stream:278:1123): Warning: Cumulative expression 'pulse': height is zero, expression is zero everywhere.
                                                                                                  VarCumulAtom_465 = pulse(task_15_mode_1, 0)
/home/omastto1/General-Optimization-Solver/src/solvers/mmrcpsp.py:42(stream:278:1149): Warning: Cumulative expression 'pulse': height is zero, expression is zero everywhere.
                                                                                                  VarCumulAtom_466 = pulse(task_15_mode_2, 0)
/home/omastto1/General-Optimization-Solver/src/solvers/mmrcpsp.py:42(stream:278:1201): Warning: Cumulative expression 'pulse': height is zero, expression is zero everywhere.
                                                                                                  VarCumulAtom_468 = pulse(task_16_mode_1, 0)
/home/omastto1/General-Optimization-Solver/src/solvers/mmrcpsp.py:42(stream:278:1279): Warning: Cumulative expression 'pulse': height is zero, expression is zero everywhere.
                                                                                                  VarCumulAtom_471 = pulse(task_17_mode_1, 0)
/home/omastto1/General-Optimization-Solver/src/solvers/mmrcpsp.py:42(stream:278:1357): Warning: Cumulative expression 'pulse': height is zero, expression is zero everywhere.
                                                                                                  VarCumulAtom_474 = pulse(task_18_mode_1, 0)
/home/omastto1/General-Optimization-Solver/src/solvers/mmrcpsp.py:42(stream:278:1409): Warning: Cumulative expression 'pulse': height is zero, expression is zero everywhere.
                                                                                                  VarCumulAtom_476 = pulse(task_19_mode_0, 0)
   Too many warnings of this type. Suppressing further warnings of this type.
 ! --------------------------------------------------- CP Optimizer 20.1.0.0 --
 ! Minimization problem - 205 variables, 288 constraints
 ! TimeLimit            = 60
 ! Workers              = 14
 ! LogVerbosity         = Terse
 ! Initial process time : 0.01s (0.01s extraction + 0.00s propagation)
 !  . Log search space  : 519.2 (before), 519.2 (after)
 !  . Memory usage      : 1.3 MB (before), 1.3 MB (after)
 ! Using parallel search with 14 workers.
 ! ----------------------------------------------------------------------------
 !          Best Branches  Non-fixed    W       Branch decision
                        0        205                 -
 + New bound is 17
 ! Using iterative diving.
 ! Using temporal relaxation.
 *            32      121  0.38s        1      (gap is 46.88%)
 *            28      329  0.38s        1      (gap is 39.29%)
 *            27      437  0.38s        1      (gap is 37.04%)
 *            21      545  0.38s        1      (gap is 19.05%)
 *            20      659  0.38s        1      (gap is 15.00%)
 *            19      835  0.38s        1      (gap is 10.53%)
 *            18      965  0.38s        1      (gap is 5.56%)
 *            17     1095  0.38s        1      (gap is 0.00%)
 ! ----------------------------------------------------------------------------
 ! Search completed, 8 solutions found.
 ! Best objective         : 17 (optimal - effective tol. is 0)
 ! Best bound             : 17
 ! ----------------------------------------------------------------------------
 ! Number of branches     : 59135
 ! Number of fails        : 520
 ! Total memory usage     : 17.0 MB (16.8 MB CP Optimizer + 0.2 MB Concert)
 ! Time spent in solve    : 0.41s (0.40s engine + 0.01s extraction)
 ! Search speed (br. / s) : 151628.2
 ! ----------------------------------------------------------------------------
task_0: (start=0, end=0, size=0, length=0)
Task 0 is scheduled in mode 0 from 0 to 0
task_1: (start=0, end=3, size=3, length=3)
Task 1 is scheduled in mode 0 from 0 to 3
task_2: (start=0, end=2, size=2, length=2)
Task 2 is scheduled in mode 0 from 0 to 2
task_3: (start=0, end=5, size=5, length=5)
Task 3 is scheduled in mode 0 from 0 to 5
task_4: (start=0, end=1, size=1, length=1)
Task 4 is scheduled in mode 0 from 0 to 1
task_5: (start=0, end=1, size=1, length=1)
Task 5 is scheduled in mode 0 from 0 to 1
task_6: (start=0, end=8, size=8, length=8)
Task 6 is scheduled in mode 0 from 0 to 8
task_7: (start=3, end=10, size=7, length=7)
Task 7 is scheduled in mode 0 from 3 to 10
task_8: (start=1, end=5, size=4, length=4)
Task 8 is scheduled in mode 0 from 1 to 5
task_9: (start=0, end=3, size=3, length=3)
Task 9 is scheduled in mode 0 from 0 to 3
task_10: (start=0, end=3, size=3, length=3)
Task 10 is scheduled in mode 0 from 0 to 3
task_11: (start=0, end=2, size=2, length=2)
Task 11 is scheduled in mode 0 from 0 to 2
task_12: (start=0, end=2, size=2, length=2)
Task 12 is scheduled in mode 0 from 0 to 2
task_13: (start=0, end=2, size=2, length=2)
Task 13 is scheduled in mode 0 from 0 to 2
task_14: (start=0, end=1, size=1, length=1)
Task 14 is scheduled in mode 0 from 0 to 1
task_15: (start=5, end=10, size=5, length=5)
Task 15 is scheduled in mode 0 from 5 to 10
task_16: (start=0, end=2, size=2, length=2)
Task 16 is scheduled in mode 0 from 0 to 2
task_17: (start=2, end=9, size=7, length=7)
Task 17 is scheduled in mode 0 from 2 to 9
task_18: (start=3, end=6, size=3, length=3)
Task 18 is scheduled in mode 0 from 3 to 6
task_19: (start=1, end=8, size=7, length=7)
Task 19 is scheduled in mode 0 from 1 to 8
task_20: (start=2, end=9, size=7, length=7)
Task 20 is scheduled in mode 0 from 2 to 9
task_21: (start=2, end=4, size=2, length=2)
Task 21 is scheduled in mode 0 from 2 to 4
task_22: (start=6, end=10, size=4, length=4)
Task 22 is scheduled in mode 0 from 6 to 10
task_23: (start=8, end=9, size=1, length=1)
Task 23 is scheduled in mode 0 from 8 to 9
task_24: (start=5, end=6, size=1, length=1)
Task 24 is scheduled in mode 0 from 5 to 6
task_25: (start=1, end=2, size=1, length=1)
Task 25 is scheduled in mode 0 from 1 to 2
task_26: (start=8, end=10, size=2, length=2)
Task 26 is scheduled in mode 0 from 8 to 10
task_27: (start=0, end=5, size=5, length=5)
Task 27 is scheduled in mode 0 from 0 to 5
task_28: (start=10, end=11, size=1, length=1)
Task 28 is scheduled in mode 0 from 10 to 11
task_29: (start=10, end=11, size=1, length=1)
Task 29 is scheduled in mode 0 from 10 to 11
task_30: (start=5, end=6, size=1, length=1)
Task 30 is scheduled in mode 0 from 5 to 6
task_31: (start=10, end=13, size=3, length=3)
Task 31 is scheduled in mode 0 from 10 to 13
task_32: (start=10, end=11, size=1, length=1)
Task 32 is scheduled in mode 0 from 10 to 11
task_33: (start=10, end=11, size=1, length=1)
Task 33 is scheduled in mode 0 from 10 to 11
task_34: (start=8, end=15, size=7, length=7)
Task 34 is scheduled in mode 0 from 8 to 15
task_35: (start=3, end=8, size=5, length=5)
Task 35 is scheduled in mode 0 from 3 to 8
task_36: (start=5, end=7, size=2, length=2)
Task 36 is scheduled in mode 0 from 5 to 7
task_37: (start=15, end=17, size=2, length=2)
Task 37 is scheduled in mode 0 from 15 to 17
task_38: (start=11, end=17, size=6, length=6)
Task 38 is scheduled in mode 1 from 11 to 17
task_39: (start=11, end=14, size=3, length=3)
Task 39 is scheduled in mode 0 from 11 to 14
task_40: (start=10, end=15, size=5, length=5)
Task 40 is scheduled in mode 0 from 10 to 15
task_41: (start=11, end=17, size=6, length=6)
Task 41 is scheduled in mode 1 from 11 to 17
task_42: (start=11, end=17, size=6, length=6)
Task 42 is scheduled in mode 0 from 11 to 17
task_43: (start=10, end=17, size=7, length=7)
Task 43 is scheduled in mode 1 from 10 to 17
task_44: (start=11, end=16, size=5, length=5)
Task 44 is scheduled in mode 0 from 11 to 16
task_45: (start=10, end=17, size=7, length=7)
Task 45 is scheduled in mode 1 from 10 to 17
task_46: (start=10, end=14, size=4, length=4)
Task 46 is scheduled in mode 0 from 10 to 14
task_47: (start=10, end=14, size=4, length=4)
Task 47 is scheduled in mode 1 from 10 to 14
task_48: (start=9, end=15, size=6, length=6)
Task 48 is scheduled in mode 0 from 9 to 15
task_49: (start=9, end=10, size=1, length=1)
Task 49 is scheduled in mode 0 from 9 to 10
task_50: (start=8, end=9, size=1, length=1)
Task 50 is scheduled in mode 1 from 8 to 9
task_51: (start=17, end=17, size=0, length=0)
Task 51 is scheduled in mode 0 from 17 to 17
Optimal solution found
Objective value: 17
Solution is optimal.
