90
raw_data/mm-rcpsp/MMLIB50/J5018_5.mm
Time limit set to 60 seconds
Running CP solver
/home/omastto1/General-Optimization-Solver/src/solvers/mmrcpsp.py:42(stream:278:6): Warning: Cumulative expression 'pulse': height is zero, expression is zero everywhere.
                                                                                               VarCumulAtom_421 = pulse(task_0_mode_0, 0)
/home/omastto1/General-Optimization-Solver/src/solvers/mmrcpsp.py:42(stream:278:106): Warning: Cumulative expression 'pulse': height is zero, expression is zero everywhere.
                                                                                                 VarCumulAtom_425 = pulse(task_2_mode_0, 0)
/home/omastto1/General-Optimization-Solver/src/solvers/mmrcpsp.py:42(stream:278:156): Warning: Cumulative expression 'pulse': height is zero, expression is zero everywhere.
                                                                                                 VarCumulAtom_427 = pulse(task_2_mode_2, 0)
/home/omastto1/General-Optimization-Solver/src/solvers/mmrcpsp.py:42(stream:278:281): Warning: Cumulative expression 'pulse': height is zero, expression is zero everywhere.
                                                                                                 VarCumulAtom_432 = pulse(task_4_mode_1, 0)
/home/omastto1/General-Optimization-Solver/src/solvers/mmrcpsp.py:42(stream:278:331): Warning: Cumulative expression 'pulse': height is zero, expression is zero everywhere.
                                                                                                 VarCumulAtom_434 = pulse(task_5_mode_0, 0)
/home/omastto1/General-Optimization-Solver/src/solvers/mmrcpsp.py:42(stream:278:356): Warning: Cumulative expression 'pulse': height is zero, expression is zero everywhere.
                                                                                                 VarCumulAtom_435 = pulse(task_5_mode_1, 0)
/home/omastto1/General-Optimization-Solver/src/solvers/mmrcpsp.py:42(stream:278:406): Warning: Cumulative expression 'pulse': height is zero, expression is zero everywhere.
                                                                                                 VarCumulAtom_437 = pulse(task_6_mode_0, 0)
/home/omastto1/General-Optimization-Solver/src/solvers/mmrcpsp.py:42(stream:278:456): Warning: Cumulative expression 'pulse': height is zero, expression is zero everywhere.
                                                                                                 VarCumulAtom_439 = pulse(task_6_mode_2, 0)
/home/omastto1/General-Optimization-Solver/src/solvers/mmrcpsp.py:42(stream:278:481): Warning: Cumulative expression 'pulse': height is zero, expression is zero everywhere.
                                                                                                 VarCumulAtom_440 = pulse(task_7_mode_0, 0)
/home/omastto1/General-Optimization-Solver/src/solvers/mmrcpsp.py:42(stream:278:506): Warning: Cumulative expression 'pulse': height is zero, expression is zero everywhere.
                                                                                                 VarCumulAtom_441 = pulse(task_7_mode_1, 0)
/home/omastto1/General-Optimization-Solver/src/solvers/mmrcpsp.py:42(stream:278:556): Warning: Cumulative expression 'pulse': height is zero, expression is zero everywhere.
                                                                                                 VarCumulAtom_443 = pulse(task_8_mode_0, 0)
/home/omastto1/General-Optimization-Solver/src/solvers/mmrcpsp.py:42(stream:278:581): Warning: Cumulative expression 'pulse': height is zero, expression is zero everywhere.
                                                                                                 VarCumulAtom_444 = pulse(task_8_mode_1, 0)
/home/omastto1/General-Optimization-Solver/src/solvers/mmrcpsp.py:42(stream:278:785): Warning: Cumulative expression 'pulse': height is zero, expression is zero everywhere.
                                                                                                 VarCumulAtom_452 = pulse(task_11_mode_0, 0)
/home/omastto1/General-Optimization-Solver/src/solvers/mmrcpsp.py:42(stream:278:811): Warning: Cumulative expression 'pulse': height is zero, expression is zero everywhere.
                                                                                                 VarCumulAtom_453 = pulse(task_11_mode_1, 0)
/home/omastto1/General-Optimization-Solver/src/solvers/mmrcpsp.py:42(stream:278:837): Warning: Cumulative expression 'pulse': height is zero, expression is zero everywhere.
                                                                                                 VarCumulAtom_454 = pulse(task_11_mode_2, 0)
/home/omastto1/General-Optimization-Solver/src/solvers/mmrcpsp.py:42(stream:278:889): Warning: Cumulative expression 'pulse': height is zero, expression is zero everywhere.
                                                                                                 VarCumulAtom_456 = pulse(task_12_mode_1, 0)
/home/omastto1/General-Optimization-Solver/src/solvers/mmrcpsp.py:42(stream:278:915): Warning: Cumulative expression 'pulse': height is zero, expression is zero everywhere.
                                                                                                 VarCumulAtom_457 = pulse(task_12_mode_2, 0)
/home/omastto1/General-Optimization-Solver/src/solvers/mmrcpsp.py:42(stream:278:941): Warning: Cumulative expression 'pulse': height is zero, expression is zero everywhere.
                                                                                                 VarCumulAtom_458 = pulse(task_13_mode_0, 0)
/home/omastto1/General-Optimization-Solver/src/solvers/mmrcpsp.py:42(stream:278:967): Warning: Cumulative expression 'pulse': height is zero, expression is zero everywhere.
                                                                                                 VarCumulAtom_459 = pulse(task_13_mode_1, 0)
/home/omastto1/General-Optimization-Solver/src/solvers/mmrcpsp.py:42(stream:278:993): Warning: Cumulative expression 'pulse': height is zero, expression is zero everywhere.
                                                                                                 VarCumulAtom_460 = pulse(task_13_mode_2, 0)
   Too many warnings of this type. Suppressing further warnings of this type.
 ! --------------------------------------------------- CP Optimizer 20.1.0.0 --
 ! Minimization problem - 205 variables, 277 constraints
 ! TimeLimit            = 60
 ! Workers              = 14
 ! LogVerbosity         = Terse
 ! Initial process time : 0.01s (0.01s extraction + 0.00s propagation)
 !  . Log search space  : 523.0 (before), 523.0 (after)
 !  . Memory usage      : 1.3 MB (before), 1.3 MB (after)
 ! Using parallel search with 14 workers.
 ! ----------------------------------------------------------------------------
 !          Best Branches  Non-fixed    W       Branch decision
                        0        205                 -
 + New bound is 17
 ! Using iterative diving.
 ! Using temporal relaxation.
 *            17       43  0.21s        1      (gap is 0.00%)
 ! ----------------------------------------------------------------------------
 ! Search completed, 1 solution found.
 ! Best objective         : 17 (optimal - effective tol. is 0)
 ! Best bound             : 17
 ! ----------------------------------------------------------------------------
 ! Number of branches     : 51816
 ! Number of fails        : 554
 ! Total memory usage     : 16.7 MB (16.6 MB CP Optimizer + 0.2 MB Concert)
 ! Time spent in solve    : 0.24s (0.23s engine + 0.01s extraction)
 ! Search speed (br. / s) : 235527.3
 ! ----------------------------------------------------------------------------
task_0: (start=0, end=0, size=0, length=0)
Task 0 is scheduled in mode 0 from 0 to 0
task_1: (start=0, end=5, size=5, length=5)
Task 1 is scheduled in mode 0 from 0 to 5
task_2: (start=0, end=2, size=2, length=2)
Task 2 is scheduled in mode 0 from 0 to 2
task_3: (start=0, end=3, size=3, length=3)
Task 3 is scheduled in mode 0 from 0 to 3
task_4: (start=0, end=3, size=3, length=3)
Task 4 is scheduled in mode 0 from 0 to 3
task_5: (start=0, end=1, size=1, length=1)
Task 5 is scheduled in mode 0 from 0 to 1
task_6: (start=0, end=2, size=2, length=2)
Task 6 is scheduled in mode 0 from 0 to 2
task_7: (start=0, end=4, size=4, length=4)
Task 7 is scheduled in mode 0 from 0 to 4
task_8: (start=0, end=2, size=2, length=2)
Task 8 is scheduled in mode 0 from 0 to 2
task_9: (start=3, end=5, size=2, length=2)
Task 9 is scheduled in mode 0 from 3 to 5
task_10: (start=2, end=5, size=3, length=3)
Task 10 is scheduled in mode 0 from 2 to 5
task_11: (start=5, end=9, size=4, length=4)
Task 11 is scheduled in mode 0 from 5 to 9
task_12: (start=0, end=5, size=5, length=5)
Task 12 is scheduled in mode 0 from 0 to 5
task_13: (start=0, end=2, size=2, length=2)
Task 13 is scheduled in mode 0 from 0 to 2
task_14: (start=0, end=3, size=3, length=3)
Task 14 is scheduled in mode 0 from 0 to 3
task_15: (start=0, end=4, size=4, length=4)
Task 15 is scheduled in mode 0 from 0 to 4
task_16: (start=2, end=5, size=3, length=3)
Task 16 is scheduled in mode 0 from 2 to 5
task_17: (start=2, end=3, size=1, length=1)
Task 17 is scheduled in mode 0 from 2 to 3
task_18: (start=0, end=6, size=6, length=6)
Task 18 is scheduled in mode 1 from 0 to 6
task_19: (start=5, end=8, size=3, length=3)
Task 19 is scheduled in mode 0 from 5 to 8
task_20: (start=5, end=6, size=1, length=1)
Task 20 is scheduled in mode 0 from 5 to 6
task_21: (start=1, end=4, size=3, length=3)
Task 21 is scheduled in mode 0 from 1 to 4
task_22: (start=2, end=8, size=6, length=6)
Task 22 is scheduled in mode 0 from 2 to 8
task_23: (start=2, end=3, size=1, length=1)
Task 23 is scheduled in mode 0 from 2 to 3
task_24: (start=5, end=8, size=3, length=3)
Task 24 is scheduled in mode 0 from 5 to 8
task_25: (start=5, end=8, size=3, length=3)
Task 25 is scheduled in mode 0 from 5 to 8
task_26: (start=4, end=10, size=6, length=6)
Task 26 is scheduled in mode 0 from 4 to 10
task_27: (start=2, end=4, size=2, length=2)
Task 27 is scheduled in mode 0 from 2 to 4
task_28: (start=9, end=13, size=4, length=4)
Task 28 is scheduled in mode 0 from 9 to 13
task_29: (start=0, end=1, size=1, length=1)
Task 29 is scheduled in mode 0 from 0 to 1
task_30: (start=13, end=15, size=2, length=2)
Task 30 is scheduled in mode 1 from 13 to 15
task_31: (start=9, end=16, size=7, length=7)
Task 31 is scheduled in mode 0 from 9 to 16
task_32: (start=9, end=14, size=5, length=5)
Task 32 is scheduled in mode 2 from 9 to 14
task_33: (start=9, end=13, size=4, length=4)
Task 33 is scheduled in mode 1 from 9 to 13
task_34: (start=4, end=10, size=6, length=6)
Task 34 is scheduled in mode 1 from 4 to 10
task_35: (start=3, end=4, size=1, length=1)
Task 35 is scheduled in mode 0 from 3 to 4
task_36: (start=15, end=16, size=1, length=1)
Task 36 is scheduled in mode 0 from 15 to 16
task_37: (start=16, end=17, size=1, length=1)
Task 37 is scheduled in mode 0 from 16 to 17
task_38: (start=14, end=15, size=1, length=1)
Task 38 is scheduled in mode 0 from 14 to 15
task_39: (start=10, end=13, size=3, length=3)
Task 39 is scheduled in mode 1 from 10 to 13
task_40: (start=9, end=13, size=4, length=4)
Task 40 is scheduled in mode 0 from 9 to 13
task_41: (start=10, end=16, size=6, length=6)
Task 41 is scheduled in mode 1 from 10 to 16
task_42: (start=9, end=17, size=8, length=8)
Task 42 is scheduled in mode 1 from 9 to 17
task_43: (start=8, end=12, size=4, length=4)
Task 43 is scheduled in mode 1 from 8 to 12
task_44: (start=8, end=14, size=6, length=6)
Task 44 is scheduled in mode 1 from 8 to 14
task_45: (start=5, end=14, size=9, length=9)
Task 45 is scheduled in mode 2 from 5 to 14
task_46: (start=5, end=8, size=3, length=3)
Task 46 is scheduled in mode 0 from 5 to 8
task_47: (start=10, end=17, size=7, length=7)
Task 47 is scheduled in mode 2 from 10 to 17
task_48: (start=9, end=17, size=8, length=8)
Task 48 is scheduled in mode 1 from 9 to 17
task_49: (start=6, end=11, size=5, length=5)
Task 49 is scheduled in mode 2 from 6 to 11
task_50: (start=8, end=17, size=9, length=9)
Task 50 is scheduled in mode 2 from 8 to 17
task_51: (start=17, end=17, size=0, length=0)
Task 51 is scheduled in mode 0 from 17 to 17
Optimal solution found
Objective value: 17
Solution is optimal.
