61
raw_data/mm-rcpsp/MMLIB50/J5013_1.mm
Time limit set to 60 seconds
Running CP solver
/home/omastto1/General-Optimization-Solver/src/solvers/mmrcpsp.py:42(stream:278:6): Warning: Cumulative expression 'pulse': height is zero, expression is zero everywhere.
                                                                                               VarCumulAtom_421 = pulse(task_0_mode_0, 0)
/home/omastto1/General-Optimization-Solver/src/solvers/mmrcpsp.py:42(stream:278:31): Warning: Cumulative expression 'pulse': height is zero, expression is zero everywhere.
                                                                                                VarCumulAtom_422 = pulse(task_1_mode_0, 0)
/home/omastto1/General-Optimization-Solver/src/solvers/mmrcpsp.py:42(stream:278:56): Warning: Cumulative expression 'pulse': height is zero, expression is zero everywhere.
                                                                                                VarCumulAtom_423 = pulse(task_1_mode_1, 0)
/home/omastto1/General-Optimization-Solver/src/solvers/mmrcpsp.py:42(stream:278:81): Warning: Cumulative expression 'pulse': height is zero, expression is zero everywhere.
                                                                                                VarCumulAtom_424 = pulse(task_1_mode_2, 0)
/home/omastto1/General-Optimization-Solver/src/solvers/mmrcpsp.py:42(stream:278:207): Warning: Cumulative expression 'pulse': height is zero, expression is zero everywhere.
                                                                                                 VarCumulAtom_429 = pulse(task_3_mode_1, 0)
/home/omastto1/General-Optimization-Solver/src/solvers/mmrcpsp.py:42(stream:278:232): Warning: Cumulative expression 'pulse': height is zero, expression is zero everywhere.
                                                                                                 VarCumulAtom_430 = pulse(task_3_mode_2, 0)
/home/omastto1/General-Optimization-Solver/src/solvers/mmrcpsp.py:42(stream:278:307): Warning: Cumulative expression 'pulse': height is zero, expression is zero everywhere.
                                                                                                 VarCumulAtom_433 = pulse(task_4_mode_2, 0)
/home/omastto1/General-Optimization-Solver/src/solvers/mmrcpsp.py:42(stream:278:332): Warning: Cumulative expression 'pulse': height is zero, expression is zero everywhere.
                                                                                                 VarCumulAtom_434 = pulse(task_5_mode_0, 0)
/home/omastto1/General-Optimization-Solver/src/solvers/mmrcpsp.py:42(stream:278:382): Warning: Cumulative expression 'pulse': height is zero, expression is zero everywhere.
                                                                                                 VarCumulAtom_436 = pulse(task_5_mode_2, 0)
/home/omastto1/General-Optimization-Solver/src/solvers/mmrcpsp.py:42(stream:278:407): Warning: Cumulative expression 'pulse': height is zero, expression is zero everywhere.
                                                                                                 VarCumulAtom_437 = pulse(task_6_mode_0, 0)
/home/omastto1/General-Optimization-Solver/src/solvers/mmrcpsp.py:42(stream:278:457): Warning: Cumulative expression 'pulse': height is zero, expression is zero everywhere.
                                                                                                 VarCumulAtom_439 = pulse(task_6_mode_2, 0)
/home/omastto1/General-Optimization-Solver/src/solvers/mmrcpsp.py:42(stream:278:532): Warning: Cumulative expression 'pulse': height is zero, expression is zero everywhere.
                                                                                                 VarCumulAtom_442 = pulse(task_7_mode_2, 0)
/home/omastto1/General-Optimization-Solver/src/solvers/mmrcpsp.py:42(stream:278:582): Warning: Cumulative expression 'pulse': height is zero, expression is zero everywhere.
                                                                                                 VarCumulAtom_444 = pulse(task_8_mode_1, 0)
/home/omastto1/General-Optimization-Solver/src/solvers/mmrcpsp.py:42(stream:278:632): Warning: Cumulative expression 'pulse': height is zero, expression is zero everywhere.
                                                                                                 VarCumulAtom_446 = pulse(task_9_mode_0, 0)
/home/omastto1/General-Optimization-Solver/src/solvers/mmrcpsp.py:42(stream:278:682): Warning: Cumulative expression 'pulse': height is zero, expression is zero everywhere.
                                                                                                 VarCumulAtom_448 = pulse(task_9_mode_2, 0)
/home/omastto1/General-Optimization-Solver/src/solvers/mmrcpsp.py:42(stream:278:707): Warning: Cumulative expression 'pulse': height is zero, expression is zero everywhere.
                                                                                                 VarCumulAtom_449 = pulse(task_10_mode_0, 0)
/home/omastto1/General-Optimization-Solver/src/solvers/mmrcpsp.py:42(stream:278:785): Warning: Cumulative expression 'pulse': height is zero, expression is zero everywhere.
                                                                                                 VarCumulAtom_452 = pulse(task_11_mode_0, 0)
/home/omastto1/General-Optimization-Solver/src/solvers/mmrcpsp.py:42(stream:278:837): Warning: Cumulative expression 'pulse': height is zero, expression is zero everywhere.
                                                                                                 VarCumulAtom_454 = pulse(task_11_mode_2, 0)
/home/omastto1/General-Optimization-Solver/src/solvers/mmrcpsp.py:42(stream:278:863): Warning: Cumulative expression 'pulse': height is zero, expression is zero everywhere.
                                                                                                 VarCumulAtom_455 = pulse(task_12_mode_0, 0)
/home/omastto1/General-Optimization-Solver/src/solvers/mmrcpsp.py:42(stream:278:941): Warning: Cumulative expression 'pulse': height is zero, expression is zero everywhere.
                                                                                                 VarCumulAtom_458 = pulse(task_13_mode_0, 0)
   Too many warnings of this type. Suppressing further warnings of this type.
 ! --------------------------------------------------- CP Optimizer 20.1.0.0 --
 ! Minimization problem - 205 variables, 257 constraints
 ! TimeLimit            = 60
 ! Workers              = 14
 ! LogVerbosity         = Terse
 ! Initial process time : 0.00s (0.00s extraction + 0.00s propagation)
 !  . Log search space  : 517.5 (before), 517.5 (after)
 !  . Memory usage      : 1.3 MB (before), 1.3 MB (after)
 ! Using parallel search with 14 workers.
 ! ----------------------------------------------------------------------------
 !          Best Branches  Non-fixed    W       Branch decision
                        0        205                 -
 + New bound is 25
 ! Using iterative diving.
 ! Using temporal relaxation.
 *            40      397  0.78s        1      (gap is 37.50%)
 *            38      695  0.78s        1      (gap is 34.21%)
 *            27      911  0.78s        1      (gap is 7.41%)
 *            25      869  0.78s        9      (gap is 0.00%)
 ! ----------------------------------------------------------------------------
 ! Search completed, 4 solutions found.
 ! Best objective         : 25 (optimal - effective tol. is 0)
 ! Best bound             : 25
 ! ----------------------------------------------------------------------------
 ! Number of branches     : 76011
 ! Number of fails        : 8393
 ! Total memory usage     : 17.8 MB (17.7 MB CP Optimizer + 0.2 MB Concert)
 ! Time spent in solve    : 1.11s (1.11s engine + 0.00s extraction)
 ! Search speed (br. / s) : 69100.9
 ! ----------------------------------------------------------------------------
task_0: (start=0, end=0, size=0, length=0)
Task 0 is scheduled in mode 0 from 0 to 0
task_1: (start=0, end=3, size=3, length=3)
Task 1 is scheduled in mode 0 from 0 to 3
task_2: (start=0, end=2, size=2, length=2)
Task 2 is scheduled in mode 1 from 0 to 2
task_3: (start=0, end=2, size=2, length=2)
Task 3 is scheduled in mode 0 from 0 to 2
task_4: (start=0, end=2, size=2, length=2)
Task 4 is scheduled in mode 0 from 0 to 2
task_5: (start=0, end=6, size=6, length=6)
Task 5 is scheduled in mode 0 from 0 to 6
task_6: (start=0, end=6, size=6, length=6)
Task 6 is scheduled in mode 2 from 0 to 6
task_7: (start=2, end=6, size=4, length=4)
Task 7 is scheduled in mode 2 from 2 to 6
task_8: (start=0, end=4, size=4, length=4)
Task 8 is scheduled in mode 1 from 0 to 4
task_9: (start=0, end=6, size=6, length=6)
Task 9 is scheduled in mode 2 from 0 to 6
task_10: (start=0, end=7, size=7, length=7)
Task 10 is scheduled in mode 2 from 0 to 7
task_11: (start=0, end=8, size=8, length=8)
Task 11 is scheduled in mode 2 from 0 to 8
task_12: (start=0, end=8, size=8, length=8)
Task 12 is scheduled in mode 2 from 0 to 8
task_13: (start=0, end=10, size=10, length=10)
Task 13 is scheduled in mode 2 from 0 to 10
task_14: (start=3, end=12, size=9, length=9)
Task 14 is scheduled in mode 2 from 3 to 12
task_15: (start=3, end=11, size=8, length=8)
Task 15 is scheduled in mode 0 from 3 to 11
task_16: (start=6, end=13, size=7, length=7)
Task 16 is scheduled in mode 1 from 6 to 13
task_17: (start=0, end=9, size=9, length=9)
Task 17 is scheduled in mode 2 from 0 to 9
task_18: (start=0, end=9, size=9, length=9)
Task 18 is scheduled in mode 2 from 0 to 9
task_19: (start=6, end=10, size=4, length=4)
Task 19 is scheduled in mode 0 from 6 to 10
task_20: (start=0, end=7, size=7, length=7)
Task 20 is scheduled in mode 2 from 0 to 7
task_21: (start=8, end=12, size=4, length=4)
Task 21 is scheduled in mode 0 from 8 to 12
task_22: (start=6, end=15, size=9, length=9)
Task 22 is scheduled in mode 2 from 6 to 15
task_23: (start=8, end=15, size=7, length=7)
Task 23 is scheduled in mode 1 from 8 to 15
task_24: (start=11, end=19, size=8, length=8)
Task 24 is scheduled in mode 1 from 11 to 19
task_25: (start=2, end=8, size=6, length=6)
Task 25 is scheduled in mode 1 from 2 to 8
task_26: (start=0, end=9, size=9, length=9)
Task 26 is scheduled in mode 2 from 0 to 9
task_27: (start=19, end=22, size=3, length=3)
Task 27 is scheduled in mode 1 from 19 to 22
task_28: (start=19, end=22, size=3, length=3)
Task 28 is scheduled in mode 1 from 19 to 22
task_29: (start=13, end=22, size=9, length=9)
Task 29 is scheduled in mode 2 from 13 to 22
task_30: (start=8, end=12, size=4, length=4)
Task 30 is scheduled in mode 0 from 8 to 12
task_31: (start=3, end=11, size=8, length=8)
Task 31 is scheduled in mode 2 from 3 to 11
task_32: (start=3, end=11, size=8, length=8)
Task 32 is scheduled in mode 2 from 3 to 11
task_33: (start=2, end=8, size=6, length=6)
Task 33 is scheduled in mode 2 from 2 to 8
task_34: (start=0, end=9, size=9, length=9)
Task 34 is scheduled in mode 2 from 0 to 9
task_35: (start=22, end=24, size=2, length=2)
Task 35 is scheduled in mode 0 from 22 to 24
task_36: (start=19, end=25, size=6, length=6)
Task 36 is scheduled in mode 2 from 19 to 25
task_37: (start=19, end=25, size=6, length=6)
Task 37 is scheduled in mode 1 from 19 to 25
task_38: (start=15, end=24, size=9, length=9)
Task 38 is scheduled in mode 2 from 15 to 24
task_39: (start=15, end=22, size=7, length=7)
Task 39 is scheduled in mode 2 from 15 to 22
task_40: (start=13, end=16, size=3, length=3)
Task 40 is scheduled in mode 1 from 13 to 16
task_41: (start=15, end=24, size=9, length=9)
Task 41 is scheduled in mode 2 from 15 to 24
task_42: (start=15, end=22, size=7, length=7)
Task 42 is scheduled in mode 2 from 15 to 22
task_43: (start=12, end=22, size=10, length=10)
Task 43 is scheduled in mode 2 from 12 to 22
task_44: (start=13, end=22, size=9, length=9)
Task 44 is scheduled in mode 2 from 13 to 22
task_45: (start=12, end=22, size=10, length=10)
Task 45 is scheduled in mode 2 from 12 to 22
task_46: (start=9, end=15, size=6, length=6)
Task 46 is scheduled in mode 2 from 9 to 15
task_47: (start=10, end=18, size=8, length=8)
Task 47 is scheduled in mode 2 from 10 to 18
task_48: (start=6, end=13, size=7, length=7)
Task 48 is scheduled in mode 2 from 6 to 13
task_49: (start=6, end=16, size=10, length=10)
Task 49 is scheduled in mode 2 from 6 to 16
task_50: (start=2, end=10, size=8, length=8)
Task 50 is scheduled in mode 2 from 2 to 10
task_51: (start=25, end=25, size=0, length=0)
Task 51 is scheduled in mode 0 from 25 to 25
Optimal solution found
Objective value: 25
Solution is optimal.
