64
raw_data/mm-rcpsp/MMLIB50/J5013_4.mm
Time limit set to 60 seconds
Running CP solver
/home/omastto1/General-Optimization-Solver/src/solvers/mmrcpsp.py:42(stream:278:6): Warning: Cumulative expression 'pulse': height is zero, expression is zero everywhere.
                                                                                               VarCumulAtom_421 = pulse(task_0_mode_0, 0)
/home/omastto1/General-Optimization-Solver/src/solvers/mmrcpsp.py:42(stream:278:31): Warning: Cumulative expression 'pulse': height is zero, expression is zero everywhere.
                                                                                                VarCumulAtom_422 = pulse(task_1_mode_0, 0)
/home/omastto1/General-Optimization-Solver/src/solvers/mmrcpsp.py:42(stream:278:81): Warning: Cumulative expression 'pulse': height is zero, expression is zero everywhere.
                                                                                                VarCumulAtom_424 = pulse(task_1_mode_2, 0)
/home/omastto1/General-Optimization-Solver/src/solvers/mmrcpsp.py:42(stream:278:106): Warning: Cumulative expression 'pulse': height is zero, expression is zero everywhere.
                                                                                                 VarCumulAtom_425 = pulse(task_2_mode_0, 0)
/home/omastto1/General-Optimization-Solver/src/solvers/mmrcpsp.py:42(stream:278:131): Warning: Cumulative expression 'pulse': height is zero, expression is zero everywhere.
                                                                                                 VarCumulAtom_426 = pulse(task_2_mode_1, 0)
/home/omastto1/General-Optimization-Solver/src/solvers/mmrcpsp.py:42(stream:278:156): Warning: Cumulative expression 'pulse': height is zero, expression is zero everywhere.
                                                                                                 VarCumulAtom_427 = pulse(task_2_mode_2, 0)
/home/omastto1/General-Optimization-Solver/src/solvers/mmrcpsp.py:42(stream:278:181): Warning: Cumulative expression 'pulse': height is zero, expression is zero everywhere.
                                                                                                 VarCumulAtom_428 = pulse(task_3_mode_0, 0)
/home/omastto1/General-Optimization-Solver/src/solvers/mmrcpsp.py:42(stream:278:307): Warning: Cumulative expression 'pulse': height is zero, expression is zero everywhere.
                                                                                                 VarCumulAtom_433 = pulse(task_4_mode_2, 0)
/home/omastto1/General-Optimization-Solver/src/solvers/mmrcpsp.py:42(stream:278:407): Warning: Cumulative expression 'pulse': height is zero, expression is zero everywhere.
                                                                                                 VarCumulAtom_437 = pulse(task_6_mode_0, 0)
/home/omastto1/General-Optimization-Solver/src/solvers/mmrcpsp.py:42(stream:278:457): Warning: Cumulative expression 'pulse': height is zero, expression is zero everywhere.
                                                                                                 VarCumulAtom_439 = pulse(task_6_mode_2, 0)
/home/omastto1/General-Optimization-Solver/src/solvers/mmrcpsp.py:42(stream:278:507): Warning: Cumulative expression 'pulse': height is zero, expression is zero everywhere.
                                                                                                 VarCumulAtom_441 = pulse(task_7_mode_1, 0)
/home/omastto1/General-Optimization-Solver/src/solvers/mmrcpsp.py:42(stream:278:557): Warning: Cumulative expression 'pulse': height is zero, expression is zero everywhere.
                                                                                                 VarCumulAtom_443 = pulse(task_8_mode_0, 0)
/home/omastto1/General-Optimization-Solver/src/solvers/mmrcpsp.py:42(stream:278:582): Warning: Cumulative expression 'pulse': height is zero, expression is zero everywhere.
                                                                                                 VarCumulAtom_444 = pulse(task_8_mode_1, 0)
/home/omastto1/General-Optimization-Solver/src/solvers/mmrcpsp.py:42(stream:278:607): Warning: Cumulative expression 'pulse': height is zero, expression is zero everywhere.
                                                                                                 VarCumulAtom_445 = pulse(task_8_mode_2, 0)
/home/omastto1/General-Optimization-Solver/src/solvers/mmrcpsp.py:42(stream:278:657): Warning: Cumulative expression 'pulse': height is zero, expression is zero everywhere.
                                                                                                 VarCumulAtom_447 = pulse(task_9_mode_1, 0)
/home/omastto1/General-Optimization-Solver/src/solvers/mmrcpsp.py:42(stream:278:707): Warning: Cumulative expression 'pulse': height is zero, expression is zero everywhere.
                                                                                                 VarCumulAtom_449 = pulse(task_10_mode_0, 0)
/home/omastto1/General-Optimization-Solver/src/solvers/mmrcpsp.py:42(stream:278:785): Warning: Cumulative expression 'pulse': height is zero, expression is zero everywhere.
                                                                                                 VarCumulAtom_452 = pulse(task_11_mode_0, 0)
/home/omastto1/General-Optimization-Solver/src/solvers/mmrcpsp.py:42(stream:278:837): Warning: Cumulative expression 'pulse': height is zero, expression is zero everywhere.
                                                                                                 VarCumulAtom_454 = pulse(task_11_mode_2, 0)
/home/omastto1/General-Optimization-Solver/src/solvers/mmrcpsp.py:42(stream:278:863): Warning: Cumulative expression 'pulse': height is zero, expression is zero everywhere.
                                                                                                 VarCumulAtom_455 = pulse(task_12_mode_0, 0)
/home/omastto1/General-Optimization-Solver/src/solvers/mmrcpsp.py:42(stream:278:889): Warning: Cumulative expression 'pulse': height is zero, expression is zero everywhere.
                                                                                                 VarCumulAtom_456 = pulse(task_12_mode_1, 0)
   Too many warnings of this type. Suppressing further warnings of this type.
 ! --------------------------------------------------- CP Optimizer 20.1.0.0 --
 ! Minimization problem - 205 variables, 295 constraints
 ! TimeLimit            = 60
 ! Workers              = 14
 ! LogVerbosity         = Terse
 ! Initial process time : 0.01s (0.01s extraction + 0.00s propagation)
 !  . Log search space  : 516.3 (before), 516.3 (after)
 !  . Memory usage      : 1.3 MB (before), 1.3 MB (after)
 ! Using parallel search with 14 workers.
 ! ----------------------------------------------------------------------------
 !          Best Branches  Non-fixed    W       Branch decision
                        0        205                 -
 + New bound is 24
 ! Using iterative diving.
 ! Using temporal relaxation.
 *            29      747  0.79s        1      (gap is 17.24%)
 *            26      586  0.79s        7      (gap is 7.69%)
 ! Using failure-directed search.
 *            25    14759  5.42s       11      (gap is 4.00%)
 *            24    36612  10.54s       9      (gap is 0.00%)
 ! ----------------------------------------------------------------------------
 ! Search completed, 4 solutions found.
 ! Best objective         : 24 (optimal - effective tol. is 0)
 ! Best bound             : 24
 ! ----------------------------------------------------------------------------
 ! Number of branches     : 858116
 ! Number of fails        : 189324
 ! Total memory usage     : 17.9 MB (17.8 MB CP Optimizer + 0.2 MB Concert)
 ! Time spent in solve    : 11.11s (11.10s engine + 0.01s extraction)
 ! Search speed (br. / s) : 77307.7
 ! ----------------------------------------------------------------------------
task_0: (start=0, end=0, size=0, length=0)
Task 0 is scheduled in mode 0 from 0 to 0
task_1: (start=0, end=2, size=2, length=2)
Task 1 is scheduled in mode 0 from 0 to 2
task_2: (start=0, end=4, size=4, length=4)
Task 2 is scheduled in mode 2 from 0 to 4
task_3: (start=0, end=2, size=2, length=2)
Task 3 is scheduled in mode 1 from 0 to 2
task_4: (start=0, end=7, size=7, length=7)
Task 4 is scheduled in mode 2 from 0 to 7
task_5: (start=0, end=5, size=5, length=5)
Task 5 is scheduled in mode 1 from 0 to 5
task_6: (start=0, end=1, size=1, length=1)
Task 6 is scheduled in mode 0 from 0 to 1
task_7: (start=0, end=2, size=2, length=2)
Task 7 is scheduled in mode 0 from 0 to 2
task_8: (start=0, end=9, size=9, length=9)
Task 8 is scheduled in mode 1 from 0 to 9
task_9: (start=0, end=5, size=5, length=5)
Task 9 is scheduled in mode 1 from 0 to 5
task_10: (start=0, end=7, size=7, length=7)
Task 10 is scheduled in mode 1 from 0 to 7
task_11: (start=0, end=3, size=3, length=3)
Task 11 is scheduled in mode 1 from 0 to 3
task_12: (start=0, end=10, size=10, length=10)
Task 12 is scheduled in mode 2 from 0 to 10
task_13: (start=0, end=7, size=7, length=7)
Task 13 is scheduled in mode 1 from 0 to 7
task_14: (start=2, end=12, size=10, length=10)
Task 14 is scheduled in mode 2 from 2 to 12
task_15: (start=0, end=5, size=5, length=5)
Task 15 is scheduled in mode 0 from 0 to 5
task_16: (start=2, end=11, size=9, length=9)
Task 16 is scheduled in mode 2 from 2 to 11
task_17: (start=0, end=4, size=4, length=4)
Task 17 is scheduled in mode 2 from 0 to 4
task_18: (start=3, end=11, size=8, length=8)
Task 18 is scheduled in mode 2 from 3 to 11
task_19: (start=4, end=14, size=10, length=10)
Task 19 is scheduled in mode 2 from 4 to 14
task_20: (start=7, end=10, size=3, length=3)
Task 20 is scheduled in mode 1 from 7 to 10
task_21: (start=2, end=10, size=8, length=8)
Task 21 is scheduled in mode 2 from 2 to 10
task_22: (start=10, end=16, size=6, length=6)
Task 22 is scheduled in mode 2 from 10 to 16
task_23: (start=0, end=3, size=3, length=3)
Task 23 is scheduled in mode 1 from 0 to 3
task_24: (start=7, end=12, size=5, length=5)
Task 24 is scheduled in mode 0 from 7 to 12
task_25: (start=7, end=13, size=6, length=6)
Task 25 is scheduled in mode 1 from 7 to 13
task_26: (start=0, end=6, size=6, length=6)
Task 26 is scheduled in mode 1 from 0 to 6
task_27: (start=14, end=16, size=2, length=2)
Task 27 is scheduled in mode 0 from 14 to 16
task_28: (start=5, end=6, size=1, length=1)
Task 28 is scheduled in mode 1 from 5 to 6
task_29: (start=10, end=16, size=6, length=6)
Task 29 is scheduled in mode 1 from 10 to 16
task_30: (start=7, end=14, size=7, length=7)
Task 30 is scheduled in mode 2 from 7 to 14
task_31: (start=9, end=14, size=5, length=5)
Task 31 is scheduled in mode 2 from 9 to 14
task_32: (start=3, end=10, size=7, length=7)
Task 32 is scheduled in mode 2 from 3 to 10
task_33: (start=10, end=15, size=5, length=5)
Task 33 is scheduled in mode 2 from 10 to 15
task_34: (start=16, end=24, size=8, length=8)
Task 34 is scheduled in mode 2 from 16 to 24
task_35: (start=15, end=21, size=6, length=6)
Task 35 is scheduled in mode 2 from 15 to 21
task_36: (start=16, end=24, size=8, length=8)
Task 36 is scheduled in mode 1 from 16 to 24
task_37: (start=13, end=22, size=9, length=9)
Task 37 is scheduled in mode 1 from 13 to 22
task_38: (start=16, end=23, size=7, length=7)
Task 38 is scheduled in mode 1 from 16 to 23
task_39: (start=13, end=23, size=10, length=10)
Task 39 is scheduled in mode 2 from 13 to 23
task_40: (start=16, end=23, size=7, length=7)
Task 40 is scheduled in mode 2 from 16 to 23
task_41: (start=12, end=22, size=10, length=10)
Task 41 is scheduled in mode 2 from 12 to 22
task_42: (start=14, end=22, size=8, length=8)
Task 42 is scheduled in mode 2 from 14 to 22
task_43: (start=12, end=19, size=7, length=7)
Task 43 is scheduled in mode 2 from 12 to 19
task_44: (start=16, end=23, size=7, length=7)
Task 44 is scheduled in mode 2 from 16 to 23
task_45: (start=14, end=19, size=5, length=5)
Task 45 is scheduled in mode 1 from 14 to 19
task_46: (start=12, end=15, size=3, length=3)
Task 46 is scheduled in mode 1 from 12 to 15
task_47: (start=10, end=18, size=8, length=8)
Task 47 is scheduled in mode 1 from 10 to 18
task_48: (start=9, end=14, size=5, length=5)
Task 48 is scheduled in mode 2 from 9 to 14
task_49: (start=11, end=13, size=2, length=2)
Task 49 is scheduled in mode 0 from 11 to 13
task_50: (start=14, end=21, size=7, length=7)
Task 50 is scheduled in mode 2 from 14 to 21
task_51: (start=24, end=24, size=0, length=0)
Task 51 is scheduled in mode 0 from 24 to 24
Optimal solution found
Objective value: 24
Solution is optimal.
