3
raw_data/mm-rcpsp/MMLIB50/J501_3.mm
Time limit set to 60 seconds
Running CP solver
/home/omastto1/General-Optimization-Solver/src/solvers/mmrcpsp.py:42(stream:276:6): Warning: Cumulative expression 'pulse': height is zero, expression is zero everywhere.
                                                                                               VarCumulAtom_419 = pulse(task_0_mode_0, 0)
/home/omastto1/General-Optimization-Solver/src/solvers/mmrcpsp.py:42(stream:276:31): Warning: Cumulative expression 'pulse': height is zero, expression is zero everywhere.
                                                                                                VarCumulAtom_420 = pulse(task_1_mode_0, 0)
/home/omastto1/General-Optimization-Solver/src/solvers/mmrcpsp.py:42(stream:276:56): Warning: Cumulative expression 'pulse': height is zero, expression is zero everywhere.
                                                                                                VarCumulAtom_421 = pulse(task_1_mode_1, 0)
/home/omastto1/General-Optimization-Solver/src/solvers/mmrcpsp.py:42(stream:276:182): Warning: Cumulative expression 'pulse': height is zero, expression is zero everywhere.
                                                                                                 VarCumulAtom_426 = pulse(task_3_mode_0, 0)
/home/omastto1/General-Optimization-Solver/src/solvers/mmrcpsp.py:42(stream:276:207): Warning: Cumulative expression 'pulse': height is zero, expression is zero everywhere.
                                                                                                 VarCumulAtom_427 = pulse(task_3_mode_1, 0)
/home/omastto1/General-Optimization-Solver/src/solvers/mmrcpsp.py:42(stream:276:257): Warning: Cumulative expression 'pulse': height is zero, expression is zero everywhere.
                                                                                                 VarCumulAtom_429 = pulse(task_4_mode_0, 0)
/home/omastto1/General-Optimization-Solver/src/solvers/mmrcpsp.py:42(stream:276:282): Warning: Cumulative expression 'pulse': height is zero, expression is zero everywhere.
                                                                                                 VarCumulAtom_430 = pulse(task_4_mode_1, 0)
/home/omastto1/General-Optimization-Solver/src/solvers/mmrcpsp.py:42(stream:276:332): Warning: Cumulative expression 'pulse': height is zero, expression is zero everywhere.
                                                                                                 VarCumulAtom_432 = pulse(task_5_mode_0, 0)
/home/omastto1/General-Optimization-Solver/src/solvers/mmrcpsp.py:42(stream:276:382): Warning: Cumulative expression 'pulse': height is zero, expression is zero everywhere.
                                                                                                 VarCumulAtom_434 = pulse(task_5_mode_2, 0)
/home/omastto1/General-Optimization-Solver/src/solvers/mmrcpsp.py:42(stream:276:407): Warning: Cumulative expression 'pulse': height is zero, expression is zero everywhere.
                                                                                                 VarCumulAtom_435 = pulse(task_6_mode_0, 0)
/home/omastto1/General-Optimization-Solver/src/solvers/mmrcpsp.py:42(stream:276:532): Warning: Cumulative expression 'pulse': height is zero, expression is zero everywhere.
                                                                                                 VarCumulAtom_440 = pulse(task_7_mode_2, 0)
/home/omastto1/General-Optimization-Solver/src/solvers/mmrcpsp.py:42(stream:276:582): Warning: Cumulative expression 'pulse': height is zero, expression is zero everywhere.
                                                                                                 VarCumulAtom_442 = pulse(task_8_mode_1, 0)
/home/omastto1/General-Optimization-Solver/src/solvers/mmrcpsp.py:42(stream:276:607): Warning: Cumulative expression 'pulse': height is zero, expression is zero everywhere.
                                                                                                 VarCumulAtom_443 = pulse(task_8_mode_2, 0)
/home/omastto1/General-Optimization-Solver/src/solvers/mmrcpsp.py:42(stream:276:682): Warning: Cumulative expression 'pulse': height is zero, expression is zero everywhere.
                                                                                                 VarCumulAtom_446 = pulse(task_9_mode_2, 0)
/home/omastto1/General-Optimization-Solver/src/solvers/mmrcpsp.py:42(stream:276:707): Warning: Cumulative expression 'pulse': height is zero, expression is zero everywhere.
                                                                                                 VarCumulAtom_447 = pulse(task_10_mode_0, 0)
/home/omastto1/General-Optimization-Solver/src/solvers/mmrcpsp.py:42(stream:276:733): Warning: Cumulative expression 'pulse': height is zero, expression is zero everywhere.
                                                                                                 VarCumulAtom_448 = pulse(task_10_mode_1, 0)
/home/omastto1/General-Optimization-Solver/src/solvers/mmrcpsp.py:42(stream:276:759): Warning: Cumulative expression 'pulse': height is zero, expression is zero everywhere.
                                                                                                 VarCumulAtom_449 = pulse(task_10_mode_2, 0)
/home/omastto1/General-Optimization-Solver/src/solvers/mmrcpsp.py:42(stream:276:785): Warning: Cumulative expression 'pulse': height is zero, expression is zero everywhere.
                                                                                                 VarCumulAtom_450 = pulse(task_11_mode_0, 0)
/home/omastto1/General-Optimization-Solver/src/solvers/mmrcpsp.py:42(stream:276:837): Warning: Cumulative expression 'pulse': height is zero, expression is zero everywhere.
                                                                                                 VarCumulAtom_452 = pulse(task_11_mode_2, 0)
/home/omastto1/General-Optimization-Solver/src/solvers/mmrcpsp.py:42(stream:276:863): Warning: Cumulative expression 'pulse': height is zero, expression is zero everywhere.
                                                                                                 VarCumulAtom_453 = pulse(task_12_mode_0, 0)
   Too many warnings of this type. Suppressing further warnings of this type.
 ! --------------------------------------------------- CP Optimizer 20.1.0.0 --
 ! Minimization problem - 205 variables, 299 constraints
 ! TimeLimit            = 60
 ! Workers              = 14
 ! LogVerbosity         = Terse
 ! Initial process time : 0.02s (0.02s extraction + 0.00s propagation)
 !  . Log search space  : 517.7 (before), 517.7 (after)
 !  . Memory usage      : 1.3 MB (before), 1.3 MB (after)
 ! Using parallel search with 14 workers.
 ! ----------------------------------------------------------------------------
 !          Best Branches  Non-fixed    W       Branch decision
                        0        205                 -
 + New bound is 18
 ! Using iterative diving.
 ! Using temporal relaxation.
 *            35      658  0.84s        1      (gap is 48.57%)
 *            34      850  0.84s        1      (gap is 47.06%)
 *            32     1438  1.42s        1      (gap is 43.75%)
 *            31     1499  1.42s        4      (gap is 41.94%)
 *            30     3583  1.42s        6      (gap is 40.00%)
 *            29     9358  3.66s       11      (gap is 37.93%)
 *            28    16874  4.78s        5      (gap is 35.71%)
              28    22643         47   10            -
 + New bound is 18.00150 (gap is 35.71%)
              28    23655         70    4            -
 + New bound is 18.00150 (gap is 35.71%)
              28    29904         58    3            -
 + New bound is 18.00150 (gap is 35.71%)
 *            27    33660  9.41s        9      (gap is 33.33%)
 ! Using failure-directed search.
 *            26    35066  10.07s       3      (gap is 30.76%)
 ! ----------------------------------------------------------------------------
 ! Search terminated by limit, 9 solutions found.
 ! Best objective         : 26 (gap is 30.76%)
 ! Best bound             : 18.00150
 ! ----------------------------------------------------------------------------
 ! Number of branches     : 5743042
 ! Number of fails        : 991620
 ! Total memory usage     : 19.2 MB (19.0 MB CP Optimizer + 0.2 MB Concert)
 ! Time spent in solve    : 60.03s (60.01s engine + 0.02s extraction)
 ! Search speed (br. / s) : 95701.4
 ! ----------------------------------------------------------------------------
task_0: (start=0, end=0, size=0, length=0)
Task 0 is scheduled in mode 0 from 0 to 0
task_1: (start=0, end=2, size=2, length=2)
Task 1 is scheduled in mode 1 from 0 to 2
task_2: (start=0, end=2, size=2, length=2)
Task 2 is scheduled in mode 1 from 0 to 2
task_3: (start=0, end=6, size=6, length=6)
Task 3 is scheduled in mode 1 from 0 to 6
task_4: (start=0, end=5, size=5, length=5)
Task 4 is scheduled in mode 1 from 0 to 5
task_5: (start=0, end=7, size=7, length=7)
Task 5 is scheduled in mode 1 from 0 to 7
task_6: (start=2, end=6, size=4, length=4)
Task 6 is scheduled in mode 1 from 2 to 6
task_7: (start=0, end=8, size=8, length=8)
Task 7 is scheduled in mode 1 from 0 to 8
task_8: (start=0, end=8, size=8, length=8)
Task 8 is scheduled in mode 2 from 0 to 8
task_9: (start=0, end=10, size=10, length=10)
Task 9 is scheduled in mode 2 from 0 to 10
task_10: (start=6, end=14, size=8, length=8)
Task 10 is scheduled in mode 2 from 6 to 14
task_11: (start=5, end=11, size=6, length=6)
Task 11 is scheduled in mode 0 from 5 to 11
task_12: (start=0, end=6, size=6, length=6)
Task 12 is scheduled in mode 2 from 0 to 6
task_13: (start=2, end=5, size=3, length=3)
Task 13 is scheduled in mode 0 from 2 to 5
task_14: (start=7, end=12, size=5, length=5)
Task 14 is scheduled in mode 1 from 7 to 12
task_15: (start=0, end=7, size=7, length=7)
Task 15 is scheduled in mode 2 from 0 to 7
task_16: (start=2, end=7, size=5, length=5)
Task 16 is scheduled in mode 2 from 2 to 7
task_17: (start=8, end=16, size=8, length=8)
Task 17 is scheduled in mode 2 from 8 to 16
task_18: (start=5, end=10, size=5, length=5)
Task 18 is scheduled in mode 1 from 5 to 10
task_19: (start=10, end=16, size=6, length=6)
Task 19 is scheduled in mode 1 from 10 to 16
task_20: (start=6, end=11, size=5, length=5)
Task 20 is scheduled in mode 2 from 6 to 11
task_21: (start=7, end=11, size=4, length=4)
Task 21 is scheduled in mode 2 from 7 to 11
task_22: (start=16, end=17, size=1, length=1)
Task 22 is scheduled in mode 1 from 16 to 17
task_23: (start=8, end=11, size=3, length=3)
Task 23 is scheduled in mode 1 from 8 to 11
task_24: (start=12, end=16, size=4, length=4)
Task 24 is scheduled in mode 0 from 12 to 16
task_25: (start=7, end=16, size=9, length=9)
Task 25 is scheduled in mode 1 from 7 to 16
task_26: (start=6, end=13, size=7, length=7)
Task 26 is scheduled in mode 2 from 6 to 13
task_27: (start=11, end=14, size=3, length=3)
Task 27 is scheduled in mode 1 from 11 to 14
task_28: (start=14, end=23, size=9, length=9)
Task 28 is scheduled in mode 2 from 14 to 23
task_29: (start=17, end=26, size=9, length=9)
Task 29 is scheduled in mode 2 from 17 to 26
task_30: (start=23, end=26, size=3, length=3)
Task 30 is scheduled in mode 1 from 23 to 26
task_31: (start=16, end=26, size=10, length=10)
Task 31 is scheduled in mode 2 from 16 to 26
task_32: (start=24, end=26, size=2, length=2)
Task 32 is scheduled in mode 2 from 24 to 26
task_33: (start=25, end=26, size=1, length=1)
Task 33 is scheduled in mode 1 from 25 to 26
task_34: (start=24, end=26, size=2, length=2)
Task 34 is scheduled in mode 1 from 24 to 26
task_35: (start=21, end=25, size=4, length=4)
Task 35 is scheduled in mode 1 from 21 to 25
task_36: (start=25, end=26, size=1, length=1)
Task 36 is scheduled in mode 1 from 25 to 26
task_37: (start=23, end=26, size=3, length=3)
Task 37 is scheduled in mode 1 from 23 to 26
task_38: (start=17, end=26, size=9, length=9)
Task 38 is scheduled in mode 2 from 17 to 26
task_39: (start=16, end=26, size=10, length=10)
Task 39 is scheduled in mode 2 from 16 to 26
task_40: (start=16, end=25, size=9, length=9)
Task 40 is scheduled in mode 2 from 16 to 25
task_41: (start=16, end=21, size=5, length=5)
Task 41 is scheduled in mode 2 from 16 to 21
task_42: (start=11, end=21, size=10, length=10)
Task 42 is scheduled in mode 2 from 11 to 21
task_43: (start=16, end=24, size=8, length=8)
Task 43 is scheduled in mode 2 from 16 to 24
task_44: (start=16, end=21, size=5, length=5)
Task 44 is scheduled in mode 2 from 16 to 21
task_45: (start=13, end=23, size=10, length=10)
Task 45 is scheduled in mode 2 from 13 to 23
task_46: (start=17, end=25, size=8, length=8)
Task 46 is scheduled in mode 2 from 17 to 25
task_47: (start=14, end=16, size=2, length=2)
Task 47 is scheduled in mode 1 from 14 to 16
task_48: (start=11, end=12, size=1, length=1)
Task 48 is scheduled in mode 0 from 11 to 12
task_49: (start=14, end=24, size=10, length=10)
Task 49 is scheduled in mode 2 from 14 to 24
task_50: (start=10, end=17, size=7, length=7)
Task 50 is scheduled in mode 1 from 10 to 17
task_51: (start=26, end=26, size=0, length=0)
Task 51 is scheduled in mode 0 from 26 to 26
Feasible solution found
Objective value: 26
Solution is 8.3 % worse than the lower bound.
