30
raw_data/mm-rcpsp/MMLIB50/J506_5.mm
Time limit set to 60 seconds
Running CP solver
/home/omastto1/General-Optimization-Solver/src/solvers/mmrcpsp.py:42(stream:278:6): Warning: Cumulative expression 'pulse': height is zero, expression is zero everywhere.
                                                                                               VarCumulAtom_421 = pulse(task_0_mode_0, 0)
/home/omastto1/General-Optimization-Solver/src/solvers/mmrcpsp.py:42(stream:278:31): Warning: Cumulative expression 'pulse': height is zero, expression is zero everywhere.
                                                                                                VarCumulAtom_422 = pulse(task_1_mode_0, 0)
/home/omastto1/General-Optimization-Solver/src/solvers/mmrcpsp.py:42(stream:278:56): Warning: Cumulative expression 'pulse': height is zero, expression is zero everywhere.
                                                                                                VarCumulAtom_423 = pulse(task_1_mode_1, 0)
/home/omastto1/General-Optimization-Solver/src/solvers/mmrcpsp.py:42(stream:278:156): Warning: Cumulative expression 'pulse': height is zero, expression is zero everywhere.
                                                                                                 VarCumulAtom_427 = pulse(task_2_mode_2, 0)
/home/omastto1/General-Optimization-Solver/src/solvers/mmrcpsp.py:42(stream:278:206): Warning: Cumulative expression 'pulse': height is zero, expression is zero everywhere.
                                                                                                 VarCumulAtom_429 = pulse(task_3_mode_1, 0)
/home/omastto1/General-Optimization-Solver/src/solvers/mmrcpsp.py:42(stream:278:307): Warning: Cumulative expression 'pulse': height is zero, expression is zero everywhere.
                                                                                                 VarCumulAtom_433 = pulse(task_4_mode_2, 0)
/home/omastto1/General-Optimization-Solver/src/solvers/mmrcpsp.py:42(stream:278:357): Warning: Cumulative expression 'pulse': height is zero, expression is zero everywhere.
                                                                                                 VarCumulAtom_435 = pulse(task_5_mode_1, 0)
/home/omastto1/General-Optimization-Solver/src/solvers/mmrcpsp.py:42(stream:278:407): Warning: Cumulative expression 'pulse': height is zero, expression is zero everywhere.
                                                                                                 VarCumulAtom_437 = pulse(task_6_mode_0, 0)
/home/omastto1/General-Optimization-Solver/src/solvers/mmrcpsp.py:42(stream:278:432): Warning: Cumulative expression 'pulse': height is zero, expression is zero everywhere.
                                                                                                 VarCumulAtom_438 = pulse(task_6_mode_1, 0)
/home/omastto1/General-Optimization-Solver/src/solvers/mmrcpsp.py:42(stream:278:557): Warning: Cumulative expression 'pulse': height is zero, expression is zero everywhere.
                                                                                                 VarCumulAtom_443 = pulse(task_8_mode_0, 0)
/home/omastto1/General-Optimization-Solver/src/solvers/mmrcpsp.py:42(stream:278:607): Warning: Cumulative expression 'pulse': height is zero, expression is zero everywhere.
                                                                                                 VarCumulAtom_445 = pulse(task_8_mode_2, 0)
/home/omastto1/General-Optimization-Solver/src/solvers/mmrcpsp.py:42(stream:278:657): Warning: Cumulative expression 'pulse': height is zero, expression is zero everywhere.
                                                                                                 VarCumulAtom_447 = pulse(task_9_mode_1, 0)
/home/omastto1/General-Optimization-Solver/src/solvers/mmrcpsp.py:42(stream:278:682): Warning: Cumulative expression 'pulse': height is zero, expression is zero everywhere.
                                                                                                 VarCumulAtom_448 = pulse(task_9_mode_2, 0)
/home/omastto1/General-Optimization-Solver/src/solvers/mmrcpsp.py:42(stream:278:733): Warning: Cumulative expression 'pulse': height is zero, expression is zero everywhere.
                                                                                                 VarCumulAtom_450 = pulse(task_10_mode_1, 0)
/home/omastto1/General-Optimization-Solver/src/solvers/mmrcpsp.py:42(stream:278:785): Warning: Cumulative expression 'pulse': height is zero, expression is zero everywhere.
                                                                                                 VarCumulAtom_452 = pulse(task_11_mode_0, 0)
/home/omastto1/General-Optimization-Solver/src/solvers/mmrcpsp.py:42(stream:278:811): Warning: Cumulative expression 'pulse': height is zero, expression is zero everywhere.
                                                                                                 VarCumulAtom_453 = pulse(task_11_mode_1, 0)
/home/omastto1/General-Optimization-Solver/src/solvers/mmrcpsp.py:42(stream:278:837): Warning: Cumulative expression 'pulse': height is zero, expression is zero everywhere.
                                                                                                 VarCumulAtom_454 = pulse(task_11_mode_2, 0)
/home/omastto1/General-Optimization-Solver/src/solvers/mmrcpsp.py:42(stream:278:863): Warning: Cumulative expression 'pulse': height is zero, expression is zero everywhere.
                                                                                                 VarCumulAtom_455 = pulse(task_12_mode_0, 0)
/home/omastto1/General-Optimization-Solver/src/solvers/mmrcpsp.py:42(stream:278:967): Warning: Cumulative expression 'pulse': height is zero, expression is zero everywhere.
                                                                                                 VarCumulAtom_459 = pulse(task_13_mode_1, 0)
/home/omastto1/General-Optimization-Solver/src/solvers/mmrcpsp.py:42(stream:278:1071): Warning: Cumulative expression 'pulse': height is zero, expression is zero everywhere.
                                                                                                  VarCumulAtom_463 = pulse(task_14_mode_2, 0)
   Too many warnings of this type. Suppressing further warnings of this type.
 ! --------------------------------------------------- CP Optimizer 20.1.0.0 --
 ! Minimization problem - 205 variables, 265 constraints
 ! TimeLimit            = 60
 ! Workers              = 14
 ! LogVerbosity         = Terse
 ! Initial process time : 0.01s (0.01s extraction + 0.00s propagation)
 !  . Log search space  : 520.4 (before), 520.4 (after)
 !  . Memory usage      : 1.3 MB (before), 1.3 MB (after)
 ! Using parallel search with 14 workers.
 ! ----------------------------------------------------------------------------
 !          Best Branches  Non-fixed    W       Branch decision
                        0        205                 -
 + New bound is 24
 ! Using iterative diving.
 ! Using temporal relaxation.
 *            45      129  0.83s        1      (gap is 46.67%)
 *            43      334  0.83s        1      (gap is 44.19%)
 *            42      688  0.83s        1      (gap is 42.86%)
 *            41      796  0.83s        1      (gap is 41.46%)
 *            40      904  0.83s        1      (gap is 40.00%)
 *            36     1012  0.83s        1      (gap is 33.33%)
 *            35     1210  0.83s        1      (gap is 31.43%)
 *            34     1414  0.83s        1      (gap is 29.41%)
 *            33     1723  0.83s        1      (gap is 27.27%)
 *            32     2714  0.83s        1      (gap is 25.00%)
 *            31     1293  0.83s        4      (gap is 22.58%)
 *            30     1435  0.83s        4      (gap is 20.00%)
 *            29      997  0.83s        5      (gap is 17.24%)
 *            28     3018  0.83s        8      (gap is 14.29%)
 *            27     3497  1.48s        4      (gap is 11.11%)
 *            26     2874  1.48s        7      (gap is 7.69%)
 ! Using failure-directed search.
 *            25    11939  2.80s        2      (gap is 4.00%)
 *            24    13174  3.37s        3      (gap is 0.00%)
 ! ----------------------------------------------------------------------------
 ! Search completed, 18 solutions found.
 ! Best objective         : 24 (optimal - effective tol. is 0)
 ! Best bound             : 24
 ! ----------------------------------------------------------------------------
 ! Number of branches     : 323782
 ! Number of fails        : 71343
 ! Total memory usage     : 18.1 MB (17.9 MB CP Optimizer + 0.2 MB Concert)
 ! Time spent in solve    : 3.87s (3.86s engine + 0.01s extraction)
 ! Search speed (br. / s) : 84099.2
 ! ----------------------------------------------------------------------------
task_0: (start=0, end=0, size=0, length=0)
Task 0 is scheduled in mode 0 from 0 to 0
task_1: (start=0, end=2, size=2, length=2)
Task 1 is scheduled in mode 0 from 0 to 2
task_2: (start=2, end=5, size=3, length=3)
Task 2 is scheduled in mode 0 from 2 to 5
task_3: (start=0, end=9, size=9, length=9)
Task 3 is scheduled in mode 0 from 0 to 9
task_4: (start=1, end=7, size=6, length=6)
Task 4 is scheduled in mode 0 from 1 to 7
task_5: (start=0, end=1, size=1, length=1)
Task 5 is scheduled in mode 0 from 0 to 1
task_6: (start=1, end=6, size=5, length=5)
Task 6 is scheduled in mode 0 from 1 to 6
task_7: (start=0, end=1, size=1, length=1)
Task 7 is scheduled in mode 0 from 0 to 1
task_8: (start=2, end=8, size=6, length=6)
Task 8 is scheduled in mode 0 from 2 to 8
task_9: (start=0, end=4, size=4, length=4)
Task 9 is scheduled in mode 1 from 0 to 4
task_10: (start=0, end=8, size=8, length=8)
Task 10 is scheduled in mode 1 from 0 to 8
task_11: (start=4, end=6, size=2, length=2)
Task 11 is scheduled in mode 0 from 4 to 6
task_12: (start=0, end=1, size=1, length=1)
Task 12 is scheduled in mode 0 from 0 to 1
task_13: (start=7, end=10, size=3, length=3)
Task 13 is scheduled in mode 1 from 7 to 10
task_14: (start=9, end=10, size=1, length=1)
Task 14 is scheduled in mode 0 from 9 to 10
task_15: (start=11, end=14, size=3, length=3)
Task 15 is scheduled in mode 0 from 11 to 14
task_16: (start=5, end=9, size=4, length=4)
Task 16 is scheduled in mode 1 from 5 to 9
task_17: (start=0, end=1, size=1, length=1)
Task 17 is scheduled in mode 0 from 0 to 1
task_18: (start=9, end=10, size=1, length=1)
Task 18 is scheduled in mode 0 from 9 to 10
task_19: (start=0, end=1, size=1, length=1)
Task 19 is scheduled in mode 0 from 0 to 1
task_20: (start=8, end=13, size=5, length=5)
Task 20 is scheduled in mode 1 from 8 to 13
task_21: (start=14, end=17, size=3, length=3)
Task 21 is scheduled in mode 0 from 14 to 17
task_22: (start=10, end=13, size=3, length=3)
Task 22 is scheduled in mode 0 from 10 to 13
task_23: (start=9, end=16, size=7, length=7)
Task 23 is scheduled in mode 0 from 9 to 16
task_24: (start=10, end=17, size=7, length=7)
Task 24 is scheduled in mode 0 from 10 to 17
task_25: (start=14, end=21, size=7, length=7)
Task 25 is scheduled in mode 1 from 14 to 21
task_26: (start=7, end=10, size=3, length=3)
Task 26 is scheduled in mode 0 from 7 to 10
task_27: (start=13, end=14, size=1, length=1)
Task 27 is scheduled in mode 0 from 13 to 14
task_28: (start=6, end=11, size=5, length=5)
Task 28 is scheduled in mode 0 from 6 to 11
task_29: (start=14, end=23, size=9, length=9)
Task 29 is scheduled in mode 2 from 14 to 23
task_30: (start=14, end=18, size=4, length=4)
Task 30 is scheduled in mode 1 from 14 to 18
task_31: (start=16, end=21, size=5, length=5)
Task 31 is scheduled in mode 0 from 16 to 21
task_32: (start=13, end=20, size=7, length=7)
Task 32 is scheduled in mode 1 from 13 to 20
task_33: (start=10, end=14, size=4, length=4)
Task 33 is scheduled in mode 0 from 10 to 14
task_34: (start=14, end=21, size=7, length=7)
Task 34 is scheduled in mode 2 from 14 to 21
task_35: (start=21, end=24, size=3, length=3)
Task 35 is scheduled in mode 0 from 21 to 24
task_36: (start=23, end=24, size=1, length=1)
Task 36 is scheduled in mode 0 from 23 to 24
task_37: (start=21, end=24, size=3, length=3)
Task 37 is scheduled in mode 0 from 21 to 24
task_38: (start=19, end=21, size=2, length=2)
Task 38 is scheduled in mode 0 from 19 to 21
task_39: (start=21, end=22, size=1, length=1)
Task 39 is scheduled in mode 0 from 21 to 22
task_40: (start=17, end=24, size=7, length=7)
Task 40 is scheduled in mode 1 from 17 to 24
task_41: (start=18, end=19, size=1, length=1)
Task 41 is scheduled in mode 0 from 18 to 19
task_42: (start=17, end=24, size=7, length=7)
Task 42 is scheduled in mode 1 from 17 to 24
task_43: (start=10, end=14, size=4, length=4)
Task 43 is scheduled in mode 2 from 10 to 14
task_44: (start=16, end=23, size=7, length=7)
Task 44 is scheduled in mode 2 from 16 to 23
task_45: (start=17, end=19, size=2, length=2)
Task 45 is scheduled in mode 0 from 17 to 19
task_46: (start=18, end=24, size=6, length=6)
Task 46 is scheduled in mode 2 from 18 to 24
task_47: (start=14, end=24, size=10, length=10)
Task 47 is scheduled in mode 2 from 14 to 24
task_48: (start=10, end=19, size=9, length=9)
Task 48 is scheduled in mode 2 from 10 to 19
task_49: (start=14, end=24, size=10, length=10)
Task 49 is scheduled in mode 2 from 14 to 24
task_50: (start=17, end=18, size=1, length=1)
Task 50 is scheduled in mode 0 from 17 to 18
task_51: (start=24, end=24, size=0, length=0)
Task 51 is scheduled in mode 0 from 24 to 24
Optimal solution found
Objective value: 24
Solution is optimal.
