23
raw_data/mm-rcpsp/MMLIB50/J505_3.mm
Time limit set to 60 seconds
Running CP solver
/home/omastto1/General-Optimization-Solver/src/solvers/mmrcpsp.py:42(stream:278:6): Warning: Cumulative expression 'pulse': height is zero, expression is zero everywhere.
                                                                                               VarCumulAtom_421 = pulse(task_0_mode_0, 0)
/home/omastto1/General-Optimization-Solver/src/solvers/mmrcpsp.py:42(stream:278:57): Warning: Cumulative expression 'pulse': height is zero, expression is zero everywhere.
                                                                                                VarCumulAtom_423 = pulse(task_1_mode_1, 0)
/home/omastto1/General-Optimization-Solver/src/solvers/mmrcpsp.py:42(stream:278:107): Warning: Cumulative expression 'pulse': height is zero, expression is zero everywhere.
                                                                                                 VarCumulAtom_425 = pulse(task_2_mode_0, 0)
/home/omastto1/General-Optimization-Solver/src/solvers/mmrcpsp.py:42(stream:278:232): Warning: Cumulative expression 'pulse': height is zero, expression is zero everywhere.
                                                                                                 VarCumulAtom_430 = pulse(task_3_mode_2, 0)
/home/omastto1/General-Optimization-Solver/src/solvers/mmrcpsp.py:42(stream:278:257): Warning: Cumulative expression 'pulse': height is zero, expression is zero everywhere.
                                                                                                 VarCumulAtom_431 = pulse(task_4_mode_0, 0)
/home/omastto1/General-Optimization-Solver/src/solvers/mmrcpsp.py:42(stream:278:332): Warning: Cumulative expression 'pulse': height is zero, expression is zero everywhere.
                                                                                                 VarCumulAtom_434 = pulse(task_5_mode_0, 0)
/home/omastto1/General-Optimization-Solver/src/solvers/mmrcpsp.py:42(stream:278:382): Warning: Cumulative expression 'pulse': height is zero, expression is zero everywhere.
                                                                                                 VarCumulAtom_436 = pulse(task_5_mode_2, 0)
/home/omastto1/General-Optimization-Solver/src/solvers/mmrcpsp.py:42(stream:278:407): Warning: Cumulative expression 'pulse': height is zero, expression is zero everywhere.
                                                                                                 VarCumulAtom_437 = pulse(task_6_mode_0, 0)
/home/omastto1/General-Optimization-Solver/src/solvers/mmrcpsp.py:42(stream:278:457): Warning: Cumulative expression 'pulse': height is zero, expression is zero everywhere.
                                                                                                 VarCumulAtom_439 = pulse(task_6_mode_2, 0)
/home/omastto1/General-Optimization-Solver/src/solvers/mmrcpsp.py:42(stream:278:482): Warning: Cumulative expression 'pulse': height is zero, expression is zero everywhere.
                                                                                                 VarCumulAtom_440 = pulse(task_7_mode_0, 0)
/home/omastto1/General-Optimization-Solver/src/solvers/mmrcpsp.py:42(stream:278:532): Warning: Cumulative expression 'pulse': height is zero, expression is zero everywhere.
                                                                                                 VarCumulAtom_442 = pulse(task_7_mode_2, 0)
/home/omastto1/General-Optimization-Solver/src/solvers/mmrcpsp.py:42(stream:278:607): Warning: Cumulative expression 'pulse': height is zero, expression is zero everywhere.
                                                                                                 VarCumulAtom_445 = pulse(task_8_mode_2, 0)
/home/omastto1/General-Optimization-Solver/src/solvers/mmrcpsp.py:42(stream:278:632): Warning: Cumulative expression 'pulse': height is zero, expression is zero everywhere.
                                                                                                 VarCumulAtom_446 = pulse(task_9_mode_0, 0)
/home/omastto1/General-Optimization-Solver/src/solvers/mmrcpsp.py:42(stream:278:657): Warning: Cumulative expression 'pulse': height is zero, expression is zero everywhere.
                                                                                                 VarCumulAtom_447 = pulse(task_9_mode_1, 0)
/home/omastto1/General-Optimization-Solver/src/solvers/mmrcpsp.py:42(stream:278:682): Warning: Cumulative expression 'pulse': height is zero, expression is zero everywhere.
                                                                                                 VarCumulAtom_448 = pulse(task_9_mode_2, 0)
/home/omastto1/General-Optimization-Solver/src/solvers/mmrcpsp.py:42(stream:278:707): Warning: Cumulative expression 'pulse': height is zero, expression is zero everywhere.
                                                                                                 VarCumulAtom_449 = pulse(task_10_mode_0, 0)
/home/omastto1/General-Optimization-Solver/src/solvers/mmrcpsp.py:42(stream:278:733): Warning: Cumulative expression 'pulse': height is zero, expression is zero everywhere.
                                                                                                 VarCumulAtom_450 = pulse(task_10_mode_1, 0)
/home/omastto1/General-Optimization-Solver/src/solvers/mmrcpsp.py:42(stream:278:759): Warning: Cumulative expression 'pulse': height is zero, expression is zero everywhere.
                                                                                                 VarCumulAtom_451 = pulse(task_10_mode_2, 0)
/home/omastto1/General-Optimization-Solver/src/solvers/mmrcpsp.py:42(stream:278:1019): Warning: Cumulative expression 'pulse': height is zero, expression is zero everywhere.
                                                                                                  VarCumulAtom_461 = pulse(task_14_mode_0, 0)
/home/omastto1/General-Optimization-Solver/src/solvers/mmrcpsp.py:42(stream:278:1097): Warning: Cumulative expression 'pulse': height is zero, expression is zero everywhere.
                                                                                                  VarCumulAtom_464 = pulse(task_15_mode_0, 0)
   Too many warnings of this type. Suppressing further warnings of this type.
 ! --------------------------------------------------- CP Optimizer 20.1.0.0 --
 ! Minimization problem - 205 variables, 287 constraints
 ! TimeLimit            = 60
 ! Workers              = 14
 ! LogVerbosity         = Terse
 ! Initial process time : 0.02s (0.02s extraction + 0.00s propagation)
 !  . Log search space  : 516.9 (before), 516.9 (after)
 !  . Memory usage      : 1.3 MB (before), 1.3 MB (after)
 ! Using parallel search with 14 workers.
 ! ----------------------------------------------------------------------------
 !          Best Branches  Non-fixed    W       Branch decision
                        0        205                 -
 + New bound is 20
 ! Using iterative diving.
 ! Using temporal relaxation.
 *            37      120  0.63s        1      (gap is 45.95%)
 *            36      327  0.63s        1      (gap is 44.44%)
 *            35      435  0.63s        1      (gap is 42.86%)
 *            25      543  0.63s        1      (gap is 20.00%)
 *            24      877  0.63s        1      (gap is 16.67%)
 *            22     1058  0.63s        1      (gap is 9.09%)
 *            21     1237  0.63s        1      (gap is 4.76%)
 *            20     1387  0.63s        1      (gap is 0.00%)
 ! ----------------------------------------------------------------------------
 ! Search completed, 8 solutions found.
 ! Best objective         : 20 (optimal - effective tol. is 0)
 ! Best bound             : 20
 ! ----------------------------------------------------------------------------
 ! Number of branches     : 61946
 ! Number of fails        : 1770
 ! Total memory usage     : 17.7 MB (17.5 MB CP Optimizer + 0.2 MB Concert)
 ! Time spent in solve    : 0.66s (0.64s engine + 0.02s extraction)
 ! Search speed (br. / s) : 96790.6
 ! ----------------------------------------------------------------------------
task_0: (start=0, end=0, size=0, length=0)
Task 0 is scheduled in mode 0 from 0 to 0
task_1: (start=0, end=6, size=6, length=6)
Task 1 is scheduled in mode 0 from 0 to 6
task_2: (start=0, end=1, size=1, length=1)
Task 2 is scheduled in mode 0 from 0 to 1
task_3: (start=2, end=4, size=2, length=2)
Task 3 is scheduled in mode 2 from 2 to 4
task_4: (start=1, end=6, size=5, length=5)
Task 4 is scheduled in mode 0 from 1 to 6
task_5: (start=0, end=2, size=2, length=2)
Task 5 is scheduled in mode 0 from 0 to 2
task_6: (start=0, end=2, size=2, length=2)
Task 6 is scheduled in mode 0 from 0 to 2
task_7: (start=2, end=5, size=3, length=3)
Task 7 is scheduled in mode 0 from 2 to 5
task_8: (start=9, end=13, size=4, length=4)
Task 8 is scheduled in mode 0 from 9 to 13
task_9: (start=0, end=1, size=1, length=1)
Task 9 is scheduled in mode 0 from 0 to 1
task_10: (start=0, end=1, size=1, length=1)
Task 10 is scheduled in mode 0 from 0 to 1
task_11: (start=0, end=6, size=6, length=6)
Task 11 is scheduled in mode 0 from 0 to 6
task_12: (start=1, end=2, size=1, length=1)
Task 12 is scheduled in mode 1 from 1 to 2
task_13: (start=6, end=11, size=5, length=5)
Task 13 is scheduled in mode 0 from 6 to 11
task_14: (start=1, end=3, size=2, length=2)
Task 14 is scheduled in mode 0 from 1 to 3
task_15: (start=6, end=8, size=2, length=2)
Task 15 is scheduled in mode 0 from 6 to 8
task_16: (start=13, end=14, size=1, length=1)
Task 16 is scheduled in mode 0 from 13 to 14
task_17: (start=5, end=6, size=1, length=1)
Task 17 is scheduled in mode 0 from 5 to 6
task_18: (start=0, end=1, size=1, length=1)
Task 18 is scheduled in mode 0 from 0 to 1
task_19: (start=0, end=1, size=1, length=1)
Task 19 is scheduled in mode 0 from 0 to 1
task_20: (start=8, end=13, size=5, length=5)
Task 20 is scheduled in mode 0 from 8 to 13
task_21: (start=7, end=9, size=2, length=2)
Task 21 is scheduled in mode 0 from 7 to 9
task_22: (start=11, end=18, size=7, length=7)
Task 22 is scheduled in mode 1 from 11 to 18
task_23: (start=7, end=9, size=2, length=2)
Task 23 is scheduled in mode 0 from 7 to 9
task_24: (start=6, end=9, size=3, length=3)
Task 24 is scheduled in mode 1 from 6 to 9
task_25: (start=6, end=12, size=6, length=6)
Task 25 is scheduled in mode 0 from 6 to 12
task_26: (start=2, end=3, size=1, length=1)
Task 26 is scheduled in mode 0 from 2 to 3
task_27: (start=11, end=12, size=1, length=1)
Task 27 is scheduled in mode 0 from 11 to 12
task_28: (start=13, end=14, size=1, length=1)
Task 28 is scheduled in mode 0 from 13 to 14
task_29: (start=6, end=9, size=3, length=3)
Task 29 is scheduled in mode 0 from 6 to 9
task_30: (start=6, end=7, size=1, length=1)
Task 30 is scheduled in mode 0 from 6 to 7
task_31: (start=7, end=10, size=3, length=3)
Task 31 is scheduled in mode 0 from 7 to 10
task_32: (start=3, end=8, size=5, length=5)
Task 32 is scheduled in mode 0 from 3 to 8
task_33: (start=18, end=20, size=2, length=2)
Task 33 is scheduled in mode 1 from 18 to 20
task_34: (start=18, end=20, size=2, length=2)
Task 34 is scheduled in mode 0 from 18 to 20
task_35: (start=13, end=14, size=1, length=1)
Task 35 is scheduled in mode 0 from 13 to 14
task_36: (start=15, end=19, size=4, length=4)
Task 36 is scheduled in mode 0 from 15 to 19
task_37: (start=15, end=19, size=4, length=4)
Task 37 is scheduled in mode 0 from 15 to 19
task_38: (start=18, end=20, size=2, length=2)
Task 38 is scheduled in mode 0 from 18 to 20
task_39: (start=14, end=15, size=1, length=1)
Task 39 is scheduled in mode 0 from 14 to 15
task_40: (start=13, end=15, size=2, length=2)
Task 40 is scheduled in mode 0 from 13 to 15
task_41: (start=14, end=16, size=2, length=2)
Task 41 is scheduled in mode 1 from 14 to 16
task_42: (start=14, end=20, size=6, length=6)
Task 42 is scheduled in mode 0 from 14 to 20
task_43: (start=14, end=20, size=6, length=6)
Task 43 is scheduled in mode 1 from 14 to 20
task_44: (start=14, end=15, size=1, length=1)
Task 44 is scheduled in mode 0 from 14 to 15
task_45: (start=9, end=11, size=2, length=2)
Task 45 is scheduled in mode 0 from 9 to 11
task_46: (start=13, end=14, size=1, length=1)
Task 46 is scheduled in mode 0 from 13 to 14
task_47: (start=5, end=6, size=1, length=1)
Task 47 is scheduled in mode 0 from 5 to 6
task_48: (start=10, end=14, size=4, length=4)
Task 48 is scheduled in mode 0 from 10 to 14
task_49: (start=6, end=7, size=1, length=1)
Task 49 is scheduled in mode 0 from 6 to 7
task_50: (start=6, end=8, size=2, length=2)
Task 50 is scheduled in mode 0 from 6 to 8
task_51: (start=20, end=20, size=0, length=0)
Task 51 is scheduled in mode 0 from 20 to 20
Optimal solution found
Objective value: 20
Solution is optimal.
