42
raw_data/mm-rcpsp/MMLIB50/J509_2.mm
Time limit set to 60 seconds
Running CP solver
/home/omastto1/General-Optimization-Solver/src/solvers/mmrcpsp.py:42(stream:276:6): Warning: Cumulative expression 'pulse': height is zero, expression is zero everywhere.
                                                                                               VarCumulAtom_419 = pulse(task_0_mode_0, 0)
/home/omastto1/General-Optimization-Solver/src/solvers/mmrcpsp.py:42(stream:276:3909): Warning: Cumulative expression 'pulse': height is zero, expression is zero everywhere.
                                                                                                  VarCumulAtom_570 = pulse(task_51_mode_0, 0)
/home/omastto1/General-Optimization-Solver/src/solvers/mmrcpsp.py:42(stream:277:6): Warning: Cumulative expression 'pulse': height is zero, expression is zero everywhere.
                                                                                               VarCumulAtom_574 = pulse(task_0_mode_0, 0)
/home/omastto1/General-Optimization-Solver/src/solvers/mmrcpsp.py:42(stream:277:3906): Warning: Cumulative expression 'pulse': height is zero, expression is zero everywhere.
                                                                                                  VarCumulAtom_725 = pulse(task_51_mode_0, 0)
 ! --------------------------------------------------- CP Optimizer 20.1.0.0 --
 ! Minimization problem - 205 variables, 288 constraints
 ! TimeLimit            = 60
 ! Workers              = 14
 ! LogVerbosity         = Terse
 ! Initial process time : 0.00s (0.00s extraction + 0.00s propagation)
 !  . Log search space  : 519.7 (before), 519.7 (after)
 !  . Memory usage      : 1.3 MB (before), 1.3 MB (after)
 ! Using parallel search with 14 workers.
 ! ----------------------------------------------------------------------------
 !          Best Branches  Non-fixed    W       Branch decision
                        0        205                 -
 + New bound is 16
 ! Using iterative diving.
 ! Using temporal relaxation.
 *            41      110  0.80s        1      (gap is 60.98%)
 *            40      309  0.80s        1      (gap is 60.00%)
 *            32     1022  0.80s        1      (gap is 50.00%)
 *            30     1009  0.82s        3      (gap is 46.67%)
 *            29     1462  0.82s        4      (gap is 44.83%)
 *            28     5647  2.29s        3      (gap is 42.86%)
 *            27    15746  3.79s        9      (gap is 40.74%)
 *            26    17315  4.51s        4      (gap is 38.46%)
 ! Using failure-directed search.
 *            25    47534  11.71s       5      (gap is 36.00%)
              25    37244        103    1   F    18 >= startOf(task_51)
 + New bound is 17 (gap is 32.00%)
 ! ----------------------------------------------------------------------------
 ! Search terminated by limit, 9 solutions found.
 ! Best objective         : 25 (gap is 32.00%)
 ! Best bound             : 17
 ! ----------------------------------------------------------------------------
 ! Number of branches     : 5346921
 ! Number of fails        : 1057880
 ! Total memory usage     : 19.5 MB (19.3 MB CP Optimizer + 0.2 MB Concert)
 ! Time spent in solve    : 60.04s (60.04s engine + 0.00s extraction)
 ! Search speed (br. / s) : 89070.8
 ! ----------------------------------------------------------------------------
task_0: (start=0, end=0, size=0, length=0)
Task 0 is scheduled in mode 0 from 0 to 0
task_1: (start=0, end=4, size=4, length=4)
Task 1 is scheduled in mode 0 from 0 to 4
task_2: (start=4, end=9, size=5, length=5)
Task 2 is scheduled in mode 0 from 4 to 9
task_3: (start=2, end=10, size=8, length=8)
Task 3 is scheduled in mode 2 from 2 to 10
task_4: (start=4, end=7, size=3, length=3)
Task 4 is scheduled in mode 0 from 4 to 7
task_5: (start=4, end=9, size=5, length=5)
Task 5 is scheduled in mode 0 from 4 to 9
task_6: (start=9, end=11, size=2, length=2)
Task 6 is scheduled in mode 0 from 9 to 11
task_7: (start=0, end=1, size=1, length=1)
Task 7 is scheduled in mode 0 from 0 to 1
task_8: (start=7, end=9, size=2, length=2)
Task 8 is scheduled in mode 0 from 7 to 9
task_9: (start=6, end=7, size=1, length=1)
Task 9 is scheduled in mode 0 from 6 to 7
task_10: (start=0, end=1, size=1, length=1)
Task 10 is scheduled in mode 0 from 0 to 1
task_11: (start=2, end=10, size=8, length=8)
Task 11 is scheduled in mode 1 from 2 to 10
task_12: (start=0, end=6, size=6, length=6)
Task 12 is scheduled in mode 0 from 0 to 6
task_13: (start=7, end=15, size=8, length=8)
Task 13 is scheduled in mode 1 from 7 to 15
task_14: (start=0, end=4, size=4, length=4)
Task 14 is scheduled in mode 0 from 0 to 4
task_15: (start=7, end=17, size=10, length=10)
Task 15 is scheduled in mode 2 from 7 to 17
task_16: (start=9, end=16, size=7, length=7)
Task 16 is scheduled in mode 1 from 9 to 16
task_17: (start=1, end=2, size=1, length=1)
Task 17 is scheduled in mode 0 from 1 to 2
task_18: (start=9, end=16, size=7, length=7)
Task 18 is scheduled in mode 2 from 9 to 16
task_19: (start=1, end=4, size=3, length=3)
Task 19 is scheduled in mode 0 from 1 to 4
task_20: (start=11, end=12, size=1, length=1)
Task 20 is scheduled in mode 0 from 11 to 12
task_21: (start=10, end=16, size=6, length=6)
Task 21 is scheduled in mode 1 from 10 to 16
task_22: (start=11, end=14, size=3, length=3)
Task 22 is scheduled in mode 1 from 11 to 14
task_23: (start=10, end=18, size=8, length=8)
Task 23 is scheduled in mode 2 from 10 to 18
task_24: (start=14, end=15, size=1, length=1)
Task 24 is scheduled in mode 0 from 14 to 15
task_25: (start=0, end=1, size=1, length=1)
Task 25 is scheduled in mode 0 from 0 to 1
task_26: (start=17, end=19, size=2, length=2)
Task 26 is scheduled in mode 0 from 17 to 19
task_27: (start=16, end=19, size=3, length=3)
Task 27 is scheduled in mode 0 from 16 to 19
task_28: (start=10, end=18, size=8, length=8)
Task 28 is scheduled in mode 2 from 10 to 18
task_29: (start=9, end=14, size=5, length=5)
Task 29 is scheduled in mode 1 from 9 to 14
task_30: (start=10, end=18, size=8, length=8)
Task 30 is scheduled in mode 1 from 10 to 18
task_31: (start=0, end=1, size=1, length=1)
Task 31 is scheduled in mode 0 from 0 to 1
task_32: (start=15, end=16, size=1, length=1)
Task 32 is scheduled in mode 0 from 15 to 16
task_33: (start=16, end=20, size=4, length=4)
Task 33 is scheduled in mode 1 from 16 to 20
task_34: (start=23, end=25, size=2, length=2)
Task 34 is scheduled in mode 0 from 23 to 25
task_35: (start=21, end=25, size=4, length=4)
Task 35 is scheduled in mode 1 from 21 to 25
task_36: (start=19, end=21, size=2, length=2)
Task 36 is scheduled in mode 0 from 19 to 21
task_37: (start=21, end=25, size=4, length=4)
Task 37 is scheduled in mode 0 from 21 to 25
task_38: (start=20, end=21, size=1, length=1)
Task 38 is scheduled in mode 0 from 20 to 21
task_39: (start=21, end=25, size=4, length=4)
Task 39 is scheduled in mode 0 from 21 to 25
task_40: (start=23, end=25, size=2, length=2)
Task 40 is scheduled in mode 2 from 23 to 25
task_41: (start=18, end=23, size=5, length=5)
Task 41 is scheduled in mode 0 from 18 to 23
task_42: (start=20, end=21, size=1, length=1)
Task 42 is scheduled in mode 0 from 20 to 21
task_43: (start=19, end=20, size=1, length=1)
Task 43 is scheduled in mode 0 from 19 to 20
task_44: (start=15, end=16, size=1, length=1)
Task 44 is scheduled in mode 0 from 15 to 16
task_45: (start=19, end=23, size=4, length=4)
Task 45 is scheduled in mode 1 from 19 to 23
task_46: (start=21, end=23, size=2, length=2)
Task 46 is scheduled in mode 0 from 21 to 23
task_47: (start=17, end=21, size=4, length=4)
Task 47 is scheduled in mode 0 from 17 to 21
task_48: (start=15, end=19, size=4, length=4)
Task 48 is scheduled in mode 1 from 15 to 19
task_49: (start=16, end=17, size=1, length=1)
Task 49 is scheduled in mode 0 from 16 to 17
task_50: (start=16, end=17, size=1, length=1)
Task 50 is scheduled in mode 0 from 16 to 17
task_51: (start=25, end=25, size=0, length=0)
Task 51 is scheduled in mode 0 from 25 to 25
Feasible solution found
Objective value: 25
Solution is 47.1 % worse than the lower bound.
