70
raw_data/rcpsp/CV.xlsx cv70
Time limit set to 60 seconds
Running CP solver
/home/omastto1/General-Optimization-Solver/src/solvers/rcpsp.py:31(stream:47:6): Warning: Cumulative expression 'pulse': height is zero, expression is zero everywhere.
                                                                                            VarCumulAtom_94 = pulse("0", 0)
/home/omastto1/General-Optimization-Solver/src/solvers/rcpsp.py:31(stream:47:36): Warning: Cumulative expression 'pulse': height is zero, expression is zero everywhere.
                                                                                             VarCumulAtom_96 = pulse("2", 0)
/home/omastto1/General-Optimization-Solver/src/solvers/rcpsp.py:31(stream:47:81): Warning: Cumulative expression 'pulse': height is zero, expression is zero everywhere.
                                                                                             VarCumulAtom_99 = pulse("5", 0)
/home/omastto1/General-Optimization-Solver/src/solvers/rcpsp.py:31(stream:47:428): Warning: Cumulative expression 'pulse': height is zero, expression is zero everywhere.
                                                                                              VarCumulAtom_121 = pulse("27", 0)
/home/omastto1/General-Optimization-Solver/src/solvers/rcpsp.py:31(stream:47:444): Warning: Cumulative expression 'pulse': height is zero, expression is zero everywhere.
                                                                                              VarCumulAtom_122 = pulse("28", 0)
/home/omastto1/General-Optimization-Solver/src/solvers/rcpsp.py:31(stream:48:6): Warning: Cumulative expression 'pulse': height is zero, expression is zero everywhere.
                                                                                            VarCumulAtom_126 = pulse("0", 0)
/home/omastto1/General-Optimization-Solver/src/solvers/rcpsp.py:31(stream:48:444): Warning: Cumulative expression 'pulse': height is zero, expression is zero everywhere.
                                                                                              VarCumulAtom_154 = pulse("28", 0)
/home/omastto1/General-Optimization-Solver/src/solvers/rcpsp.py:31(stream:49:6): Warning: Cumulative expression 'pulse': height is zero, expression is zero everywhere.
                                                                                            VarCumulAtom_158 = pulse("0", 0)
/home/omastto1/General-Optimization-Solver/src/solvers/rcpsp.py:31(stream:49:204): Warning: Cumulative expression 'pulse': height is zero, expression is zero everywhere.
                                                                                              VarCumulAtom_171 = pulse("13", 0)
/home/omastto1/General-Optimization-Solver/src/solvers/rcpsp.py:31(stream:49:444): Warning: Cumulative expression 'pulse': height is zero, expression is zero everywhere.
                                                                                              VarCumulAtom_186 = pulse("28", 0)
 ! --------------------------------------------------- CP Optimizer 20.1.0.0 --
 ! Minimization problem - 30 variables, 76 constraints
 ! TimeLimit            = 60
 ! Workers              = 14
 ! LogVerbosity         = Terse
 ! Initial process time : 0.00s (0.00s extraction + 0.00s propagation)
 !  . Log search space  : 160.8 (before), 160.8 (after)
 !  . Memory usage      : 616.4 kB (before), 616.4 kB (after)
 ! Using parallel search with 14 workers.
 ! ----------------------------------------------------------------------------
 !          Best Branches  Non-fixed    W       Branch decision
                        0         30                 -
 + New bound is 15
 ! Using iterative diving.
 ! Using temporal relaxation.
 *            53       61  0.94s        1      (gap is 71.70%)
 *            52      121  0.94s        1      (gap is 71.15%)
 *            51     2288  0.94s        1      (gap is 70.59%)
              51     6494          1    1   F        -
 + New bound is 38 (gap is 25.49%)
 ! Using failure-directed search.
 *            50     9588  0.94s        2      (gap is 24.00%)
 *            49     7962  0.94s        3      (gap is 22.45%)
 *            48    10056  0.94s        7      (gap is 20.83%)
 *            47    10152  1.87s        2      (gap is 19.15%)
 *            46    41788  4.83s        6      (gap is 17.39%)
              46    15027         24    1   F    19 <= startOf(26)
 + New bound is 40 (gap is 13.04%)
              46    28982         17    1   F    29 <= startOf(24)
 + New bound is 41 (gap is 10.87%)
              46    49663         16    1   F    26 <= startOf(9)
 + New bound is 42 (gap is 8.70%)
 ! ----------------------------------------------------------------------------
 ! Search terminated by limit, 8 solutions found.
 ! Best objective         : 46 (gap is 8.70%)
 ! Best bound             : 42
 ! ----------------------------------------------------------------------------
 ! Number of branches     : 8674604
 ! Number of fails        : 2369035
 ! Total memory usage     : 10.3 MB (10.2 MB CP Optimizer + 0.1 MB Concert)
 ! Time spent in solve    : 60.05s (60.05s engine + 0.00s extraction)
 ! Search speed (br. / s) : 144480.4
 ! ----------------------------------------------------------------------------
(42,)
(0.0869565,)
(46,)
Objective value: 46
Solution is 9.5 % worse than the lower bound.
Feasible solution found
