40
raw_data/rcpsp/CV.xlsx cv40
Time limit set to 60 seconds
Running CP solver
/home/omastto1/General-Optimization-Solver/src/solvers/rcpsp.py:31(stream:50:6): Warning: Cumulative expression 'pulse': height is zero, expression is zero everywhere.
                                                                                            VarCumulAtom_103 = pulse("0", 0)
/home/omastto1/General-Optimization-Solver/src/solvers/rcpsp.py:31(stream:50:98): Warning: Cumulative expression 'pulse': height is zero, expression is zero everywhere.
                                                                                             VarCumulAtom_109 = pulse("6", 0)
/home/omastto1/General-Optimization-Solver/src/solvers/rcpsp.py:31(stream:50:489): Warning: Cumulative expression 'pulse': height is zero, expression is zero everywhere.
                                                                                              VarCumulAtom_133 = pulse("30", 0)
/home/omastto1/General-Optimization-Solver/src/solvers/rcpsp.py:31(stream:50:505): Warning: Cumulative expression 'pulse': height is zero, expression is zero everywhere.
                                                                                              VarCumulAtom_134 = pulse("31", 0)
/home/omastto1/General-Optimization-Solver/src/solvers/rcpsp.py:31(stream:51:6): Warning: Cumulative expression 'pulse': height is zero, expression is zero everywhere.
                                                                                            VarCumulAtom_138 = pulse("0", 0)
/home/omastto1/General-Optimization-Solver/src/solvers/rcpsp.py:31(stream:51:51): Warning: Cumulative expression 'pulse': height is zero, expression is zero everywhere.
                                                                                             VarCumulAtom_141 = pulse("3", 0)
/home/omastto1/General-Optimization-Solver/src/solvers/rcpsp.py:31(stream:51:191): Warning: Cumulative expression 'pulse': height is zero, expression is zero everywhere.
                                                                                              VarCumulAtom_150 = pulse("12", 0)
/home/omastto1/General-Optimization-Solver/src/solvers/rcpsp.py:31(stream:51:207): Warning: Cumulative expression 'pulse': height is zero, expression is zero everywhere.
                                                                                              VarCumulAtom_151 = pulse("13", 0)
/home/omastto1/General-Optimization-Solver/src/solvers/rcpsp.py:31(stream:51:290): Warning: Cumulative expression 'pulse': height is zero, expression is zero everywhere.
                                                                                              VarCumulAtom_156 = pulse("18", 0)
/home/omastto1/General-Optimization-Solver/src/solvers/rcpsp.py:31(stream:51:306): Warning: Cumulative expression 'pulse': height is zero, expression is zero everywhere.
                                                                                              VarCumulAtom_157 = pulse("19", 0)
/home/omastto1/General-Optimization-Solver/src/solvers/rcpsp.py:31(stream:51:387): Warning: Cumulative expression 'pulse': height is zero, expression is zero everywhere.
                                                                                              VarCumulAtom_162 = pulse("24", 0)
/home/omastto1/General-Optimization-Solver/src/solvers/rcpsp.py:31(stream:51:420): Warning: Cumulative expression 'pulse': height is zero, expression is zero everywhere.
                                                                                              VarCumulAtom_164 = pulse("26", 0)
/home/omastto1/General-Optimization-Solver/src/solvers/rcpsp.py:31(stream:51:436): Warning: Cumulative expression 'pulse': height is zero, expression is zero everywhere.
                                                                                              VarCumulAtom_165 = pulse("27", 0)
/home/omastto1/General-Optimization-Solver/src/solvers/rcpsp.py:31(stream:51:502): Warning: Cumulative expression 'pulse': height is zero, expression is zero everywhere.
                                                                                              VarCumulAtom_169 = pulse("31", 0)
 ! --------------------------------------------------- CP Optimizer 20.1.0.0 --
 ! Minimization problem - 33 variables, 59 constraints
 ! TimeLimit            = 60
 ! Workers              = 14
 ! LogVerbosity         = Terse
 ! Initial process time : 0.00s (0.00s extraction + 0.00s propagation)
 !  . Log search space  : 179.9 (before), 179.9 (after)
 !  . Memory usage      : 584.6 kB (before), 584.6 kB (after)
 ! Using parallel search with 14 workers.
 ! ----------------------------------------------------------------------------
 !          Best Branches  Non-fixed    W       Branch decision
                        0         33                 -
 + New bound is 34
 ! Using iterative diving.
 ! Using temporal relaxation.
 *            79       67  0.97s        1      (gap is 56.96%)
 *            74      176  0.97s        1      (gap is 54.05%)
              74     3113          3    1            -
 + New bound is 60 (gap is 18.92%)
 ! Using failure-directed search.
 *            72     7710  0.97s        2      (gap is 16.67%)
 *            71     4582  0.97s        3      (gap is 15.49%)
 *            70    17503  1.88s        4      (gap is 14.29%)
              70    18333         23    1   F    22 >= startOf(11)
 + New bound is 63 (gap is 10.00%)
              70    25266         18    1   F    32 <= startOf(23)
 + New bound is 64 (gap is 8.57%)
              70    57836         18    1   F    52 >= startOf(16)
 + New bound is 67 (gap is 4.29%)
 ! ----------------------------------------------------------------------------
 ! Search terminated by limit, 5 solutions found.
 ! Best objective         : 70 (gap is 4.29%)
 ! Best bound             : 67
 ! ----------------------------------------------------------------------------
 ! Number of branches     : 10922096
 ! Number of fails        : 2876084
 ! Total memory usage     : 10.1 MB (10.0 MB CP Optimizer + 0.1 MB Concert)
 ! Time spent in solve    : 60.04s (60.04s engine + 0.00s extraction)
 ! Search speed (br. / s) : 181944.0
 ! ----------------------------------------------------------------------------
(67,)
(0.0428571,)
(70,)
Objective value: 70
Solution is 9.4 % worse than the lower bound.
Feasible solution found
