88
raw_data/rcpsp/CV.xlsx cv88
Time limit set to 60 seconds
Running CP solver
/home/omastto1/General-Optimization-Solver/src/solvers/rcpsp.py:31(stream:48:6): Warning: Cumulative expression 'pulse': height is zero, expression is zero everywhere.
                                                                                            VarCumulAtom_97 = pulse("0", 0)
/home/omastto1/General-Optimization-Solver/src/solvers/rcpsp.py:31(stream:48:460): Warning: Cumulative expression 'pulse': height is zero, expression is zero everywhere.
                                                                                              VarCumulAtom_126 = pulse("29", 0)
/home/omastto1/General-Optimization-Solver/src/solvers/rcpsp.py:31(stream:49:6): Warning: Cumulative expression 'pulse': height is zero, expression is zero everywhere.
                                                                                            VarCumulAtom_130 = pulse("0", 0)
/home/omastto1/General-Optimization-Solver/src/solvers/rcpsp.py:31(stream:49:460): Warning: Cumulative expression 'pulse': height is zero, expression is zero everywhere.
                                                                                              VarCumulAtom_159 = pulse("29", 0)
/home/omastto1/General-Optimization-Solver/src/solvers/rcpsp.py:31(stream:50:6): Warning: Cumulative expression 'pulse': height is zero, expression is zero everywhere.
                                                                                            VarCumulAtom_163 = pulse("0", 0)
/home/omastto1/General-Optimization-Solver/src/solvers/rcpsp.py:31(stream:50:460): Warning: Cumulative expression 'pulse': height is zero, expression is zero everywhere.
                                                                                              VarCumulAtom_192 = pulse("29", 0)
 ! --------------------------------------------------- CP Optimizer 20.1.0.0 --
 ! Minimization problem - 31 variables, 104 constraints
 ! TimeLimit            = 60
 ! Workers              = 14
 ! LogVerbosity         = Terse
 ! Initial process time : 0.02s (0.02s extraction + 0.00s propagation)
 !  . Log search space  : 167.1 (before), 167.1 (after)
 !  . Memory usage      : 625.0 kB (before), 625.0 kB (after)
 ! Using parallel search with 14 workers.
 ! ----------------------------------------------------------------------------
 !          Best Branches  Non-fixed    W       Branch decision
                        0         31                 -
 + New bound is 24
 ! Using iterative diving.
 ! Using temporal relaxation.
 *            69       63  1.02s        1      (gap is 65.22%)
 *            65      125  1.02s        1      (gap is 63.08%)
 *            64      187  1.02s        1      (gap is 62.50%)
 *            63      659  1.02s        1      (gap is 61.90%)
 *            61     2362  1.02s        1      (gap is 60.66%)
              61     6551          1    1   F        -
 + New bound is 50 (gap is 18.03%)
 ! Using failure-directed search.
 *            59     9497  1.02s        2      (gap is 15.25%)
 *            58    12405  2.00s        2      (gap is 13.79%)
 *            57    16529  2.00s        9      (gap is 12.28%)
              57    19261         20    1   F     4 <= startOf(3)
 + New bound is 51 (gap is 10.53%)
 ! ----------------------------------------------------------------------------
 ! Search terminated by limit, 8 solutions found.
 ! Best objective         : 57 (gap is 10.53%)
 ! Best bound             : 51
 ! ----------------------------------------------------------------------------
 ! Number of branches     : 8288318
 ! Number of fails        : 2318875
 ! Total memory usage     : 10.1 MB (10.0 MB CP Optimizer + 0.1 MB Concert)
 ! Time spent in solve    : 60.07s (60.05s engine + 0.02s extraction)
 ! Search speed (br. / s) : 138023.6
 ! ----------------------------------------------------------------------------
(51,)
(0.105263,)
(57,)
Objective value: 57
Solution is 5.6 % worse than the lower bound.
Feasible solution found
