62
raw_data/rcpsp/CV.xlsx cv62
Time limit set to 60 seconds
Running CP solver
/home/omastto1/General-Optimization-Solver/src/solvers/rcpsp.py:31(stream:47:6): Warning: Cumulative expression 'pulse': height is zero, expression is zero everywhere.
                                                                                            VarCumulAtom_94 = pulse("0", 0)
/home/omastto1/General-Optimization-Solver/src/solvers/rcpsp.py:31(stream:47:96): Warning: Cumulative expression 'pulse': height is zero, expression is zero everywhere.
                                                                                             VarCumulAtom_100 = pulse("6", 0)
/home/omastto1/General-Optimization-Solver/src/solvers/rcpsp.py:31(stream:47:188): Warning: Cumulative expression 'pulse': height is zero, expression is zero everywhere.
                                                                                              VarCumulAtom_106 = pulse("12", 0)
/home/omastto1/General-Optimization-Solver/src/solvers/rcpsp.py:31(stream:47:252): Warning: Cumulative expression 'pulse': height is zero, expression is zero everywhere.
                                                                                              VarCumulAtom_110 = pulse("16", 0)
/home/omastto1/General-Optimization-Solver/src/solvers/rcpsp.py:31(stream:47:444): Warning: Cumulative expression 'pulse': height is zero, expression is zero everywhere.
                                                                                              VarCumulAtom_122 = pulse("28", 0)
/home/omastto1/General-Optimization-Solver/src/solvers/rcpsp.py:31(stream:48:6): Warning: Cumulative expression 'pulse': height is zero, expression is zero everywhere.
                                                                                            VarCumulAtom_126 = pulse("0", 0)
/home/omastto1/General-Optimization-Solver/src/solvers/rcpsp.py:31(stream:48:21): Warning: Cumulative expression 'pulse': height is zero, expression is zero everywhere.
                                                                                             VarCumulAtom_127 = pulse("1", 0)
/home/omastto1/General-Optimization-Solver/src/solvers/rcpsp.py:31(stream:48:51): Warning: Cumulative expression 'pulse': height is zero, expression is zero everywhere.
                                                                                             VarCumulAtom_129 = pulse("3", 0)
/home/omastto1/General-Optimization-Solver/src/solvers/rcpsp.py:31(stream:48:81): Warning: Cumulative expression 'pulse': height is zero, expression is zero everywhere.
                                                                                             VarCumulAtom_131 = pulse("5", 0)
/home/omastto1/General-Optimization-Solver/src/solvers/rcpsp.py:31(stream:48:111): Warning: Cumulative expression 'pulse': height is zero, expression is zero everywhere.
                                                                                              VarCumulAtom_133 = pulse("7", 0)
/home/omastto1/General-Optimization-Solver/src/solvers/rcpsp.py:31(stream:48:204): Warning: Cumulative expression 'pulse': height is zero, expression is zero everywhere.
                                                                                              VarCumulAtom_139 = pulse("13", 0)
/home/omastto1/General-Optimization-Solver/src/solvers/rcpsp.py:31(stream:48:220): Warning: Cumulative expression 'pulse': height is zero, expression is zero everywhere.
                                                                                              VarCumulAtom_140 = pulse("14", 0)
/home/omastto1/General-Optimization-Solver/src/solvers/rcpsp.py:31(stream:48:316): Warning: Cumulative expression 'pulse': height is zero, expression is zero everywhere.
                                                                                              VarCumulAtom_146 = pulse("20", 0)
/home/omastto1/General-Optimization-Solver/src/solvers/rcpsp.py:31(stream:48:332): Warning: Cumulative expression 'pulse': height is zero, expression is zero everywhere.
                                                                                              VarCumulAtom_147 = pulse("21", 0)
/home/omastto1/General-Optimization-Solver/src/solvers/rcpsp.py:31(stream:48:444): Warning: Cumulative expression 'pulse': height is zero, expression is zero everywhere.
                                                                                              VarCumulAtom_154 = pulse("28", 0)
/home/omastto1/General-Optimization-Solver/src/solvers/rcpsp.py:31(stream:49:6): Warning: Cumulative expression 'pulse': height is zero, expression is zero everywhere.
                                                                                            VarCumulAtom_158 = pulse("0", 0)
/home/omastto1/General-Optimization-Solver/src/solvers/rcpsp.py:31(stream:49:36): Warning: Cumulative expression 'pulse': height is zero, expression is zero everywhere.
                                                                                             VarCumulAtom_160 = pulse("2", 0)
/home/omastto1/General-Optimization-Solver/src/solvers/rcpsp.py:31(stream:49:236): Warning: Cumulative expression 'pulse': height is zero, expression is zero everywhere.
                                                                                              VarCumulAtom_173 = pulse("15", 0)
/home/omastto1/General-Optimization-Solver/src/solvers/rcpsp.py:31(stream:49:348): Warning: Cumulative expression 'pulse': height is zero, expression is zero everywhere.
                                                                                              VarCumulAtom_180 = pulse("22", 0)
/home/omastto1/General-Optimization-Solver/src/solvers/rcpsp.py:31(stream:49:364): Warning: Cumulative expression 'pulse': height is zero, expression is zero everywhere.
                                                                                              VarCumulAtom_181 = pulse("23", 0)
   Too many warnings of this type. Suppressing further warnings of this type.
 ! --------------------------------------------------- CP Optimizer 20.1.0.0 --
 ! Minimization problem - 30 variables, 52 constraints
 ! TimeLimit            = 60
 ! Workers              = 14
 ! LogVerbosity         = Terse
 ! Initial process time : 0.00s (0.00s extraction + 0.00s propagation)
 !  . Log search space  : 160.8 (before), 160.8 (after)
 !  . Memory usage      : 584.2 kB (before), 584.2 kB (after)
 ! Using parallel search with 14 workers.
 ! ----------------------------------------------------------------------------
 !          Best Branches  Non-fixed    W       Branch decision
                        0         30                 -
 + New bound is 27
 ! Using iterative diving.
 ! Using temporal relaxation.
 *            82       61  1.00s        1      (gap is 67.07%)
 *            81      121  1.00s        1      (gap is 66.67%)
 *            68      181  1.00s        1      (gap is 60.29%)
 *            67      313  1.00s        1      (gap is 59.70%)
 *            65      510  1.00s        1      (gap is 58.46%)
 *            63      601  1.00s        1      (gap is 57.14%)
 *            60     1028  1.00s        1      (gap is 55.00%)
 *            58     4767  1.00s        1      (gap is 53.45%)
              58    12551          4    1   F        -
 + New bound is 52 (gap is 10.34%)
 ! Using failure-directed search.
 *            57    21535  3.00s       10      (gap is 8.77%)
              57    21702          6    1   F    25 >= startOf(6)
 + New bound is 53 (gap is 7.02%)
 ! ----------------------------------------------------------------------------
 ! Search terminated by limit, 9 solutions found.
 ! Best objective         : 57 (gap is 7.02%)
 ! Best bound             : 53
 ! ----------------------------------------------------------------------------
 ! Number of branches     : 8445652
 ! Number of fails        : 2233281
 ! Total memory usage     : 10.4 MB (10.3 MB CP Optimizer + 0.1 MB Concert)
 ! Time spent in solve    : 60.09s (60.09s engine + 0.00s extraction)
 ! Search speed (br. / s) : 140573.4
 ! ----------------------------------------------------------------------------
(53,)
(0.0701754,)
(57,)
Objective value: 57
Solution is 3.6 % worse than the lower bound.
Feasible solution found
