89
raw_data/rcpsp/CV.xlsx cv89
Time limit set to 60 seconds
Running CP solver
/home/omastto1/General-Optimization-Solver/src/solvers/rcpsp.py:31(stream:48:6): Warning: Cumulative expression 'pulse': height is zero, expression is zero everywhere.
                                                                                            VarCumulAtom_97 = pulse("0", 0)
/home/omastto1/General-Optimization-Solver/src/solvers/rcpsp.py:31(stream:48:156): Warning: Cumulative expression 'pulse': height is zero, expression is zero everywhere.
                                                                                              VarCumulAtom_107 = pulse("10", 0)
/home/omastto1/General-Optimization-Solver/src/solvers/rcpsp.py:31(stream:48:252): Warning: Cumulative expression 'pulse': height is zero, expression is zero everywhere.
                                                                                              VarCumulAtom_113 = pulse("16", 0)
/home/omastto1/General-Optimization-Solver/src/solvers/rcpsp.py:31(stream:48:348): Warning: Cumulative expression 'pulse': height is zero, expression is zero everywhere.
                                                                                              VarCumulAtom_119 = pulse("22", 0)
/home/omastto1/General-Optimization-Solver/src/solvers/rcpsp.py:31(stream:48:461): Warning: Cumulative expression 'pulse': height is zero, expression is zero everywhere.
                                                                                              VarCumulAtom_126 = pulse("29", 0)
/home/omastto1/General-Optimization-Solver/src/solvers/rcpsp.py:31(stream:49:6): Warning: Cumulative expression 'pulse': height is zero, expression is zero everywhere.
                                                                                            VarCumulAtom_130 = pulse("0", 0)
/home/omastto1/General-Optimization-Solver/src/solvers/rcpsp.py:31(stream:49:51): Warning: Cumulative expression 'pulse': height is zero, expression is zero everywhere.
                                                                                             VarCumulAtom_133 = pulse("3", 0)
/home/omastto1/General-Optimization-Solver/src/solvers/rcpsp.py:31(stream:49:66): Warning: Cumulative expression 'pulse': height is zero, expression is zero everywhere.
                                                                                             VarCumulAtom_134 = pulse("4", 0)
/home/omastto1/General-Optimization-Solver/src/solvers/rcpsp.py:31(stream:49:188): Warning: Cumulative expression 'pulse': height is zero, expression is zero everywhere.
                                                                                              VarCumulAtom_142 = pulse("12", 0)
/home/omastto1/General-Optimization-Solver/src/solvers/rcpsp.py:31(stream:49:236): Warning: Cumulative expression 'pulse': height is zero, expression is zero everywhere.
                                                                                              VarCumulAtom_145 = pulse("15", 0)
/home/omastto1/General-Optimization-Solver/src/solvers/rcpsp.py:31(stream:49:460): Warning: Cumulative expression 'pulse': height is zero, expression is zero everywhere.
                                                                                              VarCumulAtom_159 = pulse("29", 0)
/home/omastto1/General-Optimization-Solver/src/solvers/rcpsp.py:31(stream:50:6): Warning: Cumulative expression 'pulse': height is zero, expression is zero everywhere.
                                                                                            VarCumulAtom_163 = pulse("0", 0)
/home/omastto1/General-Optimization-Solver/src/solvers/rcpsp.py:31(stream:50:81): Warning: Cumulative expression 'pulse': height is zero, expression is zero everywhere.
                                                                                             VarCumulAtom_168 = pulse("5", 0)
/home/omastto1/General-Optimization-Solver/src/solvers/rcpsp.py:31(stream:50:172): Warning: Cumulative expression 'pulse': height is zero, expression is zero everywhere.
                                                                                              VarCumulAtom_174 = pulse("11", 0)
/home/omastto1/General-Optimization-Solver/src/solvers/rcpsp.py:31(stream:50:220): Warning: Cumulative expression 'pulse': height is zero, expression is zero everywhere.
                                                                                              VarCumulAtom_177 = pulse("14", 0)
/home/omastto1/General-Optimization-Solver/src/solvers/rcpsp.py:31(stream:50:364): Warning: Cumulative expression 'pulse': height is zero, expression is zero everywhere.
                                                                                              VarCumulAtom_186 = pulse("23", 0)
/home/omastto1/General-Optimization-Solver/src/solvers/rcpsp.py:31(stream:50:460): Warning: Cumulative expression 'pulse': height is zero, expression is zero everywhere.
                                                                                              VarCumulAtom_192 = pulse("29", 0)
 ! --------------------------------------------------- CP Optimizer 20.1.0.0 --
 ! Minimization problem - 31 variables, 83 constraints
 ! TimeLimit            = 60
 ! Workers              = 14
 ! LogVerbosity         = Terse
 ! Initial process time : 0.00s (0.00s extraction + 0.00s propagation)
 !  . Log search space  : 167.1 (before), 167.1 (after)
 !  . Memory usage      : 616.7 kB (before), 616.7 kB (after)
 ! Using parallel search with 14 workers.
 ! ----------------------------------------------------------------------------
 !          Best Branches  Non-fixed    W       Branch decision
                        0         31                 -
 + New bound is 21
 ! Using iterative diving.
 ! Using temporal relaxation.
 *            89       63  0.95s        1      (gap is 76.40%)
 *            84      178  0.95s        1      (gap is 75.00%)
 *            80      570  0.95s        1      (gap is 73.75%)
 *            78      648  0.95s        1      (gap is 73.08%)
 *            77     2344  0.95s        1      (gap is 72.73%)
              77     6524          2    1   F        -
 + New bound is 58 (gap is 24.68%)
 ! Using failure-directed search.
 *            75     7128  0.95s        1      (gap is 22.67%)
 *            74     8857  0.95s        2      (gap is 21.62%)
 *            73     9385  0.95s        2      (gap is 20.55%)
 *            72     8996  0.95s        3      (gap is 19.44%)
 *            71     5581  0.95s        7      (gap is 18.31%)
 *            70     8591  0.95s        7      (gap is 17.14%)
 *            69    12945  1.87s        4      (gap is 15.94%)
              69    14900          1    1   F    36 <= startOf(28)
 + New bound is 60 (gap is 13.04%)
              69    15979         11    1   F    39 <= startOf(13)
 + New bound is 61 (gap is 11.59%)
              69    16956          1    1   F    36 <= startOf(28)
 + New bound is 62 (gap is 10.14%)
              69    19987         16    1   F    56 >= startOf(27)
 + New bound is 63 (gap is 8.70%)
 *            68     136k  17.00s       4      (gap is 7.35%)
              68    37658         16    1   F    36 <= startOf(12)
 + New bound is 64 (gap is 5.88%)
 ! Time = 29.42s, Average fail depth = 16, Memory usage = 7.7 MB
 ! Current bound is 64 (gap is 5.88%)
 !          Best Branches  Non-fixed    W       Branch decision
 ! ----------------------------------------------------------------------------
 ! Search terminated by limit, 13 solutions found.
 ! Best objective         : 68 (gap is 5.88%)
 ! Best bound             : 64
 ! ----------------------------------------------------------------------------
 ! Number of branches     : 8412599
 ! Number of fails        : 2256708
 ! Total memory usage     : 10.1 MB (10.1 MB CP Optimizer + 0.1 MB Concert)
 ! Time spent in solve    : 60.03s (60.03s engine + 0.00s extraction)
 ! Search speed (br. / s) : 140163.3
 ! ----------------------------------------------------------------------------
(64,)
(0.0588235,)
(68,)
Objective value: 68
Solution is 6.2 % worse than the lower bound.
Feasible solution found
