11
raw_data/rcpsp/DC2-npv75.xlsx rcpspdc371
Time limit set to 60 seconds
Running CP solver
/home/omastto1/General-Optimization-Solver/src/solvers/rcpsp.py:31(stream:95:6): Warning: Cumulative expression 'pulse': height is zero, expression is zero everywhere.
                                                                                            VarCumulAtom_238 = pulse("0", 0)
/home/omastto1/General-Optimization-Solver/src/solvers/rcpsp.py:31(stream:95:21): Warning: Cumulative expression 'pulse': height is zero, expression is zero everywhere.
                                                                                             VarCumulAtom_239 = pulse("1", 0)
/home/omastto1/General-Optimization-Solver/src/solvers/rcpsp.py:31(stream:95:66): Warning: Cumulative expression 'pulse': height is zero, expression is zero everywhere.
                                                                                             VarCumulAtom_242 = pulse("4", 0)
/home/omastto1/General-Optimization-Solver/src/solvers/rcpsp.py:31(stream:95:96): Warning: Cumulative expression 'pulse': height is zero, expression is zero everywhere.
                                                                                             VarCumulAtom_244 = pulse("6", 0)
/home/omastto1/General-Optimization-Solver/src/solvers/rcpsp.py:31(stream:95:188): Warning: Cumulative expression 'pulse': height is zero, expression is zero everywhere.
                                                                                              VarCumulAtom_250 = pulse("12", 0)
/home/omastto1/General-Optimization-Solver/src/solvers/rcpsp.py:31(stream:95:204): Warning: Cumulative expression 'pulse': height is zero, expression is zero everywhere.
                                                                                              VarCumulAtom_251 = pulse("13", 0)
/home/omastto1/General-Optimization-Solver/src/solvers/rcpsp.py:31(stream:95:220): Warning: Cumulative expression 'pulse': height is zero, expression is zero everywhere.
                                                                                              VarCumulAtom_252 = pulse("14", 0)
/home/omastto1/General-Optimization-Solver/src/solvers/rcpsp.py:31(stream:95:284): Warning: Cumulative expression 'pulse': height is zero, expression is zero everywhere.
                                                                                              VarCumulAtom_256 = pulse("18", 0)
/home/omastto1/General-Optimization-Solver/src/solvers/rcpsp.py:31(stream:95:364): Warning: Cumulative expression 'pulse': height is zero, expression is zero everywhere.
                                                                                              VarCumulAtom_261 = pulse("23", 0)
/home/omastto1/General-Optimization-Solver/src/solvers/rcpsp.py:31(stream:95:380): Warning: Cumulative expression 'pulse': height is zero, expression is zero everywhere.
                                                                                              VarCumulAtom_262 = pulse("24", 0)
/home/omastto1/General-Optimization-Solver/src/solvers/rcpsp.py:31(stream:95:396): Warning: Cumulative expression 'pulse': height is zero, expression is zero everywhere.
                                                                                              VarCumulAtom_263 = pulse("25", 0)
/home/omastto1/General-Optimization-Solver/src/solvers/rcpsp.py:31(stream:95:412): Warning: Cumulative expression 'pulse': height is zero, expression is zero everywhere.
                                                                                              VarCumulAtom_264 = pulse("26", 0)
/home/omastto1/General-Optimization-Solver/src/solvers/rcpsp.py:31(stream:95:428): Warning: Cumulative expression 'pulse': height is zero, expression is zero everywhere.
                                                                                              VarCumulAtom_265 = pulse("27", 0)
/home/omastto1/General-Optimization-Solver/src/solvers/rcpsp.py:31(stream:95:508): Warning: Cumulative expression 'pulse': height is zero, expression is zero everywhere.
                                                                                              VarCumulAtom_270 = pulse("32", 0)
/home/omastto1/General-Optimization-Solver/src/solvers/rcpsp.py:31(stream:95:524): Warning: Cumulative expression 'pulse': height is zero, expression is zero everywhere.
                                                                                              VarCumulAtom_271 = pulse("33", 0)
/home/omastto1/General-Optimization-Solver/src/solvers/rcpsp.py:31(stream:95:540): Warning: Cumulative expression 'pulse': height is zero, expression is zero everywhere.
                                                                                              VarCumulAtom_272 = pulse("34", 0)
/home/omastto1/General-Optimization-Solver/src/solvers/rcpsp.py:31(stream:95:572): Warning: Cumulative expression 'pulse': height is zero, expression is zero everywhere.
                                                                                              VarCumulAtom_274 = pulse("36", 0)
/home/omastto1/General-Optimization-Solver/src/solvers/rcpsp.py:31(stream:95:588): Warning: Cumulative expression 'pulse': height is zero, expression is zero everywhere.
                                                                                              VarCumulAtom_275 = pulse("37", 0)
/home/omastto1/General-Optimization-Solver/src/solvers/rcpsp.py:31(stream:95:620): Warning: Cumulative expression 'pulse': height is zero, expression is zero everywhere.
                                                                                              VarCumulAtom_277 = pulse("39", 0)
/home/omastto1/General-Optimization-Solver/src/solvers/rcpsp.py:31(stream:95:652): Warning: Cumulative expression 'pulse': height is zero, expression is zero everywhere.
                                                                                              VarCumulAtom_279 = pulse("41", 0)
   Too many warnings of this type. Suppressing further warnings of this type.
 ! --------------------------------------------------- CP Optimizer 20.1.0.0 --
 ! Minimization problem - 78 variables, 438 constraints
 ! TimeLimit            = 60
 ! Workers              = 14
 ! LogVerbosity         = Terse
 ! Initial process time : 0.01s (0.01s extraction + 0.00s propagation)
 !  . Log search space  : 502.5 (before), 502.5 (after)
 !  . Memory usage      : 802.1 kB (before), 802.1 kB (after)
 ! Using parallel search with 14 workers.
 ! ----------------------------------------------------------------------------
 !          Best Branches  Non-fixed    W       Branch decision
                        0         78                 -
 + New bound is 38
 ! Using iterative diving.
 ! Using temporal relaxation.
 *           165      157  0.89s        1      (gap is 76.97%)
 *           155      313  0.89s        1      (gap is 75.48%)
 *           149     1378  0.89s        1      (gap is 74.50%)
 *           140     1664  0.89s        1      (gap is 72.86%)
             140     4938          2    1            -
 + New bound is 107 (gap is 23.57%)
 *           139     5259  0.89s        1      (gap is 23.02%)
 ! Using failure-directed search.
 *           138     5521  0.89s        3      (gap is 22.46%)
 *           137     5334  0.89s        8      (gap is 21.90%)
 *           136     2670  0.89s       11      (gap is 21.32%)
 *           135    10639  1.74s        5      (gap is 20.74%)
 *           134    15070  2.55s       11      (gap is 20.15%)
 *           133    17797  3.38s        3      (gap is 19.55%)
 *           132    19328  3.38s        3      (gap is 18.94%)
 *           131    19632  3.38s        3      (gap is 18.32%)
 *           130    21461  4.17s       11      (gap is 17.69%)
 *           129    25520  5.00s       11      (gap is 17.05%)
 *           128    25582  5.00s       11      (gap is 16.41%)
 *           127    35458  5.77s       11      (gap is 15.75%)
 *           126    33438  6.60s        9      (gap is 15.08%)
 ! Time = 6.60s, Average fail depth = 34, Memory usage = 13.6 MB
 ! Current bound is 107 (gap is 15.08%)
 !          Best Branches  Non-fixed    W       Branch decision
 *           125    41198  7.46s        5      (gap is 14.40%)
 *           124    94398  19.71s       9      (gap is 13.71%)
 *           123     193k  38.60s       6      (gap is 13.01%)
 ! ----------------------------------------------------------------------------
 ! Search terminated by limit, 21 solutions found.
 ! Best objective         : 123 (gap is 13.01%)
 ! Best bound             : 107
 ! ----------------------------------------------------------------------------
 ! Number of branches     : 6621253
 ! Number of fails        : 1247036
 ! Total memory usage     : 12.2 MB (12.1 MB CP Optimizer + 0.1 MB Concert)
 ! Time spent in solve    : 60.02s (60.01s engine + 0.01s extraction)
 ! Search speed (br. / s) : 110335.8
 ! ----------------------------------------------------------------------------
(107,)
(0.130081,)
(123,)
Objective value: 123
Solution is 12.8 % worse than the lower bound.
Feasible solution found
