82
raw_data/rcpsp/DC2-npv75.xlsx rcpspdc442
Time limit set to 60 seconds
Running CP solver
/home/omastto1/General-Optimization-Solver/src/solvers/rcpsp.py:31(stream:95:6): Warning: Cumulative expression 'pulse': height is zero, expression is zero everywhere.
                                                                                            VarCumulAtom_238 = pulse("0", 0)
/home/omastto1/General-Optimization-Solver/src/solvers/rcpsp.py:31(stream:95:21): Warning: Cumulative expression 'pulse': height is zero, expression is zero everywhere.
                                                                                             VarCumulAtom_239 = pulse("1", 0)
/home/omastto1/General-Optimization-Solver/src/solvers/rcpsp.py:31(stream:95:36): Warning: Cumulative expression 'pulse': height is zero, expression is zero everywhere.
                                                                                             VarCumulAtom_240 = pulse("2", 0)
/home/omastto1/General-Optimization-Solver/src/solvers/rcpsp.py:31(stream:95:51): Warning: Cumulative expression 'pulse': height is zero, expression is zero everywhere.
                                                                                             VarCumulAtom_241 = pulse("3", 0)
/home/omastto1/General-Optimization-Solver/src/solvers/rcpsp.py:31(stream:95:111): Warning: Cumulative expression 'pulse': height is zero, expression is zero everywhere.
                                                                                              VarCumulAtom_245 = pulse("7", 0)
/home/omastto1/General-Optimization-Solver/src/solvers/rcpsp.py:31(stream:95:156): Warning: Cumulative expression 'pulse': height is zero, expression is zero everywhere.
                                                                                              VarCumulAtom_248 = pulse("10", 0)
/home/omastto1/General-Optimization-Solver/src/solvers/rcpsp.py:31(stream:95:172): Warning: Cumulative expression 'pulse': height is zero, expression is zero everywhere.
                                                                                              VarCumulAtom_249 = pulse("11", 0)
/home/omastto1/General-Optimization-Solver/src/solvers/rcpsp.py:31(stream:95:188): Warning: Cumulative expression 'pulse': height is zero, expression is zero everywhere.
                                                                                              VarCumulAtom_250 = pulse("12", 0)
/home/omastto1/General-Optimization-Solver/src/solvers/rcpsp.py:31(stream:95:220): Warning: Cumulative expression 'pulse': height is zero, expression is zero everywhere.
                                                                                              VarCumulAtom_252 = pulse("14", 0)
/home/omastto1/General-Optimization-Solver/src/solvers/rcpsp.py:31(stream:95:285): Warning: Cumulative expression 'pulse': height is zero, expression is zero everywhere.
                                                                                              VarCumulAtom_256 = pulse("18", 0)
/home/omastto1/General-Optimization-Solver/src/solvers/rcpsp.py:31(stream:95:334): Warning: Cumulative expression 'pulse': height is zero, expression is zero everywhere.
                                                                                              VarCumulAtom_259 = pulse("21", 0)
/home/omastto1/General-Optimization-Solver/src/solvers/rcpsp.py:31(stream:95:350): Warning: Cumulative expression 'pulse': height is zero, expression is zero everywhere.
                                                                                              VarCumulAtom_260 = pulse("22", 0)
/home/omastto1/General-Optimization-Solver/src/solvers/rcpsp.py:31(stream:95:414): Warning: Cumulative expression 'pulse': height is zero, expression is zero everywhere.
                                                                                              VarCumulAtom_264 = pulse("26", 0)
/home/omastto1/General-Optimization-Solver/src/solvers/rcpsp.py:31(stream:95:430): Warning: Cumulative expression 'pulse': height is zero, expression is zero everywhere.
                                                                                              VarCumulAtom_265 = pulse("27", 0)
/home/omastto1/General-Optimization-Solver/src/solvers/rcpsp.py:31(stream:95:446): Warning: Cumulative expression 'pulse': height is zero, expression is zero everywhere.
                                                                                              VarCumulAtom_266 = pulse("28", 0)
/home/omastto1/General-Optimization-Solver/src/solvers/rcpsp.py:31(stream:95:478): Warning: Cumulative expression 'pulse': height is zero, expression is zero everywhere.
                                                                                              VarCumulAtom_268 = pulse("30", 0)
/home/omastto1/General-Optimization-Solver/src/solvers/rcpsp.py:31(stream:95:527): Warning: Cumulative expression 'pulse': height is zero, expression is zero everywhere.
                                                                                              VarCumulAtom_271 = pulse("33", 0)
/home/omastto1/General-Optimization-Solver/src/solvers/rcpsp.py:31(stream:95:543): Warning: Cumulative expression 'pulse': height is zero, expression is zero everywhere.
                                                                                              VarCumulAtom_272 = pulse("34", 0)
/home/omastto1/General-Optimization-Solver/src/solvers/rcpsp.py:31(stream:95:592): Warning: Cumulative expression 'pulse': height is zero, expression is zero everywhere.
                                                                                              VarCumulAtom_275 = pulse("37", 0)
/home/omastto1/General-Optimization-Solver/src/solvers/rcpsp.py:31(stream:95:625): Warning: Cumulative expression 'pulse': height is zero, expression is zero everywhere.
                                                                                              VarCumulAtom_277 = pulse("39", 0)
   Too many warnings of this type. Suppressing further warnings of this type.
 ! --------------------------------------------------- CP Optimizer 20.1.0.0 --
 ! Minimization problem - 78 variables, 442 constraints
 ! TimeLimit            = 60
 ! Workers              = 14
 ! LogVerbosity         = Terse
 ! Initial process time : 0.01s (0.01s extraction + 0.00s propagation)
 !  . Log search space  : 502.5 (before), 502.5 (after)
 !  . Memory usage      : 804.2 kB (before), 804.2 kB (after)
 ! Using parallel search with 14 workers.
 ! ----------------------------------------------------------------------------
 !          Best Branches  Non-fixed    W       Branch decision
                        0         78                 -
 + New bound is 44
 ! Using iterative diving.
 ! Using temporal relaxation.
 *           242      157  0.84s        1      (gap is 81.82%)
 *           240     1429  0.84s        1      (gap is 81.67%)
 *           227     1507  0.84s        1      (gap is 80.62%)
             227     4616          3    1   F        -
 + New bound is 167 (gap is 26.43%)
 ! Using failure-directed search.
 *           226     5064  0.84s        3      (gap is 26.11%)
 *           223     5223  0.84s        3      (gap is 25.11%)
 *           222     5010  0.84s        8      (gap is 24.77%)
 *           219     8864  1.65s        3      (gap is 23.74%)
 *           218    16648  3.21s        2      (gap is 23.39%)
 *           217    27662  4.01s        2      (gap is 23.04%)
 *           216    44009  6.32s        2      (gap is 22.69%)
 *           215     205k  11.84s      14      (gap is 22.33%)
 *           214    89532  12.61s       2      (gap is 21.96%)
 *           213    92107  12.61s       2      (gap is 21.60%)
 *           212    77787  15.74s      10      (gap is 21.23%)
 *           211     304k  16.52s      12      (gap is 20.85%)
 *           210     325k  17.32s      13      (gap is 20.48%)
             210    22968          1    1   F     1 >= startOf(2)
 + New bound is 168 (gap is 20.00%)
 *           209     135k  20.46s       2      (gap is 19.62%)
 ! Time = 20.46s, Average fail depth = 39, Memory usage = 12.0 MB
 ! Current bound is 168 (gap is 19.62%)
 !          Best Branches  Non-fixed    W       Branch decision
 ! ----------------------------------------------------------------------------
 ! Search terminated by limit, 17 solutions found.
 ! Best objective         : 209 (gap is 19.62%)
 ! Best bound             : 168
 ! ----------------------------------------------------------------------------
 ! Number of branches     : 6953242
 ! Number of fails        : 1274760
 ! Total memory usage     : 12.3 MB (12.2 MB CP Optimizer + 0.1 MB Concert)
 ! Time spent in solve    : 60.02s (60.01s engine + 0.01s extraction)
 ! Search speed (br. / s) : 115868.1
 ! ----------------------------------------------------------------------------
(168,)
(0.196172,)
(209,)
Objective value: 209
Solution is 4.5 % worse than the lower bound.
Feasible solution found
