25
raw_data/rcpsp/DC2-npv75.xlsx rcpspdc385
Time limit set to 60 seconds
Running CP solver
/home/omastto1/General-Optimization-Solver/src/solvers/rcpsp.py:31(stream:95:6): Warning: Cumulative expression 'pulse': height is zero, expression is zero everywhere.
                                                                                            VarCumulAtom_238 = pulse("0", 0)
/home/omastto1/General-Optimization-Solver/src/solvers/rcpsp.py:31(stream:95:21): Warning: Cumulative expression 'pulse': height is zero, expression is zero everywhere.
                                                                                             VarCumulAtom_239 = pulse("1", 0)
/home/omastto1/General-Optimization-Solver/src/solvers/rcpsp.py:31(stream:95:36): Warning: Cumulative expression 'pulse': height is zero, expression is zero everywhere.
                                                                                             VarCumulAtom_240 = pulse("2", 0)
/home/omastto1/General-Optimization-Solver/src/solvers/rcpsp.py:31(stream:95:66): Warning: Cumulative expression 'pulse': height is zero, expression is zero everywhere.
                                                                                             VarCumulAtom_242 = pulse("4", 0)
/home/omastto1/General-Optimization-Solver/src/solvers/rcpsp.py:31(stream:95:81): Warning: Cumulative expression 'pulse': height is zero, expression is zero everywhere.
                                                                                             VarCumulAtom_243 = pulse("5", 0)
/home/omastto1/General-Optimization-Solver/src/solvers/rcpsp.py:31(stream:95:126): Warning: Cumulative expression 'pulse': height is zero, expression is zero everywhere.
                                                                                              VarCumulAtom_246 = pulse("8", 0)
/home/omastto1/General-Optimization-Solver/src/solvers/rcpsp.py:31(stream:95:141): Warning: Cumulative expression 'pulse': height is zero, expression is zero everywhere.
                                                                                              VarCumulAtom_247 = pulse("9", 0)
/home/omastto1/General-Optimization-Solver/src/solvers/rcpsp.py:31(stream:95:156): Warning: Cumulative expression 'pulse': height is zero, expression is zero everywhere.
                                                                                              VarCumulAtom_248 = pulse("10", 0)
/home/omastto1/General-Optimization-Solver/src/solvers/rcpsp.py:31(stream:95:172): Warning: Cumulative expression 'pulse': height is zero, expression is zero everywhere.
                                                                                              VarCumulAtom_249 = pulse("11", 0)
/home/omastto1/General-Optimization-Solver/src/solvers/rcpsp.py:31(stream:95:220): Warning: Cumulative expression 'pulse': height is zero, expression is zero everywhere.
                                                                                              VarCumulAtom_252 = pulse("14", 0)
/home/omastto1/General-Optimization-Solver/src/solvers/rcpsp.py:31(stream:95:253): Warning: Cumulative expression 'pulse': height is zero, expression is zero everywhere.
                                                                                              VarCumulAtom_254 = pulse("16", 0)
/home/omastto1/General-Optimization-Solver/src/solvers/rcpsp.py:31(stream:95:285): Warning: Cumulative expression 'pulse': height is zero, expression is zero everywhere.
                                                                                              VarCumulAtom_256 = pulse("18", 0)
/home/omastto1/General-Optimization-Solver/src/solvers/rcpsp.py:31(stream:95:301): Warning: Cumulative expression 'pulse': height is zero, expression is zero everywhere.
                                                                                              VarCumulAtom_257 = pulse("19", 0)
/home/omastto1/General-Optimization-Solver/src/solvers/rcpsp.py:31(stream:95:333): Warning: Cumulative expression 'pulse': height is zero, expression is zero everywhere.
                                                                                              VarCumulAtom_259 = pulse("21", 0)
/home/omastto1/General-Optimization-Solver/src/solvers/rcpsp.py:31(stream:95:381): Warning: Cumulative expression 'pulse': height is zero, expression is zero everywhere.
                                                                                              VarCumulAtom_262 = pulse("24", 0)
/home/omastto1/General-Optimization-Solver/src/solvers/rcpsp.py:31(stream:95:429): Warning: Cumulative expression 'pulse': height is zero, expression is zero everywhere.
                                                                                              VarCumulAtom_265 = pulse("27", 0)
/home/omastto1/General-Optimization-Solver/src/solvers/rcpsp.py:31(stream:95:445): Warning: Cumulative expression 'pulse': height is zero, expression is zero everywhere.
                                                                                              VarCumulAtom_266 = pulse("28", 0)
/home/omastto1/General-Optimization-Solver/src/solvers/rcpsp.py:31(stream:95:461): Warning: Cumulative expression 'pulse': height is zero, expression is zero everywhere.
                                                                                              VarCumulAtom_267 = pulse("29", 0)
/home/omastto1/General-Optimization-Solver/src/solvers/rcpsp.py:31(stream:95:509): Warning: Cumulative expression 'pulse': height is zero, expression is zero everywhere.
                                                                                              VarCumulAtom_270 = pulse("32", 0)
/home/omastto1/General-Optimization-Solver/src/solvers/rcpsp.py:31(stream:95:525): Warning: Cumulative expression 'pulse': height is zero, expression is zero everywhere.
                                                                                              VarCumulAtom_271 = pulse("33", 0)
   Too many warnings of this type. Suppressing further warnings of this type.
 ! --------------------------------------------------- CP Optimizer 20.1.0.0 --
 ! Minimization problem - 78 variables, 444 constraints
 ! TimeLimit            = 60
 ! Workers              = 14
 ! LogVerbosity         = Terse
 ! Initial process time : 0.01s (0.01s extraction + 0.00s propagation)
 !  . Log search space  : 502.5 (before), 502.5 (after)
 !  . Memory usage      : 802.2 kB (before), 802.2 kB (after)
 ! Using parallel search with 14 workers.
 ! ----------------------------------------------------------------------------
 !          Best Branches  Non-fixed    W       Branch decision
                        0         78                 -
 + New bound is 34
 ! Using iterative diving.
 ! Using temporal relaxation.
 *           240      157  0.84s        1      (gap is 85.83%)
 *           233      313  0.84s        1      (gap is 85.41%)
 *           229      469  0.84s        1      (gap is 85.15%)
 *           221     1413  0.84s        1      (gap is 84.62%)
 *           214     1566  0.84s        1      (gap is 84.11%)
 *           213     1703  0.84s        1      (gap is 84.04%)
             213     5003          3    1   F        -
 + New bound is 151 (gap is 29.11%)
 *           211     5330  0.84s        1      (gap is 28.44%)
 ! Using failure-directed search.
 *           210     1685  0.84s        3      (gap is 28.10%)
 *           207     2160  0.84s        3      (gap is 27.05%)
 *           206     6359  0.84s        8      (gap is 26.70%)
 *           205    10894  1.63s        3      (gap is 26.34%)
 *           204     8467  1.63s        4      (gap is 25.98%)
 *           202    12710  1.63s       11      (gap is 25.25%)
 *           201    12910  1.63s       11      (gap is 24.88%)
 *           200    12660  2.43s        4      (gap is 24.50%)
 *           199    13568  2.43s        4      (gap is 24.12%)
 *           198    15548  2.43s       11      (gap is 23.74%)
 *           197    17040  3.21s       11      (gap is 23.35%)
 ! Time = 3.21s, Average fail depth = 43, Memory usage = 13.8 MB
 ! Current bound is 151 (gap is 23.35%)
 !          Best Branches  Non-fixed    W       Branch decision
 *           196    29130  5.51s        5      (gap is 22.96%)
 *           195    35257  7.04s        4      (gap is 22.56%)
 *           194    43477  7.81s        6      (gap is 22.16%)
 *           193     219k  13.17s      14      (gap is 21.76%)
 *           192     107k  23.95s      10      (gap is 21.35%)
 *           191     111k  25.46s       4      (gap is 20.94%)
 *           190     502k  26.24s      14      (gap is 20.53%)
 *           189     218k  48.45s       8      (gap is 20.11%)
 ! ----------------------------------------------------------------------------
 ! Search terminated by limit, 26 solutions found.
 ! Best objective         : 189 (gap is 20.11%)
 ! Best bound             : 151
 ! ----------------------------------------------------------------------------
 ! Number of branches     : 6403688
 ! Number of fails        : 1138478
 ! Total memory usage     : 12.3 MB (12.2 MB CP Optimizer + 0.1 MB Concert)
 ! Time spent in solve    : 60.01s (60.00s engine + 0.01s extraction)
 ! Search speed (br. / s) : 106728.1
 ! ----------------------------------------------------------------------------
(151,)
(0.201058,)
(189,)
Objective value: 189
Solution is 6.2 % worse than the lower bound.
Feasible solution found
