16
raw_data/mm-rcpsp/MMLIB50/J504_1.mm
Time limit set to 60 seconds
Running CP solver
/home/omastto1/General-Optimization-Solver/src/solvers/mmrcpsp.py:42(stream:276:6): Warning: Cumulative expression 'pulse': height is zero, expression is zero everywhere.
                                                                                               VarCumulAtom_419 = pulse(task_0_mode_0, 0)
/home/omastto1/General-Optimization-Solver/src/solvers/mmrcpsp.py:42(stream:276:56): Warning: Cumulative expression 'pulse': height is zero, expression is zero everywhere.
                                                                                                VarCumulAtom_421 = pulse(task_1_mode_1, 0)
/home/omastto1/General-Optimization-Solver/src/solvers/mmrcpsp.py:42(stream:276:181): Warning: Cumulative expression 'pulse': height is zero, expression is zero everywhere.
                                                                                                 VarCumulAtom_426 = pulse(task_3_mode_0, 0)
/home/omastto1/General-Optimization-Solver/src/solvers/mmrcpsp.py:42(stream:276:231): Warning: Cumulative expression 'pulse': height is zero, expression is zero everywhere.
                                                                                                 VarCumulAtom_428 = pulse(task_3_mode_2, 0)
/home/omastto1/General-Optimization-Solver/src/solvers/mmrcpsp.py:42(stream:276:256): Warning: Cumulative expression 'pulse': height is zero, expression is zero everywhere.
                                                                                                 VarCumulAtom_429 = pulse(task_4_mode_0, 0)
/home/omastto1/General-Optimization-Solver/src/solvers/mmrcpsp.py:42(stream:276:356): Warning: Cumulative expression 'pulse': height is zero, expression is zero everywhere.
                                                                                                 VarCumulAtom_433 = pulse(task_5_mode_1, 0)
/home/omastto1/General-Optimization-Solver/src/solvers/mmrcpsp.py:42(stream:276:431): Warning: Cumulative expression 'pulse': height is zero, expression is zero everywhere.
                                                                                                 VarCumulAtom_436 = pulse(task_6_mode_1, 0)
/home/omastto1/General-Optimization-Solver/src/solvers/mmrcpsp.py:42(stream:276:581): Warning: Cumulative expression 'pulse': height is zero, expression is zero everywhere.
                                                                                                 VarCumulAtom_442 = pulse(task_8_mode_1, 0)
/home/omastto1/General-Optimization-Solver/src/solvers/mmrcpsp.py:42(stream:276:606): Warning: Cumulative expression 'pulse': height is zero, expression is zero everywhere.
                                                                                                 VarCumulAtom_443 = pulse(task_8_mode_2, 0)
/home/omastto1/General-Optimization-Solver/src/solvers/mmrcpsp.py:42(stream:276:681): Warning: Cumulative expression 'pulse': height is zero, expression is zero everywhere.
                                                                                                 VarCumulAtom_446 = pulse(task_9_mode_2, 0)
/home/omastto1/General-Optimization-Solver/src/solvers/mmrcpsp.py:42(stream:276:706): Warning: Cumulative expression 'pulse': height is zero, expression is zero everywhere.
                                                                                                 VarCumulAtom_447 = pulse(task_10_mode_0, 0)
/home/omastto1/General-Optimization-Solver/src/solvers/mmrcpsp.py:42(stream:276:758): Warning: Cumulative expression 'pulse': height is zero, expression is zero everywhere.
                                                                                                 VarCumulAtom_449 = pulse(task_10_mode_2, 0)
/home/omastto1/General-Optimization-Solver/src/solvers/mmrcpsp.py:42(stream:276:784): Warning: Cumulative expression 'pulse': height is zero, expression is zero everywhere.
                                                                                                 VarCumulAtom_450 = pulse(task_11_mode_0, 0)
/home/omastto1/General-Optimization-Solver/src/solvers/mmrcpsp.py:42(stream:276:862): Warning: Cumulative expression 'pulse': height is zero, expression is zero everywhere.
                                                                                                 VarCumulAtom_453 = pulse(task_12_mode_0, 0)
/home/omastto1/General-Optimization-Solver/src/solvers/mmrcpsp.py:42(stream:276:888): Warning: Cumulative expression 'pulse': height is zero, expression is zero everywhere.
                                                                                                 VarCumulAtom_454 = pulse(task_12_mode_1, 0)
/home/omastto1/General-Optimization-Solver/src/solvers/mmrcpsp.py:42(stream:276:940): Warning: Cumulative expression 'pulse': height is zero, expression is zero everywhere.
                                                                                                 VarCumulAtom_456 = pulse(task_13_mode_0, 0)
/home/omastto1/General-Optimization-Solver/src/solvers/mmrcpsp.py:42(stream:276:966): Warning: Cumulative expression 'pulse': height is zero, expression is zero everywhere.
                                                                                                 VarCumulAtom_457 = pulse(task_13_mode_1, 0)
/home/omastto1/General-Optimization-Solver/src/solvers/mmrcpsp.py:42(stream:276:1044): Warning: Cumulative expression 'pulse': height is zero, expression is zero everywhere.
                                                                                                  VarCumulAtom_460 = pulse(task_14_mode_1, 0)
/home/omastto1/General-Optimization-Solver/src/solvers/mmrcpsp.py:42(stream:276:1070): Warning: Cumulative expression 'pulse': height is zero, expression is zero everywhere.
                                                                                                  VarCumulAtom_461 = pulse(task_14_mode_2, 0)
/home/omastto1/General-Optimization-Solver/src/solvers/mmrcpsp.py:42(stream:276:1096): Warning: Cumulative expression 'pulse': height is zero, expression is zero everywhere.
                                                                                                  VarCumulAtom_462 = pulse(task_15_mode_0, 0)
   Too many warnings of this type. Suppressing further warnings of this type.
 ! --------------------------------------------------- CP Optimizer 20.1.0.0 --
 ! Minimization problem - 205 variables, 271 constraints
 ! TimeLimit            = 60
 ! Workers              = 14
 ! LogVerbosity         = Terse
 ! Initial process time : 0.02s (0.02s extraction + 0.00s propagation)
 !  . Log search space  : 527.8 (before), 527.8 (after)
 !  . Memory usage      : 1.3 MB (before), 1.3 MB (after)
 ! Using parallel search with 14 workers.
 ! ----------------------------------------------------------------------------
 !          Best Branches  Non-fixed    W       Branch decision
                        0        205                 -
 + New bound is 18
 ! Using iterative diving.
 ! Using temporal relaxation.
 *            36      119  0.89s        1      (gap is 50.00%)
 *            35      567  0.89s        1      (gap is 48.57%)
 *            33      739  0.89s        1      (gap is 45.45%)
 *            28      847  0.89s        1      (gap is 35.71%)
 *            27     1005  0.89s        1      (gap is 33.33%)
 *            26     1057  0.89s        1      (gap is 30.77%)
 *            25     1365  0.89s        1      (gap is 28.00%)
 *            24     1916  1.52s        1      (gap is 25.00%)
 *            23     2349  1.52s        1      (gap is 21.74%)
 *            22     5506  1.52s        5      (gap is 18.18%)
 *            21     3944  1.52s        7      (gap is 14.29%)
 *            20     7614  2.18s        5      (gap is 10.00%)
 ! Using failure-directed search.
 *            19    14917  5.34s        8      (gap is 5.26%)
              19    46691         53    1   F         !presenceOf(task_9_mode_0)
 + New bound is 19 (gap is 0.00%)
 ! ----------------------------------------------------------------------------
 ! Search completed, 13 solutions found.
 ! Best objective         : 19 (optimal - effective tol. is 0)
 ! Best bound             : 19
 ! ----------------------------------------------------------------------------
 ! Number of branches     : 2983115
 ! Number of fails        : 547163
 ! Total memory usage     : 18.7 MB (18.5 MB CP Optimizer + 0.2 MB Concert)
 ! Time spent in solve    : 32.32s (32.30s engine + 0.02s extraction)
 ! Search speed (br. / s) : 92356.5
 ! ----------------------------------------------------------------------------
task_0: (start=0, end=0, size=0, length=0)
Task 0 is scheduled in mode 0 from 0 to 0
task_1: (start=0, end=2, size=2, length=2)
Task 1 is scheduled in mode 0 from 0 to 2
task_2: (start=0, end=5, size=5, length=5)
Task 2 is scheduled in mode 2 from 0 to 5
task_3: (start=2, end=6, size=4, length=4)
Task 3 is scheduled in mode 1 from 2 to 6
task_4: (start=0, end=4, size=4, length=4)
Task 4 is scheduled in mode 0 from 0 to 4
task_5: (start=0, end=7, size=7, length=7)
Task 5 is scheduled in mode 2 from 0 to 7
task_6: (start=0, end=3, size=3, length=3)
Task 6 is scheduled in mode 1 from 0 to 3
task_7: (start=0, end=1, size=1, length=1)
Task 7 is scheduled in mode 0 from 0 to 1
task_8: (start=1, end=5, size=4, length=4)
Task 8 is scheduled in mode 0 from 1 to 5
task_9: (start=0, end=7, size=7, length=7)
Task 9 is scheduled in mode 2 from 0 to 7
task_10: (start=0, end=6, size=6, length=6)
Task 10 is scheduled in mode 2 from 0 to 6
task_11: (start=1, end=2, size=1, length=1)
Task 11 is scheduled in mode 1 from 1 to 2
task_12: (start=0, end=3, size=3, length=3)
Task 12 is scheduled in mode 2 from 0 to 3
task_13: (start=5, end=7, size=2, length=2)
Task 13 is scheduled in mode 0 from 5 to 7
task_14: (start=2, end=6, size=4, length=4)
Task 14 is scheduled in mode 0 from 2 to 6
task_15: (start=1, end=3, size=2, length=2)
Task 15 is scheduled in mode 1 from 1 to 3
task_16: (start=5, end=6, size=1, length=1)
Task 16 is scheduled in mode 0 from 5 to 6
task_17: (start=3, end=4, size=1, length=1)
Task 17 is scheduled in mode 0 from 3 to 4
task_18: (start=0, end=1, size=1, length=1)
Task 18 is scheduled in mode 0 from 0 to 1
task_19: (start=7, end=8, size=1, length=1)
Task 19 is scheduled in mode 0 from 7 to 8
task_20: (start=7, end=13, size=6, length=6)
Task 20 is scheduled in mode 1 from 7 to 13
task_21: (start=0, end=5, size=5, length=5)
Task 21 is scheduled in mode 0 from 0 to 5
task_22: (start=3, end=10, size=7, length=7)
Task 22 is scheduled in mode 1 from 3 to 10
task_23: (start=4, end=13, size=9, length=9)
Task 23 is scheduled in mode 1 from 4 to 13
task_24: (start=7, end=9, size=2, length=2)
Task 24 is scheduled in mode 1 from 7 to 9
task_25: (start=6, end=13, size=7, length=7)
Task 25 is scheduled in mode 0 from 6 to 13
task_26: (start=3, end=6, size=3, length=3)
Task 26 is scheduled in mode 1 from 3 to 6
task_27: (start=2, end=11, size=9, length=9)
Task 27 is scheduled in mode 2 from 2 to 11
task_28: (start=6, end=7, size=1, length=1)
Task 28 is scheduled in mode 0 from 6 to 7
task_29: (start=8, end=13, size=5, length=5)
Task 29 is scheduled in mode 1 from 8 to 13
task_30: (start=7, end=9, size=2, length=2)
Task 30 is scheduled in mode 0 from 7 to 9
task_31: (start=8, end=15, size=7, length=7)
Task 31 is scheduled in mode 0 from 8 to 15
task_32: (start=13, end=14, size=1, length=1)
Task 32 is scheduled in mode 0 from 13 to 14
task_33: (start=8, end=13, size=5, length=5)
Task 33 is scheduled in mode 1 from 8 to 13
task_34: (start=6, end=8, size=2, length=2)
Task 34 is scheduled in mode 0 from 6 to 8
task_35: (start=7, end=12, size=5, length=5)
Task 35 is scheduled in mode 1 from 7 to 12
task_36: (start=16, end=18, size=2, length=2)
Task 36 is scheduled in mode 0 from 16 to 18
task_37: (start=13, end=15, size=2, length=2)
Task 37 is scheduled in mode 0 from 13 to 15
task_38: (start=15, end=19, size=4, length=4)
Task 38 is scheduled in mode 1 from 15 to 19
task_39: (start=15, end=19, size=4, length=4)
Task 39 is scheduled in mode 0 from 15 to 19
task_40: (start=16, end=19, size=3, length=3)
Task 40 is scheduled in mode 0 from 16 to 19
task_41: (start=14, end=17, size=3, length=3)
Task 41 is scheduled in mode 1 from 14 to 17
task_42: (start=13, end=19, size=6, length=6)
Task 42 is scheduled in mode 0 from 13 to 19
task_43: (start=10, end=19, size=9, length=9)
Task 43 is scheduled in mode 2 from 10 to 19
task_44: (start=14, end=16, size=2, length=2)
Task 44 is scheduled in mode 0 from 14 to 16
task_45: (start=13, end=14, size=1, length=1)
Task 45 is scheduled in mode 0 from 13 to 14
task_46: (start=9, end=16, size=7, length=7)
Task 46 is scheduled in mode 2 from 9 to 16
task_47: (start=9, end=19, size=10, length=10)
Task 47 is scheduled in mode 2 from 9 to 19
task_48: (start=12, end=16, size=4, length=4)
Task 48 is scheduled in mode 0 from 12 to 16
task_49: (start=7, end=9, size=2, length=2)
Task 49 is scheduled in mode 0 from 7 to 9
task_50: (start=14, end=19, size=5, length=5)
Task 50 is scheduled in mode 1 from 14 to 19
task_51: (start=19, end=19, size=0, length=0)
Task 51 is scheduled in mode 0 from 19 to 19
Optimal solution found
Objective value: 19
Solution is 5.6 % worse than the lower bound.
