77
raw_data/mm-rcpsp/MMLIB50/J5016_2.mm
Time limit set to 60 seconds
Running CP solver
/home/omastto1/General-Optimization-Solver/src/solvers/mmrcpsp.py:42(stream:276:6): Warning: Cumulative expression 'pulse': height is zero, expression is zero everywhere.
                                                                                               VarCumulAtom_419 = pulse(task_0_mode_0, 0)
/home/omastto1/General-Optimization-Solver/src/solvers/mmrcpsp.py:42(stream:276:31): Warning: Cumulative expression 'pulse': height is zero, expression is zero everywhere.
                                                                                                VarCumulAtom_420 = pulse(task_1_mode_0, 0)
/home/omastto1/General-Optimization-Solver/src/solvers/mmrcpsp.py:42(stream:276:56): Warning: Cumulative expression 'pulse': height is zero, expression is zero everywhere.
                                                                                                VarCumulAtom_421 = pulse(task_1_mode_1, 0)
/home/omastto1/General-Optimization-Solver/src/solvers/mmrcpsp.py:42(stream:276:81): Warning: Cumulative expression 'pulse': height is zero, expression is zero everywhere.
                                                                                                VarCumulAtom_422 = pulse(task_1_mode_2, 0)
/home/omastto1/General-Optimization-Solver/src/solvers/mmrcpsp.py:42(stream:276:106): Warning: Cumulative expression 'pulse': height is zero, expression is zero everywhere.
                                                                                                 VarCumulAtom_423 = pulse(task_2_mode_0, 0)
/home/omastto1/General-Optimization-Solver/src/solvers/mmrcpsp.py:42(stream:276:131): Warning: Cumulative expression 'pulse': height is zero, expression is zero everywhere.
                                                                                                 VarCumulAtom_424 = pulse(task_2_mode_1, 0)
/home/omastto1/General-Optimization-Solver/src/solvers/mmrcpsp.py:42(stream:276:181): Warning: Cumulative expression 'pulse': height is zero, expression is zero everywhere.
                                                                                                 VarCumulAtom_426 = pulse(task_3_mode_0, 0)
/home/omastto1/General-Optimization-Solver/src/solvers/mmrcpsp.py:42(stream:276:306): Warning: Cumulative expression 'pulse': height is zero, expression is zero everywhere.
                                                                                                 VarCumulAtom_431 = pulse(task_4_mode_2, 0)
/home/omastto1/General-Optimization-Solver/src/solvers/mmrcpsp.py:42(stream:276:331): Warning: Cumulative expression 'pulse': height is zero, expression is zero everywhere.
                                                                                                 VarCumulAtom_432 = pulse(task_5_mode_0, 0)
/home/omastto1/General-Optimization-Solver/src/solvers/mmrcpsp.py:42(stream:276:356): Warning: Cumulative expression 'pulse': height is zero, expression is zero everywhere.
                                                                                                 VarCumulAtom_433 = pulse(task_5_mode_1, 0)
/home/omastto1/General-Optimization-Solver/src/solvers/mmrcpsp.py:42(stream:276:381): Warning: Cumulative expression 'pulse': height is zero, expression is zero everywhere.
                                                                                                 VarCumulAtom_434 = pulse(task_5_mode_2, 0)
/home/omastto1/General-Optimization-Solver/src/solvers/mmrcpsp.py:42(stream:276:431): Warning: Cumulative expression 'pulse': height is zero, expression is zero everywhere.
                                                                                                 VarCumulAtom_436 = pulse(task_6_mode_1, 0)
/home/omastto1/General-Optimization-Solver/src/solvers/mmrcpsp.py:42(stream:276:456): Warning: Cumulative expression 'pulse': height is zero, expression is zero everywhere.
                                                                                                 VarCumulAtom_437 = pulse(task_6_mode_2, 0)
/home/omastto1/General-Optimization-Solver/src/solvers/mmrcpsp.py:42(stream:276:481): Warning: Cumulative expression 'pulse': height is zero, expression is zero everywhere.
                                                                                                 VarCumulAtom_438 = pulse(task_7_mode_0, 0)
/home/omastto1/General-Optimization-Solver/src/solvers/mmrcpsp.py:42(stream:276:506): Warning: Cumulative expression 'pulse': height is zero, expression is zero everywhere.
                                                                                                 VarCumulAtom_439 = pulse(task_7_mode_1, 0)
/home/omastto1/General-Optimization-Solver/src/solvers/mmrcpsp.py:42(stream:276:581): Warning: Cumulative expression 'pulse': height is zero, expression is zero everywhere.
                                                                                                 VarCumulAtom_442 = pulse(task_8_mode_1, 0)
/home/omastto1/General-Optimization-Solver/src/solvers/mmrcpsp.py:42(stream:276:606): Warning: Cumulative expression 'pulse': height is zero, expression is zero everywhere.
                                                                                                 VarCumulAtom_443 = pulse(task_8_mode_2, 0)
/home/omastto1/General-Optimization-Solver/src/solvers/mmrcpsp.py:42(stream:276:706): Warning: Cumulative expression 'pulse': height is zero, expression is zero everywhere.
                                                                                                 VarCumulAtom_447 = pulse(task_10_mode_0, 0)
/home/omastto1/General-Optimization-Solver/src/solvers/mmrcpsp.py:42(stream:276:732): Warning: Cumulative expression 'pulse': height is zero, expression is zero everywhere.
                                                                                                 VarCumulAtom_448 = pulse(task_10_mode_1, 0)
/home/omastto1/General-Optimization-Solver/src/solvers/mmrcpsp.py:42(stream:276:810): Warning: Cumulative expression 'pulse': height is zero, expression is zero everywhere.
                                                                                                 VarCumulAtom_451 = pulse(task_11_mode_1, 0)
   Too many warnings of this type. Suppressing further warnings of this type.
 ! --------------------------------------------------- CP Optimizer 20.1.0.0 --
 ! Minimization problem - 205 variables, 264 constraints
 ! TimeLimit            = 60
 ! Workers              = 14
 ! LogVerbosity         = Terse
 ! Initial process time : 0.01s (0.01s extraction + 0.00s propagation)
 !  . Log search space  : 523.1 (before), 523.1 (after)
 !  . Memory usage      : 1.3 MB (before), 1.3 MB (after)
 ! Using parallel search with 14 workers.
 ! ----------------------------------------------------------------------------
 !          Best Branches  Non-fixed    W       Branch decision
                        0        205                 -
 + New bound is 16
 ! Using iterative diving.
 ! Using temporal relaxation.
 *            29      124  0.84s        1      (gap is 44.83%)
 *            27      322  0.84s        1      (gap is 40.74%)
 *            26      430  0.84s        1      (gap is 38.46%)
 *            25      626  0.84s        1      (gap is 36.00%)
 *            24      778  0.84s        1      (gap is 33.33%)
 *            23      971  0.84s        1      (gap is 30.43%)
 *            22     1156  0.84s        1      (gap is 27.27%)
 *            21     1239  0.84s        1      (gap is 23.81%)
 *            20     1338  0.84s        1      (gap is 20.00%)
 *            19     1535  0.84s        1      (gap is 15.79%)
 *            18     2362  0.84s        4      (gap is 11.11%)
 ! Using failure-directed search.
 *            17     3368  1.50s        2      (gap is 5.88%)
 *            16    16495  11.42s       1      (gap is 0.00%)
 ! ----------------------------------------------------------------------------
 ! Search completed, 13 solutions found.
 ! Best objective         : 16 (optimal - effective tol. is 0)
 ! Best bound             : 16
 ! ----------------------------------------------------------------------------
 ! Number of branches     : 945538
 ! Number of fails        : 222590
 ! Total memory usage     : 18.1 MB (17.9 MB CP Optimizer + 0.2 MB Concert)
 ! Time spent in solve    : 12.07s (12.06s engine + 0.01s extraction)
 ! Search speed (br. / s) : 78467.9
 ! ----------------------------------------------------------------------------
task_0: (start=0, end=0, size=0, length=0)
Task 0 is scheduled in mode 0 from 0 to 0
task_1: (start=1, end=2, size=1, length=1)
Task 1 is scheduled in mode 0 from 1 to 2
task_2: (start=0, end=5, size=5, length=5)
Task 2 is scheduled in mode 0 from 0 to 5
task_3: (start=0, end=2, size=2, length=2)
Task 3 is scheduled in mode 0 from 0 to 2
task_4: (start=1, end=4, size=3, length=3)
Task 4 is scheduled in mode 1 from 1 to 4
task_5: (start=0, end=2, size=2, length=2)
Task 5 is scheduled in mode 0 from 0 to 2
task_6: (start=0, end=4, size=4, length=4)
Task 6 is scheduled in mode 1 from 0 to 4
task_7: (start=3, end=7, size=4, length=4)
Task 7 is scheduled in mode 1 from 3 to 7
task_8: (start=0, end=2, size=2, length=2)
Task 8 is scheduled in mode 0 from 0 to 2
task_9: (start=0, end=6, size=6, length=6)
Task 9 is scheduled in mode 2 from 0 to 6
task_10: (start=1, end=6, size=5, length=5)
Task 10 is scheduled in mode 1 from 1 to 6
task_11: (start=1, end=4, size=3, length=3)
Task 11 is scheduled in mode 1 from 1 to 4
task_12: (start=0, end=6, size=6, length=6)
Task 12 is scheduled in mode 1 from 0 to 6
task_13: (start=2, end=8, size=6, length=6)
Task 13 is scheduled in mode 2 from 2 to 8
task_14: (start=4, end=8, size=4, length=4)
Task 14 is scheduled in mode 0 from 4 to 8
task_15: (start=2, end=8, size=6, length=6)
Task 15 is scheduled in mode 0 from 2 to 8
task_16: (start=1, end=5, size=4, length=4)
Task 16 is scheduled in mode 2 from 1 to 5
task_17: (start=5, end=9, size=4, length=4)
Task 17 is scheduled in mode 0 from 5 to 9
task_18: (start=2, end=10, size=8, length=8)
Task 18 is scheduled in mode 2 from 2 to 10
task_19: (start=1, end=5, size=4, length=4)
Task 19 is scheduled in mode 2 from 1 to 5
task_20: (start=4, end=6, size=2, length=2)
Task 20 is scheduled in mode 0 from 4 to 6
task_21: (start=8, end=11, size=3, length=3)
Task 21 is scheduled in mode 0 from 8 to 11
task_22: (start=11, end=14, size=3, length=3)
Task 22 is scheduled in mode 1 from 11 to 14
task_23: (start=10, end=14, size=4, length=4)
Task 23 is scheduled in mode 0 from 10 to 14
task_24: (start=9, end=11, size=2, length=2)
Task 24 is scheduled in mode 0 from 9 to 11
task_25: (start=5, end=7, size=2, length=2)
Task 25 is scheduled in mode 0 from 5 to 7
task_26: (start=9, end=12, size=3, length=3)
Task 26 is scheduled in mode 1 from 9 to 12
task_27: (start=6, end=8, size=2, length=2)
Task 27 is scheduled in mode 1 from 6 to 8
task_28: (start=6, end=8, size=2, length=2)
Task 28 is scheduled in mode 0 from 6 to 8
task_29: (start=4, end=13, size=9, length=9)
Task 29 is scheduled in mode 2 from 4 to 13
task_30: (start=12, end=14, size=2, length=2)
Task 30 is scheduled in mode 0 from 12 to 14
task_31: (start=14, end=16, size=2, length=2)
Task 31 is scheduled in mode 0 from 14 to 16
task_32: (start=11, end=16, size=5, length=5)
Task 32 is scheduled in mode 2 from 11 to 16
task_33: (start=14, end=16, size=2, length=2)
Task 33 is scheduled in mode 1 from 14 to 16
task_34: (start=14, end=16, size=2, length=2)
Task 34 is scheduled in mode 0 from 14 to 16
task_35: (start=14, end=16, size=2, length=2)
Task 35 is scheduled in mode 0 from 14 to 16
task_36: (start=10, end=15, size=5, length=5)
Task 36 is scheduled in mode 2 from 10 to 15
task_37: (start=8, end=13, size=5, length=5)
Task 37 is scheduled in mode 0 from 8 to 13
task_38: (start=12, end=14, size=2, length=2)
Task 38 is scheduled in mode 0 from 12 to 14
task_39: (start=13, end=16, size=3, length=3)
Task 39 is scheduled in mode 1 from 13 to 16
task_40: (start=11, end=16, size=5, length=5)
Task 40 is scheduled in mode 0 from 11 to 16
task_41: (start=7, end=12, size=5, length=5)
Task 41 is scheduled in mode 1 from 7 to 12
task_42: (start=15, end=16, size=1, length=1)
Task 42 is scheduled in mode 1 from 15 to 16
task_43: (start=13, end=16, size=3, length=3)
Task 43 is scheduled in mode 1 from 13 to 16
task_44: (start=8, end=11, size=3, length=3)
Task 44 is scheduled in mode 0 from 8 to 11
task_45: (start=8, end=16, size=8, length=8)
Task 45 is scheduled in mode 2 from 8 to 16
task_46: (start=5, end=8, size=3, length=3)
Task 46 is scheduled in mode 0 from 5 to 8
task_47: (start=8, end=16, size=8, length=8)
Task 47 is scheduled in mode 2 from 8 to 16
task_48: (start=11, end=16, size=5, length=5)
Task 48 is scheduled in mode 2 from 11 to 16
task_49: (start=10, end=14, size=4, length=4)
Task 49 is scheduled in mode 1 from 10 to 14
task_50: (start=8, end=15, size=7, length=7)
Task 50 is scheduled in mode 2 from 8 to 15
task_51: (start=16, end=16, size=0, length=0)
Task 51 is scheduled in mode 0 from 16 to 16
Optimal solution found
Objective value: 16
Solution is 0.0 % worse than the lower bound.
