53
raw_data/mm-rcpsp/MMLIB50/J5011_3.mm
Time limit set to 60 seconds
Running CP solver
/home/omastto1/General-Optimization-Solver/src/solvers/mmrcpsp.py:42(stream:276:6): Warning: Cumulative expression 'pulse': height is zero, expression is zero everywhere.
                                                                                               VarCumulAtom_419 = pulse(task_0_mode_0, 0)
/home/omastto1/General-Optimization-Solver/src/solvers/mmrcpsp.py:42(stream:276:3910): Warning: Cumulative expression 'pulse': height is zero, expression is zero everywhere.
                                                                                                  VarCumulAtom_570 = pulse(task_51_mode_0, 0)
/home/omastto1/General-Optimization-Solver/src/solvers/mmrcpsp.py:42(stream:277:6): Warning: Cumulative expression 'pulse': height is zero, expression is zero everywhere.
                                                                                               VarCumulAtom_574 = pulse(task_0_mode_0, 0)
/home/omastto1/General-Optimization-Solver/src/solvers/mmrcpsp.py:42(stream:277:3909): Warning: Cumulative expression 'pulse': height is zero, expression is zero everywhere.
                                                                                                  VarCumulAtom_725 = pulse(task_51_mode_0, 0)
 ! --------------------------------------------------- CP Optimizer 20.1.0.0 --
 ! Minimization problem - 205 variables, 298 constraints
 ! TimeLimit            = 60
 ! Workers              = 14
 ! LogVerbosity         = Terse
 ! Initial process time : 0.00s (0.00s extraction + 0.00s propagation)
 !  . Log search space  : 515.0 (before), 515.0 (after)
 !  . Memory usage      : 1.3 MB (before), 1.3 MB (after)
 ! Using parallel search with 14 workers.
 ! ----------------------------------------------------------------------------
 !          Best Branches  Non-fixed    W       Branch decision
                        0        205                 -
 + New bound is 18
 ! Using iterative diving.
 ! Using temporal relaxation.
 *            48      114  0.86s        1      (gap is 62.50%)
 *            47      314  0.86s        1      (gap is 61.70%)
 *            35      490  0.86s        1      (gap is 48.57%)
 *            34      852  0.86s        1      (gap is 47.06%)
 *            32     1064  0.86s        1      (gap is 43.75%)
 *            31     1225  0.86s        1      (gap is 41.94%)
 *            30     2452  1.63s        3      (gap is 40.00%)
 *            29    14682  3.84s        7      (gap is 37.93%)
 ! Using failure-directed search.
 ! ----------------------------------------------------------------------------
 ! Search terminated by limit, 8 solutions found.
 ! Best objective         : 29 (gap is 37.93%)
 ! Best bound             : 18
 ! ----------------------------------------------------------------------------
 ! Number of branches     : 5515153
 ! Number of fails        : 1192317
 ! Total memory usage     : 19.7 MB (19.5 MB CP Optimizer + 0.2 MB Concert)
 ! Time spent in solve    : 60.04s (60.04s engine + 0.00s extraction)
 ! Search speed (br. / s) : 91873.3
 ! ----------------------------------------------------------------------------
task_0: (start=0, end=0, size=0, length=0)
Task 0 is scheduled in mode 0 from 0 to 0
task_1: (start=0, end=2, size=2, length=2)
Task 1 is scheduled in mode 0 from 0 to 2
task_2: (start=5, end=12, size=7, length=7)
Task 2 is scheduled in mode 0 from 5 to 12
task_3: (start=0, end=1, size=1, length=1)
Task 3 is scheduled in mode 0 from 0 to 1
task_4: (start=2, end=5, size=3, length=3)
Task 4 is scheduled in mode 0 from 2 to 5
task_5: (start=4, end=8, size=4, length=4)
Task 5 is scheduled in mode 0 from 4 to 8
task_6: (start=4, end=8, size=4, length=4)
Task 6 is scheduled in mode 0 from 4 to 8
task_7: (start=5, end=10, size=5, length=5)
Task 7 is scheduled in mode 0 from 5 to 10
task_8: (start=1, end=8, size=7, length=7)
Task 8 is scheduled in mode 2 from 1 to 8
task_9: (start=0, end=2, size=2, length=2)
Task 9 is scheduled in mode 0 from 0 to 2
task_10: (start=4, end=5, size=1, length=1)
Task 10 is scheduled in mode 0 from 4 to 5
task_11: (start=2, end=4, size=2, length=2)
Task 11 is scheduled in mode 0 from 2 to 4
task_12: (start=12, end=14, size=2, length=2)
Task 12 is scheduled in mode 0 from 12 to 14
task_13: (start=8, end=14, size=6, length=6)
Task 13 is scheduled in mode 0 from 8 to 14
task_14: (start=10, end=13, size=3, length=3)
Task 14 is scheduled in mode 0 from 10 to 13
task_15: (start=2, end=5, size=3, length=3)
Task 15 is scheduled in mode 0 from 2 to 5
task_16: (start=2, end=4, size=2, length=2)
Task 16 is scheduled in mode 0 from 2 to 4
task_17: (start=17, end=18, size=1, length=1)
Task 17 is scheduled in mode 0 from 17 to 18
task_18: (start=14, end=18, size=4, length=4)
Task 18 is scheduled in mode 0 from 14 to 18
task_19: (start=14, end=16, size=2, length=2)
Task 19 is scheduled in mode 0 from 14 to 16
task_20: (start=14, end=19, size=5, length=5)
Task 20 is scheduled in mode 0 from 14 to 19
task_21: (start=10, end=13, size=3, length=3)
Task 21 is scheduled in mode 0 from 10 to 13
task_22: (start=8, end=12, size=4, length=4)
Task 22 is scheduled in mode 0 from 8 to 12
task_23: (start=2, end=4, size=2, length=2)
Task 23 is scheduled in mode 1 from 2 to 4
task_24: (start=19, end=21, size=2, length=2)
Task 24 is scheduled in mode 0 from 19 to 21
task_25: (start=18, end=22, size=4, length=4)
Task 25 is scheduled in mode 0 from 18 to 22
task_26: (start=0, end=2, size=2, length=2)
Task 26 is scheduled in mode 1 from 0 to 2
task_27: (start=13, end=17, size=4, length=4)
Task 27 is scheduled in mode 0 from 13 to 17
task_28: (start=1, end=2, size=1, length=1)
Task 28 is scheduled in mode 0 from 1 to 2
task_29: (start=25, end=27, size=2, length=2)
Task 29 is scheduled in mode 0 from 25 to 27
task_30: (start=18, end=19, size=1, length=1)
Task 30 is scheduled in mode 0 from 18 to 19
task_31: (start=25, end=29, size=4, length=4)
Task 31 is scheduled in mode 0 from 25 to 29
task_32: (start=19, end=21, size=2, length=2)
Task 32 is scheduled in mode 0 from 19 to 21
task_33: (start=27, end=29, size=2, length=2)
Task 33 is scheduled in mode 1 from 27 to 29
task_34: (start=22, end=24, size=2, length=2)
Task 34 is scheduled in mode 0 from 22 to 24
task_35: (start=27, end=29, size=2, length=2)
Task 35 is scheduled in mode 0 from 27 to 29
task_36: (start=21, end=22, size=1, length=1)
Task 36 is scheduled in mode 0 from 21 to 22
task_37: (start=20, end=22, size=2, length=2)
Task 37 is scheduled in mode 0 from 20 to 22
task_38: (start=23, end=25, size=2, length=2)
Task 38 is scheduled in mode 0 from 23 to 25
task_39: (start=22, end=23, size=1, length=1)
Task 39 is scheduled in mode 0 from 22 to 23
task_40: (start=22, end=29, size=7, length=7)
Task 40 is scheduled in mode 0 from 22 to 29
task_41: (start=24, end=29, size=5, length=5)
Task 41 is scheduled in mode 0 from 24 to 29
task_42: (start=19, end=20, size=1, length=1)
Task 42 is scheduled in mode 0 from 19 to 20
task_43: (start=17, end=19, size=2, length=2)
Task 43 is scheduled in mode 0 from 17 to 19
task_44: (start=22, end=29, size=7, length=7)
Task 44 is scheduled in mode 1 from 22 to 29
task_45: (start=21, end=25, size=4, length=4)
Task 45 is scheduled in mode 0 from 21 to 25
task_46: (start=19, end=21, size=2, length=2)
Task 46 is scheduled in mode 0 from 19 to 21
task_47: (start=14, end=16, size=2, length=2)
Task 47 is scheduled in mode 0 from 14 to 16
task_48: (start=17, end=19, size=2, length=2)
Task 48 is scheduled in mode 0 from 17 to 19
task_49: (start=16, end=17, size=1, length=1)
Task 49 is scheduled in mode 0 from 16 to 17
task_50: (start=12, end=17, size=5, length=5)
Task 50 is scheduled in mode 0 from 12 to 17
task_51: (start=29, end=29, size=0, length=0)
Task 51 is scheduled in mode 0 from 29 to 29
Feasible solution found
Objective value: 29
Solution is 61.1 % worse than the lower bound.
