7
raw_data/mm-rcpsp/MMLIB50/J502_2.mm
Time limit set to 60 seconds
Running CP solver
/home/omastto1/General-Optimization-Solver/src/solvers/mmrcpsp.py:42(stream:276:6): Warning: Cumulative expression 'pulse': height is zero, expression is zero everywhere.
                                                                                               VarCumulAtom_419 = pulse(task_0_mode_0, 0)
/home/omastto1/General-Optimization-Solver/src/solvers/mmrcpsp.py:42(stream:276:56): Warning: Cumulative expression 'pulse': height is zero, expression is zero everywhere.
                                                                                                VarCumulAtom_421 = pulse(task_1_mode_1, 0)
/home/omastto1/General-Optimization-Solver/src/solvers/mmrcpsp.py:42(stream:276:81): Warning: Cumulative expression 'pulse': height is zero, expression is zero everywhere.
                                                                                                VarCumulAtom_422 = pulse(task_1_mode_2, 0)
/home/omastto1/General-Optimization-Solver/src/solvers/mmrcpsp.py:42(stream:276:106): Warning: Cumulative expression 'pulse': height is zero, expression is zero everywhere.
                                                                                                 VarCumulAtom_423 = pulse(task_2_mode_0, 0)
/home/omastto1/General-Optimization-Solver/src/solvers/mmrcpsp.py:42(stream:276:157): Warning: Cumulative expression 'pulse': height is zero, expression is zero everywhere.
                                                                                                 VarCumulAtom_425 = pulse(task_2_mode_2, 0)
/home/omastto1/General-Optimization-Solver/src/solvers/mmrcpsp.py:42(stream:276:182): Warning: Cumulative expression 'pulse': height is zero, expression is zero everywhere.
                                                                                                 VarCumulAtom_426 = pulse(task_3_mode_0, 0)
/home/omastto1/General-Optimization-Solver/src/solvers/mmrcpsp.py:42(stream:276:207): Warning: Cumulative expression 'pulse': height is zero, expression is zero everywhere.
                                                                                                 VarCumulAtom_427 = pulse(task_3_mode_1, 0)
/home/omastto1/General-Optimization-Solver/src/solvers/mmrcpsp.py:42(stream:276:307): Warning: Cumulative expression 'pulse': height is zero, expression is zero everywhere.
                                                                                                 VarCumulAtom_431 = pulse(task_4_mode_2, 0)
/home/omastto1/General-Optimization-Solver/src/solvers/mmrcpsp.py:42(stream:276:407): Warning: Cumulative expression 'pulse': height is zero, expression is zero everywhere.
                                                                                                 VarCumulAtom_435 = pulse(task_6_mode_0, 0)
/home/omastto1/General-Optimization-Solver/src/solvers/mmrcpsp.py:42(stream:276:432): Warning: Cumulative expression 'pulse': height is zero, expression is zero everywhere.
                                                                                                 VarCumulAtom_436 = pulse(task_6_mode_1, 0)
/home/omastto1/General-Optimization-Solver/src/solvers/mmrcpsp.py:42(stream:276:507): Warning: Cumulative expression 'pulse': height is zero, expression is zero everywhere.
                                                                                                 VarCumulAtom_439 = pulse(task_7_mode_1, 0)
/home/omastto1/General-Optimization-Solver/src/solvers/mmrcpsp.py:42(stream:276:557): Warning: Cumulative expression 'pulse': height is zero, expression is zero everywhere.
                                                                                                 VarCumulAtom_441 = pulse(task_8_mode_0, 0)
/home/omastto1/General-Optimization-Solver/src/solvers/mmrcpsp.py:42(stream:276:607): Warning: Cumulative expression 'pulse': height is zero, expression is zero everywhere.
                                                                                                 VarCumulAtom_443 = pulse(task_8_mode_2, 0)
/home/omastto1/General-Optimization-Solver/src/solvers/mmrcpsp.py:42(stream:276:632): Warning: Cumulative expression 'pulse': height is zero, expression is zero everywhere.
                                                                                                 VarCumulAtom_444 = pulse(task_9_mode_0, 0)
/home/omastto1/General-Optimization-Solver/src/solvers/mmrcpsp.py:42(stream:276:657): Warning: Cumulative expression 'pulse': height is zero, expression is zero everywhere.
                                                                                                 VarCumulAtom_445 = pulse(task_9_mode_1, 0)
/home/omastto1/General-Optimization-Solver/src/solvers/mmrcpsp.py:42(stream:276:682): Warning: Cumulative expression 'pulse': height is zero, expression is zero everywhere.
                                                                                                 VarCumulAtom_446 = pulse(task_9_mode_2, 0)
/home/omastto1/General-Optimization-Solver/src/solvers/mmrcpsp.py:42(stream:276:707): Warning: Cumulative expression 'pulse': height is zero, expression is zero everywhere.
                                                                                                 VarCumulAtom_447 = pulse(task_10_mode_0, 0)
/home/omastto1/General-Optimization-Solver/src/solvers/mmrcpsp.py:42(stream:276:733): Warning: Cumulative expression 'pulse': height is zero, expression is zero everywhere.
                                                                                                 VarCumulAtom_448 = pulse(task_10_mode_1, 0)
/home/omastto1/General-Optimization-Solver/src/solvers/mmrcpsp.py:42(stream:276:811): Warning: Cumulative expression 'pulse': height is zero, expression is zero everywhere.
                                                                                                 VarCumulAtom_451 = pulse(task_11_mode_1, 0)
/home/omastto1/General-Optimization-Solver/src/solvers/mmrcpsp.py:42(stream:276:889): Warning: Cumulative expression 'pulse': height is zero, expression is zero everywhere.
                                                                                                 VarCumulAtom_454 = pulse(task_12_mode_1, 0)
   Too many warnings of this type. Suppressing further warnings of this type.
 ! --------------------------------------------------- CP Optimizer 20.1.0.0 --
 ! Minimization problem - 205 variables, 300 constraints
 ! TimeLimit            = 60
 ! Workers              = 14
 ! LogVerbosity         = Terse
 ! Initial process time : 0.02s (0.02s extraction + 0.00s propagation)
 !  . Log search space  : 523.5 (before), 523.5 (after)
 !  . Memory usage      : 1.3 MB (before), 1.3 MB (after)
 ! Using parallel search with 14 workers.
 ! ----------------------------------------------------------------------------
 !          Best Branches  Non-fixed    W       Branch decision
                        0        205                 -
 + New bound is 21
 ! Using iterative diving.
 ! Using temporal relaxation.
 *            41      109  0.80s        1      (gap is 48.78%)
 *            40      275  0.80s        1      (gap is 47.50%)
 *            39      383  0.80s        1      (gap is 46.15%)
 *            37      491  0.80s        1      (gap is 43.24%)
 *            36      725  0.80s        1      (gap is 41.67%)
 *            34      833  0.80s        1      (gap is 38.24%)
 *            33     1046  0.80s        1      (gap is 36.36%)
 *            32     1165  0.80s        1      (gap is 34.38%)
 *            31     2017  1.49s        1      (gap is 32.26%)
              31     1651          2    3   F        -
 + New bound is 22 (gap is 29.03%)
 *            30     2665  1.49s        3      (gap is 26.67%)
 *            29     2748  1.49s        3      (gap is 24.14%)
 *            27     3873  1.49s        6      (gap is 18.52%)
 ! Using failure-directed search.
 *            26    17255  4.75s        6      (gap is 15.38%)
              26    20214         34    1   F          presenceOf(task_41_mode_2)
 + New bound is 23 (gap is 11.54%)
 *            25     141k  41.54s       2      (gap is 8.00%)
              25    66422         81    1   F         !presenceOf(task_16_mode_2)
 + New bound is 24 (gap is 4.00%)
 ! ----------------------------------------------------------------------------
 ! Search terminated by limit, 14 solutions found.
 ! Best objective         : 25 (gap is 4.00%)
 ! Best bound             : 24
 ! ----------------------------------------------------------------------------
 ! Number of branches     : 5739317
 ! Number of fails        : 977077
 ! Total memory usage     : 19.2 MB (19.1 MB CP Optimizer + 0.2 MB Concert)
 ! Time spent in solve    : 60.03s (60.01s engine + 0.02s extraction)
 ! Search speed (br. / s) : 95639.3
 ! ----------------------------------------------------------------------------
task_0: (start=0, end=0, size=0, length=0)
Task 0 is scheduled in mode 0 from 0 to 0
task_1: (start=0, end=8, size=8, length=8)
Task 1 is scheduled in mode 1 from 0 to 8
task_2: (start=0, end=7, size=7, length=7)
Task 2 is scheduled in mode 0 from 0 to 7
task_3: (start=0, end=3, size=3, length=3)
Task 3 is scheduled in mode 0 from 0 to 3
task_4: (start=0, end=8, size=8, length=8)
Task 4 is scheduled in mode 1 from 0 to 8
task_5: (start=0, end=6, size=6, length=6)
Task 5 is scheduled in mode 1 from 0 to 6
task_6: (start=0, end=9, size=9, length=9)
Task 6 is scheduled in mode 2 from 0 to 9
task_7: (start=0, end=9, size=9, length=9)
Task 7 is scheduled in mode 2 from 0 to 9
task_8: (start=0, end=8, size=8, length=8)
Task 8 is scheduled in mode 1 from 0 to 8
task_9: (start=0, end=9, size=9, length=9)
Task 9 is scheduled in mode 2 from 0 to 9
task_10: (start=3, end=7, size=4, length=4)
Task 10 is scheduled in mode 1 from 3 to 7
task_11: (start=8, end=9, size=1, length=1)
Task 11 is scheduled in mode 0 from 8 to 9
task_12: (start=0, end=6, size=6, length=6)
Task 12 is scheduled in mode 1 from 0 to 6
task_13: (start=0, end=10, size=10, length=10)
Task 13 is scheduled in mode 2 from 0 to 10
task_14: (start=0, end=6, size=6, length=6)
Task 14 is scheduled in mode 2 from 0 to 6
task_15: (start=7, end=8, size=1, length=1)
Task 15 is scheduled in mode 0 from 7 to 8
task_16: (start=8, end=9, size=1, length=1)
Task 16 is scheduled in mode 0 from 8 to 9
task_17: (start=8, end=17, size=9, length=9)
Task 17 is scheduled in mode 2 from 8 to 17
task_18: (start=0, end=5, size=5, length=5)
Task 18 is scheduled in mode 2 from 0 to 5
task_19: (start=8, end=17, size=9, length=9)
Task 19 is scheduled in mode 1 from 8 to 17
task_20: (start=0, end=10, size=10, length=10)
Task 20 is scheduled in mode 2 from 0 to 10
task_21: (start=6, end=9, size=3, length=3)
Task 21 is scheduled in mode 0 from 6 to 9
task_22: (start=10, end=17, size=7, length=7)
Task 22 is scheduled in mode 2 from 10 to 17
task_23: (start=17, end=18, size=1, length=1)
Task 23 is scheduled in mode 0 from 17 to 18
task_24: (start=11, end=14, size=3, length=3)
Task 24 is scheduled in mode 1 from 11 to 14
task_25: (start=9, end=10, size=1, length=1)
Task 25 is scheduled in mode 0 from 9 to 10
task_26: (start=8, end=16, size=8, length=8)
Task 26 is scheduled in mode 2 from 8 to 16
task_27: (start=9, end=15, size=6, length=6)
Task 27 is scheduled in mode 2 from 9 to 15
task_28: (start=9, end=14, size=5, length=5)
Task 28 is scheduled in mode 2 from 9 to 14
task_29: (start=22, end=25, size=3, length=3)
Task 29 is scheduled in mode 1 from 22 to 25
task_30: (start=18, end=25, size=7, length=7)
Task 30 is scheduled in mode 0 from 18 to 25
task_31: (start=17, end=20, size=3, length=3)
Task 31 is scheduled in mode 1 from 17 to 20
task_32: (start=17, end=25, size=8, length=8)
Task 32 is scheduled in mode 1 from 17 to 25
task_33: (start=17, end=22, size=5, length=5)
Task 33 is scheduled in mode 1 from 17 to 22
task_34: (start=15, end=25, size=10, length=10)
Task 34 is scheduled in mode 2 from 15 to 25
task_35: (start=12, end=15, size=3, length=3)
Task 35 is scheduled in mode 2 from 12 to 15
task_36: (start=15, end=19, size=4, length=4)
Task 36 is scheduled in mode 1 from 15 to 19
task_37: (start=18, end=25, size=7, length=7)
Task 37 is scheduled in mode 1 from 18 to 25
task_38: (start=19, end=25, size=6, length=6)
Task 38 is scheduled in mode 1 from 19 to 25
task_39: (start=17, end=25, size=8, length=8)
Task 39 is scheduled in mode 2 from 17 to 25
task_40: (start=10, end=15, size=5, length=5)
Task 40 is scheduled in mode 2 from 10 to 15
task_41: (start=16, end=25, size=9, length=9)
Task 41 is scheduled in mode 2 from 16 to 25
task_42: (start=9, end=10, size=1, length=1)
Task 42 is scheduled in mode 0 from 9 to 10
task_43: (start=19, end=25, size=6, length=6)
Task 43 is scheduled in mode 2 from 19 to 25
task_44: (start=11, end=16, size=5, length=5)
Task 44 is scheduled in mode 0 from 11 to 16
task_45: (start=9, end=11, size=2, length=2)
Task 45 is scheduled in mode 1 from 9 to 11
task_46: (start=20, end=25, size=5, length=5)
Task 46 is scheduled in mode 1 from 20 to 25
task_47: (start=10, end=19, size=9, length=9)
Task 47 is scheduled in mode 2 from 10 to 19
task_48: (start=9, end=12, size=3, length=3)
Task 48 is scheduled in mode 1 from 9 to 12
task_49: (start=15, end=17, size=2, length=2)
Task 49 is scheduled in mode 0 from 15 to 17
task_50: (start=9, end=19, size=10, length=10)
Task 50 is scheduled in mode 2 from 9 to 19
task_51: (start=25, end=25, size=0, length=0)
Task 51 is scheduled in mode 0 from 25 to 25
Feasible solution found
Objective value: 25
Solution is 13.6 % worse than the lower bound.
