78
raw_data/mm-rcpsp/MMLIB50/J5016_3.mm
Time limit set to 60 seconds
Running CP solver
/home/omastto1/General-Optimization-Solver/src/solvers/mmrcpsp.py:42(stream:278:6): Warning: Cumulative expression 'pulse': height is zero, expression is zero everywhere.
                                                                                               VarCumulAtom_421 = pulse(task_0_mode_0, 0)
/home/omastto1/General-Optimization-Solver/src/solvers/mmrcpsp.py:42(stream:278:56): Warning: Cumulative expression 'pulse': height is zero, expression is zero everywhere.
                                                                                                VarCumulAtom_423 = pulse(task_1_mode_1, 0)
/home/omastto1/General-Optimization-Solver/src/solvers/mmrcpsp.py:42(stream:278:81): Warning: Cumulative expression 'pulse': height is zero, expression is zero everywhere.
                                                                                                VarCumulAtom_424 = pulse(task_1_mode_2, 0)
/home/omastto1/General-Optimization-Solver/src/solvers/mmrcpsp.py:42(stream:278:156): Warning: Cumulative expression 'pulse': height is zero, expression is zero everywhere.
                                                                                                 VarCumulAtom_427 = pulse(task_2_mode_2, 0)
/home/omastto1/General-Optimization-Solver/src/solvers/mmrcpsp.py:42(stream:278:206): Warning: Cumulative expression 'pulse': height is zero, expression is zero everywhere.
                                                                                                 VarCumulAtom_429 = pulse(task_3_mode_1, 0)
/home/omastto1/General-Optimization-Solver/src/solvers/mmrcpsp.py:42(stream:278:231): Warning: Cumulative expression 'pulse': height is zero, expression is zero everywhere.
                                                                                                 VarCumulAtom_430 = pulse(task_3_mode_2, 0)
/home/omastto1/General-Optimization-Solver/src/solvers/mmrcpsp.py:42(stream:278:281): Warning: Cumulative expression 'pulse': height is zero, expression is zero everywhere.
                                                                                                 VarCumulAtom_432 = pulse(task_4_mode_1, 0)
/home/omastto1/General-Optimization-Solver/src/solvers/mmrcpsp.py:42(stream:278:306): Warning: Cumulative expression 'pulse': height is zero, expression is zero everywhere.
                                                                                                 VarCumulAtom_433 = pulse(task_4_mode_2, 0)
/home/omastto1/General-Optimization-Solver/src/solvers/mmrcpsp.py:42(stream:278:356): Warning: Cumulative expression 'pulse': height is zero, expression is zero everywhere.
                                                                                                 VarCumulAtom_435 = pulse(task_5_mode_1, 0)
/home/omastto1/General-Optimization-Solver/src/solvers/mmrcpsp.py:42(stream:278:406): Warning: Cumulative expression 'pulse': height is zero, expression is zero everywhere.
                                                                                                 VarCumulAtom_437 = pulse(task_6_mode_0, 0)
/home/omastto1/General-Optimization-Solver/src/solvers/mmrcpsp.py:42(stream:278:431): Warning: Cumulative expression 'pulse': height is zero, expression is zero everywhere.
                                                                                                 VarCumulAtom_438 = pulse(task_6_mode_1, 0)
/home/omastto1/General-Optimization-Solver/src/solvers/mmrcpsp.py:42(stream:278:456): Warning: Cumulative expression 'pulse': height is zero, expression is zero everywhere.
                                                                                                 VarCumulAtom_439 = pulse(task_6_mode_2, 0)
/home/omastto1/General-Optimization-Solver/src/solvers/mmrcpsp.py:42(stream:278:481): Warning: Cumulative expression 'pulse': height is zero, expression is zero everywhere.
                                                                                                 VarCumulAtom_440 = pulse(task_7_mode_0, 0)
/home/omastto1/General-Optimization-Solver/src/solvers/mmrcpsp.py:42(stream:278:531): Warning: Cumulative expression 'pulse': height is zero, expression is zero everywhere.
                                                                                                 VarCumulAtom_442 = pulse(task_7_mode_2, 0)
/home/omastto1/General-Optimization-Solver/src/solvers/mmrcpsp.py:42(stream:278:581): Warning: Cumulative expression 'pulse': height is zero, expression is zero everywhere.
                                                                                                 VarCumulAtom_444 = pulse(task_8_mode_1, 0)
/home/omastto1/General-Optimization-Solver/src/solvers/mmrcpsp.py:42(stream:278:787): Warning: Cumulative expression 'pulse': height is zero, expression is zero everywhere.
                                                                                                 VarCumulAtom_452 = pulse(task_11_mode_0, 0)
/home/omastto1/General-Optimization-Solver/src/solvers/mmrcpsp.py:42(stream:278:839): Warning: Cumulative expression 'pulse': height is zero, expression is zero everywhere.
                                                                                                 VarCumulAtom_454 = pulse(task_11_mode_2, 0)
/home/omastto1/General-Optimization-Solver/src/solvers/mmrcpsp.py:42(stream:278:891): Warning: Cumulative expression 'pulse': height is zero, expression is zero everywhere.
                                                                                                 VarCumulAtom_456 = pulse(task_12_mode_1, 0)
/home/omastto1/General-Optimization-Solver/src/solvers/mmrcpsp.py:42(stream:278:917): Warning: Cumulative expression 'pulse': height is zero, expression is zero everywhere.
                                                                                                 VarCumulAtom_457 = pulse(task_12_mode_2, 0)
/home/omastto1/General-Optimization-Solver/src/solvers/mmrcpsp.py:42(stream:278:1047): Warning: Cumulative expression 'pulse': height is zero, expression is zero everywhere.
                                                                                                  VarCumulAtom_462 = pulse(task_14_mode_1, 0)
   Too many warnings of this type. Suppressing further warnings of this type.
 ! --------------------------------------------------- CP Optimizer 20.1.0.0 --
 ! Minimization problem - 205 variables, 276 constraints
 ! TimeLimit            = 60
 ! Workers              = 14
 ! LogVerbosity         = Terse
 ! Initial process time : 0.01s (0.01s extraction + 0.00s propagation)
 !  . Log search space  : 531.1 (before), 531.1 (after)
 !  . Memory usage      : 1.3 MB (before), 1.3 MB (after)
 ! Using parallel search with 14 workers.
 ! ----------------------------------------------------------------------------
 !          Best Branches  Non-fixed    W       Branch decision
                        0        205                 -
 + New bound is 18
 ! Using iterative diving.
 ! Using temporal relaxation.
 *            34      120  0.71s        1      (gap is 47.06%)
 *            32      316  0.71s        1      (gap is 43.75%)
 *            31      424  0.71s        1      (gap is 41.94%)
 *            30      584  0.71s        1      (gap is 40.00%)
 *            29      692  0.71s        1      (gap is 37.93%)
 *            28      856  0.71s        1      (gap is 35.71%)
 *            27     1026  0.71s        1      (gap is 33.33%)
 *            23     1142  0.71s        1      (gap is 21.74%)
 *            22     1215  0.71s        1      (gap is 18.18%)
 *            21     1257  0.71s        1      (gap is 14.29%)
 *            20     1347  0.71s        1      (gap is 10.00%)
 *            19     1452  0.71s        1      (gap is 5.26%)
 *            18     1525  0.71s        1      (gap is 0.00%)
 ! ----------------------------------------------------------------------------
 ! Search completed, 13 solutions found.
 ! Best objective         : 18 (optimal - effective tol. is 0)
 ! Best bound             : 18
 ! ----------------------------------------------------------------------------
 ! Number of branches     : 71795
 ! Number of fails        : 518
 ! Total memory usage     : 17.8 MB (17.6 MB CP Optimizer + 0.2 MB Concert)
 ! Time spent in solve    : 0.74s (0.73s engine + 0.01s extraction)
 ! Search speed (br. / s) : 99715.3
 ! ----------------------------------------------------------------------------
task_0: (start=0, end=0, size=0, length=0)
Task 0 is scheduled in mode 0 from 0 to 0
task_1: (start=0, end=5, size=5, length=5)
Task 1 is scheduled in mode 0 from 0 to 5
task_2: (start=0, end=3, size=3, length=3)
Task 2 is scheduled in mode 1 from 0 to 3
task_3: (start=0, end=2, size=2, length=2)
Task 3 is scheduled in mode 0 from 0 to 2
task_4: (start=0, end=4, size=4, length=4)
Task 4 is scheduled in mode 1 from 0 to 4
task_5: (start=0, end=1, size=1, length=1)
Task 5 is scheduled in mode 0 from 0 to 1
task_6: (start=0, end=5, size=5, length=5)
Task 6 is scheduled in mode 0 from 0 to 5
task_7: (start=0, end=10, size=10, length=10)
Task 7 is scheduled in mode 2 from 0 to 10
task_8: (start=0, end=6, size=6, length=6)
Task 8 is scheduled in mode 1 from 0 to 6
task_9: (start=0, end=8, size=8, length=8)
Task 9 is scheduled in mode 2 from 0 to 8
task_10: (start=0, end=4, size=4, length=4)
Task 10 is scheduled in mode 0 from 0 to 4
task_11: (start=0, end=8, size=8, length=8)
Task 11 is scheduled in mode 1 from 0 to 8
task_12: (start=0, end=9, size=9, length=9)
Task 12 is scheduled in mode 2 from 0 to 9
task_13: (start=1, end=2, size=1, length=1)
Task 13 is scheduled in mode 0 from 1 to 2
task_14: (start=5, end=11, size=6, length=6)
Task 14 is scheduled in mode 0 from 5 to 11
task_15: (start=10, end=12, size=2, length=2)
Task 15 is scheduled in mode 1 from 10 to 12
task_16: (start=0, end=6, size=6, length=6)
Task 16 is scheduled in mode 2 from 0 to 6
task_17: (start=3, end=6, size=3, length=3)
Task 17 is scheduled in mode 1 from 3 to 6
task_18: (start=0, end=2, size=2, length=2)
Task 18 is scheduled in mode 1 from 0 to 2
task_19: (start=8, end=9, size=1, length=1)
Task 19 is scheduled in mode 0 from 8 to 9
task_20: (start=5, end=7, size=2, length=2)
Task 20 is scheduled in mode 1 from 5 to 7
task_21: (start=0, end=8, size=8, length=8)
Task 21 is scheduled in mode 2 from 0 to 8
task_22: (start=0, end=9, size=9, length=9)
Task 22 is scheduled in mode 2 from 0 to 9
task_23: (start=5, end=12, size=7, length=7)
Task 23 is scheduled in mode 0 from 5 to 12
task_24: (start=3, end=12, size=9, length=9)
Task 24 is scheduled in mode 2 from 3 to 12
task_25: (start=10, end=13, size=3, length=3)
Task 25 is scheduled in mode 0 from 10 to 13
task_26: (start=5, end=9, size=4, length=4)
Task 26 is scheduled in mode 0 from 5 to 9
task_27: (start=8, end=9, size=1, length=1)
Task 27 is scheduled in mode 0 from 8 to 9
task_28: (start=11, end=12, size=1, length=1)
Task 28 is scheduled in mode 0 from 11 to 12
task_29: (start=5, end=15, size=10, length=10)
Task 29 is scheduled in mode 2 from 5 to 15
task_30: (start=6, end=12, size=6, length=6)
Task 30 is scheduled in mode 2 from 6 to 12
task_31: (start=12, end=15, size=3, length=3)
Task 31 is scheduled in mode 0 from 12 to 15
task_32: (start=12, end=13, size=1, length=1)
Task 32 is scheduled in mode 1 from 12 to 13
task_33: (start=11, end=15, size=4, length=4)
Task 33 is scheduled in mode 0 from 11 to 15
task_34: (start=11, end=13, size=2, length=2)
Task 34 is scheduled in mode 1 from 11 to 13
task_35: (start=10, end=13, size=3, length=3)
Task 35 is scheduled in mode 1 from 10 to 13
task_36: (start=10, end=14, size=4, length=4)
Task 36 is scheduled in mode 1 from 10 to 14
task_37: (start=15, end=18, size=3, length=3)
Task 37 is scheduled in mode 1 from 15 to 18
task_38: (start=13, end=17, size=4, length=4)
Task 38 is scheduled in mode 0 from 13 to 17
task_39: (start=15, end=18, size=3, length=3)
Task 39 is scheduled in mode 0 from 15 to 18
task_40: (start=13, end=18, size=5, length=5)
Task 40 is scheduled in mode 1 from 13 to 18
task_41: (start=12, end=13, size=1, length=1)
Task 41 is scheduled in mode 0 from 12 to 13
task_42: (start=12, end=15, size=3, length=3)
Task 42 is scheduled in mode 2 from 12 to 15
task_43: (start=9, end=17, size=8, length=8)
Task 43 is scheduled in mode 1 from 9 to 17
task_44: (start=12, end=15, size=3, length=3)
Task 44 is scheduled in mode 0 from 12 to 15
task_45: (start=13, end=15, size=2, length=2)
Task 45 is scheduled in mode 1 from 13 to 15
task_46: (start=12, end=17, size=5, length=5)
Task 46 is scheduled in mode 0 from 12 to 17
task_47: (start=12, end=13, size=1, length=1)
Task 47 is scheduled in mode 1 from 12 to 13
task_48: (start=10, end=11, size=1, length=1)
Task 48 is scheduled in mode 0 from 10 to 11
task_49: (start=8, end=15, size=7, length=7)
Task 49 is scheduled in mode 2 from 8 to 15
task_50: (start=12, end=18, size=6, length=6)
Task 50 is scheduled in mode 1 from 12 to 18
task_51: (start=18, end=18, size=0, length=0)
Task 51 is scheduled in mode 0 from 18 to 18
Optimal solution found
Objective value: 18
Solution is optimal.
