31
raw_data/mm-rcpsp/MMLIB50/J507_1.mm
Time limit set to 60 seconds
Running CP solver
/home/omastto1/General-Optimization-Solver/src/solvers/mmrcpsp.py:42(stream:276:6): Warning: Cumulative expression 'pulse': height is zero, expression is zero everywhere.
                                                                                               VarCumulAtom_419 = pulse(task_0_mode_0, 0)
/home/omastto1/General-Optimization-Solver/src/solvers/mmrcpsp.py:42(stream:276:3907): Warning: Cumulative expression 'pulse': height is zero, expression is zero everywhere.
                                                                                                  VarCumulAtom_570 = pulse(task_51_mode_0, 0)
/home/omastto1/General-Optimization-Solver/src/solvers/mmrcpsp.py:42(stream:277:6): Warning: Cumulative expression 'pulse': height is zero, expression is zero everywhere.
                                                                                               VarCumulAtom_574 = pulse(task_0_mode_0, 0)
/home/omastto1/General-Optimization-Solver/src/solvers/mmrcpsp.py:42(stream:277:3911): Warning: Cumulative expression 'pulse': height is zero, expression is zero everywhere.
                                                                                                  VarCumulAtom_725 = pulse(task_51_mode_0, 0)
 ! --------------------------------------------------- CP Optimizer 20.1.0.0 --
 ! Minimization problem - 205 variables, 275 constraints
 ! TimeLimit            = 60
 ! Workers              = 14
 ! LogVerbosity         = Terse
 ! Initial process time : 0.01s (0.01s extraction + 0.00s propagation)
 !  . Log search space  : 530.0 (before), 530.0 (after)
 !  . Memory usage      : 1.3 MB (before), 1.3 MB (after)
 ! Using parallel search with 14 workers.
 ! ----------------------------------------------------------------------------
 !          Best Branches  Non-fixed    W       Branch decision
                        0        205                 -
 + New bound is 20
 ! Using iterative diving.
 ! Using temporal relaxation.
                        0        205    1            -
 + New bound is 22
 *            68      379  0.84s        1      (gap is 67.65%)
 *            58      853  0.84s        1      (gap is 62.07%)
 *            56      859  0.84s        4      (gap is 60.71%)
 *            55     2066  1.42s        1      (gap is 60.00%)
 *            54     2588  1.42s        1      (gap is 59.26%)
 *            53     2511  1.42s        9      (gap is 58.49%)
 *            52     3520  2.04s        1      (gap is 57.69%)
 *            51     5695  2.63s       10      (gap is 56.86%)
 *            50     8522  3.80s       11      (gap is 56.00%)
 ! Using failure-directed search.
 *            49    24761  7.83s        2      (gap is 55.10%)
 *            48    24216  7.83s        4      (gap is 54.17%)
 *            47    25617  8.50s        9      (gap is 53.19%)
 *            46    57430  18.46s       9      (gap is 52.17%)
 *            45    85182  28.33s       7      (gap is 51.11%)
 ! ----------------------------------------------------------------------------
 ! Search terminated by limit, 14 solutions found.
 ! Best objective         : 45 (gap is 51.11%)
 ! Best bound             : 22
 ! ----------------------------------------------------------------------------
 ! Number of branches     : 5645168
 ! Number of fails        : 988617
 ! Total memory usage     : 20.0 MB (19.9 MB CP Optimizer + 0.2 MB Concert)
 ! Time spent in solve    : 60.05s (60.04s engine + 0.01s extraction)
 ! Search speed (br. / s) : 94039.1
 ! ----------------------------------------------------------------------------
task_0: (start=0, end=0, size=0, length=0)
Task 0 is scheduled in mode 0 from 0 to 0
task_1: (start=0, end=4, size=4, length=4)
Task 1 is scheduled in mode 1 from 0 to 4
task_2: (start=0, end=9, size=9, length=9)
Task 2 is scheduled in mode 2 from 0 to 9
task_3: (start=0, end=9, size=9, length=9)
Task 3 is scheduled in mode 2 from 0 to 9
task_4: (start=4, end=13, size=9, length=9)
Task 4 is scheduled in mode 2 from 4 to 13
task_5: (start=0, end=9, size=9, length=9)
Task 5 is scheduled in mode 2 from 0 to 9
task_6: (start=7, end=13, size=6, length=6)
Task 6 is scheduled in mode 1 from 7 to 13
task_7: (start=0, end=8, size=8, length=8)
Task 7 is scheduled in mode 1 from 0 to 8
task_8: (start=8, end=14, size=6, length=6)
Task 8 is scheduled in mode 1 from 8 to 14
task_9: (start=3, end=10, size=7, length=7)
Task 9 is scheduled in mode 2 from 3 to 10
task_10: (start=0, end=4, size=4, length=4)
Task 10 is scheduled in mode 1 from 0 to 4
task_11: (start=15, end=23, size=8, length=8)
Task 11 is scheduled in mode 2 from 15 to 23
task_12: (start=4, end=14, size=10, length=10)
Task 12 is scheduled in mode 2 from 4 to 14
task_13: (start=14, end=23, size=9, length=9)
Task 13 is scheduled in mode 2 from 14 to 23
task_14: (start=8, end=13, size=5, length=5)
Task 14 is scheduled in mode 1 from 8 to 13
task_15: (start=0, end=3, size=3, length=3)
Task 15 is scheduled in mode 1 from 0 to 3
task_16: (start=9, end=19, size=10, length=10)
Task 16 is scheduled in mode 2 from 9 to 19
task_17: (start=0, end=7, size=7, length=7)
Task 17 is scheduled in mode 2 from 0 to 7
task_18: (start=13, end=23, size=10, length=10)
Task 18 is scheduled in mode 2 from 13 to 23
task_19: (start=22, end=29, size=7, length=7)
Task 19 is scheduled in mode 2 from 22 to 29
task_20: (start=29, end=35, size=6, length=6)
Task 20 is scheduled in mode 2 from 29 to 35
task_21: (start=19, end=26, size=7, length=7)
Task 21 is scheduled in mode 2 from 19 to 26
task_22: (start=23, end=29, size=6, length=6)
Task 22 is scheduled in mode 1 from 23 to 29
task_23: (start=23, end=30, size=7, length=7)
Task 23 is scheduled in mode 1 from 23 to 30
task_24: (start=14, end=22, size=8, length=8)
Task 24 is scheduled in mode 1 from 14 to 22
task_25: (start=16, end=24, size=8, length=8)
Task 25 is scheduled in mode 2 from 16 to 24
task_26: (start=29, end=35, size=6, length=6)
Task 26 is scheduled in mode 2 from 29 to 35
task_27: (start=13, end=15, size=2, length=2)
Task 27 is scheduled in mode 0 from 13 to 15
task_28: (start=19, end=29, size=10, length=10)
Task 28 is scheduled in mode 2 from 19 to 29
task_29: (start=10, end=19, size=9, length=9)
Task 29 is scheduled in mode 2 from 10 to 19
task_30: (start=30, end=33, size=3, length=3)
Task 30 is scheduled in mode 1 from 30 to 33
task_31: (start=26, end=35, size=9, length=9)
Task 31 is scheduled in mode 2 from 26 to 35
task_32: (start=31, end=34, size=3, length=3)
Task 32 is scheduled in mode 0 from 31 to 34
task_33: (start=35, end=36, size=1, length=1)
Task 33 is scheduled in mode 0 from 35 to 36
task_34: (start=36, end=45, size=9, length=9)
Task 34 is scheduled in mode 2 from 36 to 45
task_35: (start=34, end=44, size=10, length=10)
Task 35 is scheduled in mode 2 from 34 to 44
task_36: (start=35, end=45, size=10, length=10)
Task 36 is scheduled in mode 2 from 35 to 45
task_37: (start=40, end=41, size=1, length=1)
Task 37 is scheduled in mode 0 from 40 to 41
task_38: (start=35, end=45, size=10, length=10)
Task 38 is scheduled in mode 2 from 35 to 45
task_39: (start=35, end=41, size=6, length=6)
Task 39 is scheduled in mode 2 from 35 to 41
task_40: (start=41, end=42, size=1, length=1)
Task 40 is scheduled in mode 0 from 41 to 42
task_41: (start=24, end=34, size=10, length=10)
Task 41 is scheduled in mode 2 from 24 to 34
task_42: (start=35, end=45, size=10, length=10)
Task 42 is scheduled in mode 2 from 35 to 45
task_43: (start=36, end=40, size=4, length=4)
Task 43 is scheduled in mode 0 from 36 to 40
task_44: (start=26, end=31, size=5, length=5)
Task 44 is scheduled in mode 2 from 26 to 31
task_45: (start=42, end=45, size=3, length=3)
Task 45 is scheduled in mode 0 from 42 to 45
task_46: (start=35, end=45, size=10, length=10)
Task 46 is scheduled in mode 2 from 35 to 45
task_47: (start=33, end=35, size=2, length=2)
Task 47 is scheduled in mode 1 from 33 to 35
task_48: (start=15, end=16, size=1, length=1)
Task 48 is scheduled in mode 0 from 15 to 16
task_49: (start=34, end=42, size=8, length=8)
Task 49 is scheduled in mode 2 from 34 to 42
task_50: (start=13, end=15, size=2, length=2)
Task 50 is scheduled in mode 1 from 13 to 15
task_51: (start=45, end=45, size=0, length=0)
Task 51 is scheduled in mode 0 from 45 to 45
Feasible solution found
Objective value: 45
Solution is 50.0 % worse than the lower bound.
