17
raw_data/mm-rcpsp/MMLIB50/J504_2.mm
Time limit set to 60 seconds
Running CP solver
/home/omastto1/General-Optimization-Solver/src/solvers/mmrcpsp.py:42(stream:276:6): Warning: Cumulative expression 'pulse': height is zero, expression is zero everywhere.
                                                                                               VarCumulAtom_419 = pulse(task_0_mode_0, 0)
/home/omastto1/General-Optimization-Solver/src/solvers/mmrcpsp.py:42(stream:276:31): Warning: Cumulative expression 'pulse': height is zero, expression is zero everywhere.
                                                                                                VarCumulAtom_420 = pulse(task_1_mode_0, 0)
/home/omastto1/General-Optimization-Solver/src/solvers/mmrcpsp.py:42(stream:276:106): Warning: Cumulative expression 'pulse': height is zero, expression is zero everywhere.
                                                                                                 VarCumulAtom_423 = pulse(task_2_mode_0, 0)
/home/omastto1/General-Optimization-Solver/src/solvers/mmrcpsp.py:42(stream:276:206): Warning: Cumulative expression 'pulse': height is zero, expression is zero everywhere.
                                                                                                 VarCumulAtom_427 = pulse(task_3_mode_1, 0)
/home/omastto1/General-Optimization-Solver/src/solvers/mmrcpsp.py:42(stream:276:231): Warning: Cumulative expression 'pulse': height is zero, expression is zero everywhere.
                                                                                                 VarCumulAtom_428 = pulse(task_3_mode_2, 0)
/home/omastto1/General-Optimization-Solver/src/solvers/mmrcpsp.py:42(stream:276:281): Warning: Cumulative expression 'pulse': height is zero, expression is zero everywhere.
                                                                                                 VarCumulAtom_430 = pulse(task_4_mode_1, 0)
/home/omastto1/General-Optimization-Solver/src/solvers/mmrcpsp.py:42(stream:276:306): Warning: Cumulative expression 'pulse': height is zero, expression is zero everywhere.
                                                                                                 VarCumulAtom_431 = pulse(task_4_mode_2, 0)
/home/omastto1/General-Optimization-Solver/src/solvers/mmrcpsp.py:42(stream:276:381): Warning: Cumulative expression 'pulse': height is zero, expression is zero everywhere.
                                                                                                 VarCumulAtom_434 = pulse(task_5_mode_2, 0)
/home/omastto1/General-Optimization-Solver/src/solvers/mmrcpsp.py:42(stream:276:406): Warning: Cumulative expression 'pulse': height is zero, expression is zero everywhere.
                                                                                                 VarCumulAtom_435 = pulse(task_6_mode_0, 0)
/home/omastto1/General-Optimization-Solver/src/solvers/mmrcpsp.py:42(stream:276:456): Warning: Cumulative expression 'pulse': height is zero, expression is zero everywhere.
                                                                                                 VarCumulAtom_437 = pulse(task_6_mode_2, 0)
/home/omastto1/General-Optimization-Solver/src/solvers/mmrcpsp.py:42(stream:276:531): Warning: Cumulative expression 'pulse': height is zero, expression is zero everywhere.
                                                                                                 VarCumulAtom_440 = pulse(task_7_mode_2, 0)
/home/omastto1/General-Optimization-Solver/src/solvers/mmrcpsp.py:42(stream:276:581): Warning: Cumulative expression 'pulse': height is zero, expression is zero everywhere.
                                                                                                 VarCumulAtom_442 = pulse(task_8_mode_1, 0)
/home/omastto1/General-Optimization-Solver/src/solvers/mmrcpsp.py:42(stream:276:681): Warning: Cumulative expression 'pulse': height is zero, expression is zero everywhere.
                                                                                                 VarCumulAtom_446 = pulse(task_9_mode_2, 0)
/home/omastto1/General-Optimization-Solver/src/solvers/mmrcpsp.py:42(stream:276:706): Warning: Cumulative expression 'pulse': height is zero, expression is zero everywhere.
                                                                                                 VarCumulAtom_447 = pulse(task_10_mode_0, 0)
/home/omastto1/General-Optimization-Solver/src/solvers/mmrcpsp.py:42(stream:276:758): Warning: Cumulative expression 'pulse': height is zero, expression is zero everywhere.
                                                                                                 VarCumulAtom_449 = pulse(task_10_mode_2, 0)
/home/omastto1/General-Optimization-Solver/src/solvers/mmrcpsp.py:42(stream:276:784): Warning: Cumulative expression 'pulse': height is zero, expression is zero everywhere.
                                                                                                 VarCumulAtom_450 = pulse(task_11_mode_0, 0)
/home/omastto1/General-Optimization-Solver/src/solvers/mmrcpsp.py:42(stream:276:810): Warning: Cumulative expression 'pulse': height is zero, expression is zero everywhere.
                                                                                                 VarCumulAtom_451 = pulse(task_11_mode_1, 0)
/home/omastto1/General-Optimization-Solver/src/solvers/mmrcpsp.py:42(stream:276:836): Warning: Cumulative expression 'pulse': height is zero, expression is zero everywhere.
                                                                                                 VarCumulAtom_452 = pulse(task_11_mode_2, 0)
/home/omastto1/General-Optimization-Solver/src/solvers/mmrcpsp.py:42(stream:276:888): Warning: Cumulative expression 'pulse': height is zero, expression is zero everywhere.
                                                                                                 VarCumulAtom_454 = pulse(task_12_mode_1, 0)
/home/omastto1/General-Optimization-Solver/src/solvers/mmrcpsp.py:42(stream:276:940): Warning: Cumulative expression 'pulse': height is zero, expression is zero everywhere.
                                                                                                 VarCumulAtom_456 = pulse(task_13_mode_0, 0)
   Too many warnings of this type. Suppressing further warnings of this type.
 ! --------------------------------------------------- CP Optimizer 20.1.0.0 --
 ! Minimization problem - 205 variables, 297 constraints
 ! TimeLimit            = 60
 ! Workers              = 14
 ! LogVerbosity         = Terse
 ! Initial process time : 0.02s (0.02s extraction + 0.00s propagation)
 !  . Log search space  : 521.6 (before), 521.6 (after)
 !  . Memory usage      : 1.3 MB (before), 1.3 MB (after)
 ! Using parallel search with 14 workers.
 ! ----------------------------------------------------------------------------
 !          Best Branches  Non-fixed    W       Branch decision
                        0        205                 -
 + New bound is 18
 ! Using iterative diving.
 ! Using temporal relaxation.
 *            35      118  0.84s        1      (gap is 48.57%)
 *            34      316  0.84s        1      (gap is 47.06%)
 *            33      424  0.84s        1      (gap is 45.45%)
 *            32      532  0.84s        1      (gap is 43.75%)
 *            31      836  0.84s        1      (gap is 41.94%)
 *            30     1006  0.84s        1      (gap is 40.00%)
 *            28     1128  0.84s        1      (gap is 35.71%)
 *            27     1180  0.84s        1      (gap is 33.33%)
 *            26     1227  0.84s        1      (gap is 30.77%)
 *            25     1346  0.84s        1      (gap is 28.00%)
 *            24     1603  0.84s        1      (gap is 25.00%)
 *            23     1396  0.84s        3      (gap is 21.74%)
 *            22     1885  0.84s        4      (gap is 18.18%)
 ! Using failure-directed search.
 *            21     3505  1.53s        2      (gap is 14.29%)
 *            20     4878  1.53s        4      (gap is 10.00%)
 *            19    12156  3.50s        2      (gap is 5.26%)
 *            18    24401  18.62s       1      (gap is 0.00%)
 ! ----------------------------------------------------------------------------
 ! Search completed, 17 solutions found.
 ! Best objective         : 18 (optimal - effective tol. is 0)
 ! Best bound             : 18
 ! ----------------------------------------------------------------------------
 ! Number of branches     : 1667378
 ! Number of fails        : 338211
 ! Total memory usage     : 18.2 MB (18.0 MB CP Optimizer + 0.2 MB Concert)
 ! Time spent in solve    : 19.23s (19.21s engine + 0.02s extraction)
 ! Search speed (br. / s) : 86797.4
 ! ----------------------------------------------------------------------------
task_0: (start=0, end=0, size=0, length=0)
Task 0 is scheduled in mode 0 from 0 to 0
task_1: (start=0, end=1, size=1, length=1)
Task 1 is scheduled in mode 0 from 0 to 1
task_2: (start=0, end=1, size=1, length=1)
Task 2 is scheduled in mode 0 from 0 to 1
task_3: (start=0, end=4, size=4, length=4)
Task 3 is scheduled in mode 0 from 0 to 4
task_4: (start=1, end=5, size=4, length=4)
Task 4 is scheduled in mode 1 from 1 to 5
task_5: (start=0, end=5, size=5, length=5)
Task 5 is scheduled in mode 0 from 0 to 5
task_6: (start=0, end=3, size=3, length=3)
Task 6 is scheduled in mode 1 from 0 to 3
task_7: (start=0, end=2, size=2, length=2)
Task 7 is scheduled in mode 0 from 0 to 2
task_8: (start=1, end=5, size=4, length=4)
Task 8 is scheduled in mode 1 from 1 to 5
task_9: (start=2, end=6, size=4, length=4)
Task 9 is scheduled in mode 0 from 2 to 6
task_10: (start=0, end=5, size=5, length=5)
Task 10 is scheduled in mode 1 from 0 to 5
task_11: (start=0, end=2, size=2, length=2)
Task 11 is scheduled in mode 1 from 0 to 2
task_12: (start=6, end=7, size=1, length=1)
Task 12 is scheduled in mode 0 from 6 to 7
task_13: (start=0, end=2, size=2, length=2)
Task 13 is scheduled in mode 0 from 0 to 2
task_14: (start=2, end=5, size=3, length=3)
Task 14 is scheduled in mode 1 from 2 to 5
task_15: (start=0, end=4, size=4, length=4)
Task 15 is scheduled in mode 0 from 0 to 4
task_16: (start=4, end=5, size=1, length=1)
Task 16 is scheduled in mode 0 from 4 to 5
task_17: (start=2, end=12, size=10, length=10)
Task 17 is scheduled in mode 2 from 2 to 12
task_18: (start=3, end=5, size=2, length=2)
Task 18 is scheduled in mode 0 from 3 to 5
task_19: (start=4, end=11, size=7, length=7)
Task 19 is scheduled in mode 2 from 4 to 11
task_20: (start=2, end=5, size=3, length=3)
Task 20 is scheduled in mode 0 from 2 to 5
task_21: (start=9, end=13, size=4, length=4)
Task 21 is scheduled in mode 0 from 9 to 13
task_22: (start=5, end=9, size=4, length=4)
Task 22 is scheduled in mode 0 from 5 to 9
task_23: (start=7, end=14, size=7, length=7)
Task 23 is scheduled in mode 1 from 7 to 14
task_24: (start=4, end=13, size=9, length=9)
Task 24 is scheduled in mode 2 from 4 to 13
task_25: (start=5, end=11, size=6, length=6)
Task 25 is scheduled in mode 1 from 5 to 11
task_26: (start=11, end=13, size=2, length=2)
Task 26 is scheduled in mode 1 from 11 to 13
task_27: (start=13, end=14, size=1, length=1)
Task 27 is scheduled in mode 0 from 13 to 14
task_28: (start=5, end=13, size=8, length=8)
Task 28 is scheduled in mode 2 from 5 to 13
task_29: (start=5, end=6, size=1, length=1)
Task 29 is scheduled in mode 0 from 5 to 6
task_30: (start=2, end=6, size=4, length=4)
Task 30 is scheduled in mode 1 from 2 to 6
task_31: (start=12, end=15, size=3, length=3)
Task 31 is scheduled in mode 0 from 12 to 15
task_32: (start=5, end=13, size=8, length=8)
Task 32 is scheduled in mode 0 from 5 to 13
task_33: (start=5, end=12, size=7, length=7)
Task 33 is scheduled in mode 2 from 5 to 12
task_34: (start=6, end=16, size=10, length=10)
Task 34 is scheduled in mode 2 from 6 to 16
task_35: (start=4, end=11, size=7, length=7)
Task 35 is scheduled in mode 2 from 4 to 11
task_36: (start=6, end=16, size=10, length=10)
Task 36 is scheduled in mode 2 from 6 to 16
task_37: (start=15, end=18, size=3, length=3)
Task 37 is scheduled in mode 0 from 15 to 18
task_38: (start=13, end=18, size=5, length=5)
Task 38 is scheduled in mode 0 from 13 to 18
task_39: (start=14, end=18, size=4, length=4)
Task 39 is scheduled in mode 1 from 14 to 18
task_40: (start=14, end=16, size=2, length=2)
Task 40 is scheduled in mode 1 from 14 to 16
task_41: (start=13, end=18, size=5, length=5)
Task 41 is scheduled in mode 2 from 13 to 18
task_42: (start=16, end=18, size=2, length=2)
Task 42 is scheduled in mode 0 from 16 to 18
task_43: (start=13, end=18, size=5, length=5)
Task 43 is scheduled in mode 0 from 13 to 18
task_44: (start=12, end=18, size=6, length=6)
Task 44 is scheduled in mode 1 from 12 to 18
task_45: (start=16, end=18, size=2, length=2)
Task 45 is scheduled in mode 0 from 16 to 18
task_46: (start=14, end=18, size=4, length=4)
Task 46 is scheduled in mode 0 from 14 to 18
task_47: (start=14, end=18, size=4, length=4)
Task 47 is scheduled in mode 1 from 14 to 18
task_48: (start=12, end=17, size=5, length=5)
Task 48 is scheduled in mode 2 from 12 to 17
task_49: (start=11, end=18, size=7, length=7)
Task 49 is scheduled in mode 1 from 11 to 18
task_50: (start=5, end=13, size=8, length=8)
Task 50 is scheduled in mode 2 from 5 to 13
task_51: (start=18, end=18, size=0, length=0)
Task 51 is scheduled in mode 0 from 18 to 18
Optimal solution found
Objective value: 18
Solution is 0.0 % worse than the lower bound.
