10
raw_data/mm-rcpsp/MMLIB50/J502_5.mm
Time limit set to 60 seconds
Running CP solver
/home/omastto1/General-Optimization-Solver/src/solvers/mmrcpsp.py:42(stream:276:6): Warning: Cumulative expression 'pulse': height is zero, expression is zero everywhere.
                                                                                               VarCumulAtom_419 = pulse(task_0_mode_0, 0)
/home/omastto1/General-Optimization-Solver/src/solvers/mmrcpsp.py:42(stream:276:206): Warning: Cumulative expression 'pulse': height is zero, expression is zero everywhere.
                                                                                                 VarCumulAtom_427 = pulse(task_3_mode_1, 0)
/home/omastto1/General-Optimization-Solver/src/solvers/mmrcpsp.py:42(stream:276:256): Warning: Cumulative expression 'pulse': height is zero, expression is zero everywhere.
                                                                                                 VarCumulAtom_429 = pulse(task_4_mode_0, 0)
/home/omastto1/General-Optimization-Solver/src/solvers/mmrcpsp.py:42(stream:276:281): Warning: Cumulative expression 'pulse': height is zero, expression is zero everywhere.
                                                                                                 VarCumulAtom_430 = pulse(task_4_mode_1, 0)
/home/omastto1/General-Optimization-Solver/src/solvers/mmrcpsp.py:42(stream:276:331): Warning: Cumulative expression 'pulse': height is zero, expression is zero everywhere.
                                                                                                 VarCumulAtom_432 = pulse(task_5_mode_0, 0)
/home/omastto1/General-Optimization-Solver/src/solvers/mmrcpsp.py:42(stream:276:356): Warning: Cumulative expression 'pulse': height is zero, expression is zero everywhere.
                                                                                                 VarCumulAtom_433 = pulse(task_5_mode_1, 0)
/home/omastto1/General-Optimization-Solver/src/solvers/mmrcpsp.py:42(stream:276:381): Warning: Cumulative expression 'pulse': height is zero, expression is zero everywhere.
                                                                                                 VarCumulAtom_434 = pulse(task_5_mode_2, 0)
/home/omastto1/General-Optimization-Solver/src/solvers/mmrcpsp.py:42(stream:276:406): Warning: Cumulative expression 'pulse': height is zero, expression is zero everywhere.
                                                                                                 VarCumulAtom_435 = pulse(task_6_mode_0, 0)
/home/omastto1/General-Optimization-Solver/src/solvers/mmrcpsp.py:42(stream:276:431): Warning: Cumulative expression 'pulse': height is zero, expression is zero everywhere.
                                                                                                 VarCumulAtom_436 = pulse(task_6_mode_1, 0)
/home/omastto1/General-Optimization-Solver/src/solvers/mmrcpsp.py:42(stream:276:456): Warning: Cumulative expression 'pulse': height is zero, expression is zero everywhere.
                                                                                                 VarCumulAtom_437 = pulse(task_6_mode_2, 0)
/home/omastto1/General-Optimization-Solver/src/solvers/mmrcpsp.py:42(stream:276:506): Warning: Cumulative expression 'pulse': height is zero, expression is zero everywhere.
                                                                                                 VarCumulAtom_439 = pulse(task_7_mode_1, 0)
/home/omastto1/General-Optimization-Solver/src/solvers/mmrcpsp.py:42(stream:276:581): Warning: Cumulative expression 'pulse': height is zero, expression is zero everywhere.
                                                                                                 VarCumulAtom_442 = pulse(task_8_mode_1, 0)
/home/omastto1/General-Optimization-Solver/src/solvers/mmrcpsp.py:42(stream:276:656): Warning: Cumulative expression 'pulse': height is zero, expression is zero everywhere.
                                                                                                 VarCumulAtom_445 = pulse(task_9_mode_1, 0)
/home/omastto1/General-Optimization-Solver/src/solvers/mmrcpsp.py:42(stream:276:758): Warning: Cumulative expression 'pulse': height is zero, expression is zero everywhere.
                                                                                                 VarCumulAtom_449 = pulse(task_10_mode_2, 0)
/home/omastto1/General-Optimization-Solver/src/solvers/mmrcpsp.py:42(stream:276:784): Warning: Cumulative expression 'pulse': height is zero, expression is zero everywhere.
                                                                                                 VarCumulAtom_450 = pulse(task_11_mode_0, 0)
/home/omastto1/General-Optimization-Solver/src/solvers/mmrcpsp.py:42(stream:276:810): Warning: Cumulative expression 'pulse': height is zero, expression is zero everywhere.
                                                                                                 VarCumulAtom_451 = pulse(task_11_mode_1, 0)
/home/omastto1/General-Optimization-Solver/src/solvers/mmrcpsp.py:42(stream:276:836): Warning: Cumulative expression 'pulse': height is zero, expression is zero everywhere.
                                                                                                 VarCumulAtom_452 = pulse(task_11_mode_2, 0)
/home/omastto1/General-Optimization-Solver/src/solvers/mmrcpsp.py:42(stream:276:862): Warning: Cumulative expression 'pulse': height is zero, expression is zero everywhere.
                                                                                                 VarCumulAtom_453 = pulse(task_12_mode_0, 0)
/home/omastto1/General-Optimization-Solver/src/solvers/mmrcpsp.py:42(stream:276:888): Warning: Cumulative expression 'pulse': height is zero, expression is zero everywhere.
                                                                                                 VarCumulAtom_454 = pulse(task_12_mode_1, 0)
/home/omastto1/General-Optimization-Solver/src/solvers/mmrcpsp.py:42(stream:276:914): Warning: Cumulative expression 'pulse': height is zero, expression is zero everywhere.
                                                                                                 VarCumulAtom_455 = pulse(task_12_mode_2, 0)
   Too many warnings of this type. Suppressing further warnings of this type.
 ! --------------------------------------------------- CP Optimizer 20.1.0.0 --
 ! Minimization problem - 205 variables, 304 constraints
 ! TimeLimit            = 60
 ! Workers              = 14
 ! LogVerbosity         = Terse
 ! Initial process time : 0.02s (0.02s extraction + 0.00s propagation)
 !  . Log search space  : 516.5 (before), 516.5 (after)
 !  . Memory usage      : 1.3 MB (before), 1.3 MB (after)
 ! Using parallel search with 14 workers.
 ! ----------------------------------------------------------------------------
 !          Best Branches  Non-fixed    W       Branch decision
                        0        205                 -
 + New bound is 18
 ! Using iterative diving.
 ! Using temporal relaxation.
 *            42      109  0.82s        1      (gap is 57.14%)
 *            41      273  0.82s        1      (gap is 56.10%)
 *            38      381  0.82s        1      (gap is 52.63%)
 *            37      653  0.82s        1      (gap is 51.35%)
 *            31      819  0.82s        1      (gap is 41.94%)
 *            30     1123  0.82s        1      (gap is 40.00%)
 *            29     1483  0.82s        8      (gap is 37.93%)
              29     1523          2    8   F        -
 + New bound is 19 (gap is 34.48%)
 *            26     1909  1.47s        1      (gap is 26.92%)
 *            25     5799  2.09s        8      (gap is 24.00%)
 *            24    18829  3.82s        8      (gap is 20.83%)
 *            23    19043  5.60s        3      (gap is 17.39%)
 ! Using failure-directed search.
              23    25841          2    1   F         !presenceOf(task_48_mode_2)
 + New bound is 20 (gap is 13.04%)
 ! ----------------------------------------------------------------------------
 ! Search terminated by limit, 11 solutions found.
 ! Best objective         : 23 (gap is 13.04%)
 ! Best bound             : 20
 ! ----------------------------------------------------------------------------
 ! Number of branches     : 5536198
 ! Number of fails        : 879468
 ! Total memory usage     : 19.1 MB (18.9 MB CP Optimizer + 0.2 MB Concert)
 ! Time spent in solve    : 60.03s (60.01s engine + 0.02s extraction)
 ! Search speed (br. / s) : 92254.6
 ! ----------------------------------------------------------------------------
task_0: (start=0, end=0, size=0, length=0)
Task 0 is scheduled in mode 0 from 0 to 0
task_1: (start=0, end=4, size=4, length=4)
Task 1 is scheduled in mode 1 from 0 to 4
task_2: (start=0, end=3, size=3, length=3)
Task 2 is scheduled in mode 0 from 0 to 3
task_3: (start=0, end=3, size=3, length=3)
Task 3 is scheduled in mode 0 from 0 to 3
task_4: (start=0, end=5, size=5, length=5)
Task 4 is scheduled in mode 1 from 0 to 5
task_5: (start=0, end=9, size=9, length=9)
Task 5 is scheduled in mode 2 from 0 to 9
task_6: (start=0, end=3, size=3, length=3)
Task 6 is scheduled in mode 0 from 0 to 3
task_7: (start=0, end=10, size=10, length=10)
Task 7 is scheduled in mode 2 from 0 to 10
task_8: (start=2, end=6, size=4, length=4)
Task 8 is scheduled in mode 2 from 2 to 6
task_9: (start=5, end=8, size=3, length=3)
Task 9 is scheduled in mode 1 from 5 to 8
task_10: (start=0, end=5, size=5, length=5)
Task 10 is scheduled in mode 2 from 0 to 5
task_11: (start=0, end=5, size=5, length=5)
Task 11 is scheduled in mode 2 from 0 to 5
task_12: (start=0, end=7, size=7, length=7)
Task 12 is scheduled in mode 2 from 0 to 7
task_13: (start=0, end=9, size=9, length=9)
Task 13 is scheduled in mode 2 from 0 to 9
task_14: (start=5, end=6, size=1, length=1)
Task 14 is scheduled in mode 1 from 5 to 6
task_15: (start=4, end=12, size=8, length=8)
Task 15 is scheduled in mode 2 from 4 to 12
task_16: (start=0, end=2, size=2, length=2)
Task 16 is scheduled in mode 1 from 0 to 2
task_17: (start=3, end=10, size=7, length=7)
Task 17 is scheduled in mode 2 from 3 to 10
task_18: (start=4, end=14, size=10, length=10)
Task 18 is scheduled in mode 2 from 4 to 14
task_19: (start=4, end=10, size=6, length=6)
Task 19 is scheduled in mode 2 from 4 to 10
task_20: (start=2, end=11, size=9, length=9)
Task 20 is scheduled in mode 2 from 2 to 11
task_21: (start=10, end=16, size=6, length=6)
Task 21 is scheduled in mode 1 from 10 to 16
task_22: (start=10, end=20, size=10, length=10)
Task 22 is scheduled in mode 2 from 10 to 20
task_23: (start=4, end=14, size=10, length=10)
Task 23 is scheduled in mode 2 from 4 to 14
task_24: (start=5, end=15, size=10, length=10)
Task 24 is scheduled in mode 2 from 5 to 15
task_25: (start=9, end=17, size=8, length=8)
Task 25 is scheduled in mode 2 from 9 to 17
task_26: (start=10, end=20, size=10, length=10)
Task 26 is scheduled in mode 2 from 10 to 20
task_27: (start=14, end=22, size=8, length=8)
Task 27 is scheduled in mode 2 from 14 to 22
task_28: (start=14, end=21, size=7, length=7)
Task 28 is scheduled in mode 2 from 14 to 21
task_29: (start=0, end=9, size=9, length=9)
Task 29 is scheduled in mode 2 from 0 to 9
task_30: (start=21, end=23, size=2, length=2)
Task 30 is scheduled in mode 0 from 21 to 23
task_31: (start=22, end=23, size=1, length=1)
Task 31 is scheduled in mode 0 from 22 to 23
task_32: (start=22, end=23, size=1, length=1)
Task 32 is scheduled in mode 1 from 22 to 23
task_33: (start=22, end=23, size=1, length=1)
Task 33 is scheduled in mode 0 from 22 to 23
task_34: (start=21, end=23, size=2, length=2)
Task 34 is scheduled in mode 0 from 21 to 23
task_35: (start=17, end=23, size=6, length=6)
Task 35 is scheduled in mode 0 from 17 to 23
task_36: (start=14, end=18, size=4, length=4)
Task 36 is scheduled in mode 1 from 14 to 18
task_37: (start=20, end=22, size=2, length=2)
Task 37 is scheduled in mode 1 from 20 to 22
task_38: (start=17, end=19, size=2, length=2)
Task 38 is scheduled in mode 1 from 17 to 19
task_39: (start=16, end=22, size=6, length=6)
Task 39 is scheduled in mode 1 from 16 to 22
task_40: (start=15, end=23, size=8, length=8)
Task 40 is scheduled in mode 2 from 15 to 23
task_41: (start=10, end=20, size=10, length=10)
Task 41 is scheduled in mode 2 from 10 to 20
task_42: (start=21, end=23, size=2, length=2)
Task 42 is scheduled in mode 1 from 21 to 23
task_43: (start=12, end=22, size=10, length=10)
Task 43 is scheduled in mode 2 from 12 to 22
task_44: (start=16, end=23, size=7, length=7)
Task 44 is scheduled in mode 2 from 16 to 23
task_45: (start=9, end=17, size=8, length=8)
Task 45 is scheduled in mode 2 from 9 to 17
task_46: (start=12, end=20, size=8, length=8)
Task 46 is scheduled in mode 2 from 12 to 20
task_47: (start=9, end=12, size=3, length=3)
Task 47 is scheduled in mode 2 from 9 to 12
task_48: (start=9, end=19, size=10, length=10)
Task 48 is scheduled in mode 2 from 9 to 19
task_49: (start=18, end=22, size=4, length=4)
Task 49 is scheduled in mode 1 from 18 to 22
task_50: (start=19, end=21, size=2, length=2)
Task 50 is scheduled in mode 0 from 19 to 21
task_51: (start=23, end=23, size=0, length=0)
Task 51 is scheduled in mode 0 from 23 to 23
Feasible solution found
Objective value: 23
Solution is 9.5 % worse than the lower bound.
