20
raw_data/mm-rcpsp/MMLIB50/J504_5.mm
Time limit set to 60 seconds
Running CP solver
/home/omastto1/General-Optimization-Solver/src/solvers/mmrcpsp.py:42(stream:276:6): Warning: Cumulative expression 'pulse': height is zero, expression is zero everywhere.
                                                                                               VarCumulAtom_419 = pulse(task_0_mode_0, 0)
/home/omastto1/General-Optimization-Solver/src/solvers/mmrcpsp.py:42(stream:276:56): Warning: Cumulative expression 'pulse': height is zero, expression is zero everywhere.
                                                                                                VarCumulAtom_421 = pulse(task_1_mode_1, 0)
/home/omastto1/General-Optimization-Solver/src/solvers/mmrcpsp.py:42(stream:276:81): Warning: Cumulative expression 'pulse': height is zero, expression is zero everywhere.
                                                                                                VarCumulAtom_422 = pulse(task_1_mode_2, 0)
/home/omastto1/General-Optimization-Solver/src/solvers/mmrcpsp.py:42(stream:276:106): Warning: Cumulative expression 'pulse': height is zero, expression is zero everywhere.
                                                                                                 VarCumulAtom_423 = pulse(task_2_mode_0, 0)
/home/omastto1/General-Optimization-Solver/src/solvers/mmrcpsp.py:42(stream:276:381): Warning: Cumulative expression 'pulse': height is zero, expression is zero everywhere.
                                                                                                 VarCumulAtom_434 = pulse(task_5_mode_2, 0)
/home/omastto1/General-Optimization-Solver/src/solvers/mmrcpsp.py:42(stream:276:406): Warning: Cumulative expression 'pulse': height is zero, expression is zero everywhere.
                                                                                                 VarCumulAtom_435 = pulse(task_6_mode_0, 0)
/home/omastto1/General-Optimization-Solver/src/solvers/mmrcpsp.py:42(stream:276:481): Warning: Cumulative expression 'pulse': height is zero, expression is zero everywhere.
                                                                                                 VarCumulAtom_438 = pulse(task_7_mode_0, 0)
/home/omastto1/General-Optimization-Solver/src/solvers/mmrcpsp.py:42(stream:276:506): Warning: Cumulative expression 'pulse': height is zero, expression is zero everywhere.
                                                                                                 VarCumulAtom_439 = pulse(task_7_mode_1, 0)
/home/omastto1/General-Optimization-Solver/src/solvers/mmrcpsp.py:42(stream:276:531): Warning: Cumulative expression 'pulse': height is zero, expression is zero everywhere.
                                                                                                 VarCumulAtom_440 = pulse(task_7_mode_2, 0)
/home/omastto1/General-Optimization-Solver/src/solvers/mmrcpsp.py:42(stream:276:582): Warning: Cumulative expression 'pulse': height is zero, expression is zero everywhere.
                                                                                                 VarCumulAtom_442 = pulse(task_8_mode_1, 0)
/home/omastto1/General-Optimization-Solver/src/solvers/mmrcpsp.py:42(stream:276:632): Warning: Cumulative expression 'pulse': height is zero, expression is zero everywhere.
                                                                                                 VarCumulAtom_444 = pulse(task_9_mode_0, 0)
/home/omastto1/General-Optimization-Solver/src/solvers/mmrcpsp.py:42(stream:276:657): Warning: Cumulative expression 'pulse': height is zero, expression is zero everywhere.
                                                                                                 VarCumulAtom_445 = pulse(task_9_mode_1, 0)
/home/omastto1/General-Optimization-Solver/src/solvers/mmrcpsp.py:42(stream:276:682): Warning: Cumulative expression 'pulse': height is zero, expression is zero everywhere.
                                                                                                 VarCumulAtom_446 = pulse(task_9_mode_2, 0)
/home/omastto1/General-Optimization-Solver/src/solvers/mmrcpsp.py:42(stream:276:707): Warning: Cumulative expression 'pulse': height is zero, expression is zero everywhere.
                                                                                                 VarCumulAtom_447 = pulse(task_10_mode_0, 0)
/home/omastto1/General-Optimization-Solver/src/solvers/mmrcpsp.py:42(stream:276:733): Warning: Cumulative expression 'pulse': height is zero, expression is zero everywhere.
                                                                                                 VarCumulAtom_448 = pulse(task_10_mode_1, 0)
/home/omastto1/General-Optimization-Solver/src/solvers/mmrcpsp.py:42(stream:276:785): Warning: Cumulative expression 'pulse': height is zero, expression is zero everywhere.
                                                                                                 VarCumulAtom_450 = pulse(task_11_mode_0, 0)
/home/omastto1/General-Optimization-Solver/src/solvers/mmrcpsp.py:42(stream:276:811): Warning: Cumulative expression 'pulse': height is zero, expression is zero everywhere.
                                                                                                 VarCumulAtom_451 = pulse(task_11_mode_1, 0)
/home/omastto1/General-Optimization-Solver/src/solvers/mmrcpsp.py:42(stream:276:837): Warning: Cumulative expression 'pulse': height is zero, expression is zero everywhere.
                                                                                                 VarCumulAtom_452 = pulse(task_11_mode_2, 0)
/home/omastto1/General-Optimization-Solver/src/solvers/mmrcpsp.py:42(stream:276:863): Warning: Cumulative expression 'pulse': height is zero, expression is zero everywhere.
                                                                                                 VarCumulAtom_453 = pulse(task_12_mode_0, 0)
/home/omastto1/General-Optimization-Solver/src/solvers/mmrcpsp.py:42(stream:276:889): Warning: Cumulative expression 'pulse': height is zero, expression is zero everywhere.
                                                                                                 VarCumulAtom_454 = pulse(task_12_mode_1, 0)
   Too many warnings of this type. Suppressing further warnings of this type.
 ! --------------------------------------------------- CP Optimizer 20.1.0.0 --
 ! Minimization problem - 205 variables, 281 constraints
 ! TimeLimit            = 60
 ! Workers              = 14
 ! LogVerbosity         = Terse
 ! Initial process time : 0.02s (0.02s extraction + 0.00s propagation)
 !  . Log search space  : 516.7 (before), 516.7 (after)
 !  . Memory usage      : 1.3 MB (before), 1.3 MB (after)
 ! Using parallel search with 14 workers.
 ! ----------------------------------------------------------------------------
 !          Best Branches  Non-fixed    W       Branch decision
                        0        205                 -
 + New bound is 18
 ! Using iterative diving.
 ! Using temporal relaxation.
 *            41      117  0.85s        1      (gap is 56.10%)
 *            35      303  0.85s        1      (gap is 48.57%)
 *            34      411  0.85s        1      (gap is 47.06%)
 *            33      916  0.85s        1      (gap is 45.45%)
 *            32      967  0.85s        1      (gap is 43.75%)
 *            31     1150  0.85s        1      (gap is 41.94%)
 *            30     1530  0.85s        1      (gap is 40.00%)
 *            29     1409  0.85s        3      (gap is 37.93%)
 *            28     1456  0.85s        4      (gap is 35.71%)
 *            26     1931  0.85s       10      (gap is 30.77%)
 *            25     6172  1.54s        5      (gap is 28.00%)
 *            24     9498  2.82s        8      (gap is 25.00%)
 ! Using failure-directed search.
 *            23    35161  8.82s        2      (gap is 21.74%)
              23    27701         33    1        19 >= startOf(task_51)
 + New bound is 19 (gap is 17.39%)
 ! ----------------------------------------------------------------------------
 ! Search terminated by limit, 13 solutions found.
 ! Best objective         : 23 (gap is 17.39%)
 ! Best bound             : 19
 ! ----------------------------------------------------------------------------
 ! Number of branches     : 6189384
 ! Number of fails        : 1182305
 ! Total memory usage     : 19.6 MB (19.4 MB CP Optimizer + 0.2 MB Concert)
 ! Time spent in solve    : 60.04s (60.02s engine + 0.02s extraction)
 ! Search speed (br. / s) : 103122.0
 ! ----------------------------------------------------------------------------
task_0: (start=0, end=0, size=0, length=0)
Task 0 is scheduled in mode 0 from 0 to 0
task_1: (start=0, end=4, size=4, length=4)
Task 1 is scheduled in mode 0 from 0 to 4
task_2: (start=0, end=7, size=7, length=7)
Task 2 is scheduled in mode 2 from 0 to 7
task_3: (start=0, end=2, size=2, length=2)
Task 3 is scheduled in mode 0 from 0 to 2
task_4: (start=0, end=7, size=7, length=7)
Task 4 is scheduled in mode 1 from 0 to 7
task_5: (start=0, end=5, size=5, length=5)
Task 5 is scheduled in mode 2 from 0 to 5
task_6: (start=4, end=7, size=3, length=3)
Task 6 is scheduled in mode 1 from 4 to 7
task_7: (start=0, end=1, size=1, length=1)
Task 7 is scheduled in mode 0 from 0 to 1
task_8: (start=0, end=10, size=10, length=10)
Task 8 is scheduled in mode 2 from 0 to 10
task_9: (start=0, end=8, size=8, length=8)
Task 9 is scheduled in mode 2 from 0 to 8
task_10: (start=0, end=3, size=3, length=3)
Task 10 is scheduled in mode 0 from 0 to 3
task_11: (start=1, end=5, size=4, length=4)
Task 11 is scheduled in mode 0 from 1 to 5
task_12: (start=4, end=10, size=6, length=6)
Task 12 is scheduled in mode 1 from 4 to 10
task_13: (start=7, end=9, size=2, length=2)
Task 13 is scheduled in mode 0 from 7 to 9
task_14: (start=7, end=14, size=7, length=7)
Task 14 is scheduled in mode 2 from 7 to 14
task_15: (start=7, end=9, size=2, length=2)
Task 15 is scheduled in mode 1 from 7 to 9
task_16: (start=0, end=2, size=2, length=2)
Task 16 is scheduled in mode 1 from 0 to 2
task_17: (start=10, end=14, size=4, length=4)
Task 17 is scheduled in mode 0 from 10 to 14
task_18: (start=3, end=6, size=3, length=3)
Task 18 is scheduled in mode 2 from 3 to 6
task_19: (start=2, end=10, size=8, length=8)
Task 19 is scheduled in mode 1 from 2 to 10
task_20: (start=3, end=4, size=1, length=1)
Task 20 is scheduled in mode 0 from 3 to 4
task_21: (start=7, end=11, size=4, length=4)
Task 21 is scheduled in mode 0 from 7 to 11
task_22: (start=0, end=9, size=9, length=9)
Task 22 is scheduled in mode 2 from 0 to 9
task_23: (start=9, end=13, size=4, length=4)
Task 23 is scheduled in mode 0 from 9 to 13
task_24: (start=4, end=6, size=2, length=2)
Task 24 is scheduled in mode 0 from 4 to 6
task_25: (start=5, end=11, size=6, length=6)
Task 25 is scheduled in mode 1 from 5 to 11
task_26: (start=7, end=13, size=6, length=6)
Task 26 is scheduled in mode 1 from 7 to 13
task_27: (start=9, end=11, size=2, length=2)
Task 27 is scheduled in mode 0 from 9 to 11
task_28: (start=9, end=13, size=4, length=4)
Task 28 is scheduled in mode 1 from 9 to 13
task_29: (start=10, end=17, size=7, length=7)
Task 29 is scheduled in mode 1 from 10 to 17
task_30: (start=13, end=16, size=3, length=3)
Task 30 is scheduled in mode 0 from 13 to 16
task_31: (start=16, end=18, size=2, length=2)
Task 31 is scheduled in mode 0 from 16 to 18
task_32: (start=11, end=20, size=9, length=9)
Task 32 is scheduled in mode 2 from 11 to 20
task_33: (start=13, end=15, size=2, length=2)
Task 33 is scheduled in mode 0 from 13 to 15
task_34: (start=11, end=15, size=4, length=4)
Task 34 is scheduled in mode 0 from 11 to 15
task_35: (start=8, end=9, size=1, length=1)
Task 35 is scheduled in mode 0 from 8 to 9
task_36: (start=20, end=23, size=3, length=3)
Task 36 is scheduled in mode 1 from 20 to 23
task_37: (start=19, end=23, size=4, length=4)
Task 37 is scheduled in mode 0 from 19 to 23
task_38: (start=15, end=22, size=7, length=7)
Task 38 is scheduled in mode 2 from 15 to 22
task_39: (start=15, end=23, size=8, length=8)
Task 39 is scheduled in mode 2 from 15 to 23
task_40: (start=17, end=20, size=3, length=3)
Task 40 is scheduled in mode 1 from 17 to 20
task_41: (start=20, end=23, size=3, length=3)
Task 41 is scheduled in mode 1 from 20 to 23
task_42: (start=17, end=23, size=6, length=6)
Task 42 is scheduled in mode 0 from 17 to 23
task_43: (start=15, end=21, size=6, length=6)
Task 43 is scheduled in mode 0 from 15 to 21
task_44: (start=18, end=23, size=5, length=5)
Task 44 is scheduled in mode 1 from 18 to 23
task_45: (start=17, end=23, size=6, length=6)
Task 45 is scheduled in mode 1 from 17 to 23
task_46: (start=16, end=23, size=7, length=7)
Task 46 is scheduled in mode 2 from 16 to 23
task_47: (start=11, end=17, size=6, length=6)
Task 47 is scheduled in mode 0 from 11 to 17
task_48: (start=10, end=20, size=10, length=10)
Task 48 is scheduled in mode 2 from 10 to 20
task_49: (start=14, end=19, size=5, length=5)
Task 49 is scheduled in mode 0 from 14 to 19
task_50: (start=6, end=16, size=10, length=10)
Task 50 is scheduled in mode 2 from 6 to 16
task_51: (start=23, end=23, size=0, length=0)
Task 51 is scheduled in mode 0 from 23 to 23
Feasible solution found
Objective value: 23
Solution is 27.8 % worse than the lower bound.
