22
raw_data/mm-rcpsp/MMLIB50/J505_2.mm
Time limit set to 60 seconds
Running CP solver
/home/omastto1/General-Optimization-Solver/src/solvers/mmrcpsp.py:42(stream:278:6): Warning: Cumulative expression 'pulse': height is zero, expression is zero everywhere.
                                                                                               VarCumulAtom_421 = pulse(task_0_mode_0, 0)
/home/omastto1/General-Optimization-Solver/src/solvers/mmrcpsp.py:42(stream:278:56): Warning: Cumulative expression 'pulse': height is zero, expression is zero everywhere.
                                                                                                VarCumulAtom_423 = pulse(task_1_mode_1, 0)
/home/omastto1/General-Optimization-Solver/src/solvers/mmrcpsp.py:42(stream:278:81): Warning: Cumulative expression 'pulse': height is zero, expression is zero everywhere.
                                                                                                VarCumulAtom_424 = pulse(task_1_mode_2, 0)
/home/omastto1/General-Optimization-Solver/src/solvers/mmrcpsp.py:42(stream:278:181): Warning: Cumulative expression 'pulse': height is zero, expression is zero everywhere.
                                                                                                 VarCumulAtom_428 = pulse(task_3_mode_0, 0)
/home/omastto1/General-Optimization-Solver/src/solvers/mmrcpsp.py:42(stream:278:206): Warning: Cumulative expression 'pulse': height is zero, expression is zero everywhere.
                                                                                                 VarCumulAtom_429 = pulse(task_3_mode_1, 0)
/home/omastto1/General-Optimization-Solver/src/solvers/mmrcpsp.py:42(stream:278:381): Warning: Cumulative expression 'pulse': height is zero, expression is zero everywhere.
                                                                                                 VarCumulAtom_436 = pulse(task_5_mode_2, 0)
/home/omastto1/General-Optimization-Solver/src/solvers/mmrcpsp.py:42(stream:278:431): Warning: Cumulative expression 'pulse': height is zero, expression is zero everywhere.
                                                                                                 VarCumulAtom_438 = pulse(task_6_mode_1, 0)
/home/omastto1/General-Optimization-Solver/src/solvers/mmrcpsp.py:42(stream:278:481): Warning: Cumulative expression 'pulse': height is zero, expression is zero everywhere.
                                                                                                 VarCumulAtom_440 = pulse(task_7_mode_0, 0)
/home/omastto1/General-Optimization-Solver/src/solvers/mmrcpsp.py:42(stream:278:531): Warning: Cumulative expression 'pulse': height is zero, expression is zero everywhere.
                                                                                                 VarCumulAtom_442 = pulse(task_7_mode_2, 0)
/home/omastto1/General-Optimization-Solver/src/solvers/mmrcpsp.py:42(stream:278:556): Warning: Cumulative expression 'pulse': height is zero, expression is zero everywhere.
                                                                                                 VarCumulAtom_443 = pulse(task_8_mode_0, 0)
/home/omastto1/General-Optimization-Solver/src/solvers/mmrcpsp.py:42(stream:278:581): Warning: Cumulative expression 'pulse': height is zero, expression is zero everywhere.
                                                                                                 VarCumulAtom_444 = pulse(task_8_mode_1, 0)
/home/omastto1/General-Optimization-Solver/src/solvers/mmrcpsp.py:42(stream:278:656): Warning: Cumulative expression 'pulse': height is zero, expression is zero everywhere.
                                                                                                 VarCumulAtom_447 = pulse(task_9_mode_1, 0)
/home/omastto1/General-Optimization-Solver/src/solvers/mmrcpsp.py:42(stream:278:681): Warning: Cumulative expression 'pulse': height is zero, expression is zero everywhere.
                                                                                                 VarCumulAtom_448 = pulse(task_9_mode_2, 0)
/home/omastto1/General-Optimization-Solver/src/solvers/mmrcpsp.py:42(stream:278:706): Warning: Cumulative expression 'pulse': height is zero, expression is zero everywhere.
                                                                                                 VarCumulAtom_449 = pulse(task_10_mode_0, 0)
/home/omastto1/General-Optimization-Solver/src/solvers/mmrcpsp.py:42(stream:278:732): Warning: Cumulative expression 'pulse': height is zero, expression is zero everywhere.
                                                                                                 VarCumulAtom_450 = pulse(task_10_mode_1, 0)
/home/omastto1/General-Optimization-Solver/src/solvers/mmrcpsp.py:42(stream:278:758): Warning: Cumulative expression 'pulse': height is zero, expression is zero everywhere.
                                                                                                 VarCumulAtom_451 = pulse(task_10_mode_2, 0)
/home/omastto1/General-Optimization-Solver/src/solvers/mmrcpsp.py:42(stream:278:862): Warning: Cumulative expression 'pulse': height is zero, expression is zero everywhere.
                                                                                                 VarCumulAtom_455 = pulse(task_12_mode_0, 0)
/home/omastto1/General-Optimization-Solver/src/solvers/mmrcpsp.py:42(stream:278:888): Warning: Cumulative expression 'pulse': height is zero, expression is zero everywhere.
                                                                                                 VarCumulAtom_456 = pulse(task_12_mode_1, 0)
/home/omastto1/General-Optimization-Solver/src/solvers/mmrcpsp.py:42(stream:278:992): Warning: Cumulative expression 'pulse': height is zero, expression is zero everywhere.
                                                                                                 VarCumulAtom_460 = pulse(task_13_mode_2, 0)
/home/omastto1/General-Optimization-Solver/src/solvers/mmrcpsp.py:42(stream:278:1070): Warning: Cumulative expression 'pulse': height is zero, expression is zero everywhere.
                                                                                                  VarCumulAtom_463 = pulse(task_14_mode_2, 0)
   Too many warnings of this type. Suppressing further warnings of this type.
 ! --------------------------------------------------- CP Optimizer 20.1.0.0 --
 ! Minimization problem - 205 variables, 274 constraints
 ! TimeLimit            = 60
 ! Workers              = 14
 ! LogVerbosity         = Terse
 ! Initial process time : 0.02s (0.02s extraction + 0.00s propagation)
 !  . Log search space  : 518.6 (before), 518.6 (after)
 !  . Memory usage      : 1.3 MB (before), 1.3 MB (after)
 ! Using parallel search with 14 workers.
 ! ----------------------------------------------------------------------------
 !          Best Branches  Non-fixed    W       Branch decision
                        0        205                 -
 + New bound is 18
 ! Using iterative diving.
 ! Using temporal relaxation.
 *            37      121  0.37s        1      (gap is 51.35%)
 *            35      327  0.37s        1      (gap is 48.57%)
 *            34      435  0.37s        1      (gap is 47.06%)
 *            21      543  0.37s        1      (gap is 14.29%)
 *            20      852  0.37s        1      (gap is 10.00%)
 *            19      982  0.37s        1      (gap is 5.26%)
 *            18     1090  0.37s        1      (gap is 0.00%)
 ! ----------------------------------------------------------------------------
 ! Search completed, 7 solutions found.
 ! Best objective         : 18 (optimal - effective tol. is 0)
 ! Best bound             : 18
 ! ----------------------------------------------------------------------------
 ! Number of branches     : 51959
 ! Number of fails        : 643
 ! Total memory usage     : 16.9 MB (16.8 MB CP Optimizer + 0.2 MB Concert)
 ! Time spent in solve    : 0.40s (0.38s engine + 0.02s extraction)
 ! Search speed (br. / s) : 136734.2
 ! ----------------------------------------------------------------------------
task_0: (start=0, end=0, size=0, length=0)
Task 0 is scheduled in mode 0 from 0 to 0
task_1: (start=0, end=2, size=2, length=2)
Task 1 is scheduled in mode 0 from 0 to 2
task_2: (start=0, end=1, size=1, length=1)
Task 2 is scheduled in mode 0 from 0 to 1
task_3: (start=0, end=2, size=2, length=2)
Task 3 is scheduled in mode 0 from 0 to 2
task_4: (start=0, end=2, size=2, length=2)
Task 4 is scheduled in mode 0 from 0 to 2
task_5: (start=0, end=2, size=2, length=2)
Task 5 is scheduled in mode 0 from 0 to 2
task_6: (start=2, end=8, size=6, length=6)
Task 6 is scheduled in mode 0 from 2 to 8
task_7: (start=0, end=2, size=2, length=2)
Task 7 is scheduled in mode 0 from 0 to 2
task_8: (start=2, end=8, size=6, length=6)
Task 8 is scheduled in mode 0 from 2 to 8
task_9: (start=1, end=6, size=5, length=5)
Task 9 is scheduled in mode 0 from 1 to 6
task_10: (start=2, end=9, size=7, length=7)
Task 10 is scheduled in mode 0 from 2 to 9
task_11: (start=5, end=8, size=3, length=3)
Task 11 is scheduled in mode 0 from 5 to 8
task_12: (start=5, end=12, size=7, length=7)
Task 12 is scheduled in mode 1 from 5 to 12
task_13: (start=2, end=5, size=3, length=3)
Task 13 is scheduled in mode 1 from 2 to 5
task_14: (start=6, end=8, size=2, length=2)
Task 14 is scheduled in mode 0 from 6 to 8
task_15: (start=3, end=6, size=3, length=3)
Task 15 is scheduled in mode 0 from 3 to 6
task_16: (start=0, end=2, size=2, length=2)
Task 16 is scheduled in mode 0 from 0 to 2
task_17: (start=2, end=5, size=3, length=3)
Task 17 is scheduled in mode 0 from 2 to 5
task_18: (start=8, end=9, size=1, length=1)
Task 18 is scheduled in mode 0 from 8 to 9
task_19: (start=0, end=1, size=1, length=1)
Task 19 is scheduled in mode 0 from 0 to 1
task_20: (start=3, end=5, size=2, length=2)
Task 20 is scheduled in mode 0 from 3 to 5
task_21: (start=1, end=3, size=2, length=2)
Task 21 is scheduled in mode 0 from 1 to 3
task_22: (start=9, end=10, size=1, length=1)
Task 22 is scheduled in mode 0 from 9 to 10
task_23: (start=8, end=15, size=7, length=7)
Task 23 is scheduled in mode 0 from 8 to 15
task_24: (start=2, end=9, size=7, length=7)
Task 24 is scheduled in mode 0 from 2 to 9
task_25: (start=9, end=10, size=1, length=1)
Task 25 is scheduled in mode 0 from 9 to 10
task_26: (start=0, end=3, size=3, length=3)
Task 26 is scheduled in mode 0 from 0 to 3
task_27: (start=0, end=7, size=7, length=7)
Task 27 is scheduled in mode 1 from 0 to 7
task_28: (start=0, end=2, size=2, length=2)
Task 28 is scheduled in mode 0 from 0 to 2
task_29: (start=12, end=16, size=4, length=4)
Task 29 is scheduled in mode 0 from 12 to 16
task_30: (start=7, end=11, size=4, length=4)
Task 30 is scheduled in mode 0 from 7 to 11
task_31: (start=8, end=10, size=2, length=2)
Task 31 is scheduled in mode 0 from 8 to 10
task_32: (start=12, end=13, size=1, length=1)
Task 32 is scheduled in mode 0 from 12 to 13
task_33: (start=9, end=10, size=1, length=1)
Task 33 is scheduled in mode 0 from 9 to 10
task_34: (start=6, end=9, size=3, length=3)
Task 34 is scheduled in mode 0 from 6 to 9
task_35: (start=16, end=17, size=1, length=1)
Task 35 is scheduled in mode 0 from 16 to 17
task_36: (start=15, end=16, size=1, length=1)
Task 36 is scheduled in mode 0 from 15 to 16
task_37: (start=16, end=18, size=2, length=2)
Task 37 is scheduled in mode 0 from 16 to 18
task_38: (start=15, end=18, size=3, length=3)
Task 38 is scheduled in mode 1 from 15 to 18
task_39: (start=12, end=16, size=4, length=4)
Task 39 is scheduled in mode 0 from 12 to 16
task_40: (start=15, end=16, size=1, length=1)
Task 40 is scheduled in mode 0 from 15 to 16
task_41: (start=12, end=17, size=5, length=5)
Task 41 is scheduled in mode 0 from 12 to 17
task_42: (start=10, end=11, size=1, length=1)
Task 42 is scheduled in mode 0 from 10 to 11
task_43: (start=12, end=13, size=1, length=1)
Task 43 is scheduled in mode 0 from 12 to 13
task_44: (start=13, end=14, size=1, length=1)
Task 44 is scheduled in mode 0 from 13 to 14
task_45: (start=15, end=18, size=3, length=3)
Task 45 is scheduled in mode 0 from 15 to 18
task_46: (start=9, end=12, size=3, length=3)
Task 46 is scheduled in mode 0 from 9 to 12
task_47: (start=9, end=10, size=1, length=1)
Task 47 is scheduled in mode 0 from 9 to 10
task_48: (start=8, end=11, size=3, length=3)
Task 48 is scheduled in mode 0 from 8 to 11
task_49: (start=12, end=13, size=1, length=1)
Task 49 is scheduled in mode 0 from 12 to 13
task_50: (start=5, end=6, size=1, length=1)
Task 50 is scheduled in mode 0 from 5 to 6
task_51: (start=18, end=18, size=0, length=0)
Task 51 is scheduled in mode 0 from 18 to 18
Optimal solution found
Objective value: 18
Solution is optimal.
