70
raw_data/mm-rcpsp/MMLIB50/J5014_5.mm
Time limit set to 60 seconds
Running CP solver
/home/omastto1/General-Optimization-Solver/src/solvers/mmrcpsp.py:42(stream:278:6): Warning: Cumulative expression 'pulse': height is zero, expression is zero everywhere.
                                                                                               VarCumulAtom_421 = pulse(task_0_mode_0, 0)
/home/omastto1/General-Optimization-Solver/src/solvers/mmrcpsp.py:42(stream:278:56): Warning: Cumulative expression 'pulse': height is zero, expression is zero everywhere.
                                                                                                VarCumulAtom_423 = pulse(task_1_mode_1, 0)
/home/omastto1/General-Optimization-Solver/src/solvers/mmrcpsp.py:42(stream:278:81): Warning: Cumulative expression 'pulse': height is zero, expression is zero everywhere.
                                                                                                VarCumulAtom_424 = pulse(task_1_mode_2, 0)
/home/omastto1/General-Optimization-Solver/src/solvers/mmrcpsp.py:42(stream:278:106): Warning: Cumulative expression 'pulse': height is zero, expression is zero everywhere.
                                                                                                 VarCumulAtom_425 = pulse(task_2_mode_0, 0)
/home/omastto1/General-Optimization-Solver/src/solvers/mmrcpsp.py:42(stream:278:156): Warning: Cumulative expression 'pulse': height is zero, expression is zero everywhere.
                                                                                                 VarCumulAtom_427 = pulse(task_2_mode_2, 0)
/home/omastto1/General-Optimization-Solver/src/solvers/mmrcpsp.py:42(stream:278:181): Warning: Cumulative expression 'pulse': height is zero, expression is zero everywhere.
                                                                                                 VarCumulAtom_428 = pulse(task_3_mode_0, 0)
/home/omastto1/General-Optimization-Solver/src/solvers/mmrcpsp.py:42(stream:278:231): Warning: Cumulative expression 'pulse': height is zero, expression is zero everywhere.
                                                                                                 VarCumulAtom_430 = pulse(task_3_mode_2, 0)
/home/omastto1/General-Optimization-Solver/src/solvers/mmrcpsp.py:42(stream:278:306): Warning: Cumulative expression 'pulse': height is zero, expression is zero everywhere.
                                                                                                 VarCumulAtom_433 = pulse(task_4_mode_2, 0)
/home/omastto1/General-Optimization-Solver/src/solvers/mmrcpsp.py:42(stream:278:331): Warning: Cumulative expression 'pulse': height is zero, expression is zero everywhere.
                                                                                                 VarCumulAtom_434 = pulse(task_5_mode_0, 0)
/home/omastto1/General-Optimization-Solver/src/solvers/mmrcpsp.py:42(stream:278:381): Warning: Cumulative expression 'pulse': height is zero, expression is zero everywhere.
                                                                                                 VarCumulAtom_436 = pulse(task_5_mode_2, 0)
/home/omastto1/General-Optimization-Solver/src/solvers/mmrcpsp.py:42(stream:278:431): Warning: Cumulative expression 'pulse': height is zero, expression is zero everywhere.
                                                                                                 VarCumulAtom_438 = pulse(task_6_mode_1, 0)
/home/omastto1/General-Optimization-Solver/src/solvers/mmrcpsp.py:42(stream:278:456): Warning: Cumulative expression 'pulse': height is zero, expression is zero everywhere.
                                                                                                 VarCumulAtom_439 = pulse(task_6_mode_2, 0)
/home/omastto1/General-Optimization-Solver/src/solvers/mmrcpsp.py:42(stream:278:506): Warning: Cumulative expression 'pulse': height is zero, expression is zero everywhere.
                                                                                                 VarCumulAtom_441 = pulse(task_7_mode_1, 0)
/home/omastto1/General-Optimization-Solver/src/solvers/mmrcpsp.py:42(stream:278:582): Warning: Cumulative expression 'pulse': height is zero, expression is zero everywhere.
                                                                                                 VarCumulAtom_444 = pulse(task_8_mode_1, 0)
/home/omastto1/General-Optimization-Solver/src/solvers/mmrcpsp.py:42(stream:278:658): Warning: Cumulative expression 'pulse': height is zero, expression is zero everywhere.
                                                                                                 VarCumulAtom_447 = pulse(task_9_mode_1, 0)
/home/omastto1/General-Optimization-Solver/src/solvers/mmrcpsp.py:42(stream:278:734): Warning: Cumulative expression 'pulse': height is zero, expression is zero everywhere.
                                                                                                 VarCumulAtom_450 = pulse(task_10_mode_1, 0)
/home/omastto1/General-Optimization-Solver/src/solvers/mmrcpsp.py:42(stream:278:786): Warning: Cumulative expression 'pulse': height is zero, expression is zero everywhere.
                                                                                                 VarCumulAtom_452 = pulse(task_11_mode_0, 0)
/home/omastto1/General-Optimization-Solver/src/solvers/mmrcpsp.py:42(stream:278:812): Warning: Cumulative expression 'pulse': height is zero, expression is zero everywhere.
                                                                                                 VarCumulAtom_453 = pulse(task_11_mode_1, 0)
/home/omastto1/General-Optimization-Solver/src/solvers/mmrcpsp.py:42(stream:278:1098): Warning: Cumulative expression 'pulse': height is zero, expression is zero everywhere.
                                                                                                  VarCumulAtom_464 = pulse(task_15_mode_0, 0)
/home/omastto1/General-Optimization-Solver/src/solvers/mmrcpsp.py:42(stream:278:1202): Warning: Cumulative expression 'pulse': height is zero, expression is zero everywhere.
                                                                                                  VarCumulAtom_468 = pulse(task_16_mode_1, 0)
   Too many warnings of this type. Suppressing further warnings of this type.
 ! --------------------------------------------------- CP Optimizer 20.1.0.0 --
 ! Minimization problem - 205 variables, 287 constraints
 ! TimeLimit            = 60
 ! Workers              = 14
 ! LogVerbosity         = Terse
 ! Initial process time : 0.01s (0.01s extraction + 0.00s propagation)
 !  . Log search space  : 516.2 (before), 516.2 (after)
 !  . Memory usage      : 1.3 MB (before), 1.3 MB (after)
 ! Using parallel search with 14 workers.
 ! ----------------------------------------------------------------------------
 !          Best Branches  Non-fixed    W       Branch decision
                        0        205                 -
 + New bound is 19
 ! Using iterative diving.
 ! Using temporal relaxation.
 *            32      119  0.84s        1      (gap is 40.62%)
 *            30      289  0.84s        1      (gap is 36.67%)
 *            29      397  0.84s        1      (gap is 34.48%)
 *            28      565  0.84s        1      (gap is 32.14%)
 *            26      855  0.84s        1      (gap is 26.92%)
 *            25      907  0.84s        1      (gap is 24.00%)
 *            24      955  0.84s        1      (gap is 20.83%)
 *            23     1005  0.84s        1      (gap is 17.39%)
 *            22     1199  0.84s        1      (gap is 13.64%)
 *            21     1283  0.84s        1      (gap is 9.52%)
 *            20     1723  0.84s        5      (gap is 5.00%)
 ! Using failure-directed search.
 *            19     2683  1.43s        3      (gap is 0.00%)
 ! ----------------------------------------------------------------------------
 ! Search completed, 12 solutions found.
 ! Best objective         : 19 (optimal - effective tol. is 0)
 ! Best bound             : 19
 ! ----------------------------------------------------------------------------
 ! Number of branches     : 132200
 ! Number of fails        : 19493
 ! Total memory usage     : 17.9 MB (17.7 MB CP Optimizer + 0.2 MB Concert)
 ! Time spent in solve    : 1.86s (1.85s engine + 0.01s extraction)
 ! Search speed (br. / s) : 71459.5
 ! ----------------------------------------------------------------------------
task_0: (start=0, end=0, size=0, length=0)
Task 0 is scheduled in mode 0 from 0 to 0
task_1: (start=0, end=3, size=3, length=3)
Task 1 is scheduled in mode 1 from 0 to 3
task_2: (start=0, end=6, size=6, length=6)
Task 2 is scheduled in mode 1 from 0 to 6
task_3: (start=0, end=7, size=7, length=7)
Task 3 is scheduled in mode 1 from 0 to 7
task_4: (start=0, end=5, size=5, length=5)
Task 4 is scheduled in mode 2 from 0 to 5
task_5: (start=0, end=5, size=5, length=5)
Task 5 is scheduled in mode 1 from 0 to 5
task_6: (start=0, end=4, size=4, length=4)
Task 6 is scheduled in mode 1 from 0 to 4
task_7: (start=0, end=7, size=7, length=7)
Task 7 is scheduled in mode 0 from 0 to 7
task_8: (start=0, end=3, size=3, length=3)
Task 8 is scheduled in mode 2 from 0 to 3
task_9: (start=0, end=9, size=9, length=9)
Task 9 is scheduled in mode 2 from 0 to 9
task_10: (start=0, end=10, size=10, length=10)
Task 10 is scheduled in mode 2 from 0 to 10
task_11: (start=0, end=6, size=6, length=6)
Task 11 is scheduled in mode 2 from 0 to 6
task_12: (start=0, end=7, size=7, length=7)
Task 12 is scheduled in mode 2 from 0 to 7
task_13: (start=0, end=4, size=4, length=4)
Task 13 is scheduled in mode 1 from 0 to 4
task_14: (start=0, end=6, size=6, length=6)
Task 14 is scheduled in mode 2 from 0 to 6
task_15: (start=0, end=9, size=9, length=9)
Task 15 is scheduled in mode 2 from 0 to 9
task_16: (start=7, end=10, size=3, length=3)
Task 16 is scheduled in mode 1 from 7 to 10
task_17: (start=3, end=4, size=1, length=1)
Task 17 is scheduled in mode 0 from 3 to 4
task_18: (start=9, end=12, size=3, length=3)
Task 18 is scheduled in mode 1 from 9 to 12
task_19: (start=0, end=4, size=4, length=4)
Task 19 is scheduled in mode 1 from 0 to 4
task_20: (start=0, end=10, size=10, length=10)
Task 20 is scheduled in mode 2 from 0 to 10
task_21: (start=0, end=6, size=6, length=6)
Task 21 is scheduled in mode 2 from 0 to 6
task_22: (start=10, end=12, size=2, length=2)
Task 22 is scheduled in mode 0 from 10 to 12
task_23: (start=3, end=11, size=8, length=8)
Task 23 is scheduled in mode 0 from 3 to 11
task_24: (start=6, end=9, size=3, length=3)
Task 24 is scheduled in mode 1 from 6 to 9
task_25: (start=0, end=6, size=6, length=6)
Task 25 is scheduled in mode 2 from 0 to 6
task_26: (start=0, end=8, size=8, length=8)
Task 26 is scheduled in mode 1 from 0 to 8
task_27: (start=7, end=9, size=2, length=2)
Task 27 is scheduled in mode 1 from 7 to 9
task_28: (start=11, end=15, size=4, length=4)
Task 28 is scheduled in mode 0 from 11 to 15
task_29: (start=10, end=17, size=7, length=7)
Task 29 is scheduled in mode 2 from 10 to 17
task_30: (start=6, end=15, size=9, length=9)
Task 30 is scheduled in mode 2 from 6 to 15
task_31: (start=7, end=13, size=6, length=6)
Task 31 is scheduled in mode 1 from 7 to 13
task_32: (start=7, end=14, size=7, length=7)
Task 32 is scheduled in mode 1 from 7 to 14
task_33: (start=15, end=18, size=3, length=3)
Task 33 is scheduled in mode 0 from 15 to 18
task_34: (start=17, end=19, size=2, length=2)
Task 34 is scheduled in mode 0 from 17 to 19
task_35: (start=12, end=14, size=2, length=2)
Task 35 is scheduled in mode 1 from 12 to 14
task_36: (start=13, end=18, size=5, length=5)
Task 36 is scheduled in mode 1 from 13 to 18
task_37: (start=14, end=19, size=5, length=5)
Task 37 is scheduled in mode 1 from 14 to 19
task_38: (start=10, end=19, size=9, length=9)
Task 38 is scheduled in mode 2 from 10 to 19
task_39: (start=12, end=19, size=7, length=7)
Task 39 is scheduled in mode 1 from 12 to 19
task_40: (start=11, end=19, size=8, length=8)
Task 40 is scheduled in mode 2 from 11 to 19
task_41: (start=12, end=19, size=7, length=7)
Task 41 is scheduled in mode 2 from 12 to 19
task_42: (start=15, end=18, size=3, length=3)
Task 42 is scheduled in mode 0 from 15 to 18
task_43: (start=12, end=14, size=2, length=2)
Task 43 is scheduled in mode 1 from 12 to 14
task_44: (start=12, end=19, size=7, length=7)
Task 44 is scheduled in mode 1 from 12 to 19
task_45: (start=11, end=14, size=3, length=3)
Task 45 is scheduled in mode 2 from 11 to 14
task_46: (start=12, end=18, size=6, length=6)
Task 46 is scheduled in mode 2 from 12 to 18
task_47: (start=9, end=16, size=7, length=7)
Task 47 is scheduled in mode 2 from 9 to 16
task_48: (start=11, end=16, size=5, length=5)
Task 48 is scheduled in mode 0 from 11 to 16
task_49: (start=9, end=16, size=7, length=7)
Task 49 is scheduled in mode 2 from 9 to 16
task_50: (start=0, end=6, size=6, length=6)
Task 50 is scheduled in mode 2 from 0 to 6
task_51: (start=19, end=19, size=0, length=0)
Task 51 is scheduled in mode 0 from 19 to 19
Optimal solution found
Objective value: 19
Solution is optimal.
