24
raw_data/mm-rcpsp/MMLIB50/J505_4.mm
Time limit set to 60 seconds
Running CP solver
/home/omastto1/General-Optimization-Solver/src/solvers/mmrcpsp.py:42(stream:278:6): Warning: Cumulative expression 'pulse': height is zero, expression is zero everywhere.
                                                                                               VarCumulAtom_421 = pulse(task_0_mode_0, 0)
/home/omastto1/General-Optimization-Solver/src/solvers/mmrcpsp.py:42(stream:278:31): Warning: Cumulative expression 'pulse': height is zero, expression is zero everywhere.
                                                                                                VarCumulAtom_422 = pulse(task_1_mode_0, 0)
/home/omastto1/General-Optimization-Solver/src/solvers/mmrcpsp.py:42(stream:278:56): Warning: Cumulative expression 'pulse': height is zero, expression is zero everywhere.
                                                                                                VarCumulAtom_423 = pulse(task_1_mode_1, 0)
/home/omastto1/General-Optimization-Solver/src/solvers/mmrcpsp.py:42(stream:278:106): Warning: Cumulative expression 'pulse': height is zero, expression is zero everywhere.
                                                                                                 VarCumulAtom_425 = pulse(task_2_mode_0, 0)
/home/omastto1/General-Optimization-Solver/src/solvers/mmrcpsp.py:42(stream:278:131): Warning: Cumulative expression 'pulse': height is zero, expression is zero everywhere.
                                                                                                 VarCumulAtom_426 = pulse(task_2_mode_1, 0)
/home/omastto1/General-Optimization-Solver/src/solvers/mmrcpsp.py:42(stream:278:156): Warning: Cumulative expression 'pulse': height is zero, expression is zero everywhere.
                                                                                                 VarCumulAtom_427 = pulse(task_2_mode_2, 0)
/home/omastto1/General-Optimization-Solver/src/solvers/mmrcpsp.py:42(stream:278:232): Warning: Cumulative expression 'pulse': height is zero, expression is zero everywhere.
                                                                                                 VarCumulAtom_430 = pulse(task_3_mode_2, 0)
/home/omastto1/General-Optimization-Solver/src/solvers/mmrcpsp.py:42(stream:278:257): Warning: Cumulative expression 'pulse': height is zero, expression is zero everywhere.
                                                                                                 VarCumulAtom_431 = pulse(task_4_mode_0, 0)
/home/omastto1/General-Optimization-Solver/src/solvers/mmrcpsp.py:42(stream:278:282): Warning: Cumulative expression 'pulse': height is zero, expression is zero everywhere.
                                                                                                 VarCumulAtom_432 = pulse(task_4_mode_1, 0)
/home/omastto1/General-Optimization-Solver/src/solvers/mmrcpsp.py:42(stream:278:382): Warning: Cumulative expression 'pulse': height is zero, expression is zero everywhere.
                                                                                                 VarCumulAtom_436 = pulse(task_5_mode_2, 0)
/home/omastto1/General-Optimization-Solver/src/solvers/mmrcpsp.py:42(stream:278:508): Warning: Cumulative expression 'pulse': height is zero, expression is zero everywhere.
                                                                                                 VarCumulAtom_441 = pulse(task_7_mode_1, 0)
/home/omastto1/General-Optimization-Solver/src/solvers/mmrcpsp.py:42(stream:278:533): Warning: Cumulative expression 'pulse': height is zero, expression is zero everywhere.
                                                                                                 VarCumulAtom_442 = pulse(task_7_mode_2, 0)
/home/omastto1/General-Optimization-Solver/src/solvers/mmrcpsp.py:42(stream:278:558): Warning: Cumulative expression 'pulse': height is zero, expression is zero everywhere.
                                                                                                 VarCumulAtom_443 = pulse(task_8_mode_0, 0)
/home/omastto1/General-Optimization-Solver/src/solvers/mmrcpsp.py:42(stream:278:658): Warning: Cumulative expression 'pulse': height is zero, expression is zero everywhere.
                                                                                                 VarCumulAtom_447 = pulse(task_9_mode_1, 0)
/home/omastto1/General-Optimization-Solver/src/solvers/mmrcpsp.py:42(stream:278:734): Warning: Cumulative expression 'pulse': height is zero, expression is zero everywhere.
                                                                                                 VarCumulAtom_450 = pulse(task_10_mode_1, 0)
/home/omastto1/General-Optimization-Solver/src/solvers/mmrcpsp.py:42(stream:278:760): Warning: Cumulative expression 'pulse': height is zero, expression is zero everywhere.
                                                                                                 VarCumulAtom_451 = pulse(task_10_mode_2, 0)
/home/omastto1/General-Optimization-Solver/src/solvers/mmrcpsp.py:42(stream:278:864): Warning: Cumulative expression 'pulse': height is zero, expression is zero everywhere.
                                                                                                 VarCumulAtom_455 = pulse(task_12_mode_0, 0)
/home/omastto1/General-Optimization-Solver/src/solvers/mmrcpsp.py:42(stream:278:890): Warning: Cumulative expression 'pulse': height is zero, expression is zero everywhere.
                                                                                                 VarCumulAtom_456 = pulse(task_12_mode_1, 0)
/home/omastto1/General-Optimization-Solver/src/solvers/mmrcpsp.py:42(stream:278:942): Warning: Cumulative expression 'pulse': height is zero, expression is zero everywhere.
                                                                                                 VarCumulAtom_458 = pulse(task_13_mode_0, 0)
/home/omastto1/General-Optimization-Solver/src/solvers/mmrcpsp.py:42(stream:278:1072): Warning: Cumulative expression 'pulse': height is zero, expression is zero everywhere.
                                                                                                  VarCumulAtom_463 = pulse(task_14_mode_2, 0)
   Too many warnings of this type. Suppressing further warnings of this type.
 ! --------------------------------------------------- CP Optimizer 20.1.0.0 --
 ! Minimization problem - 205 variables, 311 constraints
 ! TimeLimit            = 60
 ! Workers              = 14
 ! LogVerbosity         = Terse
 ! Initial process time : 0.02s (0.02s extraction + 0.00s propagation)
 !  . Log search space  : 523.1 (before), 523.1 (after)
 !  . Memory usage      : 1.3 MB (before), 1.3 MB (after)
 ! Using parallel search with 14 workers.
 ! ----------------------------------------------------------------------------
 !          Best Branches  Non-fixed    W       Branch decision
                        0        205                 -
 + New bound is 18
 ! Using iterative diving.
 ! Using temporal relaxation.
 *            37      114  0.86s        1      (gap is 51.35%)
 *            36      321  0.86s        1      (gap is 50.00%)
 *            35      429  0.86s        1      (gap is 48.57%)
 *            28      537  0.86s        1      (gap is 35.71%)
 *            26      645  0.86s        1      (gap is 30.77%)
 *            25      911  0.86s        1      (gap is 28.00%)
 *            24     1099  0.86s        1      (gap is 25.00%)
 *            23     1132  0.86s        3      (gap is 21.74%)
 *            22     1434  0.86s        8      (gap is 18.18%)
 *            21     1978  0.86s       11      (gap is 14.29%)
 *            20     5969  1.58s        6      (gap is 10.00%)
 *            19     8694  2.28s        9      (gap is 5.26%)
 ! Using failure-directed search.
 *            18    25388  10.35s       1      (gap is 0.00%)
 ! ----------------------------------------------------------------------------
 ! Search completed, 13 solutions found.
 ! Best objective         : 18 (optimal - effective tol. is 0)
 ! Best bound             : 18
 ! ----------------------------------------------------------------------------
 ! Number of branches     : 852203
 ! Number of fails        : 245669
 ! Total memory usage     : 18.3 MB (18.1 MB CP Optimizer + 0.2 MB Concert)
 ! Time spent in solve    : 11.00s (10.99s engine + 0.02s extraction)
 ! Search speed (br. / s) : 77543.5
 ! ----------------------------------------------------------------------------
task_0: (start=0, end=0, size=0, length=0)
Task 0 is scheduled in mode 0 from 0 to 0
task_1: (start=0, end=4, size=4, length=4)
Task 1 is scheduled in mode 0 from 0 to 4
task_2: (start=0, end=7, size=7, length=7)
Task 2 is scheduled in mode 1 from 0 to 7
task_3: (start=0, end=3, size=3, length=3)
Task 3 is scheduled in mode 1 from 0 to 3
task_4: (start=0, end=4, size=4, length=4)
Task 4 is scheduled in mode 1 from 0 to 4
task_5: (start=1, end=4, size=3, length=3)
Task 5 is scheduled in mode 0 from 1 to 4
task_6: (start=0, end=2, size=2, length=2)
Task 6 is scheduled in mode 0 from 0 to 2
task_7: (start=0, end=6, size=6, length=6)
Task 7 is scheduled in mode 1 from 0 to 6
task_8: (start=4, end=8, size=4, length=4)
Task 8 is scheduled in mode 0 from 4 to 8
task_9: (start=3, end=5, size=2, length=2)
Task 9 is scheduled in mode 0 from 3 to 5
task_10: (start=0, end=6, size=6, length=6)
Task 10 is scheduled in mode 0 from 0 to 6
task_11: (start=3, end=4, size=1, length=1)
Task 11 is scheduled in mode 0 from 3 to 4
task_12: (start=6, end=8, size=2, length=2)
Task 12 is scheduled in mode 0 from 6 to 8
task_13: (start=1, end=8, size=7, length=7)
Task 13 is scheduled in mode 2 from 1 to 8
task_14: (start=5, end=9, size=4, length=4)
Task 14 is scheduled in mode 0 from 5 to 9
task_15: (start=0, end=9, size=9, length=9)
Task 15 is scheduled in mode 2 from 0 to 9
task_16: (start=4, end=12, size=8, length=8)
Task 16 is scheduled in mode 0 from 4 to 12
task_17: (start=7, end=10, size=3, length=3)
Task 17 is scheduled in mode 0 from 7 to 10
task_18: (start=0, end=3, size=3, length=3)
Task 18 is scheduled in mode 0 from 0 to 3
task_19: (start=2, end=7, size=5, length=5)
Task 19 is scheduled in mode 0 from 2 to 7
task_20: (start=4, end=5, size=1, length=1)
Task 20 is scheduled in mode 0 from 4 to 5
task_21: (start=7, end=12, size=5, length=5)
Task 21 is scheduled in mode 0 from 7 to 12
task_22: (start=6, end=8, size=2, length=2)
Task 22 is scheduled in mode 0 from 6 to 8
task_23: (start=4, end=10, size=6, length=6)
Task 23 is scheduled in mode 1 from 4 to 10
task_24: (start=10, end=12, size=2, length=2)
Task 24 is scheduled in mode 0 from 10 to 12
task_25: (start=8, end=9, size=1, length=1)
Task 25 is scheduled in mode 0 from 8 to 9
task_26: (start=8, end=9, size=1, length=1)
Task 26 is scheduled in mode 0 from 8 to 9
task_27: (start=12, end=15, size=3, length=3)
Task 27 is scheduled in mode 0 from 12 to 15
task_28: (start=8, end=10, size=2, length=2)
Task 28 is scheduled in mode 0 from 8 to 10
task_29: (start=12, end=14, size=2, length=2)
Task 29 is scheduled in mode 0 from 12 to 14
task_30: (start=9, end=10, size=1, length=1)
Task 30 is scheduled in mode 0 from 9 to 10
task_31: (start=15, end=18, size=3, length=3)
Task 31 is scheduled in mode 0 from 15 to 18
task_32: (start=15, end=18, size=3, length=3)
Task 32 is scheduled in mode 1 from 15 to 18
task_33: (start=15, end=18, size=3, length=3)
Task 33 is scheduled in mode 2 from 15 to 18
task_34: (start=14, end=16, size=2, length=2)
Task 34 is scheduled in mode 0 from 14 to 16
task_35: (start=10, end=17, size=7, length=7)
Task 35 is scheduled in mode 1 from 10 to 17
task_36: (start=14, end=18, size=4, length=4)
Task 36 is scheduled in mode 1 from 14 to 18
task_37: (start=10, end=18, size=8, length=8)
Task 37 is scheduled in mode 2 from 10 to 18
task_38: (start=13, end=15, size=2, length=2)
Task 38 is scheduled in mode 0 from 13 to 15
task_39: (start=16, end=18, size=2, length=2)
Task 39 is scheduled in mode 0 from 16 to 18
task_40: (start=12, end=18, size=6, length=6)
Task 40 is scheduled in mode 0 from 12 to 18
task_41: (start=12, end=18, size=6, length=6)
Task 41 is scheduled in mode 1 from 12 to 18
task_42: (start=9, end=15, size=6, length=6)
Task 42 is scheduled in mode 1 from 9 to 15
task_43: (start=10, end=18, size=8, length=8)
Task 43 is scheduled in mode 2 from 10 to 18
task_44: (start=10, end=17, size=7, length=7)
Task 44 is scheduled in mode 2 from 10 to 17
task_45: (start=13, end=16, size=3, length=3)
Task 45 is scheduled in mode 0 from 13 to 16
task_46: (start=17, end=18, size=1, length=1)
Task 46 is scheduled in mode 0 from 17 to 18
task_47: (start=8, end=14, size=6, length=6)
Task 47 is scheduled in mode 0 from 8 to 14
task_48: (start=10, end=18, size=8, length=8)
Task 48 is scheduled in mode 1 from 10 to 18
task_49: (start=4, end=7, size=3, length=3)
Task 49 is scheduled in mode 0 from 4 to 7
task_50: (start=9, end=12, size=3, length=3)
Task 50 is scheduled in mode 0 from 9 to 12
task_51: (start=18, end=18, size=0, length=0)
Task 51 is scheduled in mode 0 from 18 to 18
Optimal solution found
Objective value: 18
Solution is optimal.
