6
raw_data/mm-rcpsp/MMLIB50/J502_1.mm
Time limit set to 60 seconds
Running CP solver
/home/omastto1/General-Optimization-Solver/src/solvers/mmrcpsp.py:42(stream:276:6): Warning: Cumulative expression 'pulse': height is zero, expression is zero everywhere.
                                                                                               VarCumulAtom_419 = pulse(task_0_mode_0, 0)
/home/omastto1/General-Optimization-Solver/src/solvers/mmrcpsp.py:42(stream:276:56): Warning: Cumulative expression 'pulse': height is zero, expression is zero everywhere.
                                                                                                VarCumulAtom_421 = pulse(task_1_mode_1, 0)
/home/omastto1/General-Optimization-Solver/src/solvers/mmrcpsp.py:42(stream:276:81): Warning: Cumulative expression 'pulse': height is zero, expression is zero everywhere.
                                                                                                VarCumulAtom_422 = pulse(task_1_mode_2, 0)
/home/omastto1/General-Optimization-Solver/src/solvers/mmrcpsp.py:42(stream:276:106): Warning: Cumulative expression 'pulse': height is zero, expression is zero everywhere.
                                                                                                 VarCumulAtom_423 = pulse(task_2_mode_0, 0)
/home/omastto1/General-Optimization-Solver/src/solvers/mmrcpsp.py:42(stream:276:231): Warning: Cumulative expression 'pulse': height is zero, expression is zero everywhere.
                                                                                                 VarCumulAtom_428 = pulse(task_3_mode_2, 0)
/home/omastto1/General-Optimization-Solver/src/solvers/mmrcpsp.py:42(stream:276:256): Warning: Cumulative expression 'pulse': height is zero, expression is zero everywhere.
                                                                                                 VarCumulAtom_429 = pulse(task_4_mode_0, 0)
/home/omastto1/General-Optimization-Solver/src/solvers/mmrcpsp.py:42(stream:276:306): Warning: Cumulative expression 'pulse': height is zero, expression is zero everywhere.
                                                                                                 VarCumulAtom_431 = pulse(task_4_mode_2, 0)
/home/omastto1/General-Optimization-Solver/src/solvers/mmrcpsp.py:42(stream:276:356): Warning: Cumulative expression 'pulse': height is zero, expression is zero everywhere.
                                                                                                 VarCumulAtom_433 = pulse(task_5_mode_1, 0)
/home/omastto1/General-Optimization-Solver/src/solvers/mmrcpsp.py:42(stream:276:381): Warning: Cumulative expression 'pulse': height is zero, expression is zero everywhere.
                                                                                                 VarCumulAtom_434 = pulse(task_5_mode_2, 0)
/home/omastto1/General-Optimization-Solver/src/solvers/mmrcpsp.py:42(stream:276:406): Warning: Cumulative expression 'pulse': height is zero, expression is zero everywhere.
                                                                                                 VarCumulAtom_435 = pulse(task_6_mode_0, 0)
/home/omastto1/General-Optimization-Solver/src/solvers/mmrcpsp.py:42(stream:276:431): Warning: Cumulative expression 'pulse': height is zero, expression is zero everywhere.
                                                                                                 VarCumulAtom_436 = pulse(task_6_mode_1, 0)
/home/omastto1/General-Optimization-Solver/src/solvers/mmrcpsp.py:42(stream:276:506): Warning: Cumulative expression 'pulse': height is zero, expression is zero everywhere.
                                                                                                 VarCumulAtom_439 = pulse(task_7_mode_1, 0)
/home/omastto1/General-Optimization-Solver/src/solvers/mmrcpsp.py:42(stream:276:556): Warning: Cumulative expression 'pulse': height is zero, expression is zero everywhere.
                                                                                                 VarCumulAtom_441 = pulse(task_8_mode_0, 0)
/home/omastto1/General-Optimization-Solver/src/solvers/mmrcpsp.py:42(stream:276:606): Warning: Cumulative expression 'pulse': height is zero, expression is zero everywhere.
                                                                                                 VarCumulAtom_443 = pulse(task_8_mode_2, 0)
/home/omastto1/General-Optimization-Solver/src/solvers/mmrcpsp.py:42(stream:276:631): Warning: Cumulative expression 'pulse': height is zero, expression is zero everywhere.
                                                                                                 VarCumulAtom_444 = pulse(task_9_mode_0, 0)
/home/omastto1/General-Optimization-Solver/src/solvers/mmrcpsp.py:42(stream:276:681): Warning: Cumulative expression 'pulse': height is zero, expression is zero everywhere.
                                                                                                 VarCumulAtom_446 = pulse(task_9_mode_2, 0)
/home/omastto1/General-Optimization-Solver/src/solvers/mmrcpsp.py:42(stream:276:706): Warning: Cumulative expression 'pulse': height is zero, expression is zero everywhere.
                                                                                                 VarCumulAtom_447 = pulse(task_10_mode_0, 0)
/home/omastto1/General-Optimization-Solver/src/solvers/mmrcpsp.py:42(stream:276:784): Warning: Cumulative expression 'pulse': height is zero, expression is zero everywhere.
                                                                                                 VarCumulAtom_450 = pulse(task_11_mode_0, 0)
/home/omastto1/General-Optimization-Solver/src/solvers/mmrcpsp.py:42(stream:276:836): Warning: Cumulative expression 'pulse': height is zero, expression is zero everywhere.
                                                                                                 VarCumulAtom_452 = pulse(task_11_mode_2, 0)
/home/omastto1/General-Optimization-Solver/src/solvers/mmrcpsp.py:42(stream:276:1018): Warning: Cumulative expression 'pulse': height is zero, expression is zero everywhere.
                                                                                                  VarCumulAtom_459 = pulse(task_14_mode_0, 0)
   Too many warnings of this type. Suppressing further warnings of this type.
 ! --------------------------------------------------- CP Optimizer 20.1.0.0 --
 ! Minimization problem - 205 variables, 269 constraints
 ! TimeLimit            = 60
 ! Workers              = 14
 ! LogVerbosity         = Terse
 ! Initial process time : 0.02s (0.02s extraction + 0.00s propagation)
 !  . Log search space  : 518.3 (before), 518.3 (after)
 !  . Memory usage      : 1.3 MB (before), 1.3 MB (after)
 ! Using parallel search with 14 workers.
 ! ----------------------------------------------------------------------------
 !          Best Branches  Non-fixed    W       Branch decision
                        0        205                 -
 + New bound is 22
 ! Using iterative diving.
 ! Using temporal relaxation.
 *            46      109  0.86s        1      (gap is 52.17%)
 *            45      266  0.86s        1      (gap is 51.11%)
 *            43      374  0.86s        1      (gap is 48.84%)
 *            42      482  0.86s        1      (gap is 47.62%)
 *            41      590  0.86s        1      (gap is 46.34%)
 *            39      698  0.86s        1      (gap is 43.59%)
 *            38      898  0.86s        1      (gap is 42.11%)
 *            36     1082  0.86s        1      (gap is 38.89%)
 *            35     1132  0.86s        1      (gap is 37.14%)
 *            34     1262  0.86s        1      (gap is 35.29%)
 *            33     1436  0.86s        1      (gap is 33.33%)
 *            32     1512  0.86s        1      (gap is 31.25%)
              32     1558          2    1   F        -
 + New bound is 23 (gap is 28.12%)
 *            31     1464  0.86s        5      (gap is 25.81%)
 *            30     1532  0.86s        5      (gap is 23.33%)
 *            29     1577  0.86s        5      (gap is 20.69%)
 ! Using failure-directed search.
 *            27     2429  1.52s        3      (gap is 14.81%)
 *            26     3711  1.52s        6      (gap is 11.54%)
 *            25     6098  2.09s       11      (gap is 8.00%)
 ! Time = 2.09s, Average fail depth = 22, Memory usage = 23.1 MB
 ! Current bound is 23 (gap is 8.00%)
 !          Best Branches  Non-fixed    W       Branch decision
              25    15131          2    1   F    15 >= endOf(task_29)
 + New bound is 24 (gap is 4.00%)
 *            24    70930  22.10s      11      (gap is 0.00%)
 ! ----------------------------------------------------------------------------
 ! Search completed, 19 solutions found.
 ! Best objective         : 24 (optimal - effective tol. is 0)
 ! Best bound             : 24
 ! ----------------------------------------------------------------------------
 ! Number of branches     : 2339884
 ! Number of fails        : 396942
 ! Total memory usage     : 18.6 MB (18.4 MB CP Optimizer + 0.2 MB Concert)
 ! Time spent in solve    : 26.32s (26.30s engine + 0.02s extraction)
 ! Search speed (br. / s) : 88969.0
 ! ----------------------------------------------------------------------------
task_0: (start=0, end=0, size=0, length=0)
Task 0 is scheduled in mode 0 from 0 to 0
task_1: (start=0, end=7, size=7, length=7)
Task 1 is scheduled in mode 1 from 0 to 7
task_2: (start=0, end=4, size=4, length=4)
Task 2 is scheduled in mode 1 from 0 to 4
task_3: (start=0, end=5, size=5, length=5)
Task 3 is scheduled in mode 2 from 0 to 5
task_4: (start=0, end=8, size=8, length=8)
Task 4 is scheduled in mode 1 from 0 to 8
task_5: (start=0, end=9, size=9, length=9)
Task 5 is scheduled in mode 2 from 0 to 9
task_6: (start=0, end=6, size=6, length=6)
Task 6 is scheduled in mode 1 from 0 to 6
task_7: (start=7, end=10, size=3, length=3)
Task 7 is scheduled in mode 0 from 7 to 10
task_8: (start=0, end=8, size=8, length=8)
Task 8 is scheduled in mode 2 from 0 to 8
task_9: (start=0, end=9, size=9, length=9)
Task 9 is scheduled in mode 2 from 0 to 9
task_10: (start=5, end=14, size=9, length=9)
Task 10 is scheduled in mode 2 from 5 to 14
task_11: (start=0, end=8, size=8, length=8)
Task 11 is scheduled in mode 1 from 0 to 8
task_12: (start=0, end=6, size=6, length=6)
Task 12 is scheduled in mode 2 from 0 to 6
task_13: (start=9, end=14, size=5, length=5)
Task 13 is scheduled in mode 2 from 9 to 14
task_14: (start=8, end=11, size=3, length=3)
Task 14 is scheduled in mode 0 from 8 to 11
task_15: (start=0, end=9, size=9, length=9)
Task 15 is scheduled in mode 2 from 0 to 9
task_16: (start=8, end=15, size=7, length=7)
Task 16 is scheduled in mode 2 from 8 to 15
task_17: (start=6, end=14, size=8, length=8)
Task 17 is scheduled in mode 2 from 6 to 14
task_18: (start=9, end=11, size=2, length=2)
Task 18 is scheduled in mode 0 from 9 to 11
task_19: (start=0, end=8, size=8, length=8)
Task 19 is scheduled in mode 2 from 0 to 8
task_20: (start=0, end=3, size=3, length=3)
Task 20 is scheduled in mode 2 from 0 to 3
task_21: (start=5, end=11, size=6, length=6)
Task 21 is scheduled in mode 2 from 5 to 11
task_22: (start=13, end=15, size=2, length=2)
Task 22 is scheduled in mode 0 from 13 to 15
task_23: (start=11, end=14, size=3, length=3)
Task 23 is scheduled in mode 0 from 11 to 14
task_24: (start=10, end=13, size=3, length=3)
Task 24 is scheduled in mode 1 from 10 to 13
task_25: (start=14, end=17, size=3, length=3)
Task 25 is scheduled in mode 1 from 14 to 17
task_26: (start=9, end=15, size=6, length=6)
Task 26 is scheduled in mode 2 from 9 to 15
task_27: (start=8, end=16, size=8, length=8)
Task 27 is scheduled in mode 2 from 8 to 16
task_28: (start=7, end=14, size=7, length=7)
Task 28 is scheduled in mode 1 from 7 to 14
task_29: (start=15, end=17, size=2, length=2)
Task 29 is scheduled in mode 0 from 15 to 17
task_30: (start=14, end=15, size=1, length=1)
Task 30 is scheduled in mode 0 from 14 to 15
task_31: (start=6, end=15, size=9, length=9)
Task 31 is scheduled in mode 2 from 6 to 15
task_32: (start=0, end=9, size=9, length=9)
Task 32 is scheduled in mode 2 from 0 to 9
task_33: (start=15, end=17, size=2, length=2)
Task 33 is scheduled in mode 1 from 15 to 17
task_34: (start=17, end=23, size=6, length=6)
Task 34 is scheduled in mode 2 from 17 to 23
task_35: (start=14, end=19, size=5, length=5)
Task 35 is scheduled in mode 1 from 14 to 19
task_36: (start=15, end=20, size=5, length=5)
Task 36 is scheduled in mode 1 from 15 to 20
task_37: (start=14, end=20, size=6, length=6)
Task 37 is scheduled in mode 2 from 14 to 20
task_38: (start=23, end=24, size=1, length=1)
Task 38 is scheduled in mode 0 from 23 to 24
task_39: (start=20, end=24, size=4, length=4)
Task 39 is scheduled in mode 1 from 20 to 24
task_40: (start=15, end=24, size=9, length=9)
Task 40 is scheduled in mode 0 from 15 to 24
task_41: (start=20, end=24, size=4, length=4)
Task 41 is scheduled in mode 0 from 20 to 24
task_42: (start=17, end=23, size=6, length=6)
Task 42 is scheduled in mode 1 from 17 to 23
task_43: (start=19, end=23, size=4, length=4)
Task 43 is scheduled in mode 2 from 19 to 23
task_44: (start=17, end=23, size=6, length=6)
Task 44 is scheduled in mode 2 from 17 to 23
task_45: (start=16, end=24, size=8, length=8)
Task 45 is scheduled in mode 2 from 16 to 24
task_46: (start=15, end=24, size=9, length=9)
Task 46 is scheduled in mode 2 from 15 to 24
task_47: (start=10, end=20, size=10, length=10)
Task 47 is scheduled in mode 2 from 10 to 20
task_48: (start=14, end=24, size=10, length=10)
Task 48 is scheduled in mode 2 from 14 to 24
task_49: (start=17, end=23, size=6, length=6)
Task 49 is scheduled in mode 2 from 17 to 23
task_50: (start=11, end=19, size=8, length=8)
Task 50 is scheduled in mode 1 from 11 to 19
task_51: (start=24, end=24, size=0, length=0)
Task 51 is scheduled in mode 0 from 24 to 24
Optimal solution found
Objective value: 24
Solution is 0.0 % worse than the lower bound.
