74
raw_data/mm-rcpsp/MMLIB50/J5015_4.mm
Time limit set to 60 seconds
Running CP solver
/home/omastto1/General-Optimization-Solver/src/solvers/mmrcpsp.py:42(stream:278:6): Warning: Cumulative expression 'pulse': height is zero, expression is zero everywhere.
                                                                                               VarCumulAtom_421 = pulse(task_0_mode_0, 0)
/home/omastto1/General-Optimization-Solver/src/solvers/mmrcpsp.py:42(stream:278:56): Warning: Cumulative expression 'pulse': height is zero, expression is zero everywhere.
                                                                                                VarCumulAtom_423 = pulse(task_1_mode_1, 0)
/home/omastto1/General-Optimization-Solver/src/solvers/mmrcpsp.py:42(stream:278:106): Warning: Cumulative expression 'pulse': height is zero, expression is zero everywhere.
                                                                                                 VarCumulAtom_425 = pulse(task_2_mode_0, 0)
/home/omastto1/General-Optimization-Solver/src/solvers/mmrcpsp.py:42(stream:278:181): Warning: Cumulative expression 'pulse': height is zero, expression is zero everywhere.
                                                                                                 VarCumulAtom_428 = pulse(task_3_mode_0, 0)
/home/omastto1/General-Optimization-Solver/src/solvers/mmrcpsp.py:42(stream:278:256): Warning: Cumulative expression 'pulse': height is zero, expression is zero everywhere.
                                                                                                 VarCumulAtom_431 = pulse(task_4_mode_0, 0)
/home/omastto1/General-Optimization-Solver/src/solvers/mmrcpsp.py:42(stream:278:306): Warning: Cumulative expression 'pulse': height is zero, expression is zero everywhere.
                                                                                                 VarCumulAtom_433 = pulse(task_4_mode_2, 0)
/home/omastto1/General-Optimization-Solver/src/solvers/mmrcpsp.py:42(stream:278:331): Warning: Cumulative expression 'pulse': height is zero, expression is zero everywhere.
                                                                                                 VarCumulAtom_434 = pulse(task_5_mode_0, 0)
/home/omastto1/General-Optimization-Solver/src/solvers/mmrcpsp.py:42(stream:278:381): Warning: Cumulative expression 'pulse': height is zero, expression is zero everywhere.
                                                                                                 VarCumulAtom_436 = pulse(task_5_mode_2, 0)
/home/omastto1/General-Optimization-Solver/src/solvers/mmrcpsp.py:42(stream:278:431): Warning: Cumulative expression 'pulse': height is zero, expression is zero everywhere.
                                                                                                 VarCumulAtom_438 = pulse(task_6_mode_1, 0)
/home/omastto1/General-Optimization-Solver/src/solvers/mmrcpsp.py:42(stream:278:456): Warning: Cumulative expression 'pulse': height is zero, expression is zero everywhere.
                                                                                                 VarCumulAtom_439 = pulse(task_6_mode_2, 0)
/home/omastto1/General-Optimization-Solver/src/solvers/mmrcpsp.py:42(stream:278:531): Warning: Cumulative expression 'pulse': height is zero, expression is zero everywhere.
                                                                                                 VarCumulAtom_442 = pulse(task_7_mode_2, 0)
/home/omastto1/General-Optimization-Solver/src/solvers/mmrcpsp.py:42(stream:278:606): Warning: Cumulative expression 'pulse': height is zero, expression is zero everywhere.
                                                                                                 VarCumulAtom_445 = pulse(task_8_mode_2, 0)
/home/omastto1/General-Optimization-Solver/src/solvers/mmrcpsp.py:42(stream:278:631): Warning: Cumulative expression 'pulse': height is zero, expression is zero everywhere.
                                                                                                 VarCumulAtom_446 = pulse(task_9_mode_0, 0)
/home/omastto1/General-Optimization-Solver/src/solvers/mmrcpsp.py:42(stream:278:681): Warning: Cumulative expression 'pulse': height is zero, expression is zero everywhere.
                                                                                                 VarCumulAtom_448 = pulse(task_9_mode_2, 0)
/home/omastto1/General-Optimization-Solver/src/solvers/mmrcpsp.py:42(stream:278:758): Warning: Cumulative expression 'pulse': height is zero, expression is zero everywhere.
                                                                                                 VarCumulAtom_451 = pulse(task_10_mode_2, 0)
/home/omastto1/General-Optimization-Solver/src/solvers/mmrcpsp.py:42(stream:278:810): Warning: Cumulative expression 'pulse': height is zero, expression is zero everywhere.
                                                                                                 VarCumulAtom_453 = pulse(task_11_mode_1, 0)
/home/omastto1/General-Optimization-Solver/src/solvers/mmrcpsp.py:42(stream:278:836): Warning: Cumulative expression 'pulse': height is zero, expression is zero everywhere.
                                                                                                 VarCumulAtom_454 = pulse(task_11_mode_2, 0)
/home/omastto1/General-Optimization-Solver/src/solvers/mmrcpsp.py:42(stream:278:888): Warning: Cumulative expression 'pulse': height is zero, expression is zero everywhere.
                                                                                                 VarCumulAtom_456 = pulse(task_12_mode_1, 0)
/home/omastto1/General-Optimization-Solver/src/solvers/mmrcpsp.py:42(stream:278:940): Warning: Cumulative expression 'pulse': height is zero, expression is zero everywhere.
                                                                                                 VarCumulAtom_458 = pulse(task_13_mode_0, 0)
/home/omastto1/General-Optimization-Solver/src/solvers/mmrcpsp.py:42(stream:278:966): Warning: Cumulative expression 'pulse': height is zero, expression is zero everywhere.
                                                                                                 VarCumulAtom_459 = pulse(task_13_mode_1, 0)
   Too many warnings of this type. Suppressing further warnings of this type.
 ! --------------------------------------------------- CP Optimizer 20.1.0.0 --
 ! Minimization problem - 205 variables, 294 constraints
 ! TimeLimit            = 60
 ! Workers              = 14
 ! LogVerbosity         = Terse
 ! Initial process time : 0.01s (0.01s extraction + 0.00s propagation)
 !  . Log search space  : 519.6 (before), 519.6 (after)
 !  . Memory usage      : 1.3 MB (before), 1.3 MB (after)
 ! Using parallel search with 14 workers.
 ! ----------------------------------------------------------------------------
 !          Best Branches  Non-fixed    W       Branch decision
                        0        205                 -
 + New bound is 23
 ! Using iterative diving.
 ! Using temporal relaxation.
 *            33      145  0.45s        1      (gap is 30.30%)
 *            30      337  0.45s        1      (gap is 23.33%)
 *            29      445  0.45s        1      (gap is 20.69%)
 *            28      691  0.45s        1      (gap is 17.86%)
 *            27      871  0.45s        1      (gap is 14.81%)
 *            24     1138  0.45s        1      (gap is 4.17%)
 *            23     1183  0.45s        1      (gap is 0.00%)
 ! ----------------------------------------------------------------------------
 ! Search completed, 7 solutions found.
 ! Best objective         : 23 (optimal - effective tol. is 0)
 ! Best bound             : 23
 ! ----------------------------------------------------------------------------
 ! Number of branches     : 67128
 ! Number of fails        : 500
 ! Total memory usage     : 17.2 MB (17.0 MB CP Optimizer + 0.2 MB Concert)
 ! Time spent in solve    : 0.48s (0.47s engine + 0.01s extraction)
 ! Search speed (br. / s) : 142825.5
 ! ----------------------------------------------------------------------------
task_0: (start=0, end=0, size=0, length=0)
Task 0 is scheduled in mode 0 from 0 to 0
task_1: (start=0, end=3, size=3, length=3)
Task 1 is scheduled in mode 2 from 0 to 3
task_2: (start=0, end=5, size=5, length=5)
Task 2 is scheduled in mode 0 from 0 to 5
task_3: (start=0, end=2, size=2, length=2)
Task 3 is scheduled in mode 0 from 0 to 2
task_4: (start=0, end=8, size=8, length=8)
Task 4 is scheduled in mode 1 from 0 to 8
task_5: (start=0, end=10, size=10, length=10)
Task 5 is scheduled in mode 2 from 0 to 10
task_6: (start=0, end=9, size=9, length=9)
Task 6 is scheduled in mode 2 from 0 to 9
task_7: (start=0, end=7, size=7, length=7)
Task 7 is scheduled in mode 2 from 0 to 7
task_8: (start=0, end=5, size=5, length=5)
Task 8 is scheduled in mode 1 from 0 to 5
task_9: (start=0, end=10, size=10, length=10)
Task 9 is scheduled in mode 2 from 0 to 10
task_10: (start=0, end=1, size=1, length=1)
Task 10 is scheduled in mode 0 from 0 to 1
task_11: (start=0, end=2, size=2, length=2)
Task 11 is scheduled in mode 0 from 0 to 2
task_12: (start=5, end=7, size=2, length=2)
Task 12 is scheduled in mode 0 from 5 to 7
task_13: (start=3, end=12, size=9, length=9)
Task 13 is scheduled in mode 2 from 3 to 12
task_14: (start=2, end=4, size=2, length=2)
Task 14 is scheduled in mode 1 from 2 to 4
task_15: (start=3, end=5, size=2, length=2)
Task 15 is scheduled in mode 1 from 3 to 5
task_16: (start=0, end=9, size=9, length=9)
Task 16 is scheduled in mode 2 from 0 to 9
task_17: (start=2, end=8, size=6, length=6)
Task 17 is scheduled in mode 1 from 2 to 8
task_18: (start=0, end=9, size=9, length=9)
Task 18 is scheduled in mode 2 from 0 to 9
task_19: (start=5, end=12, size=7, length=7)
Task 19 is scheduled in mode 0 from 5 to 12
task_20: (start=8, end=11, size=3, length=3)
Task 20 is scheduled in mode 0 from 8 to 11
task_21: (start=10, end=14, size=4, length=4)
Task 21 is scheduled in mode 0 from 10 to 14
task_22: (start=9, end=13, size=4, length=4)
Task 22 is scheduled in mode 0 from 9 to 13
task_23: (start=3, end=8, size=5, length=5)
Task 23 is scheduled in mode 2 from 3 to 8
task_24: (start=12, end=17, size=5, length=5)
Task 24 is scheduled in mode 0 from 12 to 17
task_25: (start=9, end=10, size=1, length=1)
Task 25 is scheduled in mode 0 from 9 to 10
task_26: (start=7, end=12, size=5, length=5)
Task 26 is scheduled in mode 1 from 7 to 12
task_27: (start=3, end=13, size=10, length=10)
Task 27 is scheduled in mode 2 from 3 to 13
task_28: (start=12, end=17, size=5, length=5)
Task 28 is scheduled in mode 0 from 12 to 17
task_29: (start=10, end=12, size=2, length=2)
Task 29 is scheduled in mode 0 from 10 to 12
task_30: (start=12, end=14, size=2, length=2)
Task 30 is scheduled in mode 0 from 12 to 14
task_31: (start=9, end=16, size=7, length=7)
Task 31 is scheduled in mode 0 from 9 to 16
task_32: (start=10, end=13, size=3, length=3)
Task 32 is scheduled in mode 0 from 10 to 13
task_33: (start=10, end=19, size=9, length=9)
Task 33 is scheduled in mode 1 from 10 to 19
task_34: (start=7, end=13, size=6, length=6)
Task 34 is scheduled in mode 1 from 7 to 13
task_35: (start=16, end=21, size=5, length=5)
Task 35 is scheduled in mode 0 from 16 to 21
task_36: (start=14, end=19, size=5, length=5)
Task 36 is scheduled in mode 1 from 14 to 19
task_37: (start=17, end=22, size=5, length=5)
Task 37 is scheduled in mode 0 from 17 to 22
task_38: (start=17, end=18, size=1, length=1)
Task 38 is scheduled in mode 0 from 17 to 18
task_39: (start=17, end=23, size=6, length=6)
Task 39 is scheduled in mode 0 from 17 to 23
task_40: (start=17, end=23, size=6, length=6)
Task 40 is scheduled in mode 0 from 17 to 23
task_41: (start=13, end=22, size=9, length=9)
Task 41 is scheduled in mode 2 from 13 to 22
task_42: (start=14, end=21, size=7, length=7)
Task 42 is scheduled in mode 2 from 14 to 21
task_43: (start=19, end=22, size=3, length=3)
Task 43 is scheduled in mode 0 from 19 to 22
task_44: (start=12, end=13, size=1, length=1)
Task 44 is scheduled in mode 0 from 12 to 13
task_45: (start=13, end=23, size=10, length=10)
Task 45 is scheduled in mode 2 from 13 to 23
task_46: (start=10, end=14, size=4, length=4)
Task 46 is scheduled in mode 0 from 10 to 14
task_47: (start=10, end=11, size=1, length=1)
Task 47 is scheduled in mode 0 from 10 to 11
task_48: (start=10, end=19, size=9, length=9)
Task 48 is scheduled in mode 1 from 10 to 19
task_49: (start=8, end=9, size=1, length=1)
Task 49 is scheduled in mode 0 from 8 to 9
task_50: (start=8, end=16, size=8, length=8)
Task 50 is scheduled in mode 2 from 8 to 16
task_51: (start=23, end=23, size=0, length=0)
Task 51 is scheduled in mode 0 from 23 to 23
Optimal solution found
Objective value: 23
Solution is optimal.
