48
raw_data/mm-rcpsp/MMLIB50/J5010_3.mm
Time limit set to 60 seconds
Running CP solver
/home/omastto1/General-Optimization-Solver/src/solvers/mmrcpsp.py:42(stream:276:6): Warning: Cumulative expression 'pulse': height is zero, expression is zero everywhere.
                                                                                               VarCumulAtom_419 = pulse(task_0_mode_0, 0)
/home/omastto1/General-Optimization-Solver/src/solvers/mmrcpsp.py:42(stream:276:3904): Warning: Cumulative expression 'pulse': height is zero, expression is zero everywhere.
                                                                                                  VarCumulAtom_570 = pulse(task_51_mode_0, 0)
/home/omastto1/General-Optimization-Solver/src/solvers/mmrcpsp.py:42(stream:277:6): Warning: Cumulative expression 'pulse': height is zero, expression is zero everywhere.
                                                                                               VarCumulAtom_574 = pulse(task_0_mode_0, 0)
/home/omastto1/General-Optimization-Solver/src/solvers/mmrcpsp.py:42(stream:277:3907): Warning: Cumulative expression 'pulse': height is zero, expression is zero everywhere.
                                                                                                  VarCumulAtom_725 = pulse(task_51_mode_0, 0)
 ! --------------------------------------------------- CP Optimizer 20.1.0.0 --
 ! Minimization problem - 205 variables, 290 constraints
 ! TimeLimit            = 60
 ! Workers              = 14
 ! LogVerbosity         = Terse
 ! Initial process time : 0.00s (0.00s extraction + 0.00s propagation)
 !  . Log search space  : 516.7 (before), 516.7 (after)
 !  . Memory usage      : 1.3 MB (before), 1.3 MB (after)
 ! Using parallel search with 14 workers.
 ! ----------------------------------------------------------------------------
 !          Best Branches  Non-fixed    W       Branch decision
                        0        205                 -
 + New bound is 14
 ! Using iterative diving.
 ! Using temporal relaxation.
 *            41      109  0.87s        1      (gap is 65.85%)
 *            39      315  0.87s        1      (gap is 64.10%)
 *            38      495  0.87s        1      (gap is 63.16%)
 *            37      869  0.87s        1      (gap is 62.16%)
 *            36     1075  0.87s        1      (gap is 61.11%)
 *            35     1283  0.87s        1      (gap is 60.00%)
 *            34      967  0.87s        3      (gap is 58.82%)
 *            33     1226  0.87s        5      (gap is 57.58%)
 *            32     2713  1.58s        1      (gap is 56.25%)
 *            31     2105  1.58s        4      (gap is 54.84%)
 *            30     3538  1.58s        8      (gap is 53.33%)
              30     7213          4    1   F        -
 + New bound is 15 (gap is 50.00%)
 ! Using failure-directed search.
 *            29    20831  5.76s        5      (gap is 48.28%)
              29     9957        111    1   F    21 >= cost
 + New bound is 16 (gap is 44.83%)
 *            28    34934  10.09s       7      (gap is 42.86%)
 *            27    59208  18.79s       5      (gap is 40.74%)
 ! ----------------------------------------------------------------------------
 ! Search terminated by limit, 14 solutions found.
 ! Best objective         : 27 (gap is 40.74%)
 ! Best bound             : 16
 ! ----------------------------------------------------------------------------
 ! Number of branches     : 5132264
 ! Number of fails        : 928209
 ! Total memory usage     : 20.0 MB (19.8 MB CP Optimizer + 0.2 MB Concert)
 ! Time spent in solve    : 60.05s (60.05s engine + 0.00s extraction)
 ! Search speed (br. / s) : 85480.7
 ! ----------------------------------------------------------------------------
task_0: (start=0, end=0, size=0, length=0)
Task 0 is scheduled in mode 0 from 0 to 0
task_1: (start=3, end=4, size=1, length=1)
Task 1 is scheduled in mode 0 from 3 to 4
task_2: (start=1, end=3, size=2, length=2)
Task 2 is scheduled in mode 0 from 1 to 3
task_3: (start=0, end=4, size=4, length=4)
Task 3 is scheduled in mode 0 from 0 to 4
task_4: (start=0, end=2, size=2, length=2)
Task 4 is scheduled in mode 0 from 0 to 2
task_5: (start=2, end=9, size=7, length=7)
Task 5 is scheduled in mode 2 from 2 to 9
task_6: (start=0, end=1, size=1, length=1)
Task 6 is scheduled in mode 0 from 0 to 1
task_7: (start=5, end=7, size=2, length=2)
Task 7 is scheduled in mode 0 from 5 to 7
task_8: (start=10, end=15, size=5, length=5)
Task 8 is scheduled in mode 1 from 10 to 15
task_9: (start=7, end=16, size=9, length=9)
Task 9 is scheduled in mode 2 from 7 to 16
task_10: (start=3, end=10, size=7, length=7)
Task 10 is scheduled in mode 2 from 3 to 10
task_11: (start=10, end=13, size=3, length=3)
Task 11 is scheduled in mode 0 from 10 to 13
task_12: (start=0, end=1, size=1, length=1)
Task 12 is scheduled in mode 0 from 0 to 1
task_13: (start=1, end=8, size=7, length=7)
Task 13 is scheduled in mode 0 from 1 to 8
task_14: (start=5, end=9, size=4, length=4)
Task 14 is scheduled in mode 1 from 5 to 9
task_15: (start=0, end=5, size=5, length=5)
Task 15 is scheduled in mode 1 from 0 to 5
task_16: (start=7, end=15, size=8, length=8)
Task 16 is scheduled in mode 1 from 7 to 15
task_17: (start=0, end=1, size=1, length=1)
Task 17 is scheduled in mode 0 from 0 to 1
task_18: (start=11, end=17, size=6, length=6)
Task 18 is scheduled in mode 2 from 11 to 17
task_19: (start=8, end=16, size=8, length=8)
Task 19 is scheduled in mode 0 from 8 to 16
task_20: (start=13, end=17, size=4, length=4)
Task 20 is scheduled in mode 0 from 13 to 17
task_21: (start=9, end=13, size=4, length=4)
Task 21 is scheduled in mode 0 from 9 to 13
task_22: (start=9, end=10, size=1, length=1)
Task 22 is scheduled in mode 0 from 9 to 10
task_23: (start=4, end=11, size=7, length=7)
Task 23 is scheduled in mode 2 from 4 to 11
task_24: (start=17, end=19, size=2, length=2)
Task 24 is scheduled in mode 0 from 17 to 19
task_25: (start=9, end=12, size=3, length=3)
Task 25 is scheduled in mode 1 from 9 to 12
task_26: (start=4, end=5, size=1, length=1)
Task 26 is scheduled in mode 0 from 4 to 5
task_27: (start=5, end=11, size=6, length=6)
Task 27 is scheduled in mode 2 from 5 to 11
task_28: (start=13, end=17, size=4, length=4)
Task 28 is scheduled in mode 2 from 13 to 17
task_29: (start=17, end=18, size=1, length=1)
Task 29 is scheduled in mode 0 from 17 to 18
task_30: (start=16, end=22, size=6, length=6)
Task 30 is scheduled in mode 0 from 16 to 22
task_31: (start=11, end=16, size=5, length=5)
Task 31 is scheduled in mode 1 from 11 to 16
task_32: (start=12, end=15, size=3, length=3)
Task 32 is scheduled in mode 0 from 12 to 15
task_33: (start=1, end=3, size=2, length=2)
Task 33 is scheduled in mode 0 from 1 to 3
task_34: (start=25, end=26, size=1, length=1)
Task 34 is scheduled in mode 0 from 25 to 26
task_35: (start=26, end=27, size=1, length=1)
Task 35 is scheduled in mode 0 from 26 to 27
task_36: (start=22, end=27, size=5, length=5)
Task 36 is scheduled in mode 0 from 22 to 27
task_37: (start=22, end=27, size=5, length=5)
Task 37 is scheduled in mode 1 from 22 to 27
task_38: (start=17, end=25, size=8, length=8)
Task 38 is scheduled in mode 2 from 17 to 25
task_39: (start=24, end=27, size=3, length=3)
Task 39 is scheduled in mode 0 from 24 to 27
task_40: (start=19, end=24, size=5, length=5)
Task 40 is scheduled in mode 1 from 19 to 24
task_41: (start=22, end=25, size=3, length=3)
Task 41 is scheduled in mode 0 from 22 to 25
task_42: (start=25, end=27, size=2, length=2)
Task 42 is scheduled in mode 0 from 25 to 27
task_43: (start=18, end=27, size=9, length=9)
Task 43 is scheduled in mode 2 from 18 to 27
task_44: (start=16, end=22, size=6, length=6)
Task 44 is scheduled in mode 1 from 16 to 22
task_45: (start=17, end=18, size=1, length=1)
Task 45 is scheduled in mode 0 from 17 to 18
task_46: (start=18, end=22, size=4, length=4)
Task 46 is scheduled in mode 0 from 18 to 22
task_47: (start=15, end=24, size=9, length=9)
Task 47 is scheduled in mode 2 from 15 to 24
task_48: (start=16, end=17, size=1, length=1)
Task 48 is scheduled in mode 0 from 16 to 17
task_49: (start=17, end=26, size=9, length=9)
Task 49 is scheduled in mode 2 from 17 to 26
task_50: (start=15, end=16, size=1, length=1)
Task 50 is scheduled in mode 0 from 15 to 16
task_51: (start=27, end=27, size=0, length=0)
Task 51 is scheduled in mode 0 from 27 to 27
Feasible solution found
Objective value: 27
Solution is 68.8 % worse than the lower bound.
