19
raw_data/mm-rcpsp/MMLIB50/J504_4.mm
Time limit set to 60 seconds
Running CP solver
/home/omastto1/General-Optimization-Solver/src/solvers/mmrcpsp.py:42(stream:276:6): Warning: Cumulative expression 'pulse': height is zero, expression is zero everywhere.
                                                                                               VarCumulAtom_419 = pulse(task_0_mode_0, 0)
/home/omastto1/General-Optimization-Solver/src/solvers/mmrcpsp.py:42(stream:276:31): Warning: Cumulative expression 'pulse': height is zero, expression is zero everywhere.
                                                                                                VarCumulAtom_420 = pulse(task_1_mode_0, 0)
/home/omastto1/General-Optimization-Solver/src/solvers/mmrcpsp.py:42(stream:276:56): Warning: Cumulative expression 'pulse': height is zero, expression is zero everywhere.
                                                                                                VarCumulAtom_421 = pulse(task_1_mode_1, 0)
/home/omastto1/General-Optimization-Solver/src/solvers/mmrcpsp.py:42(stream:276:106): Warning: Cumulative expression 'pulse': height is zero, expression is zero everywhere.
                                                                                                 VarCumulAtom_423 = pulse(task_2_mode_0, 0)
/home/omastto1/General-Optimization-Solver/src/solvers/mmrcpsp.py:42(stream:276:156): Warning: Cumulative expression 'pulse': height is zero, expression is zero everywhere.
                                                                                                 VarCumulAtom_425 = pulse(task_2_mode_2, 0)
/home/omastto1/General-Optimization-Solver/src/solvers/mmrcpsp.py:42(stream:276:256): Warning: Cumulative expression 'pulse': height is zero, expression is zero everywhere.
                                                                                                 VarCumulAtom_429 = pulse(task_4_mode_0, 0)
/home/omastto1/General-Optimization-Solver/src/solvers/mmrcpsp.py:42(stream:276:306): Warning: Cumulative expression 'pulse': height is zero, expression is zero everywhere.
                                                                                                 VarCumulAtom_431 = pulse(task_4_mode_2, 0)
/home/omastto1/General-Optimization-Solver/src/solvers/mmrcpsp.py:42(stream:276:331): Warning: Cumulative expression 'pulse': height is zero, expression is zero everywhere.
                                                                                                 VarCumulAtom_432 = pulse(task_5_mode_0, 0)
/home/omastto1/General-Optimization-Solver/src/solvers/mmrcpsp.py:42(stream:276:381): Warning: Cumulative expression 'pulse': height is zero, expression is zero everywhere.
                                                                                                 VarCumulAtom_434 = pulse(task_5_mode_2, 0)
/home/omastto1/General-Optimization-Solver/src/solvers/mmrcpsp.py:42(stream:276:406): Warning: Cumulative expression 'pulse': height is zero, expression is zero everywhere.
                                                                                                 VarCumulAtom_435 = pulse(task_6_mode_0, 0)
/home/omastto1/General-Optimization-Solver/src/solvers/mmrcpsp.py:42(stream:276:431): Warning: Cumulative expression 'pulse': height is zero, expression is zero everywhere.
                                                                                                 VarCumulAtom_436 = pulse(task_6_mode_1, 0)
/home/omastto1/General-Optimization-Solver/src/solvers/mmrcpsp.py:42(stream:276:456): Warning: Cumulative expression 'pulse': height is zero, expression is zero everywhere.
                                                                                                 VarCumulAtom_437 = pulse(task_6_mode_2, 0)
/home/omastto1/General-Optimization-Solver/src/solvers/mmrcpsp.py:42(stream:276:481): Warning: Cumulative expression 'pulse': height is zero, expression is zero everywhere.
                                                                                                 VarCumulAtom_438 = pulse(task_7_mode_0, 0)
/home/omastto1/General-Optimization-Solver/src/solvers/mmrcpsp.py:42(stream:276:506): Warning: Cumulative expression 'pulse': height is zero, expression is zero everywhere.
                                                                                                 VarCumulAtom_439 = pulse(task_7_mode_1, 0)
/home/omastto1/General-Optimization-Solver/src/solvers/mmrcpsp.py:42(stream:276:531): Warning: Cumulative expression 'pulse': height is zero, expression is zero everywhere.
                                                                                                 VarCumulAtom_440 = pulse(task_7_mode_2, 0)
/home/omastto1/General-Optimization-Solver/src/solvers/mmrcpsp.py:42(stream:276:556): Warning: Cumulative expression 'pulse': height is zero, expression is zero everywhere.
                                                                                                 VarCumulAtom_441 = pulse(task_8_mode_0, 0)
/home/omastto1/General-Optimization-Solver/src/solvers/mmrcpsp.py:42(stream:276:681): Warning: Cumulative expression 'pulse': height is zero, expression is zero everywhere.
                                                                                                 VarCumulAtom_446 = pulse(task_9_mode_2, 0)
/home/omastto1/General-Optimization-Solver/src/solvers/mmrcpsp.py:42(stream:276:706): Warning: Cumulative expression 'pulse': height is zero, expression is zero everywhere.
                                                                                                 VarCumulAtom_447 = pulse(task_10_mode_0, 0)
/home/omastto1/General-Optimization-Solver/src/solvers/mmrcpsp.py:42(stream:276:732): Warning: Cumulative expression 'pulse': height is zero, expression is zero everywhere.
                                                                                                 VarCumulAtom_448 = pulse(task_10_mode_1, 0)
/home/omastto1/General-Optimization-Solver/src/solvers/mmrcpsp.py:42(stream:276:784): Warning: Cumulative expression 'pulse': height is zero, expression is zero everywhere.
                                                                                                 VarCumulAtom_450 = pulse(task_11_mode_0, 0)
   Too many warnings of this type. Suppressing further warnings of this type.
 ! --------------------------------------------------- CP Optimizer 20.1.0.0 --
 ! Minimization problem - 205 variables, 265 constraints
 ! TimeLimit            = 60
 ! Workers              = 14
 ! LogVerbosity         = Terse
 ! Initial process time : 0.02s (0.02s extraction + 0.00s propagation)
 !  . Log search space  : 527.9 (before), 527.9 (after)
 !  . Memory usage      : 1.3 MB (before), 1.3 MB (after)
 ! Using parallel search with 14 workers.
 ! ----------------------------------------------------------------------------
 !          Best Branches  Non-fixed    W       Branch decision
                        0        205                 -
 + New bound is 14
 ! Using iterative diving.
 ! Using temporal relaxation.
 *            45      109  0.84s        1      (gap is 68.89%)
 *            43      312  0.84s        1      (gap is 67.44%)
 *            42      420  0.84s        1      (gap is 66.67%)
 *            41      528  0.84s        1      (gap is 65.85%)
 *            39      690  0.84s        1      (gap is 64.10%)
 *            37      856  0.84s        1      (gap is 62.16%)
 *            33     1099  0.84s        1      (gap is 57.58%)
 *            32     1149  0.84s        1      (gap is 56.25%)
 *            31     1328  0.84s        1      (gap is 54.84%)
 *            30     1486  0.84s        1      (gap is 53.33%)
 *            29     1575  0.84s        1      (gap is 51.72%)
 *            28     1715  0.84s        1      (gap is 50.00%)
 *            27     1571  0.84s        3      (gap is 48.15%)
 *            26     1464  0.84s        5      (gap is 46.15%)
 *            25     1537  0.84s        5      (gap is 44.00%)
 *            24     1575  0.84s        5      (gap is 41.67%)
              24     1576          2    5   F        -
 + New bound is 16 (gap is 33.33%)
 ! Using failure-directed search.
 *            23     3797  1.49s        2      (gap is 30.43%)
 *            22     3913  1.49s        2      (gap is 27.27%)
 ! Time = 1.49s, Average fail depth = 13, Memory usage = 23.0 MB
 ! Current bound is 16 (gap is 27.27%)
 !          Best Branches  Non-fixed    W       Branch decision
 *            21     3006  1.49s        3      (gap is 23.81%)
 *            20     9606  3.34s       10      (gap is 20.00%)
              20     4575          2    1   F         !presenceOf(task_26_mode_2)
 + New bound is 17 (gap is 15.00%)
              20     6720          2    1   F    11 >= startOf(task_44)
 + New bound is 18 (gap is 10.00%)
 *            19    43616  14.62s       3      (gap is 5.26%)
              19    29246         75    1   F     8 <= endOf(task_12)
 + New bound is 19 (gap is 0.00%)
 ! ----------------------------------------------------------------------------
 ! Search completed, 21 solutions found.
 ! Best objective         : 19 (optimal - effective tol. is 0)
 ! Best bound             : 19
 ! ----------------------------------------------------------------------------
 ! Number of branches     : 2432576
 ! Number of fails        : 372711
 ! Total memory usage     : 18.7 MB (18.5 MB CP Optimizer + 0.2 MB Concert)
 ! Time spent in solve    : 27.99s (27.97s engine + 0.02s extraction)
 ! Search speed (br. / s) : 86970.9
 ! ----------------------------------------------------------------------------
task_0: (start=0, end=0, size=0, length=0)
Task 0 is scheduled in mode 0 from 0 to 0
task_1: (start=0, end=5, size=5, length=5)
Task 1 is scheduled in mode 1 from 0 to 5
task_2: (start=0, end=5, size=5, length=5)
Task 2 is scheduled in mode 2 from 0 to 5
task_3: (start=0, end=3, size=3, length=3)
Task 3 is scheduled in mode 1 from 0 to 3
task_4: (start=4, end=6, size=2, length=2)
Task 4 is scheduled in mode 0 from 4 to 6
task_5: (start=2, end=4, size=2, length=2)
Task 5 is scheduled in mode 0 from 2 to 4
task_6: (start=0, end=6, size=6, length=6)
Task 6 is scheduled in mode 2 from 0 to 6
task_7: (start=0, end=1, size=1, length=1)
Task 7 is scheduled in mode 0 from 0 to 1
task_8: (start=0, end=7, size=7, length=7)
Task 8 is scheduled in mode 1 from 0 to 7
task_9: (start=0, end=4, size=4, length=4)
Task 9 is scheduled in mode 0 from 0 to 4
task_10: (start=0, end=1, size=1, length=1)
Task 10 is scheduled in mode 0 from 0 to 1
task_11: (start=6, end=7, size=1, length=1)
Task 11 is scheduled in mode 0 from 6 to 7
task_12: (start=1, end=2, size=1, length=1)
Task 12 is scheduled in mode 0 from 1 to 2
task_13: (start=0, end=5, size=5, length=5)
Task 13 is scheduled in mode 2 from 0 to 5
task_14: (start=8, end=11, size=3, length=3)
Task 14 is scheduled in mode 1 from 8 to 11
task_15: (start=5, end=6, size=1, length=1)
Task 15 is scheduled in mode 0 from 5 to 6
task_16: (start=1, end=6, size=5, length=5)
Task 16 is scheduled in mode 1 from 1 to 6
task_17: (start=0, end=1, size=1, length=1)
Task 17 is scheduled in mode 0 from 0 to 1
task_18: (start=3, end=5, size=2, length=2)
Task 18 is scheduled in mode 0 from 3 to 5
task_19: (start=6, end=13, size=7, length=7)
Task 19 is scheduled in mode 2 from 6 to 13
task_20: (start=0, end=7, size=7, length=7)
Task 20 is scheduled in mode 1 from 0 to 7
task_21: (start=5, end=9, size=4, length=4)
Task 21 is scheduled in mode 1 from 5 to 9
task_22: (start=6, end=13, size=7, length=7)
Task 22 is scheduled in mode 1 from 6 to 13
task_23: (start=6, end=13, size=7, length=7)
Task 23 is scheduled in mode 2 from 6 to 13
task_24: (start=5, end=11, size=6, length=6)
Task 24 is scheduled in mode 1 from 5 to 11
task_25: (start=1, end=3, size=2, length=2)
Task 25 is scheduled in mode 1 from 1 to 3
task_26: (start=4, end=9, size=5, length=5)
Task 26 is scheduled in mode 1 from 4 to 9
task_27: (start=6, end=15, size=9, length=9)
Task 27 is scheduled in mode 2 from 6 to 15
task_28: (start=11, end=13, size=2, length=2)
Task 28 is scheduled in mode 0 from 11 to 13
task_29: (start=9, end=14, size=5, length=5)
Task 29 is scheduled in mode 1 from 9 to 14
task_30: (start=7, end=13, size=6, length=6)
Task 30 is scheduled in mode 1 from 7 to 13
task_31: (start=5, end=8, size=3, length=3)
Task 31 is scheduled in mode 1 from 5 to 8
task_32: (start=7, end=16, size=9, length=9)
Task 32 is scheduled in mode 2 from 7 to 16
task_33: (start=9, end=13, size=4, length=4)
Task 33 is scheduled in mode 1 from 9 to 13
task_34: (start=13, end=16, size=3, length=3)
Task 34 is scheduled in mode 0 from 13 to 16
task_35: (start=14, end=18, size=4, length=4)
Task 35 is scheduled in mode 2 from 14 to 18
task_36: (start=8, end=16, size=8, length=8)
Task 36 is scheduled in mode 1 from 8 to 16
task_37: (start=6, end=15, size=9, length=9)
Task 37 is scheduled in mode 2 from 6 to 15
task_38: (start=13, end=15, size=2, length=2)
Task 38 is scheduled in mode 0 from 13 to 15
task_39: (start=11, end=18, size=7, length=7)
Task 39 is scheduled in mode 2 from 11 to 18
task_40: (start=7, end=17, size=10, length=10)
Task 40 is scheduled in mode 2 from 7 to 17
task_41: (start=16, end=19, size=3, length=3)
Task 41 is scheduled in mode 0 from 16 to 19
task_42: (start=18, end=19, size=1, length=1)
Task 42 is scheduled in mode 0 from 18 to 19
task_43: (start=16, end=17, size=1, length=1)
Task 43 is scheduled in mode 0 from 16 to 17
task_44: (start=15, end=19, size=4, length=4)
Task 44 is scheduled in mode 1 from 15 to 19
task_45: (start=17, end=19, size=2, length=2)
Task 45 is scheduled in mode 0 from 17 to 19
task_46: (start=11, end=15, size=4, length=4)
Task 46 is scheduled in mode 1 from 11 to 15
task_47: (start=14, end=18, size=4, length=4)
Task 47 is scheduled in mode 0 from 14 to 18
task_48: (start=11, end=18, size=7, length=7)
Task 48 is scheduled in mode 1 from 11 to 18
task_49: (start=15, end=19, size=4, length=4)
Task 49 is scheduled in mode 1 from 15 to 19
task_50: (start=7, end=16, size=9, length=9)
Task 50 is scheduled in mode 2 from 7 to 16
task_51: (start=19, end=19, size=0, length=0)
Task 51 is scheduled in mode 0 from 19 to 19
Optimal solution found
Objective value: 19
Solution is 0.0 % worse than the lower bound.
