36
raw_data/mm-rcpsp/MMLIB50/J508_1.mm
Time limit set to 60 seconds
Running CP solver
/home/omastto1/General-Optimization-Solver/src/solvers/mmrcpsp.py:42(stream:276:6): Warning: Cumulative expression 'pulse': height is zero, expression is zero everywhere.
                                                                                               VarCumulAtom_419 = pulse(task_0_mode_0, 0)
/home/omastto1/General-Optimization-Solver/src/solvers/mmrcpsp.py:42(stream:276:3904): Warning: Cumulative expression 'pulse': height is zero, expression is zero everywhere.
                                                                                                  VarCumulAtom_570 = pulse(task_51_mode_0, 0)
/home/omastto1/General-Optimization-Solver/src/solvers/mmrcpsp.py:42(stream:277:6): Warning: Cumulative expression 'pulse': height is zero, expression is zero everywhere.
                                                                                               VarCumulAtom_574 = pulse(task_0_mode_0, 0)
/home/omastto1/General-Optimization-Solver/src/solvers/mmrcpsp.py:42(stream:277:3907): Warning: Cumulative expression 'pulse': height is zero, expression is zero everywhere.
                                                                                                  VarCumulAtom_725 = pulse(task_51_mode_0, 0)
 ! --------------------------------------------------- CP Optimizer 20.1.0.0 --
 ! Minimization problem - 205 variables, 285 constraints
 ! TimeLimit            = 60
 ! Workers              = 14
 ! LogVerbosity         = Terse
 ! Initial process time : 0.01s (0.01s extraction + 0.00s propagation)
 !  . Log search space  : 525.3 (before), 525.3 (after)
 !  . Memory usage      : 1.3 MB (before), 1.3 MB (after)
 ! Using parallel search with 14 workers.
 ! ----------------------------------------------------------------------------
 !          Best Branches  Non-fixed    W       Branch decision
                        0        205                 -
 + New bound is 15
 ! Using iterative diving.
 ! Using temporal relaxation.
                        0        205    1            -
 + New bound is 16
 *            55      109  0.83s        1      (gap is 70.91%)
 *            53      291  0.83s        1      (gap is 69.81%)
 *            47      483  0.83s        1      (gap is 65.96%)
 *            46     1034  0.83s        1      (gap is 65.22%)
 *            45     1492  1.53s        1      (gap is 64.44%)
 *            43     4212  1.53s        9      (gap is 62.79%)
              43     7394         20    1            -
 + New bound is 18 (gap is 58.14%)
 ! Using failure-directed search.
 *            42    27127  5.84s        2      (gap is 57.14%)
 *            41    22398  5.84s        3      (gap is 56.10%)
              41    11298        105    1        19 >= startOf(task_51)
 + New bound is 19 (gap is 53.66%)
              41    11368        105    1        20 >= startOf(task_51)
 + New bound is 20 (gap is 51.22%)
 *            40    27503  7.25s        6      (gap is 50.00%)
 *            39    39387  8.00s        2      (gap is 48.72%)
 *            38    70177  15.23s       9      (gap is 47.37%)
              38    48066         15    1   F    25 >= cost
 + New bound is 21 (gap is 44.74%)
 ! ----------------------------------------------------------------------------
 ! Search terminated by limit, 11 solutions found.
 ! Best objective         : 38 (gap is 44.74%)
 ! Best bound             : 21
 ! ----------------------------------------------------------------------------
 ! Number of branches     : 5243670
 ! Number of fails        : 965988
 ! Total memory usage     : 20.4 MB (20.2 MB CP Optimizer + 0.2 MB Concert)
 ! Time spent in solve    : 60.05s (60.04s engine + 0.01s extraction)
 ! Search speed (br. / s) : 87350.8
 ! ----------------------------------------------------------------------------
task_0: (start=0, end=0, size=0, length=0)
Task 0 is scheduled in mode 0 from 0 to 0
task_1: (start=0, end=1, size=1, length=1)
Task 1 is scheduled in mode 0 from 0 to 1
task_2: (start=1, end=5, size=4, length=4)
Task 2 is scheduled in mode 1 from 1 to 5
task_3: (start=0, end=3, size=3, length=3)
Task 3 is scheduled in mode 0 from 0 to 3
task_4: (start=0, end=2, size=2, length=2)
Task 4 is scheduled in mode 0 from 0 to 2
task_5: (start=6, end=15, size=9, length=9)
Task 5 is scheduled in mode 2 from 6 to 15
task_6: (start=2, end=10, size=8, length=8)
Task 6 is scheduled in mode 2 from 2 to 10
task_7: (start=2, end=6, size=4, length=4)
Task 7 is scheduled in mode 2 from 2 to 6
task_8: (start=13, end=21, size=8, length=8)
Task 8 is scheduled in mode 2 from 13 to 21
task_9: (start=0, end=4, size=4, length=4)
Task 9 is scheduled in mode 2 from 0 to 4
task_10: (start=2, end=7, size=5, length=5)
Task 10 is scheduled in mode 2 from 2 to 7
task_11: (start=0, end=1, size=1, length=1)
Task 11 is scheduled in mode 0 from 0 to 1
task_12: (start=1, end=4, size=3, length=3)
Task 12 is scheduled in mode 1 from 1 to 4
task_13: (start=10, end=20, size=10, length=10)
Task 13 is scheduled in mode 2 from 10 to 20
task_14: (start=10, end=20, size=10, length=10)
Task 14 is scheduled in mode 2 from 10 to 20
task_15: (start=6, end=15, size=9, length=9)
Task 15 is scheduled in mode 2 from 6 to 15
task_16: (start=4, end=11, size=7, length=7)
Task 16 is scheduled in mode 2 from 4 to 11
task_17: (start=8, end=17, size=9, length=9)
Task 17 is scheduled in mode 2 from 8 to 17
task_18: (start=19, end=28, size=9, length=9)
Task 18 is scheduled in mode 1 from 19 to 28
task_19: (start=7, end=8, size=1, length=1)
Task 19 is scheduled in mode 0 from 7 to 8
task_20: (start=21, end=28, size=7, length=7)
Task 20 is scheduled in mode 2 from 21 to 28
task_21: (start=15, end=24, size=9, length=9)
Task 21 is scheduled in mode 2 from 15 to 24
task_22: (start=4, end=14, size=10, length=10)
Task 22 is scheduled in mode 2 from 4 to 14
task_23: (start=8, end=15, size=7, length=7)
Task 23 is scheduled in mode 1 from 8 to 15
task_24: (start=5, end=13, size=8, length=8)
Task 24 is scheduled in mode 1 from 5 to 13
task_25: (start=3, end=6, size=3, length=3)
Task 25 is scheduled in mode 1 from 3 to 6
task_26: (start=14, end=19, size=5, length=5)
Task 26 is scheduled in mode 0 from 14 to 19
task_27: (start=22, end=24, size=2, length=2)
Task 27 is scheduled in mode 0 from 22 to 24
task_28: (start=25, end=29, size=4, length=4)
Task 28 is scheduled in mode 0 from 25 to 29
task_29: (start=16, end=21, size=5, length=5)
Task 29 is scheduled in mode 0 from 16 to 21
task_30: (start=1, end=2, size=1, length=1)
Task 30 is scheduled in mode 0 from 1 to 2
task_31: (start=0, end=1, size=1, length=1)
Task 31 is scheduled in mode 0 from 0 to 1
task_32: (start=20, end=22, size=2, length=2)
Task 32 is scheduled in mode 1 from 20 to 22
task_33: (start=13, end=21, size=8, length=8)
Task 33 is scheduled in mode 2 from 13 to 21
task_34: (start=15, end=16, size=1, length=1)
Task 34 is scheduled in mode 0 from 15 to 16
task_35: (start=28, end=38, size=10, length=10)
Task 35 is scheduled in mode 2 from 28 to 38
task_36: (start=28, end=38, size=10, length=10)
Task 36 is scheduled in mode 2 from 28 to 38
task_37: (start=32, end=34, size=2, length=2)
Task 37 is scheduled in mode 1 from 32 to 34
task_38: (start=29, end=38, size=9, length=9)
Task 38 is scheduled in mode 2 from 29 to 38
task_39: (start=34, end=38, size=4, length=4)
Task 39 is scheduled in mode 2 from 34 to 38
task_40: (start=29, end=38, size=9, length=9)
Task 40 is scheduled in mode 2 from 29 to 38
task_41: (start=21, end=22, size=1, length=1)
Task 41 is scheduled in mode 0 from 21 to 22
task_42: (start=29, end=38, size=9, length=9)
Task 42 is scheduled in mode 2 from 29 to 38
task_43: (start=29, end=33, size=4, length=4)
Task 43 is scheduled in mode 1 from 29 to 33
task_44: (start=22, end=28, size=6, length=6)
Task 44 is scheduled in mode 2 from 22 to 28
task_45: (start=24, end=34, size=10, length=10)
Task 45 is scheduled in mode 2 from 24 to 34
task_46: (start=28, end=32, size=4, length=4)
Task 46 is scheduled in mode 1 from 28 to 32
task_47: (start=33, end=38, size=5, length=5)
Task 47 is scheduled in mode 1 from 33 to 38
task_48: (start=22, end=29, size=7, length=7)
Task 48 is scheduled in mode 2 from 22 to 29
task_49: (start=16, end=25, size=9, length=9)
Task 49 is scheduled in mode 2 from 16 to 25
task_50: (start=24, end=29, size=5, length=5)
Task 50 is scheduled in mode 1 from 24 to 29
task_51: (start=38, end=38, size=0, length=0)
Task 51 is scheduled in mode 0 from 38 to 38
Feasible solution found
Objective value: 38
Solution is 81.0 % worse than the lower bound.
