1
raw_data/mm-rcpsp/MMLIB50/J501_1.mm
Time limit set to 60 seconds
Running CP solver
/home/omastto1/General-Optimization-Solver/src/solvers/mmrcpsp.py:42(stream:278:6): Warning: Cumulative expression 'pulse': height is zero, expression is zero everywhere.
                                                                                               VarCumulAtom_421 = pulse(task_0_mode_0, 0)
/home/omastto1/General-Optimization-Solver/src/solvers/mmrcpsp.py:42(stream:278:31): Warning: Cumulative expression 'pulse': height is zero, expression is zero everywhere.
                                                                                                VarCumulAtom_422 = pulse(task_1_mode_0, 0)
/home/omastto1/General-Optimization-Solver/src/solvers/mmrcpsp.py:42(stream:278:131): Warning: Cumulative expression 'pulse': height is zero, expression is zero everywhere.
                                                                                                 VarCumulAtom_426 = pulse(task_2_mode_1, 0)
/home/omastto1/General-Optimization-Solver/src/solvers/mmrcpsp.py:42(stream:278:156): Warning: Cumulative expression 'pulse': height is zero, expression is zero everywhere.
                                                                                                 VarCumulAtom_427 = pulse(task_2_mode_2, 0)
/home/omastto1/General-Optimization-Solver/src/solvers/mmrcpsp.py:42(stream:278:181): Warning: Cumulative expression 'pulse': height is zero, expression is zero everywhere.
                                                                                                 VarCumulAtom_428 = pulse(task_3_mode_0, 0)
/home/omastto1/General-Optimization-Solver/src/solvers/mmrcpsp.py:42(stream:278:231): Warning: Cumulative expression 'pulse': height is zero, expression is zero everywhere.
                                                                                                 VarCumulAtom_430 = pulse(task_3_mode_2, 0)
/home/omastto1/General-Optimization-Solver/src/solvers/mmrcpsp.py:42(stream:278:331): Warning: Cumulative expression 'pulse': height is zero, expression is zero everywhere.
                                                                                                 VarCumulAtom_434 = pulse(task_5_mode_0, 0)
/home/omastto1/General-Optimization-Solver/src/solvers/mmrcpsp.py:42(stream:278:381): Warning: Cumulative expression 'pulse': height is zero, expression is zero everywhere.
                                                                                                 VarCumulAtom_436 = pulse(task_5_mode_2, 0)
/home/omastto1/General-Optimization-Solver/src/solvers/mmrcpsp.py:42(stream:278:406): Warning: Cumulative expression 'pulse': height is zero, expression is zero everywhere.
                                                                                                 VarCumulAtom_437 = pulse(task_6_mode_0, 0)
/home/omastto1/General-Optimization-Solver/src/solvers/mmrcpsp.py:42(stream:278:456): Warning: Cumulative expression 'pulse': height is zero, expression is zero everywhere.
                                                                                                 VarCumulAtom_439 = pulse(task_6_mode_2, 0)
/home/omastto1/General-Optimization-Solver/src/solvers/mmrcpsp.py:42(stream:278:531): Warning: Cumulative expression 'pulse': height is zero, expression is zero everywhere.
                                                                                                 VarCumulAtom_442 = pulse(task_7_mode_2, 0)
/home/omastto1/General-Optimization-Solver/src/solvers/mmrcpsp.py:42(stream:278:556): Warning: Cumulative expression 'pulse': height is zero, expression is zero everywhere.
                                                                                                 VarCumulAtom_443 = pulse(task_8_mode_0, 0)
/home/omastto1/General-Optimization-Solver/src/solvers/mmrcpsp.py:42(stream:278:656): Warning: Cumulative expression 'pulse': height is zero, expression is zero everywhere.
                                                                                                 VarCumulAtom_447 = pulse(task_9_mode_1, 0)
/home/omastto1/General-Optimization-Solver/src/solvers/mmrcpsp.py:42(stream:278:681): Warning: Cumulative expression 'pulse': height is zero, expression is zero everywhere.
                                                                                                 VarCumulAtom_448 = pulse(task_9_mode_2, 0)
/home/omastto1/General-Optimization-Solver/src/solvers/mmrcpsp.py:42(stream:278:706): Warning: Cumulative expression 'pulse': height is zero, expression is zero everywhere.
                                                                                                 VarCumulAtom_449 = pulse(task_10_mode_0, 0)
/home/omastto1/General-Optimization-Solver/src/solvers/mmrcpsp.py:42(stream:278:758): Warning: Cumulative expression 'pulse': height is zero, expression is zero everywhere.
                                                                                                 VarCumulAtom_451 = pulse(task_10_mode_2, 0)
/home/omastto1/General-Optimization-Solver/src/solvers/mmrcpsp.py:42(stream:278:784): Warning: Cumulative expression 'pulse': height is zero, expression is zero everywhere.
                                                                                                 VarCumulAtom_452 = pulse(task_11_mode_0, 0)
/home/omastto1/General-Optimization-Solver/src/solvers/mmrcpsp.py:42(stream:278:810): Warning: Cumulative expression 'pulse': height is zero, expression is zero everywhere.
                                                                                                 VarCumulAtom_453 = pulse(task_11_mode_1, 0)
/home/omastto1/General-Optimization-Solver/src/solvers/mmrcpsp.py:42(stream:278:836): Warning: Cumulative expression 'pulse': height is zero, expression is zero everywhere.
                                                                                                 VarCumulAtom_454 = pulse(task_11_mode_2, 0)
/home/omastto1/General-Optimization-Solver/src/solvers/mmrcpsp.py:42(stream:278:914): Warning: Cumulative expression 'pulse': height is zero, expression is zero everywhere.
                                                                                                 VarCumulAtom_457 = pulse(task_12_mode_2, 0)
   Too many warnings of this type. Suppressing further warnings of this type.
 ! --------------------------------------------------- CP Optimizer 20.1.0.0 --
 ! Minimization problem - 205 variables, 277 constraints
 ! TimeLimit            = 60
 ! Workers              = 14
 ! LogVerbosity         = Terse
 ! Initial process time : 0.02s (0.02s extraction + 0.00s propagation)
 !  . Log search space  : 516.1 (before), 516.1 (after)
 !  . Memory usage      : 1.3 MB (before), 1.3 MB (after)
 ! Using parallel search with 14 workers.
 ! ----------------------------------------------------------------------------
 !          Best Branches  Non-fixed    W       Branch decision
                        0        205                 -
 + New bound is 31
 ! Using iterative diving.
 ! Using temporal relaxation.
 *            50      768  0.78s        1      (gap is 38.00%)
 *            46      988  0.78s        3      (gap is 32.61%)
 *            43      748  0.78s        6      (gap is 27.91%)
 *            42      947  0.78s        6      (gap is 26.19%)
 *            41     1577  1.39s        3      (gap is 24.39%)
 *            39     2314  1.39s        4      (gap is 20.51%)
 *            34     1593  1.39s        5      (gap is 8.82%)
 *            31     3828  1.91s       11      (gap is 0.00%)
 ! ----------------------------------------------------------------------------
 ! Search completed, 8 solutions found.
 ! Best objective         : 31 (optimal - effective tol. is 0)
 ! Best bound             : 31
 ! ----------------------------------------------------------------------------
 ! Number of branches     : 159992
 ! Number of fails        : 28670
 ! Total memory usage     : 18.1 MB (17.9 MB CP Optimizer + 0.2 MB Concert)
 ! Time spent in solve    : 2.36s (2.34s engine + 0.02s extraction)
 ! Search speed (br. / s) : 68372.6
 ! ----------------------------------------------------------------------------
task_0: (start=0, end=0, size=0, length=0)
Task 0 is scheduled in mode 0 from 0 to 0
task_1: (start=0, end=8, size=8, length=8)
Task 1 is scheduled in mode 1 from 0 to 8
task_2: (start=0, end=7, size=7, length=7)
Task 2 is scheduled in mode 2 from 0 to 7
task_3: (start=0, end=2, size=2, length=2)
Task 3 is scheduled in mode 1 from 0 to 2
task_4: (start=0, end=7, size=7, length=7)
Task 4 is scheduled in mode 2 from 0 to 7
task_5: (start=0, end=10, size=10, length=10)
Task 5 is scheduled in mode 2 from 0 to 10
task_6: (start=0, end=6, size=6, length=6)
Task 6 is scheduled in mode 2 from 0 to 6
task_7: (start=0, end=6, size=6, length=6)
Task 7 is scheduled in mode 1 from 0 to 6
task_8: (start=2, end=11, size=9, length=9)
Task 8 is scheduled in mode 2 from 2 to 11
task_9: (start=0, end=2, size=2, length=2)
Task 9 is scheduled in mode 0 from 0 to 2
task_10: (start=8, end=15, size=7, length=7)
Task 10 is scheduled in mode 1 from 8 to 15
task_11: (start=7, end=16, size=9, length=9)
Task 11 is scheduled in mode 2 from 7 to 16
task_12: (start=0, end=10, size=10, length=10)
Task 12 is scheduled in mode 2 from 0 to 10
task_13: (start=2, end=9, size=7, length=7)
Task 13 is scheduled in mode 1 from 2 to 9
task_14: (start=0, end=4, size=4, length=4)
Task 14 is scheduled in mode 1 from 0 to 4
task_15: (start=8, end=15, size=7, length=7)
Task 15 is scheduled in mode 2 from 8 to 15
task_16: (start=0, end=5, size=5, length=5)
Task 16 is scheduled in mode 2 from 0 to 5
task_17: (start=6, end=16, size=10, length=10)
Task 17 is scheduled in mode 2 from 6 to 16
task_18: (start=0, end=4, size=4, length=4)
Task 18 is scheduled in mode 2 from 0 to 4
task_19: (start=7, end=17, size=10, length=10)
Task 19 is scheduled in mode 2 from 7 to 17
task_20: (start=10, end=14, size=4, length=4)
Task 20 is scheduled in mode 2 from 10 to 14
task_21: (start=0, end=10, size=10, length=10)
Task 21 is scheduled in mode 2 from 0 to 10
task_22: (start=10, end=18, size=8, length=8)
Task 22 is scheduled in mode 2 from 10 to 18
task_23: (start=16, end=24, size=8, length=8)
Task 23 is scheduled in mode 2 from 16 to 24
task_24: (start=15, end=22, size=7, length=7)
Task 24 is scheduled in mode 2 from 15 to 22
task_25: (start=22, end=24, size=2, length=2)
Task 25 is scheduled in mode 1 from 22 to 24
task_26: (start=10, end=20, size=10, length=10)
Task 26 is scheduled in mode 2 from 10 to 20
task_27: (start=11, end=21, size=10, length=10)
Task 27 is scheduled in mode 2 from 11 to 21
task_28: (start=15, end=22, size=7, length=7)
Task 28 is scheduled in mode 2 from 15 to 22
task_29: (start=16, end=22, size=6, length=6)
Task 29 is scheduled in mode 2 from 16 to 22
task_30: (start=17, end=20, size=3, length=3)
Task 30 is scheduled in mode 1 from 17 to 20
task_31: (start=18, end=25, size=7, length=7)
Task 31 is scheduled in mode 2 from 18 to 25
task_32: (start=8, end=12, size=4, length=4)
Task 32 is scheduled in mode 1 from 8 to 12
task_33: (start=11, end=21, size=10, length=10)
Task 33 is scheduled in mode 2 from 11 to 21
task_34: (start=18, end=22, size=4, length=4)
Task 34 is scheduled in mode 1 from 18 to 22
task_35: (start=15, end=22, size=7, length=7)
Task 35 is scheduled in mode 2 from 15 to 22
task_36: (start=24, end=31, size=7, length=7)
Task 36 is scheduled in mode 2 from 24 to 31
task_37: (start=25, end=28, size=3, length=3)
Task 37 is scheduled in mode 1 from 25 to 28
task_38: (start=24, end=28, size=4, length=4)
Task 38 is scheduled in mode 1 from 24 to 28
task_39: (start=24, end=30, size=6, length=6)
Task 39 is scheduled in mode 2 from 24 to 30
task_40: (start=16, end=24, size=8, length=8)
Task 40 is scheduled in mode 2 from 16 to 24
task_41: (start=26, end=30, size=4, length=4)
Task 41 is scheduled in mode 2 from 26 to 30
task_42: (start=22, end=31, size=9, length=9)
Task 42 is scheduled in mode 2 from 22 to 31
task_43: (start=16, end=26, size=10, length=10)
Task 43 is scheduled in mode 2 from 16 to 26
task_44: (start=16, end=26, size=10, length=10)
Task 44 is scheduled in mode 2 from 16 to 26
task_45: (start=22, end=31, size=9, length=9)
Task 45 is scheduled in mode 1 from 22 to 31
task_46: (start=22, end=30, size=8, length=8)
Task 46 is scheduled in mode 2 from 22 to 30
task_47: (start=20, end=26, size=6, length=6)
Task 47 is scheduled in mode 1 from 20 to 26
task_48: (start=20, end=30, size=10, length=10)
Task 48 is scheduled in mode 2 from 20 to 30
task_49: (start=21, end=31, size=10, length=10)
Task 49 is scheduled in mode 2 from 21 to 31
task_50: (start=22, end=30, size=8, length=8)
Task 50 is scheduled in mode 2 from 22 to 30
task_51: (start=31, end=31, size=0, length=0)
Task 51 is scheduled in mode 0 from 31 to 31
Optimal solution found
Objective value: 31
Solution is optimal.
