69
raw_data/mm-rcpsp/MMLIB50/J5014_4.mm
Time limit set to 60 seconds
Running CP solver
/home/omastto1/General-Optimization-Solver/src/solvers/mmrcpsp.py:42(stream:278:6): Warning: Cumulative expression 'pulse': height is zero, expression is zero everywhere.
                                                                                               VarCumulAtom_421 = pulse(task_0_mode_0, 0)
/home/omastto1/General-Optimization-Solver/src/solvers/mmrcpsp.py:42(stream:278:56): Warning: Cumulative expression 'pulse': height is zero, expression is zero everywhere.
                                                                                                VarCumulAtom_423 = pulse(task_1_mode_1, 0)
/home/omastto1/General-Optimization-Solver/src/solvers/mmrcpsp.py:42(stream:278:131): Warning: Cumulative expression 'pulse': height is zero, expression is zero everywhere.
                                                                                                 VarCumulAtom_426 = pulse(task_2_mode_1, 0)
/home/omastto1/General-Optimization-Solver/src/solvers/mmrcpsp.py:42(stream:278:156): Warning: Cumulative expression 'pulse': height is zero, expression is zero everywhere.
                                                                                                 VarCumulAtom_427 = pulse(task_2_mode_2, 0)
/home/omastto1/General-Optimization-Solver/src/solvers/mmrcpsp.py:42(stream:278:181): Warning: Cumulative expression 'pulse': height is zero, expression is zero everywhere.
                                                                                                 VarCumulAtom_428 = pulse(task_3_mode_0, 0)
/home/omastto1/General-Optimization-Solver/src/solvers/mmrcpsp.py:42(stream:278:206): Warning: Cumulative expression 'pulse': height is zero, expression is zero everywhere.
                                                                                                 VarCumulAtom_429 = pulse(task_3_mode_1, 0)
/home/omastto1/General-Optimization-Solver/src/solvers/mmrcpsp.py:42(stream:278:256): Warning: Cumulative expression 'pulse': height is zero, expression is zero everywhere.
                                                                                                 VarCumulAtom_431 = pulse(task_4_mode_0, 0)
/home/omastto1/General-Optimization-Solver/src/solvers/mmrcpsp.py:42(stream:278:306): Warning: Cumulative expression 'pulse': height is zero, expression is zero everywhere.
                                                                                                 VarCumulAtom_433 = pulse(task_4_mode_2, 0)
/home/omastto1/General-Optimization-Solver/src/solvers/mmrcpsp.py:42(stream:278:331): Warning: Cumulative expression 'pulse': height is zero, expression is zero everywhere.
                                                                                                 VarCumulAtom_434 = pulse(task_5_mode_0, 0)
/home/omastto1/General-Optimization-Solver/src/solvers/mmrcpsp.py:42(stream:278:406): Warning: Cumulative expression 'pulse': height is zero, expression is zero everywhere.
                                                                                                 VarCumulAtom_437 = pulse(task_6_mode_0, 0)
/home/omastto1/General-Optimization-Solver/src/solvers/mmrcpsp.py:42(stream:278:431): Warning: Cumulative expression 'pulse': height is zero, expression is zero everywhere.
                                                                                                 VarCumulAtom_438 = pulse(task_6_mode_1, 0)
/home/omastto1/General-Optimization-Solver/src/solvers/mmrcpsp.py:42(stream:278:481): Warning: Cumulative expression 'pulse': height is zero, expression is zero everywhere.
                                                                                                 VarCumulAtom_440 = pulse(task_7_mode_0, 0)
/home/omastto1/General-Optimization-Solver/src/solvers/mmrcpsp.py:42(stream:278:506): Warning: Cumulative expression 'pulse': height is zero, expression is zero everywhere.
                                                                                                 VarCumulAtom_441 = pulse(task_7_mode_1, 0)
/home/omastto1/General-Optimization-Solver/src/solvers/mmrcpsp.py:42(stream:278:556): Warning: Cumulative expression 'pulse': height is zero, expression is zero everywhere.
                                                                                                 VarCumulAtom_443 = pulse(task_8_mode_0, 0)
/home/omastto1/General-Optimization-Solver/src/solvers/mmrcpsp.py:42(stream:278:581): Warning: Cumulative expression 'pulse': height is zero, expression is zero everywhere.
                                                                                                 VarCumulAtom_444 = pulse(task_8_mode_1, 0)
/home/omastto1/General-Optimization-Solver/src/solvers/mmrcpsp.py:42(stream:278:606): Warning: Cumulative expression 'pulse': height is zero, expression is zero everywhere.
                                                                                                 VarCumulAtom_445 = pulse(task_8_mode_2, 0)
/home/omastto1/General-Optimization-Solver/src/solvers/mmrcpsp.py:42(stream:278:631): Warning: Cumulative expression 'pulse': height is zero, expression is zero everywhere.
                                                                                                 VarCumulAtom_446 = pulse(task_9_mode_0, 0)
/home/omastto1/General-Optimization-Solver/src/solvers/mmrcpsp.py:42(stream:278:656): Warning: Cumulative expression 'pulse': height is zero, expression is zero everywhere.
                                                                                                 VarCumulAtom_447 = pulse(task_9_mode_1, 0)
/home/omastto1/General-Optimization-Solver/src/solvers/mmrcpsp.py:42(stream:278:681): Warning: Cumulative expression 'pulse': height is zero, expression is zero everywhere.
                                                                                                 VarCumulAtom_448 = pulse(task_9_mode_2, 0)
/home/omastto1/General-Optimization-Solver/src/solvers/mmrcpsp.py:42(stream:278:784): Warning: Cumulative expression 'pulse': height is zero, expression is zero everywhere.
                                                                                                 VarCumulAtom_452 = pulse(task_11_mode_0, 0)
   Too many warnings of this type. Suppressing further warnings of this type.
 ! --------------------------------------------------- CP Optimizer 20.1.0.0 --
 ! Minimization problem - 205 variables, 296 constraints
 ! TimeLimit            = 60
 ! Workers              = 14
 ! LogVerbosity         = Terse
 ! Initial process time : 0.01s (0.01s extraction + 0.00s propagation)
 !  . Log search space  : 524.1 (before), 524.1 (after)
 !  . Memory usage      : 1.3 MB (before), 1.3 MB (after)
 ! Using parallel search with 14 workers.
 ! ----------------------------------------------------------------------------
 !          Best Branches  Non-fixed    W       Branch decision
                        0        205                 -
 + New bound is 20
 ! Using iterative diving.
 ! Using temporal relaxation.
 *            35      117  0.87s        1      (gap is 42.86%)
 *            34      288  0.87s        1      (gap is 41.18%)
 *            33      396  0.87s        1      (gap is 39.39%)
 *            32      554  0.87s        1      (gap is 37.50%)
 *            30      662  0.87s        1      (gap is 33.33%)
 *            29      770  0.87s        1      (gap is 31.03%)
 *            28      940  0.87s        1      (gap is 28.57%)
 *            27     1012  0.87s        1      (gap is 25.93%)
 *            26     1058  0.87s        1      (gap is 23.08%)
 *            25     1213  0.87s        1      (gap is 20.00%)
 *            24     1109  0.87s        3      (gap is 16.67%)
 *            23     1145  0.87s       10      (gap is 13.04%)
 ! Using failure-directed search.
 *            21     2081  1.53s        3      (gap is 4.76%)
 *            20     3911  2.17s        7      (gap is 0.00%)
 ! ----------------------------------------------------------------------------
 ! Search completed, 14 solutions found.
 ! Best objective         : 20 (optimal - effective tol. is 0)
 ! Best bound             : 20
 ! ----------------------------------------------------------------------------
 ! Number of branches     : 182571
 ! Number of fails        : 30901
 ! Total memory usage     : 17.9 MB (17.7 MB CP Optimizer + 0.2 MB Concert)
 ! Time spent in solve    : 2.67s (2.66s engine + 0.01s extraction)
 ! Search speed (br. / s) : 68894.7
 ! ----------------------------------------------------------------------------
task_0: (start=0, end=0, size=0, length=0)
Task 0 is scheduled in mode 0 from 0 to 0
task_1: (start=0, end=2, size=2, length=2)
Task 1 is scheduled in mode 1 from 0 to 2
task_2: (start=0, end=5, size=5, length=5)
Task 2 is scheduled in mode 1 from 0 to 5
task_3: (start=0, end=3, size=3, length=3)
Task 3 is scheduled in mode 0 from 0 to 3
task_4: (start=0, end=2, size=2, length=2)
Task 4 is scheduled in mode 0 from 0 to 2
task_5: (start=0, end=2, size=2, length=2)
Task 5 is scheduled in mode 0 from 0 to 2
task_6: (start=0, end=3, size=3, length=3)
Task 6 is scheduled in mode 1 from 0 to 3
task_7: (start=0, end=10, size=10, length=10)
Task 7 is scheduled in mode 2 from 0 to 10
task_8: (start=0, end=5, size=5, length=5)
Task 8 is scheduled in mode 2 from 0 to 5
task_9: (start=0, end=4, size=4, length=4)
Task 9 is scheduled in mode 0 from 0 to 4
task_10: (start=0, end=8, size=8, length=8)
Task 10 is scheduled in mode 2 from 0 to 8
task_11: (start=0, end=10, size=10, length=10)
Task 11 is scheduled in mode 2 from 0 to 10
task_12: (start=2, end=11, size=9, length=9)
Task 12 is scheduled in mode 2 from 2 to 11
task_13: (start=0, end=10, size=10, length=10)
Task 13 is scheduled in mode 2 from 0 to 10
task_14: (start=0, end=8, size=8, length=8)
Task 14 is scheduled in mode 1 from 0 to 8
task_15: (start=0, end=5, size=5, length=5)
Task 15 is scheduled in mode 2 from 0 to 5
task_16: (start=2, end=8, size=6, length=6)
Task 16 is scheduled in mode 2 from 2 to 8
task_17: (start=3, end=4, size=1, length=1)
Task 17 is scheduled in mode 0 from 3 to 4
task_18: (start=5, end=12, size=7, length=7)
Task 18 is scheduled in mode 0 from 5 to 12
task_19: (start=11, end=12, size=1, length=1)
Task 19 is scheduled in mode 0 from 11 to 12
task_20: (start=0, end=9, size=9, length=9)
Task 20 is scheduled in mode 1 from 0 to 9
task_21: (start=0, end=7, size=7, length=7)
Task 21 is scheduled in mode 1 from 0 to 7
task_22: (start=4, end=11, size=7, length=7)
Task 22 is scheduled in mode 2 from 4 to 11
task_23: (start=2, end=10, size=8, length=8)
Task 23 is scheduled in mode 2 from 2 to 10
task_24: (start=4, end=13, size=9, length=9)
Task 24 is scheduled in mode 2 from 4 to 13
task_25: (start=0, end=10, size=10, length=10)
Task 25 is scheduled in mode 2 from 0 to 10
task_26: (start=3, end=10, size=7, length=7)
Task 26 is scheduled in mode 1 from 3 to 10
task_27: (start=0, end=7, size=7, length=7)
Task 27 is scheduled in mode 2 from 0 to 7
task_28: (start=10, end=17, size=7, length=7)
Task 28 is scheduled in mode 1 from 10 to 17
task_29: (start=12, end=19, size=7, length=7)
Task 29 is scheduled in mode 2 from 12 to 19
task_30: (start=5, end=15, size=10, length=10)
Task 30 is scheduled in mode 1 from 5 to 15
task_31: (start=10, end=18, size=8, length=8)
Task 31 is scheduled in mode 2 from 10 to 18
task_32: (start=12, end=18, size=6, length=6)
Task 32 is scheduled in mode 0 from 12 to 18
task_33: (start=10, end=19, size=9, length=9)
Task 33 is scheduled in mode 2 from 10 to 19
task_34: (start=9, end=19, size=10, length=10)
Task 34 is scheduled in mode 2 from 9 to 19
task_35: (start=19, end=20, size=1, length=1)
Task 35 is scheduled in mode 0 from 19 to 20
task_36: (start=19, end=20, size=1, length=1)
Task 36 is scheduled in mode 0 from 19 to 20
task_37: (start=13, end=20, size=7, length=7)
Task 37 is scheduled in mode 2 from 13 to 20
task_38: (start=18, end=20, size=2, length=2)
Task 38 is scheduled in mode 0 from 18 to 20
task_39: (start=12, end=17, size=5, length=5)
Task 39 is scheduled in mode 2 from 12 to 17
task_40: (start=11, end=19, size=8, length=8)
Task 40 is scheduled in mode 0 from 11 to 19
task_41: (start=12, end=15, size=3, length=3)
Task 41 is scheduled in mode 0 from 12 to 15
task_42: (start=11, end=17, size=6, length=6)
Task 42 is scheduled in mode 2 from 11 to 17
task_43: (start=12, end=20, size=8, length=8)
Task 43 is scheduled in mode 0 from 12 to 20
task_44: (start=10, end=17, size=7, length=7)
Task 44 is scheduled in mode 2 from 10 to 17
task_45: (start=10, end=20, size=10, length=10)
Task 45 is scheduled in mode 2 from 10 to 20
task_46: (start=12, end=18, size=6, length=6)
Task 46 is scheduled in mode 2 from 12 to 18
task_47: (start=11, end=20, size=9, length=9)
Task 47 is scheduled in mode 2 from 11 to 20
task_48: (start=12, end=20, size=8, length=8)
Task 48 is scheduled in mode 1 from 12 to 20
task_49: (start=10, end=14, size=4, length=4)
Task 49 is scheduled in mode 2 from 10 to 14
task_50: (start=2, end=10, size=8, length=8)
Task 50 is scheduled in mode 2 from 2 to 10
task_51: (start=20, end=20, size=0, length=0)
Task 51 is scheduled in mode 0 from 20 to 20
Optimal solution found
Objective value: 20
Solution is optimal.
