87
raw_data/mm-rcpsp/MMLIB50/J5018_2.mm
Time limit set to 60 seconds
Running CP solver
/home/omastto1/General-Optimization-Solver/src/solvers/mmrcpsp.py:42(stream:278:6): Warning: Cumulative expression 'pulse': height is zero, expression is zero everywhere.
                                                                                               VarCumulAtom_421 = pulse(task_0_mode_0, 0)
/home/omastto1/General-Optimization-Solver/src/solvers/mmrcpsp.py:42(stream:278:81): Warning: Cumulative expression 'pulse': height is zero, expression is zero everywhere.
                                                                                                VarCumulAtom_424 = pulse(task_1_mode_2, 0)
/home/omastto1/General-Optimization-Solver/src/solvers/mmrcpsp.py:42(stream:278:106): Warning: Cumulative expression 'pulse': height is zero, expression is zero everywhere.
                                                                                                 VarCumulAtom_425 = pulse(task_2_mode_0, 0)
/home/omastto1/General-Optimization-Solver/src/solvers/mmrcpsp.py:42(stream:278:131): Warning: Cumulative expression 'pulse': height is zero, expression is zero everywhere.
                                                                                                 VarCumulAtom_426 = pulse(task_2_mode_1, 0)
/home/omastto1/General-Optimization-Solver/src/solvers/mmrcpsp.py:42(stream:278:156): Warning: Cumulative expression 'pulse': height is zero, expression is zero everywhere.
                                                                                                 VarCumulAtom_427 = pulse(task_2_mode_2, 0)
/home/omastto1/General-Optimization-Solver/src/solvers/mmrcpsp.py:42(stream:278:181): Warning: Cumulative expression 'pulse': height is zero, expression is zero everywhere.
                                                                                                 VarCumulAtom_428 = pulse(task_3_mode_0, 0)
/home/omastto1/General-Optimization-Solver/src/solvers/mmrcpsp.py:42(stream:278:206): Warning: Cumulative expression 'pulse': height is zero, expression is zero everywhere.
                                                                                                 VarCumulAtom_429 = pulse(task_3_mode_1, 0)
/home/omastto1/General-Optimization-Solver/src/solvers/mmrcpsp.py:42(stream:278:256): Warning: Cumulative expression 'pulse': height is zero, expression is zero everywhere.
                                                                                                 VarCumulAtom_431 = pulse(task_4_mode_0, 0)
/home/omastto1/General-Optimization-Solver/src/solvers/mmrcpsp.py:42(stream:278:281): Warning: Cumulative expression 'pulse': height is zero, expression is zero everywhere.
                                                                                                 VarCumulAtom_432 = pulse(task_4_mode_1, 0)
/home/omastto1/General-Optimization-Solver/src/solvers/mmrcpsp.py:42(stream:278:331): Warning: Cumulative expression 'pulse': height is zero, expression is zero everywhere.
                                                                                                 VarCumulAtom_434 = pulse(task_5_mode_0, 0)
/home/omastto1/General-Optimization-Solver/src/solvers/mmrcpsp.py:42(stream:278:356): Warning: Cumulative expression 'pulse': height is zero, expression is zero everywhere.
                                                                                                 VarCumulAtom_435 = pulse(task_5_mode_1, 0)
/home/omastto1/General-Optimization-Solver/src/solvers/mmrcpsp.py:42(stream:278:431): Warning: Cumulative expression 'pulse': height is zero, expression is zero everywhere.
                                                                                                 VarCumulAtom_438 = pulse(task_6_mode_1, 0)
/home/omastto1/General-Optimization-Solver/src/solvers/mmrcpsp.py:42(stream:278:456): Warning: Cumulative expression 'pulse': height is zero, expression is zero everywhere.
                                                                                                 VarCumulAtom_439 = pulse(task_6_mode_2, 0)
/home/omastto1/General-Optimization-Solver/src/solvers/mmrcpsp.py:42(stream:278:506): Warning: Cumulative expression 'pulse': height is zero, expression is zero everywhere.
                                                                                                 VarCumulAtom_441 = pulse(task_7_mode_1, 0)
/home/omastto1/General-Optimization-Solver/src/solvers/mmrcpsp.py:42(stream:278:606): Warning: Cumulative expression 'pulse': height is zero, expression is zero everywhere.
                                                                                                 VarCumulAtom_445 = pulse(task_8_mode_2, 0)
/home/omastto1/General-Optimization-Solver/src/solvers/mmrcpsp.py:42(stream:278:681): Warning: Cumulative expression 'pulse': height is zero, expression is zero everywhere.
                                                                                                 VarCumulAtom_448 = pulse(task_9_mode_2, 0)
/home/omastto1/General-Optimization-Solver/src/solvers/mmrcpsp.py:42(stream:278:810): Warning: Cumulative expression 'pulse': height is zero, expression is zero everywhere.
                                                                                                 VarCumulAtom_453 = pulse(task_11_mode_1, 0)
/home/omastto1/General-Optimization-Solver/src/solvers/mmrcpsp.py:42(stream:278:836): Warning: Cumulative expression 'pulse': height is zero, expression is zero everywhere.
                                                                                                 VarCumulAtom_454 = pulse(task_11_mode_2, 0)
/home/omastto1/General-Optimization-Solver/src/solvers/mmrcpsp.py:42(stream:278:914): Warning: Cumulative expression 'pulse': height is zero, expression is zero everywhere.
                                                                                                 VarCumulAtom_457 = pulse(task_12_mode_2, 0)
/home/omastto1/General-Optimization-Solver/src/solvers/mmrcpsp.py:42(stream:278:940): Warning: Cumulative expression 'pulse': height is zero, expression is zero everywhere.
                                                                                                 VarCumulAtom_458 = pulse(task_13_mode_0, 0)
   Too many warnings of this type. Suppressing further warnings of this type.
 ! --------------------------------------------------- CP Optimizer 20.1.0.0 --
 ! Minimization problem - 205 variables, 278 constraints
 ! TimeLimit            = 60
 ! Workers              = 14
 ! LogVerbosity         = Terse
 ! Initial process time : 0.01s (0.01s extraction + 0.00s propagation)
 !  . Log search space  : 514.6 (before), 514.6 (after)
 !  . Memory usage      : 1.3 MB (before), 1.3 MB (after)
 ! Using parallel search with 14 workers.
 ! ----------------------------------------------------------------------------
 !          Best Branches  Non-fixed    W       Branch decision
                        0        205                 -
 + New bound is 20
 ! Using iterative diving.
 ! Using temporal relaxation.
 *            20       46  0.21s        1      (gap is 0.00%)
 ! ----------------------------------------------------------------------------
 ! Search completed, 1 solution found.
 ! Best objective         : 20 (optimal - effective tol. is 0)
 ! Best bound             : 20
 ! ----------------------------------------------------------------------------
 ! Number of branches     : 52258
 ! Number of fails        : 553
 ! Total memory usage     : 17.1 MB (16.9 MB CP Optimizer + 0.2 MB Concert)
 ! Time spent in solve    : 0.24s (0.23s engine + 0.01s extraction)
 ! Search speed (br. / s) : 237536.4
 ! ----------------------------------------------------------------------------
task_0: (start=0, end=0, size=0, length=0)
Task 0 is scheduled in mode 0 from 0 to 0
task_1: (start=0, end=4, size=4, length=4)
Task 1 is scheduled in mode 0 from 0 to 4
task_2: (start=0, end=2, size=2, length=2)
Task 2 is scheduled in mode 0 from 0 to 2
task_3: (start=0, end=1, size=1, length=1)
Task 3 is scheduled in mode 0 from 0 to 1
task_4: (start=0, end=1, size=1, length=1)
Task 4 is scheduled in mode 0 from 0 to 1
task_5: (start=0, end=4, size=4, length=4)
Task 5 is scheduled in mode 0 from 0 to 4
task_6: (start=0, end=1, size=1, length=1)
Task 6 is scheduled in mode 0 from 0 to 1
task_7: (start=0, end=1, size=1, length=1)
Task 7 is scheduled in mode 0 from 0 to 1
task_8: (start=0, end=2, size=2, length=2)
Task 8 is scheduled in mode 0 from 0 to 2
task_9: (start=0, end=3, size=3, length=3)
Task 9 is scheduled in mode 0 from 0 to 3
task_10: (start=1, end=6, size=5, length=5)
Task 10 is scheduled in mode 0 from 1 to 6
task_11: (start=0, end=1, size=1, length=1)
Task 11 is scheduled in mode 0 from 0 to 1
task_12: (start=4, end=5, size=1, length=1)
Task 12 is scheduled in mode 0 from 4 to 5
task_13: (start=0, end=4, size=4, length=4)
Task 13 is scheduled in mode 0 from 0 to 4
task_14: (start=0, end=8, size=8, length=8)
Task 14 is scheduled in mode 1 from 0 to 8
task_15: (start=4, end=8, size=4, length=4)
Task 15 is scheduled in mode 0 from 4 to 8
task_16: (start=1, end=2, size=1, length=1)
Task 16 is scheduled in mode 0 from 1 to 2
task_17: (start=4, end=5, size=1, length=1)
Task 17 is scheduled in mode 0 from 4 to 5
task_18: (start=4, end=12, size=8, length=8)
Task 18 is scheduled in mode 0 from 4 to 12
task_19: (start=4, end=5, size=1, length=1)
Task 19 is scheduled in mode 0 from 4 to 5
task_20: (start=4, end=9, size=5, length=5)
Task 20 is scheduled in mode 0 from 4 to 9
task_21: (start=6, end=10, size=4, length=4)
Task 21 is scheduled in mode 0 from 6 to 10
task_22: (start=1, end=4, size=3, length=3)
Task 22 is scheduled in mode 0 from 1 to 4
task_23: (start=0, end=1, size=1, length=1)
Task 23 is scheduled in mode 0 from 0 to 1
task_24: (start=0, end=6, size=6, length=6)
Task 24 is scheduled in mode 0 from 0 to 6
task_25: (start=4, end=7, size=3, length=3)
Task 25 is scheduled in mode 0 from 4 to 7
task_26: (start=2, end=4, size=2, length=2)
Task 26 is scheduled in mode 0 from 2 to 4
task_27: (start=12, end=13, size=1, length=1)
Task 27 is scheduled in mode 0 from 12 to 13
task_28: (start=4, end=12, size=8, length=8)
Task 28 is scheduled in mode 1 from 4 to 12
task_29: (start=5, end=10, size=5, length=5)
Task 29 is scheduled in mode 0 from 5 to 10
task_30: (start=2, end=3, size=1, length=1)
Task 30 is scheduled in mode 0 from 2 to 3
task_31: (start=1, end=9, size=8, length=8)
Task 31 is scheduled in mode 2 from 1 to 9
task_32: (start=8, end=10, size=2, length=2)
Task 32 is scheduled in mode 0 from 8 to 10
task_33: (start=4, end=7, size=3, length=3)
Task 33 is scheduled in mode 1 from 4 to 7
task_34: (start=4, end=5, size=1, length=1)
Task 34 is scheduled in mode 0 from 4 to 5
task_35: (start=6, end=13, size=7, length=7)
Task 35 is scheduled in mode 1 from 6 to 13
task_36: (start=3, end=9, size=6, length=6)
Task 36 is scheduled in mode 2 from 3 to 9
task_37: (start=13, end=14, size=1, length=1)
Task 37 is scheduled in mode 0 from 13 to 14
task_38: (start=12, end=19, size=7, length=7)
Task 38 is scheduled in mode 2 from 12 to 19
task_39: (start=13, end=20, size=7, length=7)
Task 39 is scheduled in mode 1 from 13 to 20
task_40: (start=12, end=20, size=8, length=8)
Task 40 is scheduled in mode 2 from 12 to 20
task_41: (start=10, end=15, size=5, length=5)
Task 41 is scheduled in mode 1 from 10 to 15
task_42: (start=9, end=14, size=5, length=5)
Task 42 is scheduled in mode 1 from 9 to 14
task_43: (start=13, end=16, size=3, length=3)
Task 43 is scheduled in mode 0 from 13 to 16
task_44: (start=8, end=13, size=5, length=5)
Task 44 is scheduled in mode 2 from 8 to 13
task_45: (start=10, end=19, size=9, length=9)
Task 45 is scheduled in mode 2 from 10 to 19
task_46: (start=8, end=17, size=9, length=9)
Task 46 is scheduled in mode 1 from 8 to 17
task_47: (start=12, end=13, size=1, length=1)
Task 47 is scheduled in mode 0 from 12 to 13
task_48: (start=5, end=10, size=5, length=5)
Task 48 is scheduled in mode 2 from 5 to 10
task_49: (start=5, end=7, size=2, length=2)
Task 49 is scheduled in mode 0 from 5 to 7
task_50: (start=6, end=13, size=7, length=7)
Task 50 is scheduled in mode 1 from 6 to 13
task_51: (start=20, end=20, size=0, length=0)
Task 51 is scheduled in mode 0 from 20 to 20
Optimal solution found
Objective value: 20
Solution is optimal.
