63
raw_data/rcpsp/DC2-npv75.xlsx rcpspdc423
Time limit set to 60 seconds
Running CP solver
/home/omastto1/General-Optimization-Solver/src/solvers/rcpsp.py:31(stream:95:6): Warning: Cumulative expression 'pulse': height is zero, expression is zero everywhere.
                                                                                            VarCumulAtom_238 = pulse("0", 0)
/home/omastto1/General-Optimization-Solver/src/solvers/rcpsp.py:31(stream:95:36): Warning: Cumulative expression 'pulse': height is zero, expression is zero everywhere.
                                                                                             VarCumulAtom_240 = pulse("2", 0)
/home/omastto1/General-Optimization-Solver/src/solvers/rcpsp.py:31(stream:95:81): Warning: Cumulative expression 'pulse': height is zero, expression is zero everywhere.
                                                                                             VarCumulAtom_243 = pulse("5", 0)
/home/omastto1/General-Optimization-Solver/src/solvers/rcpsp.py:31(stream:95:111): Warning: Cumulative expression 'pulse': height is zero, expression is zero everywhere.
                                                                                              VarCumulAtom_245 = pulse("7", 0)
/home/omastto1/General-Optimization-Solver/src/solvers/rcpsp.py:31(stream:95:126): Warning: Cumulative expression 'pulse': height is zero, expression is zero everywhere.
                                                                                              VarCumulAtom_246 = pulse("8", 0)
/home/omastto1/General-Optimization-Solver/src/solvers/rcpsp.py:31(stream:95:141): Warning: Cumulative expression 'pulse': height is zero, expression is zero everywhere.
                                                                                              VarCumulAtom_247 = pulse("9", 0)
/home/omastto1/General-Optimization-Solver/src/solvers/rcpsp.py:31(stream:95:172): Warning: Cumulative expression 'pulse': height is zero, expression is zero everywhere.
                                                                                              VarCumulAtom_249 = pulse("11", 0)
/home/omastto1/General-Optimization-Solver/src/solvers/rcpsp.py:31(stream:95:188): Warning: Cumulative expression 'pulse': height is zero, expression is zero everywhere.
                                                                                              VarCumulAtom_250 = pulse("12", 0)
/home/omastto1/General-Optimization-Solver/src/solvers/rcpsp.py:31(stream:95:268): Warning: Cumulative expression 'pulse': height is zero, expression is zero everywhere.
                                                                                              VarCumulAtom_255 = pulse("17", 0)
/home/omastto1/General-Optimization-Solver/src/solvers/rcpsp.py:31(stream:95:348): Warning: Cumulative expression 'pulse': height is zero, expression is zero everywhere.
                                                                                              VarCumulAtom_260 = pulse("22", 0)
/home/omastto1/General-Optimization-Solver/src/solvers/rcpsp.py:31(stream:95:380): Warning: Cumulative expression 'pulse': height is zero, expression is zero everywhere.
                                                                                              VarCumulAtom_262 = pulse("24", 0)
/home/omastto1/General-Optimization-Solver/src/solvers/rcpsp.py:31(stream:95:396): Warning: Cumulative expression 'pulse': height is zero, expression is zero everywhere.
                                                                                              VarCumulAtom_263 = pulse("25", 0)
/home/omastto1/General-Optimization-Solver/src/solvers/rcpsp.py:31(stream:95:444): Warning: Cumulative expression 'pulse': height is zero, expression is zero everywhere.
                                                                                              VarCumulAtom_266 = pulse("28", 0)
/home/omastto1/General-Optimization-Solver/src/solvers/rcpsp.py:31(stream:95:492): Warning: Cumulative expression 'pulse': height is zero, expression is zero everywhere.
                                                                                              VarCumulAtom_269 = pulse("31", 0)
/home/omastto1/General-Optimization-Solver/src/solvers/rcpsp.py:31(stream:95:524): Warning: Cumulative expression 'pulse': height is zero, expression is zero everywhere.
                                                                                              VarCumulAtom_271 = pulse("33", 0)
/home/omastto1/General-Optimization-Solver/src/solvers/rcpsp.py:31(stream:95:540): Warning: Cumulative expression 'pulse': height is zero, expression is zero everywhere.
                                                                                              VarCumulAtom_272 = pulse("34", 0)
/home/omastto1/General-Optimization-Solver/src/solvers/rcpsp.py:31(stream:95:556): Warning: Cumulative expression 'pulse': height is zero, expression is zero everywhere.
                                                                                              VarCumulAtom_273 = pulse("35", 0)
/home/omastto1/General-Optimization-Solver/src/solvers/rcpsp.py:31(stream:95:604): Warning: Cumulative expression 'pulse': height is zero, expression is zero everywhere.
                                                                                              VarCumulAtom_276 = pulse("38", 0)
/home/omastto1/General-Optimization-Solver/src/solvers/rcpsp.py:31(stream:95:620): Warning: Cumulative expression 'pulse': height is zero, expression is zero everywhere.
                                                                                              VarCumulAtom_277 = pulse("39", 0)
/home/omastto1/General-Optimization-Solver/src/solvers/rcpsp.py:31(stream:95:652): Warning: Cumulative expression 'pulse': height is zero, expression is zero everywhere.
                                                                                              VarCumulAtom_279 = pulse("41", 0)
   Too many warnings of this type. Suppressing further warnings of this type.
 ! --------------------------------------------------- CP Optimizer 20.1.0.0 --
 ! Minimization problem - 78 variables, 480 constraints
 ! TimeLimit            = 60
 ! Workers              = 14
 ! LogVerbosity         = Terse
 ! Initial process time : 0.01s (0.01s extraction + 0.00s propagation)
 !  . Log search space  : 502.5 (before), 502.5 (after)
 !  . Memory usage      : 836.6 kB (before), 836.6 kB (after)
 ! Using parallel search with 14 workers.
 ! ----------------------------------------------------------------------------
 !          Best Branches  Non-fixed    W       Branch decision
                        0         78                 -
 + New bound is 55
 ! Using iterative diving.
 ! Using temporal relaxation.
 *            88      157  1.07s        1      (gap is 37.50%)
 *            83      454  1.07s        1      (gap is 33.73%)
 *            82     1066  1.07s        1      (gap is 32.93%)
 *            80     1144  1.07s        1      (gap is 31.25%)
 *            79     1348  1.07s        1      (gap is 30.38%)
              79     4589          6    1   F        -
 + New bound is 63 (gap is 20.25%)
 ! Using failure-directed search.
 *            78     4838  1.07s        1      (gap is 19.23%)
 *            77     5545  1.07s        1      (gap is 18.18%)
 *            76     7316  1.07s        2      (gap is 17.11%)
 *            75     6878  1.07s        5      (gap is 16.00%)
 *            74     7615  1.07s        5      (gap is 14.86%)
 *            73    17998  2.07s        3      (gap is 13.70%)
 *            72    16714  3.00s        6      (gap is 12.50%)
              72    10406         67    1        64 >= cost
 + New bound is 64 (gap is 11.11%)
 *            71    40030  5.91s        8      (gap is 9.86%)
              71    10631         60    1   F    51 >= startOf(64)
 + New bound is 65 (gap is 8.45%)
              71    12759         28    1   F    67 >= cost
 + New bound is 66 (gap is 7.04%)
              71    18715         36    1   F    12 >= startOf(32)
 + New bound is 67 (gap is 5.63%)
 *            70     188k  33.09s       3      (gap is 4.29%)
 ! Time = 33.09s, Average fail depth = 34, Memory usage = 11.6 MB
 ! Current bound is 67 (gap is 4.29%)
 !          Best Branches  Non-fixed    W       Branch decision
              70    36408         43    1   F     3 >= startOf(7)
 + New bound is 68 (gap is 2.86%)
 ! ----------------------------------------------------------------------------
 ! Search terminated by limit, 14 solutions found.
 ! Best objective         : 70 (gap is 2.86%)
 ! Best bound             : 68
 ! ----------------------------------------------------------------------------
 ! Number of branches     : 6181560
 ! Number of fails        : 1342341
 ! Total memory usage     : 13.0 MB (12.9 MB CP Optimizer + 0.1 MB Concert)
 ! Time spent in solve    : 60.02s (60.01s engine + 0.01s extraction)
 ! Search speed (br. / s) : 103008.8
 ! ----------------------------------------------------------------------------
(68,)
(0.0285714,)
(70,)
Objective value: 70
Solution is 2.9 % worse than the lower bound.
Feasible solution found
