29
raw_data/rcpsp/DC2-npv75.xlsx rcpspdc389
Time limit set to 60 seconds
Running CP solver
/home/omastto1/General-Optimization-Solver/src/solvers/rcpsp.py:31(stream:95:6): Warning: Cumulative expression 'pulse': height is zero, expression is zero everywhere.
                                                                                            VarCumulAtom_238 = pulse("0", 0)
/home/omastto1/General-Optimization-Solver/src/solvers/rcpsp.py:31(stream:95:51): Warning: Cumulative expression 'pulse': height is zero, expression is zero everywhere.
                                                                                             VarCumulAtom_241 = pulse("3", 0)
/home/omastto1/General-Optimization-Solver/src/solvers/rcpsp.py:31(stream:95:66): Warning: Cumulative expression 'pulse': height is zero, expression is zero everywhere.
                                                                                             VarCumulAtom_242 = pulse("4", 0)
/home/omastto1/General-Optimization-Solver/src/solvers/rcpsp.py:31(stream:95:81): Warning: Cumulative expression 'pulse': height is zero, expression is zero everywhere.
                                                                                             VarCumulAtom_243 = pulse("5", 0)
/home/omastto1/General-Optimization-Solver/src/solvers/rcpsp.py:31(stream:95:112): Warning: Cumulative expression 'pulse': height is zero, expression is zero everywhere.
                                                                                              VarCumulAtom_245 = pulse("7", 0)
/home/omastto1/General-Optimization-Solver/src/solvers/rcpsp.py:31(stream:95:142): Warning: Cumulative expression 'pulse': height is zero, expression is zero everywhere.
                                                                                              VarCumulAtom_247 = pulse("9", 0)
/home/omastto1/General-Optimization-Solver/src/solvers/rcpsp.py:31(stream:95:157): Warning: Cumulative expression 'pulse': height is zero, expression is zero everywhere.
                                                                                              VarCumulAtom_248 = pulse("10", 0)
/home/omastto1/General-Optimization-Solver/src/solvers/rcpsp.py:31(stream:95:205): Warning: Cumulative expression 'pulse': height is zero, expression is zero everywhere.
                                                                                              VarCumulAtom_251 = pulse("13", 0)
/home/omastto1/General-Optimization-Solver/src/solvers/rcpsp.py:31(stream:95:221): Warning: Cumulative expression 'pulse': height is zero, expression is zero everywhere.
                                                                                              VarCumulAtom_252 = pulse("14", 0)
/home/omastto1/General-Optimization-Solver/src/solvers/rcpsp.py:31(stream:95:237): Warning: Cumulative expression 'pulse': height is zero, expression is zero everywhere.
                                                                                              VarCumulAtom_253 = pulse("15", 0)
/home/omastto1/General-Optimization-Solver/src/solvers/rcpsp.py:31(stream:95:318): Warning: Cumulative expression 'pulse': height is zero, expression is zero everywhere.
                                                                                              VarCumulAtom_258 = pulse("20", 0)
/home/omastto1/General-Optimization-Solver/src/solvers/rcpsp.py:31(stream:95:350): Warning: Cumulative expression 'pulse': height is zero, expression is zero everywhere.
                                                                                              VarCumulAtom_260 = pulse("22", 0)
/home/omastto1/General-Optimization-Solver/src/solvers/rcpsp.py:31(stream:95:383): Warning: Cumulative expression 'pulse': height is zero, expression is zero everywhere.
                                                                                              VarCumulAtom_262 = pulse("24", 0)
/home/omastto1/General-Optimization-Solver/src/solvers/rcpsp.py:31(stream:95:431): Warning: Cumulative expression 'pulse': height is zero, expression is zero everywhere.
                                                                                              VarCumulAtom_265 = pulse("27", 0)
/home/omastto1/General-Optimization-Solver/src/solvers/rcpsp.py:31(stream:95:447): Warning: Cumulative expression 'pulse': height is zero, expression is zero everywhere.
                                                                                              VarCumulAtom_266 = pulse("28", 0)
/home/omastto1/General-Optimization-Solver/src/solvers/rcpsp.py:31(stream:95:480): Warning: Cumulative expression 'pulse': height is zero, expression is zero everywhere.
                                                                                              VarCumulAtom_268 = pulse("30", 0)
/home/omastto1/General-Optimization-Solver/src/solvers/rcpsp.py:31(stream:95:496): Warning: Cumulative expression 'pulse': height is zero, expression is zero everywhere.
                                                                                              VarCumulAtom_269 = pulse("31", 0)
/home/omastto1/General-Optimization-Solver/src/solvers/rcpsp.py:31(stream:95:512): Warning: Cumulative expression 'pulse': height is zero, expression is zero everywhere.
                                                                                              VarCumulAtom_270 = pulse("32", 0)
/home/omastto1/General-Optimization-Solver/src/solvers/rcpsp.py:31(stream:95:528): Warning: Cumulative expression 'pulse': height is zero, expression is zero everywhere.
                                                                                              VarCumulAtom_271 = pulse("33", 0)
/home/omastto1/General-Optimization-Solver/src/solvers/rcpsp.py:31(stream:95:577): Warning: Cumulative expression 'pulse': height is zero, expression is zero everywhere.
                                                                                              VarCumulAtom_274 = pulse("36", 0)
   Too many warnings of this type. Suppressing further warnings of this type.
 ! --------------------------------------------------- CP Optimizer 20.1.0.0 --
 ! Minimization problem - 78 variables, 433 constraints
 ! TimeLimit            = 60
 ! Workers              = 14
 ! LogVerbosity         = Terse
 ! Initial process time : 0.01s (0.01s extraction + 0.00s propagation)
 !  . Log search space  : 502.5 (before), 502.5 (after)
 !  . Memory usage      : 802.1 kB (before), 802.1 kB (after)
 ! Using parallel search with 14 workers.
 ! ----------------------------------------------------------------------------
 !          Best Branches  Non-fixed    W       Branch decision
                        0         78                 -
 + New bound is 38
 ! Using iterative diving.
 ! Using temporal relaxation.
 *           249      157  0.91s        1      (gap is 84.74%)
 *           230      460  0.91s        1      (gap is 83.48%)
 *           223     1352  0.91s        1      (gap is 82.96%)
 *           220     1504  0.91s        1      (gap is 82.73%)
 *           214     1715  0.91s        1      (gap is 82.24%)
             214     4519          4    1   F        -
 + New bound is 175 (gap is 18.22%)
 ! Using failure-directed search.
 *           212    11712  1.67s        3      (gap is 17.45%)
 *           211    11989  1.67s        3      (gap is 17.06%)
 *           210    16882  2.48s       10      (gap is 16.67%)
 *           209    16917  3.25s        2      (gap is 16.27%)
 *           208    39656  7.91s        9      (gap is 15.87%)
 *           207     637k  32.36s      12      (gap is 15.46%)
 ! ----------------------------------------------------------------------------
 ! Search terminated by limit, 11 solutions found.
 ! Best objective         : 207 (gap is 15.46%)
 ! Best bound             : 175
 ! ----------------------------------------------------------------------------
 ! Number of branches     : 6790221
 ! Number of fails        : 1248852
 ! Total memory usage     : 12.4 MB (12.2 MB CP Optimizer + 0.1 MB Concert)
 ! Time spent in solve    : 60.03s (60.02s engine + 0.01s extraction)
 ! Search speed (br. / s) : 113132.6
 ! ----------------------------------------------------------------------------
(175,)
(0.154589,)
(207,)
Objective value: 207
Solution is 2.0 % worse than the lower bound.
Feasible solution found
