13
raw_data/rcpsp/DC2-npv75.xlsx rcpspdc373
Time limit set to 60 seconds
Running CP solver
/home/omastto1/General-Optimization-Solver/src/solvers/rcpsp.py:31(stream:95:6): Warning: Cumulative expression 'pulse': height is zero, expression is zero everywhere.
                                                                                            VarCumulAtom_238 = pulse("0", 0)
/home/omastto1/General-Optimization-Solver/src/solvers/rcpsp.py:31(stream:95:21): Warning: Cumulative expression 'pulse': height is zero, expression is zero everywhere.
                                                                                             VarCumulAtom_239 = pulse("1", 0)
/home/omastto1/General-Optimization-Solver/src/solvers/rcpsp.py:31(stream:95:36): Warning: Cumulative expression 'pulse': height is zero, expression is zero everywhere.
                                                                                             VarCumulAtom_240 = pulse("2", 0)
/home/omastto1/General-Optimization-Solver/src/solvers/rcpsp.py:31(stream:95:66): Warning: Cumulative expression 'pulse': height is zero, expression is zero everywhere.
                                                                                             VarCumulAtom_242 = pulse("4", 0)
/home/omastto1/General-Optimization-Solver/src/solvers/rcpsp.py:31(stream:95:81): Warning: Cumulative expression 'pulse': height is zero, expression is zero everywhere.
                                                                                             VarCumulAtom_243 = pulse("5", 0)
/home/omastto1/General-Optimization-Solver/src/solvers/rcpsp.py:31(stream:95:96): Warning: Cumulative expression 'pulse': height is zero, expression is zero everywhere.
                                                                                             VarCumulAtom_244 = pulse("6", 0)
/home/omastto1/General-Optimization-Solver/src/solvers/rcpsp.py:31(stream:95:141): Warning: Cumulative expression 'pulse': height is zero, expression is zero everywhere.
                                                                                              VarCumulAtom_247 = pulse("9", 0)
/home/omastto1/General-Optimization-Solver/src/solvers/rcpsp.py:31(stream:95:220): Warning: Cumulative expression 'pulse': height is zero, expression is zero everywhere.
                                                                                              VarCumulAtom_252 = pulse("14", 0)
/home/omastto1/General-Optimization-Solver/src/solvers/rcpsp.py:31(stream:95:268): Warning: Cumulative expression 'pulse': height is zero, expression is zero everywhere.
                                                                                              VarCumulAtom_255 = pulse("17", 0)
/home/omastto1/General-Optimization-Solver/src/solvers/rcpsp.py:31(stream:95:316): Warning: Cumulative expression 'pulse': height is zero, expression is zero everywhere.
                                                                                              VarCumulAtom_258 = pulse("20", 0)
/home/omastto1/General-Optimization-Solver/src/solvers/rcpsp.py:31(stream:95:332): Warning: Cumulative expression 'pulse': height is zero, expression is zero everywhere.
                                                                                              VarCumulAtom_259 = pulse("21", 0)
/home/omastto1/General-Optimization-Solver/src/solvers/rcpsp.py:31(stream:95:348): Warning: Cumulative expression 'pulse': height is zero, expression is zero everywhere.
                                                                                              VarCumulAtom_260 = pulse("22", 0)
/home/omastto1/General-Optimization-Solver/src/solvers/rcpsp.py:31(stream:95:380): Warning: Cumulative expression 'pulse': height is zero, expression is zero everywhere.
                                                                                              VarCumulAtom_262 = pulse("24", 0)
/home/omastto1/General-Optimization-Solver/src/solvers/rcpsp.py:31(stream:95:396): Warning: Cumulative expression 'pulse': height is zero, expression is zero everywhere.
                                                                                              VarCumulAtom_263 = pulse("25", 0)
/home/omastto1/General-Optimization-Solver/src/solvers/rcpsp.py:31(stream:95:428): Warning: Cumulative expression 'pulse': height is zero, expression is zero everywhere.
                                                                                              VarCumulAtom_265 = pulse("27", 0)
/home/omastto1/General-Optimization-Solver/src/solvers/rcpsp.py:31(stream:95:444): Warning: Cumulative expression 'pulse': height is zero, expression is zero everywhere.
                                                                                              VarCumulAtom_266 = pulse("28", 0)
/home/omastto1/General-Optimization-Solver/src/solvers/rcpsp.py:31(stream:95:492): Warning: Cumulative expression 'pulse': height is zero, expression is zero everywhere.
                                                                                              VarCumulAtom_269 = pulse("31", 0)
/home/omastto1/General-Optimization-Solver/src/solvers/rcpsp.py:31(stream:95:540): Warning: Cumulative expression 'pulse': height is zero, expression is zero everywhere.
                                                                                              VarCumulAtom_272 = pulse("34", 0)
/home/omastto1/General-Optimization-Solver/src/solvers/rcpsp.py:31(stream:95:556): Warning: Cumulative expression 'pulse': height is zero, expression is zero everywhere.
                                                                                              VarCumulAtom_273 = pulse("35", 0)
/home/omastto1/General-Optimization-Solver/src/solvers/rcpsp.py:31(stream:95:572): Warning: Cumulative expression 'pulse': height is zero, expression is zero everywhere.
                                                                                              VarCumulAtom_274 = pulse("36", 0)
   Too many warnings of this type. Suppressing further warnings of this type.
 ! --------------------------------------------------- CP Optimizer 20.1.0.0 --
 ! Minimization problem - 78 variables, 486 constraints
 ! TimeLimit            = 60
 ! Workers              = 14
 ! LogVerbosity         = Terse
 ! Initial process time : 0.01s (0.01s extraction + 0.00s propagation)
 !  . Log search space  : 502.5 (before), 502.5 (after)
 !  . Memory usage      : 834.6 kB (before), 834.6 kB (after)
 ! Using parallel search with 14 workers.
 ! ----------------------------------------------------------------------------
 !          Best Branches  Non-fixed    W       Branch decision
                        0         78                 -
 + New bound is 30
 ! Using iterative diving.
 ! Using temporal relaxation.
 *           172      157  0.95s        1      (gap is 82.56%)
 *           168      313  0.95s        1      (gap is 82.14%)
 *           167      848  0.95s        1      (gap is 82.04%)
 *           157     1004  0.95s        1      (gap is 80.89%)
 *           152     1736  0.95s        1      (gap is 80.26%)
 *           148     2676  0.95s        1      (gap is 79.73%)
             148     7764          2    1   F        -
 + New bound is 108 (gap is 27.03%)
 *           147     8363  0.95s        1      (gap is 26.53%)
 *           146     6435  0.95s        5      (gap is 26.03%)
 *           145     6663  0.95s        5      (gap is 25.52%)
 ! Using failure-directed search.
 *           144    18111  2.66s        7      (gap is 25.00%)
 *           140    18866  2.66s       11      (gap is 22.86%)
 *           139    27241  4.37s        2      (gap is 22.30%)
 *           138    29754  4.37s        2      (gap is 21.74%)
 *           136    31535  5.20s        9      (gap is 20.59%)
 *           135    51074  7.73s        2      (gap is 20.00%)
 *           134    66076  11.17s       9      (gap is 19.40%)
 *           133    96161  18.00s       2      (gap is 18.80%)
 *           132     224k  44.46s       8      (gap is 18.18%)
 ! Time = 44.46s, Average fail depth = 37, Memory usage = 11.7 MB
 ! Current bound is 108 (gap is 18.18%)
 !          Best Branches  Non-fixed    W       Branch decision
 ! ----------------------------------------------------------------------------
 ! Search terminated by limit, 18 solutions found.
 ! Best objective         : 132 (gap is 18.18%)
 ! Best bound             : 108
 ! ----------------------------------------------------------------------------
 ! Number of branches     : 6487465
 ! Number of fails        : 1278126
 ! Total memory usage     : 12.4 MB (12.2 MB CP Optimizer + 0.1 MB Concert)
 ! Time spent in solve    : 60.02s (60.01s engine + 0.01s extraction)
 ! Search speed (br. / s) : 108106.4
 ! ----------------------------------------------------------------------------
(108,)
(0.181818,)
(132,)
Objective value: 132
Solution is 20.0 % worse than the lower bound.
Feasible solution found
