78
raw_data/rcpsp/DC2-npv75.xlsx rcpspdc438
Time limit set to 60 seconds
Running CP solver
/home/omastto1/General-Optimization-Solver/src/solvers/rcpsp.py:31(stream:95:6): Warning: Cumulative expression 'pulse': height is zero, expression is zero everywhere.
                                                                                            VarCumulAtom_238 = pulse("0", 0)
/home/omastto1/General-Optimization-Solver/src/solvers/rcpsp.py:31(stream:95:21): Warning: Cumulative expression 'pulse': height is zero, expression is zero everywhere.
                                                                                             VarCumulAtom_239 = pulse("1", 0)
/home/omastto1/General-Optimization-Solver/src/solvers/rcpsp.py:31(stream:95:51): Warning: Cumulative expression 'pulse': height is zero, expression is zero everywhere.
                                                                                             VarCumulAtom_241 = pulse("3", 0)
/home/omastto1/General-Optimization-Solver/src/solvers/rcpsp.py:31(stream:95:66): Warning: Cumulative expression 'pulse': height is zero, expression is zero everywhere.
                                                                                             VarCumulAtom_242 = pulse("4", 0)
/home/omastto1/General-Optimization-Solver/src/solvers/rcpsp.py:31(stream:95:96): Warning: Cumulative expression 'pulse': height is zero, expression is zero everywhere.
                                                                                             VarCumulAtom_244 = pulse("6", 0)
/home/omastto1/General-Optimization-Solver/src/solvers/rcpsp.py:31(stream:95:141): Warning: Cumulative expression 'pulse': height is zero, expression is zero everywhere.
                                                                                              VarCumulAtom_247 = pulse("9", 0)
/home/omastto1/General-Optimization-Solver/src/solvers/rcpsp.py:31(stream:95:204): Warning: Cumulative expression 'pulse': height is zero, expression is zero everywhere.
                                                                                              VarCumulAtom_251 = pulse("13", 0)
/home/omastto1/General-Optimization-Solver/src/solvers/rcpsp.py:31(stream:95:220): Warning: Cumulative expression 'pulse': height is zero, expression is zero everywhere.
                                                                                              VarCumulAtom_252 = pulse("14", 0)
/home/omastto1/General-Optimization-Solver/src/solvers/rcpsp.py:31(stream:95:236): Warning: Cumulative expression 'pulse': height is zero, expression is zero everywhere.
                                                                                              VarCumulAtom_253 = pulse("15", 0)
/home/omastto1/General-Optimization-Solver/src/solvers/rcpsp.py:31(stream:95:252): Warning: Cumulative expression 'pulse': height is zero, expression is zero everywhere.
                                                                                              VarCumulAtom_254 = pulse("16", 0)
/home/omastto1/General-Optimization-Solver/src/solvers/rcpsp.py:31(stream:95:268): Warning: Cumulative expression 'pulse': height is zero, expression is zero everywhere.
                                                                                              VarCumulAtom_255 = pulse("17", 0)
/home/omastto1/General-Optimization-Solver/src/solvers/rcpsp.py:31(stream:95:300): Warning: Cumulative expression 'pulse': height is zero, expression is zero everywhere.
                                                                                              VarCumulAtom_257 = pulse("19", 0)
/home/omastto1/General-Optimization-Solver/src/solvers/rcpsp.py:31(stream:95:428): Warning: Cumulative expression 'pulse': height is zero, expression is zero everywhere.
                                                                                              VarCumulAtom_265 = pulse("27", 0)
/home/omastto1/General-Optimization-Solver/src/solvers/rcpsp.py:31(stream:95:444): Warning: Cumulative expression 'pulse': height is zero, expression is zero everywhere.
                                                                                              VarCumulAtom_266 = pulse("28", 0)
/home/omastto1/General-Optimization-Solver/src/solvers/rcpsp.py:31(stream:95:540): Warning: Cumulative expression 'pulse': height is zero, expression is zero everywhere.
                                                                                              VarCumulAtom_272 = pulse("34", 0)
/home/omastto1/General-Optimization-Solver/src/solvers/rcpsp.py:31(stream:95:572): Warning: Cumulative expression 'pulse': height is zero, expression is zero everywhere.
                                                                                              VarCumulAtom_274 = pulse("36", 0)
/home/omastto1/General-Optimization-Solver/src/solvers/rcpsp.py:31(stream:95:588): Warning: Cumulative expression 'pulse': height is zero, expression is zero everywhere.
                                                                                              VarCumulAtom_275 = pulse("37", 0)
/home/omastto1/General-Optimization-Solver/src/solvers/rcpsp.py:31(stream:95:604): Warning: Cumulative expression 'pulse': height is zero, expression is zero everywhere.
                                                                                              VarCumulAtom_276 = pulse("38", 0)
/home/omastto1/General-Optimization-Solver/src/solvers/rcpsp.py:31(stream:95:636): Warning: Cumulative expression 'pulse': height is zero, expression is zero everywhere.
                                                                                              VarCumulAtom_278 = pulse("40", 0)
/home/omastto1/General-Optimization-Solver/src/solvers/rcpsp.py:31(stream:95:700): Warning: Cumulative expression 'pulse': height is zero, expression is zero everywhere.
                                                                                              VarCumulAtom_282 = pulse("44", 0)
   Too many warnings of this type. Suppressing further warnings of this type.
 ! --------------------------------------------------- CP Optimizer 20.1.0.0 --
 ! Minimization problem - 78 variables, 473 constraints
 ! TimeLimit            = 60
 ! Workers              = 14
 ! LogVerbosity         = Terse
 ! Initial process time : 0.01s (0.01s extraction + 0.00s propagation)
 !  . Log search space  : 502.5 (before), 502.5 (after)
 !  . Memory usage      : 836.5 kB (before), 836.5 kB (after)
 ! Using parallel search with 14 workers.
 ! ----------------------------------------------------------------------------
 !          Best Branches  Non-fixed    W       Branch decision
                        0         78                 -
 + New bound is 49
 ! Using iterative diving.
 ! Using temporal relaxation.
 *           160      157  0.90s        1      (gap is 69.38%)
 *           159      426  0.90s        1      (gap is 69.18%)
 *           155     1268  0.90s        1      (gap is 68.39%)
 *           153     2082  0.90s        1      (gap is 67.97%)
             153     8008         11    1            -
 + New bound is 117 (gap is 23.53%)
 ! Using failure-directed search.
 *           152     8289  0.90s        3      (gap is 23.03%)
 *           151     5031  0.90s        4      (gap is 22.52%)
 *           150     5251  0.90s        4      (gap is 22.00%)
 *           149     5332  0.90s        8      (gap is 21.48%)
 *           148    11502  1.73s        3      (gap is 20.95%)
 *           147    13662  1.73s        6      (gap is 20.41%)
 *           146    14807  1.73s        6      (gap is 19.86%)
 *           145    16122  1.73s        6      (gap is 19.31%)
 *           144    11527  1.73s        8      (gap is 18.75%)
 *           143    12314  1.73s        8      (gap is 18.18%)
 *           142    13282  1.73s        8      (gap is 17.61%)
 *           141    31764  4.96s       11      (gap is 17.02%)
 *           140    38251  6.61s       11      (gap is 16.43%)
 *           139    43762  7.40s        3      (gap is 15.83%)
 ! Time = 7.40s, Average fail depth = 37, Memory usage = 13.6 MB
 ! Current bound is 117 (gap is 15.83%)
 !          Best Branches  Non-fixed    W       Branch decision
 *           138    57793  10.71s      10      (gap is 15.22%)
 *           137    59917  11.54s       4      (gap is 14.60%)
             137    19298          1    1   F     6 >= startOf(5)
 + New bound is 118 (gap is 13.87%)
 *           136     125k  23.88s       9      (gap is 13.24%)
 *           135     131k  24.68s       6      (gap is 12.59%)
 *           134     179k  36.17s       4      (gap is 11.94%)
 *           133     189k  36.95s       3      (gap is 11.28%)
 ! ----------------------------------------------------------------------------
 ! Search terminated by limit, 24 solutions found.
 ! Best objective         : 133 (gap is 11.28%)
 ! Best bound             : 118
 ! ----------------------------------------------------------------------------
 ! Number of branches     : 6780718
 ! Number of fails        : 1287206
 ! Total memory usage     : 12.2 MB (12.0 MB CP Optimizer + 0.1 MB Concert)
 ! Time spent in solve    : 60.03s (60.02s engine + 0.01s extraction)
 ! Search speed (br. / s) : 112974.3
 ! ----------------------------------------------------------------------------
(118,)
(0.112782,)
(133,)
Objective value: 133
Solution is 8.1 % worse than the lower bound.
Feasible solution found
