8
raw_data/rcpsp/DC2-npv75.xlsx rcpspdc368
Time limit set to 60 seconds
Running CP solver
/home/omastto1/General-Optimization-Solver/src/solvers/rcpsp.py:31(stream:97:6): Warning: Cumulative expression 'pulse': height is zero, expression is zero everywhere.
                                                                                            VarCumulAtom_240 = pulse("0", 0)
/home/omastto1/General-Optimization-Solver/src/solvers/rcpsp.py:31(stream:97:81): Warning: Cumulative expression 'pulse': height is zero, expression is zero everywhere.
                                                                                             VarCumulAtom_245 = pulse("5", 0)
/home/omastto1/General-Optimization-Solver/src/solvers/rcpsp.py:31(stream:97:156): Warning: Cumulative expression 'pulse': height is zero, expression is zero everywhere.
                                                                                              VarCumulAtom_250 = pulse("10", 0)
/home/omastto1/General-Optimization-Solver/src/solvers/rcpsp.py:31(stream:97:204): Warning: Cumulative expression 'pulse': height is zero, expression is zero everywhere.
                                                                                              VarCumulAtom_253 = pulse("13", 0)
/home/omastto1/General-Optimization-Solver/src/solvers/rcpsp.py:31(stream:97:220): Warning: Cumulative expression 'pulse': height is zero, expression is zero everywhere.
                                                                                              VarCumulAtom_254 = pulse("14", 0)
/home/omastto1/General-Optimization-Solver/src/solvers/rcpsp.py:31(stream:97:268): Warning: Cumulative expression 'pulse': height is zero, expression is zero everywhere.
                                                                                              VarCumulAtom_257 = pulse("17", 0)
/home/omastto1/General-Optimization-Solver/src/solvers/rcpsp.py:31(stream:97:300): Warning: Cumulative expression 'pulse': height is zero, expression is zero everywhere.
                                                                                              VarCumulAtom_259 = pulse("19", 0)
/home/omastto1/General-Optimization-Solver/src/solvers/rcpsp.py:31(stream:97:332): Warning: Cumulative expression 'pulse': height is zero, expression is zero everywhere.
                                                                                              VarCumulAtom_261 = pulse("21", 0)
/home/omastto1/General-Optimization-Solver/src/solvers/rcpsp.py:31(stream:97:348): Warning: Cumulative expression 'pulse': height is zero, expression is zero everywhere.
                                                                                              VarCumulAtom_262 = pulse("22", 0)
/home/omastto1/General-Optimization-Solver/src/solvers/rcpsp.py:31(stream:97:396): Warning: Cumulative expression 'pulse': height is zero, expression is zero everywhere.
                                                                                              VarCumulAtom_265 = pulse("25", 0)
/home/omastto1/General-Optimization-Solver/src/solvers/rcpsp.py:31(stream:97:428): Warning: Cumulative expression 'pulse': height is zero, expression is zero everywhere.
                                                                                              VarCumulAtom_267 = pulse("27", 0)
/home/omastto1/General-Optimization-Solver/src/solvers/rcpsp.py:31(stream:97:460): Warning: Cumulative expression 'pulse': height is zero, expression is zero everywhere.
                                                                                              VarCumulAtom_269 = pulse("29", 0)
/home/omastto1/General-Optimization-Solver/src/solvers/rcpsp.py:31(stream:97:508): Warning: Cumulative expression 'pulse': height is zero, expression is zero everywhere.
                                                                                              VarCumulAtom_272 = pulse("32", 0)
/home/omastto1/General-Optimization-Solver/src/solvers/rcpsp.py:31(stream:97:524): Warning: Cumulative expression 'pulse': height is zero, expression is zero everywhere.
                                                                                              VarCumulAtom_273 = pulse("33", 0)
/home/omastto1/General-Optimization-Solver/src/solvers/rcpsp.py:31(stream:97:540): Warning: Cumulative expression 'pulse': height is zero, expression is zero everywhere.
                                                                                              VarCumulAtom_274 = pulse("34", 0)
/home/omastto1/General-Optimization-Solver/src/solvers/rcpsp.py:31(stream:97:556): Warning: Cumulative expression 'pulse': height is zero, expression is zero everywhere.
                                                                                              VarCumulAtom_275 = pulse("35", 0)
/home/omastto1/General-Optimization-Solver/src/solvers/rcpsp.py:31(stream:97:652): Warning: Cumulative expression 'pulse': height is zero, expression is zero everywhere.
                                                                                              VarCumulAtom_281 = pulse("41", 0)
/home/omastto1/General-Optimization-Solver/src/solvers/rcpsp.py:31(stream:97:668): Warning: Cumulative expression 'pulse': height is zero, expression is zero everywhere.
                                                                                              VarCumulAtom_282 = pulse("42", 0)
/home/omastto1/General-Optimization-Solver/src/solvers/rcpsp.py:31(stream:97:700): Warning: Cumulative expression 'pulse': height is zero, expression is zero everywhere.
                                                                                              VarCumulAtom_284 = pulse("44", 0)
/home/omastto1/General-Optimization-Solver/src/solvers/rcpsp.py:31(stream:97:764): Warning: Cumulative expression 'pulse': height is zero, expression is zero everywhere.
                                                                                              VarCumulAtom_288 = pulse("48", 0)
   Too many warnings of this type. Suppressing further warnings of this type.
 ! --------------------------------------------------- CP Optimizer 20.1.0.0 --
 ! Minimization problem - 78 variables, 423 constraints
 ! TimeLimit            = 60
 ! Workers              = 14
 ! LogVerbosity         = Terse
 ! Initial process time : 0.00s (0.00s extraction + 0.00s propagation)
 !  . Log search space  : 502.5 (before), 502.5 (after)
 !  . Memory usage      : 802.0 kB (before), 802.0 kB (after)
 ! Using parallel search with 14 workers.
 ! ----------------------------------------------------------------------------
 !          Best Branches  Non-fixed    W       Branch decision
                        0         78                 -
 + New bound is 58
 ! Using iterative diving.
 ! Using temporal relaxation.
 *            78      204  1.08s        1      (gap is 25.64%)
 *            72      360  1.08s        1      (gap is 19.44%)
 *            64      516  1.08s        1      (gap is 9.38%)
 *            63     1180  1.08s        1      (gap is 7.94%)
 *            62     1880  1.08s        1      (gap is 6.45%)
 *            61     2346  1.08s        1      (gap is 4.92%)
 *            60     4591  1.08s        1      (gap is 3.33%)
 ! Using failure-directed search.
 *            59    13044  2.09s       11      (gap is 1.69%)
 ! ----------------------------------------------------------------------------
 ! Search terminated by limit, 8 solutions found.
 ! Best objective         : 59 (gap is 1.69%)
 ! Best bound             : 58
 ! ----------------------------------------------------------------------------
 ! Number of branches     : 6627691
 ! Number of fails        : 1505422
 ! Total memory usage     : 12.7 MB (12.6 MB CP Optimizer + 0.1 MB Concert)
 ! Time spent in solve    : 60.05s (60.05s engine + 0.00s extraction)
 ! Search speed (br. / s) : 110387.9
 ! ----------------------------------------------------------------------------
(58,)
(0.0169492,)
(59,)
Objective value: 59
Solution is 1.7 % worse than the optimum.
Feasible solution found
