62
Loading solution for j30 7 2 ...
Time limit set to 60 seconds
Running CP solver
/home/omastto1/General-Optimization-Solver/src/solvers/rcpsp.py:31(stream:52:6): Warning: Cumulative expression 'pulse': height is zero, expression is zero everywhere.
                                                                                            VarCumulAtom_105 = pulse("0", 0)
/home/omastto1/General-Optimization-Solver/src/solvers/rcpsp.py:31(stream:52:67): Warning: Cumulative expression 'pulse': height is zero, expression is zero everywhere.
                                                                                             VarCumulAtom_109 = pulse("4", 0)
/home/omastto1/General-Optimization-Solver/src/solvers/rcpsp.py:31(stream:52:82): Warning: Cumulative expression 'pulse': height is zero, expression is zero everywhere.
                                                                                             VarCumulAtom_110 = pulse("5", 0)
/home/omastto1/General-Optimization-Solver/src/solvers/rcpsp.py:31(stream:52:97): Warning: Cumulative expression 'pulse': height is zero, expression is zero everywhere.
                                                                                             VarCumulAtom_111 = pulse("6", 0)
/home/omastto1/General-Optimization-Solver/src/solvers/rcpsp.py:31(stream:52:112): Warning: Cumulative expression 'pulse': height is zero, expression is zero everywhere.
                                                                                              VarCumulAtom_112 = pulse("7", 0)
/home/omastto1/General-Optimization-Solver/src/solvers/rcpsp.py:31(stream:52:127): Warning: Cumulative expression 'pulse': height is zero, expression is zero everywhere.
                                                                                              VarCumulAtom_113 = pulse("8", 0)
/home/omastto1/General-Optimization-Solver/src/solvers/rcpsp.py:31(stream:52:142): Warning: Cumulative expression 'pulse': height is zero, expression is zero everywhere.
                                                                                              VarCumulAtom_114 = pulse("9", 0)
/home/omastto1/General-Optimization-Solver/src/solvers/rcpsp.py:31(stream:52:173): Warning: Cumulative expression 'pulse': height is zero, expression is zero everywhere.
                                                                                              VarCumulAtom_116 = pulse("11", 0)
/home/omastto1/General-Optimization-Solver/src/solvers/rcpsp.py:31(stream:52:237): Warning: Cumulative expression 'pulse': height is zero, expression is zero everywhere.
                                                                                              VarCumulAtom_120 = pulse("15", 0)
/home/omastto1/General-Optimization-Solver/src/solvers/rcpsp.py:31(stream:52:302): Warning: Cumulative expression 'pulse': height is zero, expression is zero everywhere.
                                                                                              VarCumulAtom_124 = pulse("19", 0)
/home/omastto1/General-Optimization-Solver/src/solvers/rcpsp.py:31(stream:52:318): Warning: Cumulative expression 'pulse': height is zero, expression is zero everywhere.
                                                                                              VarCumulAtom_125 = pulse("20", 0)
/home/omastto1/General-Optimization-Solver/src/solvers/rcpsp.py:31(stream:52:334): Warning: Cumulative expression 'pulse': height is zero, expression is zero everywhere.
                                                                                              VarCumulAtom_126 = pulse("21", 0)
/home/omastto1/General-Optimization-Solver/src/solvers/rcpsp.py:31(stream:52:350): Warning: Cumulative expression 'pulse': height is zero, expression is zero everywhere.
                                                                                              VarCumulAtom_127 = pulse("22", 0)
/home/omastto1/General-Optimization-Solver/src/solvers/rcpsp.py:31(stream:52:366): Warning: Cumulative expression 'pulse': height is zero, expression is zero everywhere.
                                                                                              VarCumulAtom_128 = pulse("23", 0)
/home/omastto1/General-Optimization-Solver/src/solvers/rcpsp.py:31(stream:52:382): Warning: Cumulative expression 'pulse': height is zero, expression is zero everywhere.
                                                                                              VarCumulAtom_129 = pulse("24", 0)
/home/omastto1/General-Optimization-Solver/src/solvers/rcpsp.py:31(stream:52:446): Warning: Cumulative expression 'pulse': height is zero, expression is zero everywhere.
                                                                                              VarCumulAtom_133 = pulse("28", 0)
/home/omastto1/General-Optimization-Solver/src/solvers/rcpsp.py:31(stream:52:479): Warning: Cumulative expression 'pulse': height is zero, expression is zero everywhere.
                                                                                              VarCumulAtom_135 = pulse("30", 0)
/home/omastto1/General-Optimization-Solver/src/solvers/rcpsp.py:31(stream:52:495): Warning: Cumulative expression 'pulse': height is zero, expression is zero everywhere.
                                                                                              VarCumulAtom_136 = pulse("31", 0)
/home/omastto1/General-Optimization-Solver/src/solvers/rcpsp.py:31(stream:53:6): Warning: Cumulative expression 'pulse': height is zero, expression is zero everywhere.
                                                                                            VarCumulAtom_140 = pulse("0", 0)
/home/omastto1/General-Optimization-Solver/src/solvers/rcpsp.py:31(stream:53:21): Warning: Cumulative expression 'pulse': height is zero, expression is zero everywhere.
                                                                                             VarCumulAtom_141 = pulse("1", 0)
   Too many warnings of this type. Suppressing further warnings of this type.
 ! --------------------------------------------------- CP Optimizer 20.1.0.0 --
 ! Minimization problem - 33 variables, 54 constraints
 ! TimeLimit            = 60
 ! Workers              = 14
 ! LogVerbosity         = Terse
 ! Initial process time : 0.00s (0.00s extraction + 0.00s propagation)
 !  . Log search space  : 179.9 (before), 179.9 (after)
 !  . Memory usage      : 594.3 kB (before), 594.3 kB (after)
 ! Using parallel search with 14 workers.
 ! ----------------------------------------------------------------------------
 !          Best Branches  Non-fixed    W       Branch decision
                        0         33                 -
 + New bound is 42
 ! Using iterative diving.
 ! Using temporal relaxation.
 *            42       23  0.08s        1      (gap is 0.00%)
 ! ----------------------------------------------------------------------------
 ! Search completed, 1 solution found.
 ! Best objective         : 42 (optimal - effective tol. is 0)
 ! Best bound             : 42
 ! ----------------------------------------------------------------------------
 ! Number of branches     : 111191
 ! Number of fails        : 4113
 ! Total memory usage     : 7.1 MB (7.0 MB CP Optimizer + 0.1 MB Concert)
 ! Time spent in solve    : 0.13s (0.13s engine + 0.00s extraction)
 ! Search speed (br. / s) : 926591.7
 ! ----------------------------------------------------------------------------
(42,)
(0,)
(42,)
Objective value: 42
Solution is optimal.
Optimal solution found
