96
Loading solution for j30 10 6 ...
Time limit set to 60 seconds
Running CP solver
/home/omastto1/General-Optimization-Solver/src/solvers/rcpsp.py:31(stream:52:6): Warning: Cumulative expression 'pulse': height is zero, expression is zero everywhere.
                                                                                            VarCumulAtom_105 = pulse("0", 0)
/home/omastto1/General-Optimization-Solver/src/solvers/rcpsp.py:31(stream:52:21): Warning: Cumulative expression 'pulse': height is zero, expression is zero everywhere.
                                                                                             VarCumulAtom_106 = pulse("1", 0)
/home/omastto1/General-Optimization-Solver/src/solvers/rcpsp.py:31(stream:52:51): Warning: Cumulative expression 'pulse': height is zero, expression is zero everywhere.
                                                                                             VarCumulAtom_108 = pulse("3", 0)
/home/omastto1/General-Optimization-Solver/src/solvers/rcpsp.py:31(stream:52:112): Warning: Cumulative expression 'pulse': height is zero, expression is zero everywhere.
                                                                                              VarCumulAtom_112 = pulse("7", 0)
/home/omastto1/General-Optimization-Solver/src/solvers/rcpsp.py:31(stream:52:173): Warning: Cumulative expression 'pulse': height is zero, expression is zero everywhere.
                                                                                              VarCumulAtom_116 = pulse("11", 0)
/home/omastto1/General-Optimization-Solver/src/solvers/rcpsp.py:31(stream:52:205): Warning: Cumulative expression 'pulse': height is zero, expression is zero everywhere.
                                                                                              VarCumulAtom_118 = pulse("13", 0)
/home/omastto1/General-Optimization-Solver/src/solvers/rcpsp.py:31(stream:52:269): Warning: Cumulative expression 'pulse': height is zero, expression is zero everywhere.
                                                                                              VarCumulAtom_122 = pulse("17", 0)
/home/omastto1/General-Optimization-Solver/src/solvers/rcpsp.py:31(stream:52:285): Warning: Cumulative expression 'pulse': height is zero, expression is zero everywhere.
                                                                                              VarCumulAtom_123 = pulse("18", 0)
/home/omastto1/General-Optimization-Solver/src/solvers/rcpsp.py:31(stream:52:495): Warning: Cumulative expression 'pulse': height is zero, expression is zero everywhere.
                                                                                              VarCumulAtom_136 = pulse("31", 0)
/home/omastto1/General-Optimization-Solver/src/solvers/rcpsp.py:31(stream:53:6): Warning: Cumulative expression 'pulse': height is zero, expression is zero everywhere.
                                                                                            VarCumulAtom_140 = pulse("0", 0)
/home/omastto1/General-Optimization-Solver/src/solvers/rcpsp.py:31(stream:53:174): Warning: Cumulative expression 'pulse': height is zero, expression is zero everywhere.
                                                                                              VarCumulAtom_151 = pulse("11", 0)
/home/omastto1/General-Optimization-Solver/src/solvers/rcpsp.py:31(stream:53:385): Warning: Cumulative expression 'pulse': height is zero, expression is zero everywhere.
                                                                                              VarCumulAtom_164 = pulse("24", 0)
/home/omastto1/General-Optimization-Solver/src/solvers/rcpsp.py:31(stream:53:401): Warning: Cumulative expression 'pulse': height is zero, expression is zero everywhere.
                                                                                              VarCumulAtom_165 = pulse("25", 0)
/home/omastto1/General-Optimization-Solver/src/solvers/rcpsp.py:31(stream:53:481): Warning: Cumulative expression 'pulse': height is zero, expression is zero everywhere.
                                                                                              VarCumulAtom_170 = pulse("30", 0)
/home/omastto1/General-Optimization-Solver/src/solvers/rcpsp.py:31(stream:53:497): Warning: Cumulative expression 'pulse': height is zero, expression is zero everywhere.
                                                                                              VarCumulAtom_171 = pulse("31", 0)
/home/omastto1/General-Optimization-Solver/src/solvers/rcpsp.py:31(stream:54:6): Warning: Cumulative expression 'pulse': height is zero, expression is zero everywhere.
                                                                                            VarCumulAtom_175 = pulse("0", 0)
/home/omastto1/General-Optimization-Solver/src/solvers/rcpsp.py:31(stream:54:21): Warning: Cumulative expression 'pulse': height is zero, expression is zero everywhere.
                                                                                             VarCumulAtom_176 = pulse("1", 0)
/home/omastto1/General-Optimization-Solver/src/solvers/rcpsp.py:31(stream:54:36): Warning: Cumulative expression 'pulse': height is zero, expression is zero everywhere.
                                                                                             VarCumulAtom_177 = pulse("2", 0)
/home/omastto1/General-Optimization-Solver/src/solvers/rcpsp.py:31(stream:54:96): Warning: Cumulative expression 'pulse': height is zero, expression is zero everywhere.
                                                                                             VarCumulAtom_181 = pulse("6", 0)
/home/omastto1/General-Optimization-Solver/src/solvers/rcpsp.py:31(stream:54:111): Warning: Cumulative expression 'pulse': height is zero, expression is zero everywhere.
                                                                                              VarCumulAtom_182 = pulse("7", 0)
   Too many warnings of this type. Suppressing further warnings of this type.
 ! --------------------------------------------------- CP Optimizer 20.1.0.0 --
 ! Minimization problem - 33 variables, 54 constraints
 ! TimeLimit            = 60
 ! Workers              = 14
 ! LogVerbosity         = Terse
 ! Initial process time : 0.01s (0.01s extraction + 0.00s propagation)
 !  . Log search space  : 179.9 (before), 179.9 (after)
 !  . Memory usage      : 626.4 kB (before), 626.4 kB (after)
 ! Using parallel search with 14 workers.
 ! ----------------------------------------------------------------------------
 !          Best Branches  Non-fixed    W       Branch decision
                        0         33                 -
 + New bound is 44
 ! Using iterative diving.
 ! Using temporal relaxation.
 *            54       77  0.16s        1      (gap is 18.52%)
 *            53      143  0.16s        1      (gap is 16.98%)
 *            51      209  0.16s        1      (gap is 13.73%)
 *            50      275  0.16s        1      (gap is 12.00%)
 *            49      387  0.16s        1      (gap is 10.20%)
 *            48      453  0.16s        1      (gap is 8.33%)
 *            46      562  0.16s        1      (gap is 4.35%)
 *            45      587  0.16s        1      (gap is 2.22%)
 *            44      736  0.16s        1      (gap is 0.00%)
 ! ----------------------------------------------------------------------------
 ! Search completed, 9 solutions found.
 ! Best objective         : 44 (optimal - effective tol. is 0)
 ! Best bound             : 44
 ! ----------------------------------------------------------------------------
 ! Number of branches     : 99933
 ! Number of fails        : 4363
 ! Total memory usage     : 7.5 MB (7.4 MB CP Optimizer + 0.1 MB Concert)
 ! Time spent in solve    : 0.20s (0.19s engine + 0.01s extraction)
 ! Search speed (br. / s) : 525963.2
 ! ----------------------------------------------------------------------------
(44,)
(0,)
(44,)
Objective value: 44
Solution is optimal.
Optimal solution found
