41
Time limit set to 60 seconds
Running CP solver
/home/omastto1/General-Optimization-Solver/src/solvers/mmrcpsp.py:42(stream:108:6): Warning: Cumulative expression 'pulse': height is zero, expression is zero everywhere.
                                                                                               VarCumulAtom_149 = pulse(task_0_mode_0, 0)
/home/omastto1/General-Optimization-Solver/src/solvers/mmrcpsp.py:42(stream:108:56): Warning: Cumulative expression 'pulse': height is zero, expression is zero everywhere.
                                                                                                VarCumulAtom_151 = pulse(task_1_mode_1, 0)
/home/omastto1/General-Optimization-Solver/src/solvers/mmrcpsp.py:42(stream:108:106): Warning: Cumulative expression 'pulse': height is zero, expression is zero everywhere.
                                                                                                 VarCumulAtom_153 = pulse(task_2_mode_0, 0)
/home/omastto1/General-Optimization-Solver/src/solvers/mmrcpsp.py:42(stream:108:131): Warning: Cumulative expression 'pulse': height is zero, expression is zero everywhere.
                                                                                                 VarCumulAtom_154 = pulse(task_2_mode_1, 0)
/home/omastto1/General-Optimization-Solver/src/solvers/mmrcpsp.py:42(stream:108:206): Warning: Cumulative expression 'pulse': height is zero, expression is zero everywhere.
                                                                                                 VarCumulAtom_157 = pulse(task_3_mode_1, 0)
/home/omastto1/General-Optimization-Solver/src/solvers/mmrcpsp.py:42(stream:108:281): Warning: Cumulative expression 'pulse': height is zero, expression is zero everywhere.
                                                                                                 VarCumulAtom_160 = pulse(task_4_mode_1, 0)
/home/omastto1/General-Optimization-Solver/src/solvers/mmrcpsp.py:42(stream:108:306): Warning: Cumulative expression 'pulse': height is zero, expression is zero everywhere.
                                                                                                 VarCumulAtom_161 = pulse(task_4_mode_2, 0)
/home/omastto1/General-Optimization-Solver/src/solvers/mmrcpsp.py:42(stream:108:356): Warning: Cumulative expression 'pulse': height is zero, expression is zero everywhere.
                                                                                                 VarCumulAtom_163 = pulse(task_5_mode_1, 0)
/home/omastto1/General-Optimization-Solver/src/solvers/mmrcpsp.py:42(stream:108:406): Warning: Cumulative expression 'pulse': height is zero, expression is zero everywhere.
                                                                                                 VarCumulAtom_165 = pulse(task_6_mode_0, 0)
/home/omastto1/General-Optimization-Solver/src/solvers/mmrcpsp.py:42(stream:108:431): Warning: Cumulative expression 'pulse': height is zero, expression is zero everywhere.
                                                                                                 VarCumulAtom_166 = pulse(task_6_mode_1, 0)
/home/omastto1/General-Optimization-Solver/src/solvers/mmrcpsp.py:42(stream:108:556): Warning: Cumulative expression 'pulse': height is zero, expression is zero everywhere.
                                                                                                 VarCumulAtom_171 = pulse(task_8_mode_0, 0)
/home/omastto1/General-Optimization-Solver/src/solvers/mmrcpsp.py:42(stream:108:682): Warning: Cumulative expression 'pulse': height is zero, expression is zero everywhere.
                                                                                                 VarCumulAtom_176 = pulse(task_9_mode_2, 0)
/home/omastto1/General-Optimization-Solver/src/solvers/mmrcpsp.py:42(stream:108:733): Warning: Cumulative expression 'pulse': height is zero, expression is zero everywhere.
                                                                                                 VarCumulAtom_178 = pulse(task_10_mode_1, 0)
/home/omastto1/General-Optimization-Solver/src/solvers/mmrcpsp.py:42(stream:108:811): Warning: Cumulative expression 'pulse': height is zero, expression is zero everywhere.
                                                                                                 VarCumulAtom_181 = pulse(task_11_mode_1, 0)
/home/omastto1/General-Optimization-Solver/src/solvers/mmrcpsp.py:42(stream:108:941): Warning: Cumulative expression 'pulse': height is zero, expression is zero everywhere.
                                                                                                 VarCumulAtom_186 = pulse(task_13_mode_0, 0)
/home/omastto1/General-Optimization-Solver/src/solvers/mmrcpsp.py:42(stream:108:967): Warning: Cumulative expression 'pulse': height is zero, expression is zero everywhere.
                                                                                                 VarCumulAtom_187 = pulse(task_13_mode_1, 0)
/home/omastto1/General-Optimization-Solver/src/solvers/mmrcpsp.py:42(stream:108:993): Warning: Cumulative expression 'pulse': height is zero, expression is zero everywhere.
                                                                                                 VarCumulAtom_188 = pulse(task_13_mode_2, 0)
/home/omastto1/General-Optimization-Solver/src/solvers/mmrcpsp.py:42(stream:108:1019): Warning: Cumulative expression 'pulse': height is zero, expression is zero everywhere.
                                                                                                  VarCumulAtom_189 = pulse(task_14_mode_0, 0)
/home/omastto1/General-Optimization-Solver/src/solvers/mmrcpsp.py:42(stream:108:1071): Warning: Cumulative expression 'pulse': height is zero, expression is zero everywhere.
                                                                                                  VarCumulAtom_191 = pulse(task_14_mode_2, 0)
/home/omastto1/General-Optimization-Solver/src/solvers/mmrcpsp.py:42(stream:108:1201): Warning: Cumulative expression 'pulse': height is zero, expression is zero everywhere.
                                                                                                  VarCumulAtom_196 = pulse(task_16_mode_1, 0)
   Too many warnings of this type. Suppressing further warnings of this type.
 ! --------------------------------------------------- CP Optimizer 20.1.0.0 --
 ! Minimization problem - 69 variables, 51 constraints
 ! TimeLimit            = 60
 ! Workers              = 14
 ! LogVerbosity         = Terse
 ! Initial process time : 0.00s (0.00s extraction + 0.00s propagation)
 !  . Log search space  : 157.6 (before), 157.6 (after)
 !  . Memory usage      : 754.6 kB (before), 754.6 kB (after)
 ! Using parallel search with 14 workers.
 ! ----------------------------------------------------------------------------
 !          Best Branches  Non-fixed    W       Branch decision
                        0         69                 -
 + New bound is 27
 ! Using iterative diving.
 ! Using temporal relaxation.
 *            36       43  0.22s        1      (gap is 25.00%)
 *            35      104  0.22s        1      (gap is 22.86%)
 *            34      144  0.22s        1      (gap is 20.59%)
 *            33      214  0.22s        1      (gap is 18.18%)
 *            32      268  0.22s        1      (gap is 15.62%)
 *            31      331  0.22s        1      (gap is 12.90%)
 *            30      353  0.22s        1      (gap is 10.00%)
 *            29      368  0.22s        1      (gap is 6.90%)
 *            28      389  0.22s        1      (gap is 3.57%)
 *            27      430  0.22s        1      (gap is 0.00%)
 ! ----------------------------------------------------------------------------
 ! Search completed, 10 solutions found.
 ! Best objective         : 27 (optimal - effective tol. is 0)
 ! Best bound             : 27
 ! ----------------------------------------------------------------------------
 ! Number of branches     : 58139
 ! Number of fails        : 1507
 ! Total memory usage     : 9.4 MB (9.3 MB CP Optimizer + 0.1 MB Concert)
 ! Time spent in solve    : 0.24s (0.24s engine + 0.00s extraction)
 ! Search speed (br. / s) : 242245.8
 ! ----------------------------------------------------------------------------
task_0: (start=0, end=0, size=0, length=0)
Task 0 is scheduled in mode 0 from 0 to 0
task_1: (start=0, end=7, size=7, length=7)
Task 1 is scheduled in mode 2 from 0 to 7
task_2: (start=0, end=9, size=9, length=9)
Task 2 is scheduled in mode 2 from 0 to 9
task_3: (start=0, end=6, size=6, length=6)
Task 3 is scheduled in mode 0 from 0 to 6
task_4: (start=6, end=9, size=3, length=3)
Task 4 is scheduled in mode 0 from 6 to 9
task_5: (start=9, end=17, size=8, length=8)
Task 5 is scheduled in mode 1 from 9 to 17
task_6: (start=9, end=17, size=8, length=8)
Task 6 is scheduled in mode 2 from 9 to 17
task_7: (start=17, end=20, size=3, length=3)
Task 7 is scheduled in mode 0 from 17 to 20
task_8: (start=9, end=12, size=3, length=3)
Task 8 is scheduled in mode 2 from 9 to 12
task_9: (start=17, end=20, size=3, length=3)
Task 9 is scheduled in mode 0 from 17 to 20
task_10: (start=17, end=24, size=7, length=7)
Task 10 is scheduled in mode 1 from 17 to 24
task_11: (start=17, end=23, size=6, length=6)
Task 11 is scheduled in mode 1 from 17 to 23
task_12: (start=17, end=22, size=5, length=5)
Task 12 is scheduled in mode 1 from 17 to 22
task_13: (start=20, end=25, size=5, length=5)
Task 13 is scheduled in mode 1 from 20 to 25
task_14: (start=22, end=27, size=5, length=5)
Task 14 is scheduled in mode 1 from 22 to 27
task_15: (start=25, end=27, size=2, length=2)
Task 15 is scheduled in mode 1 from 25 to 27
task_16: (start=24, end=27, size=3, length=3)
Task 16 is scheduled in mode 1 from 24 to 27
task_17: (start=27, end=27, size=0, length=0)
Task 17 is scheduled in mode 0 from 27 to 27
Optimal solution found
Objective value: 27
Solution is optimal.
