15
Time limit set to 60 seconds
Running CP solver
/home/omastto1/General-Optimization-Solver/src/solvers/mmrcpsp.py:42(stream:108:6): Warning: Cumulative expression 'pulse': height is zero, expression is zero everywhere.
                                                                                               VarCumulAtom_149 = pulse(task_0_mode_0, 0)
/home/omastto1/General-Optimization-Solver/src/solvers/mmrcpsp.py:42(stream:108:31): Warning: Cumulative expression 'pulse': height is zero, expression is zero everywhere.
                                                                                                VarCumulAtom_150 = pulse(task_1_mode_0, 0)
/home/omastto1/General-Optimization-Solver/src/solvers/mmrcpsp.py:42(stream:108:131): Warning: Cumulative expression 'pulse': height is zero, expression is zero everywhere.
                                                                                                 VarCumulAtom_154 = pulse(task_2_mode_1, 0)
/home/omastto1/General-Optimization-Solver/src/solvers/mmrcpsp.py:42(stream:108:181): Warning: Cumulative expression 'pulse': height is zero, expression is zero everywhere.
                                                                                                 VarCumulAtom_156 = pulse(task_3_mode_0, 0)
/home/omastto1/General-Optimization-Solver/src/solvers/mmrcpsp.py:42(stream:108:206): Warning: Cumulative expression 'pulse': height is zero, expression is zero everywhere.
                                                                                                 VarCumulAtom_157 = pulse(task_3_mode_1, 0)
/home/omastto1/General-Optimization-Solver/src/solvers/mmrcpsp.py:42(stream:108:231): Warning: Cumulative expression 'pulse': height is zero, expression is zero everywhere.
                                                                                                 VarCumulAtom_158 = pulse(task_3_mode_2, 0)
/home/omastto1/General-Optimization-Solver/src/solvers/mmrcpsp.py:42(stream:108:281): Warning: Cumulative expression 'pulse': height is zero, expression is zero everywhere.
                                                                                                 VarCumulAtom_160 = pulse(task_4_mode_1, 0)
/home/omastto1/General-Optimization-Solver/src/solvers/mmrcpsp.py:42(stream:108:306): Warning: Cumulative expression 'pulse': height is zero, expression is zero everywhere.
                                                                                                 VarCumulAtom_161 = pulse(task_4_mode_2, 0)
/home/omastto1/General-Optimization-Solver/src/solvers/mmrcpsp.py:42(stream:108:381): Warning: Cumulative expression 'pulse': height is zero, expression is zero everywhere.
                                                                                                 VarCumulAtom_164 = pulse(task_5_mode_2, 0)
/home/omastto1/General-Optimization-Solver/src/solvers/mmrcpsp.py:42(stream:108:406): Warning: Cumulative expression 'pulse': height is zero, expression is zero everywhere.
                                                                                                 VarCumulAtom_165 = pulse(task_6_mode_0, 0)
/home/omastto1/General-Optimization-Solver/src/solvers/mmrcpsp.py:42(stream:108:481): Warning: Cumulative expression 'pulse': height is zero, expression is zero everywhere.
                                                                                                 VarCumulAtom_168 = pulse(task_7_mode_0, 0)
/home/omastto1/General-Optimization-Solver/src/solvers/mmrcpsp.py:42(stream:108:506): Warning: Cumulative expression 'pulse': height is zero, expression is zero everywhere.
                                                                                                 VarCumulAtom_169 = pulse(task_7_mode_1, 0)
/home/omastto1/General-Optimization-Solver/src/solvers/mmrcpsp.py:42(stream:108:531): Warning: Cumulative expression 'pulse': height is zero, expression is zero everywhere.
                                                                                                 VarCumulAtom_170 = pulse(task_7_mode_2, 0)
/home/omastto1/General-Optimization-Solver/src/solvers/mmrcpsp.py:42(stream:108:656): Warning: Cumulative expression 'pulse': height is zero, expression is zero everywhere.
                                                                                                 VarCumulAtom_175 = pulse(task_9_mode_1, 0)
/home/omastto1/General-Optimization-Solver/src/solvers/mmrcpsp.py:42(stream:108:681): Warning: Cumulative expression 'pulse': height is zero, expression is zero everywhere.
                                                                                                 VarCumulAtom_176 = pulse(task_9_mode_2, 0)
/home/omastto1/General-Optimization-Solver/src/solvers/mmrcpsp.py:42(stream:108:758): Warning: Cumulative expression 'pulse': height is zero, expression is zero everywhere.
                                                                                                 VarCumulAtom_179 = pulse(task_10_mode_2, 0)
/home/omastto1/General-Optimization-Solver/src/solvers/mmrcpsp.py:42(stream:108:836): Warning: Cumulative expression 'pulse': height is zero, expression is zero everywhere.
                                                                                                 VarCumulAtom_182 = pulse(task_11_mode_2, 0)
/home/omastto1/General-Optimization-Solver/src/solvers/mmrcpsp.py:42(stream:108:862): Warning: Cumulative expression 'pulse': height is zero, expression is zero everywhere.
                                                                                                 VarCumulAtom_183 = pulse(task_12_mode_0, 0)
/home/omastto1/General-Optimization-Solver/src/solvers/mmrcpsp.py:42(stream:108:888): Warning: Cumulative expression 'pulse': height is zero, expression is zero everywhere.
                                                                                                 VarCumulAtom_184 = pulse(task_12_mode_1, 0)
/home/omastto1/General-Optimization-Solver/src/solvers/mmrcpsp.py:42(stream:108:914): Warning: Cumulative expression 'pulse': height is zero, expression is zero everywhere.
                                                                                                 VarCumulAtom_185 = pulse(task_12_mode_2, 0)
   Too many warnings of this type. Suppressing further warnings of this type.
 ! --------------------------------------------------- CP Optimizer 20.1.0.0 --
 ! Minimization problem - 69 variables, 51 constraints
 ! TimeLimit            = 60
 ! Workers              = 14
 ! LogVerbosity         = Terse
 ! Initial process time : 0.01s (0.01s extraction + 0.00s propagation)
 !  . Log search space  : 159.0 (before), 159.0 (after)
 !  . Memory usage      : 754.6 kB (before), 754.6 kB (after)
 ! Using parallel search with 14 workers.
 ! ----------------------------------------------------------------------------
 !          Best Branches  Non-fixed    W       Branch decision
                        0         69                 -
 + New bound is 31
 ! Using iterative diving.
 ! Using temporal relaxation.
 *            56       46  0.34s        1      (gap is 44.64%)
 *            49      118  0.34s        1      (gap is 36.73%)
 *            48      158  0.34s        1      (gap is 35.42%)
 *            43      198  0.34s        1      (gap is 27.91%)
 *            42      238  0.34s        1      (gap is 26.19%)
 *            38      320  0.34s        1      (gap is 18.42%)
 *            37      360  0.34s        1      (gap is 16.22%)
 *            35      394  0.34s        1      (gap is 11.43%)
 *            34      440  0.34s        1      (gap is 8.82%)
 *            31      805  0.34s        1      (gap is 0.00%)
 ! ----------------------------------------------------------------------------
 ! Search completed, 10 solutions found.
 ! Best objective         : 31 (optimal - effective tol. is 0)
 ! Best bound             : 31
 ! ----------------------------------------------------------------------------
 ! Number of branches     : 56969
 ! Number of fails        : 3655
 ! Total memory usage     : 9.7 MB (9.6 MB CP Optimizer + 0.1 MB Concert)
 ! Time spent in solve    : 0.35s (0.34s engine + 0.01s extraction)
 ! Search speed (br. / s) : 167555.9
 ! ----------------------------------------------------------------------------
task_0: (start=0, end=0, size=0, length=0)
Task 0 is scheduled in mode 0 from 0 to 0
task_1: (start=0, end=2, size=2, length=2)
Task 1 is scheduled in mode 0 from 0 to 2
task_2: (start=0, end=2, size=2, length=2)
Task 2 is scheduled in mode 0 from 0 to 2
task_3: (start=2, end=7, size=5, length=5)
Task 3 is scheduled in mode 1 from 2 to 7
task_4: (start=2, end=8, size=6, length=6)
Task 4 is scheduled in mode 0 from 2 to 8
task_5: (start=8, end=18, size=10, length=10)
Task 5 is scheduled in mode 2 from 8 to 18
task_6: (start=2, end=11, size=9, length=9)
Task 6 is scheduled in mode 2 from 2 to 11
task_7: (start=8, end=12, size=4, length=4)
Task 7 is scheduled in mode 2 from 8 to 12
task_8: (start=12, end=17, size=5, length=5)
Task 8 is scheduled in mode 0 from 12 to 17
task_9: (start=21, end=23, size=2, length=2)
Task 9 is scheduled in mode 1 from 21 to 23
task_10: (start=13, end=21, size=8, length=8)
Task 10 is scheduled in mode 2 from 13 to 21
task_11: (start=17, end=24, size=7, length=7)
Task 11 is scheduled in mode 1 from 17 to 24
task_12: (start=8, end=13, size=5, length=5)
Task 12 is scheduled in mode 1 from 8 to 13
task_13: (start=21, end=27, size=6, length=6)
Task 13 is scheduled in mode 1 from 21 to 27
task_14: (start=24, end=31, size=7, length=7)
Task 14 is scheduled in mode 0 from 24 to 31
task_15: (start=23, end=30, size=7, length=7)
Task 15 is scheduled in mode 2 from 23 to 30
task_16: (start=27, end=31, size=4, length=4)
Task 16 is scheduled in mode 1 from 27 to 31
task_17: (start=31, end=31, size=0, length=0)
Task 17 is scheduled in mode 0 from 31 to 31
Optimal solution found
Objective value: 31
Solution is optimal.
