16
Time limit set to 60 seconds
Running CP solver
/home/omastto1/General-Optimization-Solver/src/solvers/mmrcpsp.py:42(stream:108:6): Warning: Cumulative expression 'pulse': height is zero, expression is zero everywhere.
                                                                                               VarCumulAtom_149 = pulse(task_0_mode_0, 0)
/home/omastto1/General-Optimization-Solver/src/solvers/mmrcpsp.py:42(stream:108:131): Warning: Cumulative expression 'pulse': height is zero, expression is zero everywhere.
                                                                                                 VarCumulAtom_154 = pulse(task_2_mode_1, 0)
/home/omastto1/General-Optimization-Solver/src/solvers/mmrcpsp.py:42(stream:108:206): Warning: Cumulative expression 'pulse': height is zero, expression is zero everywhere.
                                                                                                 VarCumulAtom_157 = pulse(task_3_mode_1, 0)
/home/omastto1/General-Optimization-Solver/src/solvers/mmrcpsp.py:42(stream:108:231): Warning: Cumulative expression 'pulse': height is zero, expression is zero everywhere.
                                                                                                 VarCumulAtom_158 = pulse(task_3_mode_2, 0)
/home/omastto1/General-Optimization-Solver/src/solvers/mmrcpsp.py:42(stream:108:256): Warning: Cumulative expression 'pulse': height is zero, expression is zero everywhere.
                                                                                                 VarCumulAtom_159 = pulse(task_4_mode_0, 0)
/home/omastto1/General-Optimization-Solver/src/solvers/mmrcpsp.py:42(stream:108:306): Warning: Cumulative expression 'pulse': height is zero, expression is zero everywhere.
                                                                                                 VarCumulAtom_161 = pulse(task_4_mode_2, 0)
/home/omastto1/General-Optimization-Solver/src/solvers/mmrcpsp.py:42(stream:108:356): Warning: Cumulative expression 'pulse': height is zero, expression is zero everywhere.
                                                                                                 VarCumulAtom_163 = pulse(task_5_mode_1, 0)
/home/omastto1/General-Optimization-Solver/src/solvers/mmrcpsp.py:42(stream:108:381): Warning: Cumulative expression 'pulse': height is zero, expression is zero everywhere.
                                                                                                 VarCumulAtom_164 = pulse(task_5_mode_2, 0)
/home/omastto1/General-Optimization-Solver/src/solvers/mmrcpsp.py:42(stream:108:406): Warning: Cumulative expression 'pulse': height is zero, expression is zero everywhere.
                                                                                                 VarCumulAtom_165 = pulse(task_6_mode_0, 0)
/home/omastto1/General-Optimization-Solver/src/solvers/mmrcpsp.py:42(stream:108:431): Warning: Cumulative expression 'pulse': height is zero, expression is zero everywhere.
                                                                                                 VarCumulAtom_166 = pulse(task_6_mode_1, 0)
/home/omastto1/General-Optimization-Solver/src/solvers/mmrcpsp.py:42(stream:108:456): Warning: Cumulative expression 'pulse': height is zero, expression is zero everywhere.
                                                                                                 VarCumulAtom_167 = pulse(task_6_mode_2, 0)
/home/omastto1/General-Optimization-Solver/src/solvers/mmrcpsp.py:42(stream:108:481): Warning: Cumulative expression 'pulse': height is zero, expression is zero everywhere.
                                                                                                 VarCumulAtom_168 = pulse(task_7_mode_0, 0)
/home/omastto1/General-Optimization-Solver/src/solvers/mmrcpsp.py:42(stream:108:506): Warning: Cumulative expression 'pulse': height is zero, expression is zero everywhere.
                                                                                                 VarCumulAtom_169 = pulse(task_7_mode_1, 0)
/home/omastto1/General-Optimization-Solver/src/solvers/mmrcpsp.py:42(stream:108:556): Warning: Cumulative expression 'pulse': height is zero, expression is zero everywhere.
                                                                                                 VarCumulAtom_171 = pulse(task_8_mode_0, 0)
/home/omastto1/General-Optimization-Solver/src/solvers/mmrcpsp.py:42(stream:108:581): Warning: Cumulative expression 'pulse': height is zero, expression is zero everywhere.
                                                                                                 VarCumulAtom_172 = pulse(task_8_mode_1, 0)
/home/omastto1/General-Optimization-Solver/src/solvers/mmrcpsp.py:42(stream:108:606): Warning: Cumulative expression 'pulse': height is zero, expression is zero everywhere.
                                                                                                 VarCumulAtom_173 = pulse(task_8_mode_2, 0)
/home/omastto1/General-Optimization-Solver/src/solvers/mmrcpsp.py:42(stream:108:732): Warning: Cumulative expression 'pulse': height is zero, expression is zero everywhere.
                                                                                                 VarCumulAtom_178 = pulse(task_10_mode_1, 0)
/home/omastto1/General-Optimization-Solver/src/solvers/mmrcpsp.py:42(stream:108:758): Warning: Cumulative expression 'pulse': height is zero, expression is zero everywhere.
                                                                                                 VarCumulAtom_179 = pulse(task_10_mode_2, 0)
/home/omastto1/General-Optimization-Solver/src/solvers/mmrcpsp.py:42(stream:108:862): Warning: Cumulative expression 'pulse': height is zero, expression is zero everywhere.
                                                                                                 VarCumulAtom_183 = pulse(task_12_mode_0, 0)
/home/omastto1/General-Optimization-Solver/src/solvers/mmrcpsp.py:42(stream:108:914): Warning: Cumulative expression 'pulse': height is zero, expression is zero everywhere.
                                                                                                 VarCumulAtom_185 = pulse(task_12_mode_2, 0)
   Too many warnings of this type. Suppressing further warnings of this type.
 ! --------------------------------------------------- CP Optimizer 20.1.0.0 --
 ! Minimization problem - 69 variables, 51 constraints
 ! TimeLimit            = 60
 ! Workers              = 14
 ! LogVerbosity         = Terse
 ! Initial process time : 0.01s (0.01s extraction + 0.00s propagation)
 !  . Log search space  : 160.8 (before), 160.8 (after)
 !  . Memory usage      : 754.6 kB (before), 754.6 kB (after)
 ! Using parallel search with 14 workers.
 ! ----------------------------------------------------------------------------
 !          Best Branches  Non-fixed    W       Branch decision
                        0         69                 -
 + New bound is 25
 ! Using iterative diving.
 ! Using temporal relaxation.
 *            38       45  0.35s        1      (gap is 34.21%)
 *            37      122  0.35s        1      (gap is 32.43%)
 *            31      162  0.35s        1      (gap is 19.35%)
 *            30      214  0.35s        1      (gap is 16.67%)
 *            29      268  0.35s        1      (gap is 13.79%)
 *            26      836  0.35s        1      (gap is 3.85%)
 *            25      872  0.35s        1      (gap is 0.00%)
 ! ----------------------------------------------------------------------------
 ! Search completed, 7 solutions found.
 ! Best objective         : 25 (optimal - effective tol. is 0)
 ! Best bound             : 25
 ! ----------------------------------------------------------------------------
 ! Number of branches     : 59417
 ! Number of fails        : 3320
 ! Total memory usage     : 9.7 MB (9.6 MB CP Optimizer + 0.1 MB Concert)
 ! Time spent in solve    : 0.38s (0.38s engine + 0.01s extraction)
 ! Search speed (br. / s) : 160586.5
 ! ----------------------------------------------------------------------------
task_0: (start=0, end=0, size=0, length=0)
Task 0 is scheduled in mode 0 from 0 to 0
task_1: (start=0, end=9, size=9, length=9)
Task 1 is scheduled in mode 2 from 0 to 9
task_2: (start=0, end=7, size=7, length=7)
Task 2 is scheduled in mode 2 from 0 to 7
task_3: (start=0, end=7, size=7, length=7)
Task 3 is scheduled in mode 2 from 0 to 7
task_4: (start=8, end=13, size=5, length=5)
Task 4 is scheduled in mode 1 from 8 to 13
task_5: (start=7, end=8, size=1, length=1)
Task 5 is scheduled in mode 0 from 7 to 8
task_6: (start=7, end=8, size=1, length=1)
Task 6 is scheduled in mode 0 from 7 to 8
task_7: (start=9, end=10, size=1, length=1)
Task 7 is scheduled in mode 0 from 9 to 10
task_8: (start=10, end=14, size=4, length=4)
Task 8 is scheduled in mode 0 from 10 to 14
task_9: (start=9, end=19, size=10, length=10)
Task 9 is scheduled in mode 2 from 9 to 19
task_10: (start=7, end=16, size=9, length=9)
Task 10 is scheduled in mode 2 from 7 to 16
task_11: (start=14, end=18, size=4, length=4)
Task 11 is scheduled in mode 0 from 14 to 18
task_12: (start=18, end=21, size=3, length=3)
Task 12 is scheduled in mode 1 from 18 to 21
task_13: (start=14, end=16, size=2, length=2)
Task 13 is scheduled in mode 0 from 14 to 16
task_14: (start=19, end=24, size=5, length=5)
Task 14 is scheduled in mode 0 from 19 to 24
task_15: (start=21, end=25, size=4, length=4)
Task 15 is scheduled in mode 0 from 21 to 25
task_16: (start=13, end=23, size=10, length=10)
Task 16 is scheduled in mode 2 from 13 to 23
task_17: (start=25, end=25, size=0, length=0)
Task 17 is scheduled in mode 0 from 25 to 25
Optimal solution found
Objective value: 25
Solution is optimal.
