24
Time limit set to 60 seconds
Running CP solver
/home/omastto1/General-Optimization-Solver/src/solvers/mmrcpsp.py:42(stream:108:6): Warning: Cumulative expression 'pulse': height is zero, expression is zero everywhere.
                                                                                               VarCumulAtom_149 = pulse(task_0_mode_0, 0)
/home/omastto1/General-Optimization-Solver/src/solvers/mmrcpsp.py:42(stream:108:56): Warning: Cumulative expression 'pulse': height is zero, expression is zero everywhere.
                                                                                                VarCumulAtom_151 = pulse(task_1_mode_1, 0)
/home/omastto1/General-Optimization-Solver/src/solvers/mmrcpsp.py:42(stream:108:81): Warning: Cumulative expression 'pulse': height is zero, expression is zero everywhere.
                                                                                                VarCumulAtom_152 = pulse(task_1_mode_2, 0)
/home/omastto1/General-Optimization-Solver/src/solvers/mmrcpsp.py:42(stream:108:231): Warning: Cumulative expression 'pulse': height is zero, expression is zero everywhere.
                                                                                                 VarCumulAtom_158 = pulse(task_3_mode_2, 0)
/home/omastto1/General-Optimization-Solver/src/solvers/mmrcpsp.py:42(stream:108:331): Warning: Cumulative expression 'pulse': height is zero, expression is zero everywhere.
                                                                                                 VarCumulAtom_162 = pulse(task_5_mode_0, 0)
/home/omastto1/General-Optimization-Solver/src/solvers/mmrcpsp.py:42(stream:108:431): Warning: Cumulative expression 'pulse': height is zero, expression is zero everywhere.
                                                                                                 VarCumulAtom_166 = pulse(task_6_mode_1, 0)
/home/omastto1/General-Optimization-Solver/src/solvers/mmrcpsp.py:42(stream:108:456): Warning: Cumulative expression 'pulse': height is zero, expression is zero everywhere.
                                                                                                 VarCumulAtom_167 = pulse(task_6_mode_2, 0)
/home/omastto1/General-Optimization-Solver/src/solvers/mmrcpsp.py:42(stream:108:506): Warning: Cumulative expression 'pulse': height is zero, expression is zero everywhere.
                                                                                                 VarCumulAtom_169 = pulse(task_7_mode_1, 0)
/home/omastto1/General-Optimization-Solver/src/solvers/mmrcpsp.py:42(stream:108:556): Warning: Cumulative expression 'pulse': height is zero, expression is zero everywhere.
                                                                                                 VarCumulAtom_171 = pulse(task_8_mode_0, 0)
/home/omastto1/General-Optimization-Solver/src/solvers/mmrcpsp.py:42(stream:108:581): Warning: Cumulative expression 'pulse': height is zero, expression is zero everywhere.
                                                                                                 VarCumulAtom_172 = pulse(task_8_mode_1, 0)
/home/omastto1/General-Optimization-Solver/src/solvers/mmrcpsp.py:42(stream:108:606): Warning: Cumulative expression 'pulse': height is zero, expression is zero everywhere.
                                                                                                 VarCumulAtom_173 = pulse(task_8_mode_2, 0)
/home/omastto1/General-Optimization-Solver/src/solvers/mmrcpsp.py:42(stream:108:656): Warning: Cumulative expression 'pulse': height is zero, expression is zero everywhere.
                                                                                                 VarCumulAtom_175 = pulse(task_9_mode_1, 0)
/home/omastto1/General-Optimization-Solver/src/solvers/mmrcpsp.py:42(stream:108:681): Warning: Cumulative expression 'pulse': height is zero, expression is zero everywhere.
                                                                                                 VarCumulAtom_176 = pulse(task_9_mode_2, 0)
/home/omastto1/General-Optimization-Solver/src/solvers/mmrcpsp.py:42(stream:108:706): Warning: Cumulative expression 'pulse': height is zero, expression is zero everywhere.
                                                                                                 VarCumulAtom_177 = pulse(task_10_mode_0, 0)
/home/omastto1/General-Optimization-Solver/src/solvers/mmrcpsp.py:42(stream:108:758): Warning: Cumulative expression 'pulse': height is zero, expression is zero everywhere.
                                                                                                 VarCumulAtom_179 = pulse(task_10_mode_2, 0)
/home/omastto1/General-Optimization-Solver/src/solvers/mmrcpsp.py:42(stream:108:784): Warning: Cumulative expression 'pulse': height is zero, expression is zero everywhere.
                                                                                                 VarCumulAtom_180 = pulse(task_11_mode_0, 0)
/home/omastto1/General-Optimization-Solver/src/solvers/mmrcpsp.py:42(stream:108:810): Warning: Cumulative expression 'pulse': height is zero, expression is zero everywhere.
                                                                                                 VarCumulAtom_181 = pulse(task_11_mode_1, 0)
/home/omastto1/General-Optimization-Solver/src/solvers/mmrcpsp.py:42(stream:108:941): Warning: Cumulative expression 'pulse': height is zero, expression is zero everywhere.
                                                                                                 VarCumulAtom_186 = pulse(task_13_mode_0, 0)
/home/omastto1/General-Optimization-Solver/src/solvers/mmrcpsp.py:42(stream:108:993): Warning: Cumulative expression 'pulse': height is zero, expression is zero everywhere.
                                                                                                 VarCumulAtom_188 = pulse(task_13_mode_2, 0)
/home/omastto1/General-Optimization-Solver/src/solvers/mmrcpsp.py:42(stream:108:1019): Warning: Cumulative expression 'pulse': height is zero, expression is zero everywhere.
                                                                                                  VarCumulAtom_189 = pulse(task_14_mode_0, 0)
   Too many warnings of this type. Suppressing further warnings of this type.
 ! --------------------------------------------------- CP Optimizer 20.1.0.0 --
 ! Minimization problem - 69 variables, 51 constraints
 ! TimeLimit            = 60
 ! Workers              = 14
 ! LogVerbosity         = Terse
 ! Initial process time : 0.00s (0.00s extraction + 0.00s propagation)
 !  . Log search space  : 159.7 (before), 159.7 (after)
 !  . Memory usage      : 754.6 kB (before), 754.6 kB (after)
 ! Using parallel search with 14 workers.
 ! ----------------------------------------------------------------------------
 !          Best Branches  Non-fixed    W       Branch decision
                        0         69                 -
 + New bound is 24
 ! Using iterative diving.
 ! Using temporal relaxation.
 *            36       49  0.32s        1      (gap is 33.33%)
 *            29      119  0.32s        1      (gap is 17.24%)
 *            28      219  0.32s        1      (gap is 14.29%)
 *            27      291  0.32s        1      (gap is 11.11%)
 *            25      328  0.32s        1      (gap is 4.00%)
 *            24      426  0.32s        1      (gap is 0.00%)
 ! ----------------------------------------------------------------------------
 ! Search completed, 6 solutions found.
 ! Best objective         : 24 (optimal - effective tol. is 0)
 ! Best bound             : 24
 ! ----------------------------------------------------------------------------
 ! Number of branches     : 64551
 ! Number of fails        : 2575
 ! Total memory usage     : 9.6 MB (9.5 MB CP Optimizer + 0.1 MB Concert)
 ! Time spent in solve    : 0.35s (0.35s engine + 0.00s extraction)
 ! Search speed (br. / s) : 184431.4
 ! ----------------------------------------------------------------------------
task_0: (start=0, end=0, size=0, length=0)
Task 0 is scheduled in mode 0 from 0 to 0
task_1: (start=0, end=2, size=2, length=2)
Task 1 is scheduled in mode 0 from 0 to 2
task_2: (start=0, end=4, size=4, length=4)
Task 2 is scheduled in mode 0 from 0 to 4
task_3: (start=0, end=9, size=9, length=9)
Task 3 is scheduled in mode 2 from 0 to 9
task_4: (start=4, end=14, size=10, length=10)
Task 4 is scheduled in mode 2 from 4 to 14
task_5: (start=4, end=8, size=4, length=4)
Task 5 is scheduled in mode 0 from 4 to 8
task_6: (start=8, end=12, size=4, length=4)
Task 6 is scheduled in mode 1 from 8 to 12
task_7: (start=8, end=11, size=3, length=3)
Task 7 is scheduled in mode 0 from 8 to 11
task_8: (start=2, end=12, size=10, length=10)
Task 8 is scheduled in mode 2 from 2 to 12
task_9: (start=12, end=16, size=4, length=4)
Task 9 is scheduled in mode 1 from 12 to 16
task_10: (start=9, end=15, size=6, length=6)
Task 10 is scheduled in mode 1 from 9 to 15
task_11: (start=14, end=16, size=2, length=2)
Task 11 is scheduled in mode 1 from 14 to 16
task_12: (start=16, end=23, size=7, length=7)
Task 12 is scheduled in mode 0 from 16 to 23
task_13: (start=15, end=16, size=1, length=1)
Task 13 is scheduled in mode 0 from 15 to 16
task_14: (start=23, end=24, size=1, length=1)
Task 14 is scheduled in mode 0 from 23 to 24
task_15: (start=16, end=24, size=8, length=8)
Task 15 is scheduled in mode 2 from 16 to 24
task_16: (start=16, end=23, size=7, length=7)
Task 16 is scheduled in mode 2 from 16 to 23
task_17: (start=24, end=24, size=0, length=0)
Task 17 is scheduled in mode 0 from 24 to 24
Optimal solution found
Objective value: 24
Solution is optimal.
