11
Time limit set to 60 seconds
Running CP solver
/home/omastto1/General-Optimization-Solver/src/solvers/mmrcpsp.py:42(stream:108:6): Warning: Cumulative expression 'pulse': height is zero, expression is zero everywhere.
                                                                                               VarCumulAtom_149 = pulse(task_0_mode_0, 0)
/home/omastto1/General-Optimization-Solver/src/solvers/mmrcpsp.py:42(stream:108:81): Warning: Cumulative expression 'pulse': height is zero, expression is zero everywhere.
                                                                                                VarCumulAtom_152 = pulse(task_1_mode_2, 0)
/home/omastto1/General-Optimization-Solver/src/solvers/mmrcpsp.py:42(stream:108:156): Warning: Cumulative expression 'pulse': height is zero, expression is zero everywhere.
                                                                                                 VarCumulAtom_155 = pulse(task_2_mode_2, 0)
/home/omastto1/General-Optimization-Solver/src/solvers/mmrcpsp.py:42(stream:108:181): Warning: Cumulative expression 'pulse': height is zero, expression is zero everywhere.
                                                                                                 VarCumulAtom_156 = pulse(task_3_mode_0, 0)
/home/omastto1/General-Optimization-Solver/src/solvers/mmrcpsp.py:42(stream:108:206): Warning: Cumulative expression 'pulse': height is zero, expression is zero everywhere.
                                                                                                 VarCumulAtom_157 = pulse(task_3_mode_1, 0)
/home/omastto1/General-Optimization-Solver/src/solvers/mmrcpsp.py:42(stream:108:256): Warning: Cumulative expression 'pulse': height is zero, expression is zero everywhere.
                                                                                                 VarCumulAtom_159 = pulse(task_4_mode_0, 0)
/home/omastto1/General-Optimization-Solver/src/solvers/mmrcpsp.py:42(stream:108:281): Warning: Cumulative expression 'pulse': height is zero, expression is zero everywhere.
                                                                                                 VarCumulAtom_160 = pulse(task_4_mode_1, 0)
/home/omastto1/General-Optimization-Solver/src/solvers/mmrcpsp.py:42(stream:108:306): Warning: Cumulative expression 'pulse': height is zero, expression is zero everywhere.
                                                                                                 VarCumulAtom_161 = pulse(task_4_mode_2, 0)
/home/omastto1/General-Optimization-Solver/src/solvers/mmrcpsp.py:42(stream:108:331): Warning: Cumulative expression 'pulse': height is zero, expression is zero everywhere.
                                                                                                 VarCumulAtom_162 = pulse(task_5_mode_0, 0)
/home/omastto1/General-Optimization-Solver/src/solvers/mmrcpsp.py:42(stream:108:581): Warning: Cumulative expression 'pulse': height is zero, expression is zero everywhere.
                                                                                                 VarCumulAtom_172 = pulse(task_8_mode_1, 0)
/home/omastto1/General-Optimization-Solver/src/solvers/mmrcpsp.py:42(stream:108:606): Warning: Cumulative expression 'pulse': height is zero, expression is zero everywhere.
                                                                                                 VarCumulAtom_173 = pulse(task_8_mode_2, 0)
/home/omastto1/General-Optimization-Solver/src/solvers/mmrcpsp.py:42(stream:108:631): Warning: Cumulative expression 'pulse': height is zero, expression is zero everywhere.
                                                                                                 VarCumulAtom_174 = pulse(task_9_mode_0, 0)
/home/omastto1/General-Optimization-Solver/src/solvers/mmrcpsp.py:42(stream:108:656): Warning: Cumulative expression 'pulse': height is zero, expression is zero everywhere.
                                                                                                 VarCumulAtom_175 = pulse(task_9_mode_1, 0)
/home/omastto1/General-Optimization-Solver/src/solvers/mmrcpsp.py:42(stream:108:706): Warning: Cumulative expression 'pulse': height is zero, expression is zero everywhere.
                                                                                                 VarCumulAtom_177 = pulse(task_10_mode_0, 0)
/home/omastto1/General-Optimization-Solver/src/solvers/mmrcpsp.py:42(stream:108:732): Warning: Cumulative expression 'pulse': height is zero, expression is zero everywhere.
                                                                                                 VarCumulAtom_178 = pulse(task_10_mode_1, 0)
/home/omastto1/General-Optimization-Solver/src/solvers/mmrcpsp.py:42(stream:108:784): Warning: Cumulative expression 'pulse': height is zero, expression is zero everywhere.
                                                                                                 VarCumulAtom_180 = pulse(task_11_mode_0, 0)
/home/omastto1/General-Optimization-Solver/src/solvers/mmrcpsp.py:42(stream:108:810): Warning: Cumulative expression 'pulse': height is zero, expression is zero everywhere.
                                                                                                 VarCumulAtom_181 = pulse(task_11_mode_1, 0)
/home/omastto1/General-Optimization-Solver/src/solvers/mmrcpsp.py:42(stream:108:836): Warning: Cumulative expression 'pulse': height is zero, expression is zero everywhere.
                                                                                                 VarCumulAtom_182 = pulse(task_11_mode_2, 0)
/home/omastto1/General-Optimization-Solver/src/solvers/mmrcpsp.py:42(stream:108:888): Warning: Cumulative expression 'pulse': height is zero, expression is zero everywhere.
                                                                                                 VarCumulAtom_184 = pulse(task_12_mode_1, 0)
/home/omastto1/General-Optimization-Solver/src/solvers/mmrcpsp.py:42(stream:108:940): Warning: Cumulative expression 'pulse': height is zero, expression is zero everywhere.
                                                                                                 VarCumulAtom_186 = pulse(task_13_mode_0, 0)
   Too many warnings of this type. Suppressing further warnings of this type.
 ! --------------------------------------------------- CP Optimizer 20.1.0.0 --
 ! Minimization problem - 69 variables, 51 constraints
 ! TimeLimit            = 60
 ! Workers              = 14
 ! LogVerbosity         = Terse
 ! Initial process time : 0.01s (0.01s extraction + 0.00s propagation)
 !  . Log search space  : 160.0 (before), 160.0 (after)
 !  . Memory usage      : 754.6 kB (before), 754.6 kB (after)
 ! Using parallel search with 14 workers.
 ! ----------------------------------------------------------------------------
 !          Best Branches  Non-fixed    W       Branch decision
                        0         69                 -
 + New bound is 28
 ! Using iterative diving.
 ! Using temporal relaxation.
 *            50       45  0.60s        1      (gap is 44.00%)
 *            49      105  0.60s        1      (gap is 42.86%)
 *            48      145  0.60s        1      (gap is 41.67%)
 *            46      185  0.60s        1      (gap is 39.13%)
 *            43      225  0.60s        1      (gap is 34.88%)
 *            42      265  0.60s        1      (gap is 33.33%)
 *            41      327  0.60s        1      (gap is 31.71%)
 *            40      367  0.60s        1      (gap is 30.00%)
 *            38      407  0.60s        1      (gap is 26.32%)
 *            37      457  0.60s        1      (gap is 24.32%)
 *            36      555  0.60s        1      (gap is 22.22%)
 *            34      617  0.60s        1      (gap is 17.65%)
 *            30      701  0.60s        1      (gap is 6.67%)
 *            29     1212  0.60s        1      (gap is 3.45%)
 ! Using failure-directed search.
 *            28     2078  0.60s        4      (gap is 0.00%)
 ! ----------------------------------------------------------------------------
 ! Search completed, 15 solutions found.
 ! Best objective         : 28 (optimal - effective tol. is 0)
 ! Best bound             : 28
 ! ----------------------------------------------------------------------------
 ! Number of branches     : 83784
 ! Number of fails        : 13506
 ! Total memory usage     : 9.7 MB (9.6 MB CP Optimizer + 0.1 MB Concert)
 ! Time spent in solve    : 0.70s (0.69s engine + 0.01s extraction)
 ! Search speed (br. / s) : 121426.1
 ! ----------------------------------------------------------------------------
task_0: (start=0, end=0, size=0, length=0)
Task 0 is scheduled in mode 0 from 0 to 0
task_1: (start=0, end=4, size=4, length=4)
Task 1 is scheduled in mode 0 from 0 to 4
task_2: (start=4, end=5, size=1, length=1)
Task 2 is scheduled in mode 0 from 4 to 5
task_3: (start=0, end=2, size=2, length=2)
Task 3 is scheduled in mode 1 from 0 to 2
task_4: (start=2, end=8, size=6, length=6)
Task 4 is scheduled in mode 2 from 2 to 8
task_5: (start=9, end=19, size=10, length=10)
Task 5 is scheduled in mode 2 from 9 to 19
task_6: (start=5, end=10, size=5, length=5)
Task 6 is scheduled in mode 1 from 5 to 10
task_7: (start=4, end=9, size=5, length=5)
Task 7 is scheduled in mode 0 from 4 to 9
task_8: (start=10, end=13, size=3, length=3)
Task 8 is scheduled in mode 0 from 10 to 13
task_9: (start=9, end=13, size=4, length=4)
Task 9 is scheduled in mode 0 from 9 to 13
task_10: (start=13, end=22, size=9, length=9)
Task 10 is scheduled in mode 2 from 13 to 22
task_11: (start=13, end=22, size=9, length=9)
Task 11 is scheduled in mode 1 from 13 to 22
task_12: (start=13, end=23, size=10, length=10)
Task 12 is scheduled in mode 1 from 13 to 23
task_13: (start=23, end=26, size=3, length=3)
Task 13 is scheduled in mode 0 from 23 to 26
task_14: (start=26, end=28, size=2, length=2)
Task 14 is scheduled in mode 0 from 26 to 28
task_15: (start=22, end=28, size=6, length=6)
Task 15 is scheduled in mode 1 from 22 to 28
task_16: (start=23, end=25, size=2, length=2)
Task 16 is scheduled in mode 1 from 23 to 25
task_17: (start=28, end=28, size=0, length=0)
Task 17 is scheduled in mode 0 from 28 to 28
Optimal solution found
Objective value: 28
Solution is optimal.
