46
Time limit set to 60 seconds
Running CP solver
/home/omastto1/General-Optimization-Solver/src/solvers/mmrcpsp.py:42(stream:108:6): Warning: Cumulative expression 'pulse': height is zero, expression is zero everywhere.
                                                                                               VarCumulAtom_149 = pulse(task_0_mode_0, 0)
/home/omastto1/General-Optimization-Solver/src/solvers/mmrcpsp.py:42(stream:108:131): Warning: Cumulative expression 'pulse': height is zero, expression is zero everywhere.
                                                                                                 VarCumulAtom_154 = pulse(task_2_mode_1, 0)
/home/omastto1/General-Optimization-Solver/src/solvers/mmrcpsp.py:42(stream:108:181): Warning: Cumulative expression 'pulse': height is zero, expression is zero everywhere.
                                                                                                 VarCumulAtom_156 = pulse(task_3_mode_0, 0)
/home/omastto1/General-Optimization-Solver/src/solvers/mmrcpsp.py:42(stream:108:206): Warning: Cumulative expression 'pulse': height is zero, expression is zero everywhere.
                                                                                                 VarCumulAtom_157 = pulse(task_3_mode_1, 0)
/home/omastto1/General-Optimization-Solver/src/solvers/mmrcpsp.py:42(stream:108:231): Warning: Cumulative expression 'pulse': height is zero, expression is zero everywhere.
                                                                                                 VarCumulAtom_158 = pulse(task_3_mode_2, 0)
/home/omastto1/General-Optimization-Solver/src/solvers/mmrcpsp.py:42(stream:108:282): Warning: Cumulative expression 'pulse': height is zero, expression is zero everywhere.
                                                                                                 VarCumulAtom_160 = pulse(task_4_mode_1, 0)
/home/omastto1/General-Optimization-Solver/src/solvers/mmrcpsp.py:42(stream:108:383): Warning: Cumulative expression 'pulse': height is zero, expression is zero everywhere.
                                                                                                 VarCumulAtom_164 = pulse(task_5_mode_2, 0)
/home/omastto1/General-Optimization-Solver/src/solvers/mmrcpsp.py:42(stream:108:458): Warning: Cumulative expression 'pulse': height is zero, expression is zero everywhere.
                                                                                                 VarCumulAtom_167 = pulse(task_6_mode_2, 0)
/home/omastto1/General-Optimization-Solver/src/solvers/mmrcpsp.py:42(stream:108:483): Warning: Cumulative expression 'pulse': height is zero, expression is zero everywhere.
                                                                                                 VarCumulAtom_168 = pulse(task_7_mode_0, 0)
/home/omastto1/General-Optimization-Solver/src/solvers/mmrcpsp.py:42(stream:108:534): Warning: Cumulative expression 'pulse': height is zero, expression is zero everywhere.
                                                                                                 VarCumulAtom_170 = pulse(task_7_mode_2, 0)
/home/omastto1/General-Optimization-Solver/src/solvers/mmrcpsp.py:42(stream:108:559): Warning: Cumulative expression 'pulse': height is zero, expression is zero everywhere.
                                                                                                 VarCumulAtom_171 = pulse(task_8_mode_0, 0)
/home/omastto1/General-Optimization-Solver/src/solvers/mmrcpsp.py:42(stream:108:609): Warning: Cumulative expression 'pulse': height is zero, expression is zero everywhere.
                                                                                                 VarCumulAtom_173 = pulse(task_8_mode_2, 0)
/home/omastto1/General-Optimization-Solver/src/solvers/mmrcpsp.py:42(stream:108:634): Warning: Cumulative expression 'pulse': height is zero, expression is zero everywhere.
                                                                                                 VarCumulAtom_174 = pulse(task_9_mode_0, 0)
/home/omastto1/General-Optimization-Solver/src/solvers/mmrcpsp.py:42(stream:108:709): Warning: Cumulative expression 'pulse': height is zero, expression is zero everywhere.
                                                                                                 VarCumulAtom_177 = pulse(task_10_mode_0, 0)
/home/omastto1/General-Optimization-Solver/src/solvers/mmrcpsp.py:42(stream:108:735): Warning: Cumulative expression 'pulse': height is zero, expression is zero everywhere.
                                                                                                 VarCumulAtom_178 = pulse(task_10_mode_1, 0)
/home/omastto1/General-Optimization-Solver/src/solvers/mmrcpsp.py:42(stream:108:761): Warning: Cumulative expression 'pulse': height is zero, expression is zero everywhere.
                                                                                                 VarCumulAtom_179 = pulse(task_10_mode_2, 0)
/home/omastto1/General-Optimization-Solver/src/solvers/mmrcpsp.py:42(stream:108:787): Warning: Cumulative expression 'pulse': height is zero, expression is zero everywhere.
                                                                                                 VarCumulAtom_180 = pulse(task_11_mode_0, 0)
/home/omastto1/General-Optimization-Solver/src/solvers/mmrcpsp.py:42(stream:108:813): Warning: Cumulative expression 'pulse': height is zero, expression is zero everywhere.
                                                                                                 VarCumulAtom_181 = pulse(task_11_mode_1, 0)
/home/omastto1/General-Optimization-Solver/src/solvers/mmrcpsp.py:42(stream:108:891): Warning: Cumulative expression 'pulse': height is zero, expression is zero everywhere.
                                                                                                 VarCumulAtom_184 = pulse(task_12_mode_1, 0)
/home/omastto1/General-Optimization-Solver/src/solvers/mmrcpsp.py:42(stream:108:943): Warning: Cumulative expression 'pulse': height is zero, expression is zero everywhere.
                                                                                                 VarCumulAtom_186 = pulse(task_13_mode_0, 0)
   Too many warnings of this type. Suppressing further warnings of this type.
 ! --------------------------------------------------- CP Optimizer 20.1.0.0 --
 ! Minimization problem - 69 variables, 51 constraints
 ! TimeLimit            = 60
 ! Workers              = 14
 ! LogVerbosity         = Terse
 ! Initial process time : 0.01s (0.01s extraction + 0.00s propagation)
 !  . Log search space  : 159.6 (before), 159.6 (after)
 !  . Memory usage      : 754.6 kB (before), 754.6 kB (after)
 ! Using parallel search with 14 workers.
 ! ----------------------------------------------------------------------------
 !          Best Branches  Non-fixed    W       Branch decision
                        0         69                 -
 + New bound is 23
 ! Using iterative diving.
 ! Using temporal relaxation.
 *            40       44  0.37s        1      (gap is 42.50%)
 *            36      115  0.37s        1      (gap is 36.11%)
 *            35      155  0.37s        1      (gap is 34.29%)
 *            33      195  0.37s        1      (gap is 30.30%)
 *            32      255  0.37s        1      (gap is 28.12%)
 *            31      295  0.37s        1      (gap is 25.81%)
 *            30      335  0.37s        1      (gap is 23.33%)
 *            28      375  0.37s        1      (gap is 17.86%)
 *            27      415  0.37s        1      (gap is 14.81%)
 *            26      441  0.37s        1      (gap is 11.54%)
 *            25      456  0.37s        1      (gap is 8.00%)
 ! Using failure-directed search.
 *            23      968  0.37s        1      (gap is 0.00%)
 ! ----------------------------------------------------------------------------
 ! Search completed, 12 solutions found.
 ! Best objective         : 23 (optimal - effective tol. is 0)
 ! Best bound             : 23
 ! ----------------------------------------------------------------------------
 ! Number of branches     : 65908
 ! Number of fails        : 4042
 ! Total memory usage     : 9.5 MB (9.4 MB CP Optimizer + 0.1 MB Concert)
 ! Time spent in solve    : 0.39s (0.38s engine + 0.01s extraction)
 ! Search speed (br. / s) : 173442.1
 ! ----------------------------------------------------------------------------
task_0: (start=0, end=0, size=0, length=0)
Task 0 is scheduled in mode 0 from 0 to 0
task_1: (start=0, end=1, size=1, length=1)
Task 1 is scheduled in mode 0 from 0 to 1
task_2: (start=1, end=10, size=9, length=9)
Task 2 is scheduled in mode 2 from 1 to 10
task_3: (start=0, end=5, size=5, length=5)
Task 3 is scheduled in mode 1 from 0 to 5
task_4: (start=5, end=6, size=1, length=1)
Task 4 is scheduled in mode 0 from 5 to 6
task_5: (start=6, end=9, size=3, length=3)
Task 5 is scheduled in mode 0 from 6 to 9
task_6: (start=1, end=7, size=6, length=6)
Task 6 is scheduled in mode 1 from 1 to 7
task_7: (start=11, end=19, size=8, length=8)
Task 7 is scheduled in mode 1 from 11 to 19
task_8: (start=1, end=7, size=6, length=6)
Task 8 is scheduled in mode 0 from 1 to 7
task_9: (start=9, end=15, size=6, length=6)
Task 9 is scheduled in mode 2 from 9 to 15
task_10: (start=7, end=15, size=8, length=8)
Task 10 is scheduled in mode 1 from 7 to 15
task_11: (start=10, end=16, size=6, length=6)
Task 11 is scheduled in mode 1 from 10 to 16
task_12: (start=10, end=15, size=5, length=5)
Task 12 is scheduled in mode 2 from 10 to 15
task_13: (start=15, end=21, size=6, length=6)
Task 13 is scheduled in mode 1 from 15 to 21
task_14: (start=21, end=23, size=2, length=2)
Task 14 is scheduled in mode 0 from 21 to 23
task_15: (start=16, end=22, size=6, length=6)
Task 15 is scheduled in mode 2 from 16 to 22
task_16: (start=16, end=23, size=7, length=7)
Task 16 is scheduled in mode 1 from 16 to 23
task_17: (start=23, end=23, size=0, length=0)
Task 17 is scheduled in mode 0 from 23 to 23
Optimal solution found
Objective value: 23
Solution is optimal.
